#
# There is insufficient memory for the Java Runtime Environment to continue.
# Native memory allocation (malloc) failed to allocate 1583536 bytes for Chunk::new
# Possible reasons:
#   The system is out of physical RAM or swap space
#   In 32 bit mode, the process size limit was hit
# Possible solutions:
#   Reduce memory load on the system
#   Increase physical memory or swap space
#   Check if swap backing store is full
#   Use 64 bit Java on a 64 bit OS
#   Decrease Java heap size (-Xmx/-Xms)
#   Decrease number of Java threads
#   Decrease Java thread stack sizes (-Xss)
#   Set larger code cache with -XX:ReservedCodeCacheSize=
# This output file may be truncated or incomplete.
#
#  Out of Memory Error (allocation.cpp:390), pid=7192, tid=3452
#
# JRE version: Java(TM) SE Runtime Environment (8.0_65-b17) (build 1.8.0_65-b17)
# Java VM: Java HotSpot(TM) 64-Bit Server VM (25.65-b01 mixed mode windows-amd64 compressed oops)
# Failed to write core dump. Minidumps are not enabled by default on client versions of Windows
#

---------------  T H R E A D  ---------------

Current thread (0x0000000015440800):  JavaThread "C2 CompilerThread1" daemon [_thread_in_native, id=3452, stack(0x0000000016b40000,0x0000000016c40000)]

Stack: [0x0000000016b40000,0x0000000016c40000]
[error occurred during error reporting (printing stack bounds), id 0xc0000005]

Native frames: (J=compiled Java code, j=interpreted, Vv=VM code, C=native code)


Current CompileTask:
C2:  23817 1768       4       com.android.dx.rop.code.Rops::ropFor (771 bytes)


---------------  P R O C E S S  ---------------

Java Threads: ( => current thread )
  0x000000001702c800 JavaThread "pool-1-thread-1" [_thread_in_Java, id=9076, stack(0x0000000017340000,0x0000000017440000)]
  0x000000001544e000 JavaThread "Service Thread" daemon [_thread_blocked, id=8224, stack(0x0000000017140000,0x0000000017240000)]
  0x000000001544b000 JavaThread "C1 CompilerThread2" daemon [_thread_blocked, id=7932, stack(0x0000000016c40000,0x0000000016d40000)]
=>0x0000000015440800 JavaThread "C2 CompilerThread1" daemon [_thread_in_native, id=3452, stack(0x0000000016b40000,0x0000000016c40000)]
  0x00000000153ed800 JavaThread "C2 CompilerThread0" daemon [_thread_blocked, id=3612, stack(0x0000000016a40000,0x0000000016b40000)]
  0x00000000153eb000 JavaThread "Attach Listener" daemon [_thread_blocked, id=5432, stack(0x0000000016940000,0x0000000016a40000)]
  0x00000000153ea000 JavaThread "Signal Dispatcher" daemon [_thread_blocked, id=5980, stack(0x0000000016840000,0x0000000016940000)]
  0x0000000002d10800 JavaThread "Finalizer" daemon [_thread_blocked, id=4732, stack(0x0000000016650000,0x0000000016750000)]
  0x0000000002d0d800 JavaThread "Reference Handler" daemon [_thread_blocked, id=8784, stack(0x0000000016550000,0x0000000016650000)]
  0x0000000002c1d800 JavaThread "main" [_thread_blocked, id=4384, stack(0x0000000002ab0000,0x0000000002bb0000)]

Other Threads:
  0x00000000153b8000 VMThread [stack: 0x0000000016450000,0x0000000016550000] [id=8772]
  0x0000000016d47000 WatcherThread [stack: 0x0000000017240000,0x0000000017340000] [id=7404]

VM state:not at safepoint (normal execution)

VM Mutex/Monitor currently owned by a thread: None

Heap:
 PSYoungGen      total 104448K, used 70900K [0x00000000eab00000, 0x00000000f1f00000, 0x0000000100000000)
  eden space 90112K, 67% used [0x00000000eab00000,0x00000000ee6325d8,0x00000000f0300000)
  from space 14336K, 71% used [0x00000000f1100000,0x00000000f1b0ab70,0x00000000f1f00000)
  to   space 14336K, 0% used [0x00000000f0300000,0x00000000f0300000,0x00000000f1100000)
 ParOldGen       total 60416K, used 23604K [0x00000000c0000000, 0x00000000c3b00000, 0x00000000eab00000)
  object space 60416K, 39% used [0x00000000c0000000,0x00000000c170d1f0,0x00000000c3b00000)
 Metaspace       used 6507K, capacity 7222K, committed 7296K, reserved 1056768K
  class space    used 609K, capacity 622K, committed 640K, reserved 1048576K

Card table byte_map: [0x00000000120e0000,0x00000000122f0000] byte_map_base: 0x0000000011ae0000

Marking Bits: (ParMarkBitMap*) 0x00000000586aa5b0
 Begin Bits: [0x0000000012850000, 0x0000000013850000)
 End Bits:   [0x0000000013850000, 0x0000000014850000)

Polling page: 0x0000000001280000

CodeCache: size=245760Kb used=8822Kb max_used=8849Kb free=236937Kb
 bounds [0x0000000002d20000, 0x00000000035d0000, 0x0000000011d20000]
 total_blobs=2250 nmethods=1981 adapters=182
 compilation: enabled

Compilation events (10 events):
Event: 23.607 Thread 0x00000000153ed800 1817       4       com.android.dx.ssa.back.LivenessAnalyzer::<init> (55 bytes)
Event: 23.621 Thread 0x00000000153ed800 nmethod 1817 0x00000000035b7210 code [0x00000000035b7380, 0x00000000035b7738]
Event: 23.621 Thread 0x00000000153ed800 1825       4       com.android.dx.cf.code.Merger::mergeType (142 bytes)
Event: 23.635 Thread 0x00000000153ed800 nmethod 1825 0x00000000035b67d0 code [0x00000000035b6980, 0x00000000035b6cd0]
Event: 23.635 Thread 0x00000000153ed800 1771       4       com.android.dx.cf.code.ExecutionStack::peek (42 bytes)
Event: 23.638 Thread 0x00000000153ed800 nmethod 1771 0x00000000035a8c50 code [0x00000000035a8da0, 0x00000000035a8e78]
Event: 23.638 Thread 0x00000000153ed800 1826       4       com.android.dx.dex.code.CodeAddress::<init> (11 bytes)
Event: 23.641 Thread 0x00000000153ed800 nmethod 1826 0x00000000035a8f90 code [0x00000000035a90e0, 0x00000000035a9198]
Event: 23.641 Thread 0x00000000153ed800 1526       4       com.android.dx.cf.code.ByteOps::opInfo (6 bytes)
Event: 23.642 Thread 0x00000000153ed800 nmethod 1526 0x00000000032d99d0 code [0x00000000032d9b00, 0x00000000032d9b58]

GC Heap History (10 events):
Event: 12.466 GC heap before
{Heap before GC invocations=2 (full 0):
 PSYoungGen      total 26112K, used 26088K [0x00000000eab00000, 0x00000000ede00000, 0x0000000100000000)
  eden space 22528K, 100% used [0x00000000eab00000,0x00000000ec100000,0x00000000ec100000)
  from space 3584K, 99% used [0x00000000ec100000,0x00000000ec47a3e0,0x00000000ec480000)
  to   space 3584K, 0% used [0x00000000eda80000,0x00000000eda80000,0x00000000ede00000)
 ParOldGen       total 60416K, used 591K [0x00000000c0000000, 0x00000000c3b00000, 0x00000000eab00000)
  object space 60416K, 0% used [0x00000000c0000000,0x00000000c0093fc8,0x00000000c3b00000)
 Metaspace       used 6092K, capacity 6960K, committed 7040K, reserved 1056768K
  class space    used 600K, capacity 616K, committed 640K, reserved 1048576K
Event: 12.791 GC heap after
Heap after GC invocations=2 (full 0):
 PSYoungGen      total 48640K, used 3552K [0x00000000eab00000, 0x00000000ede00000, 0x0000000100000000)
  eden space 45056K, 0% used [0x00000000eab00000,0x00000000eab00000,0x00000000ed700000)
  from space 3584K, 99% used [0x00000000eda80000,0x00000000eddf8028,0x00000000ede00000)
  to   space 3584K, 0% used [0x00000000ed700000,0x00000000ed700000,0x00000000eda80000)
 ParOldGen       total 60416K, used 2545K [0x00000000c0000000, 0x00000000c3b00000, 0x00000000eab00000)
  object space 60416K, 4% used [0x00000000c0000000,0x00000000c027c780,0x00000000c3b00000)
 Metaspace       used 6092K, capacity 6960K, committed 7040K, reserved 1056768K
  class space    used 600K, capacity 616K, committed 640K, reserved 1048576K
}
Event: 15.395 GC heap before
{Heap before GC invocations=3 (full 0):
 PSYoungGen      total 48640K, used 48608K [0x00000000eab00000, 0x00000000ede00000, 0x0000000100000000)
  eden space 45056K, 100% used [0x00000000eab00000,0x00000000ed700000,0x00000000ed700000)
  from space 3584K, 99% used [0x00000000eda80000,0x00000000eddf8028,0x00000000ede00000)
  to   space 3584K, 0% used [0x00000000ed700000,0x00000000ed700000,0x00000000eda80000)
 ParOldGen       total 60416K, used 2545K [0x00000000c0000000, 0x00000000c3b00000, 0x00000000eab00000)
  object space 60416K, 4% used [0x00000000c0000000,0x00000000c027c780,0x00000000c3b00000)
 Metaspace       used 6255K, capacity 7088K, committed 7296K, reserved 1056768K
  class space    used 600K, capacity 616K, committed 640K, reserved 1048576K
Event: 15.470 GC heap after
Heap after GC invocations=3 (full 0):
 PSYoungGen      total 48640K, used 3552K [0x00000000eab00000, 0x00000000ede00000, 0x0000000100000000)
  eden space 45056K, 0% used [0x00000000eab00000,0x00000000eab00000,0x00000000ed700000)
  from space 3584K, 99% used [0x00000000ed700000,0x00000000eda78028,0x00000000eda80000)
  to   space 3584K, 0% used [0x00000000eda80000,0x00000000eda80000,0x00000000ede00000)
 ParOldGen       total 60416K, used 9734K [0x00000000c0000000, 0x00000000c3b00000, 0x00000000eab00000)
  object space 60416K, 16% used [0x00000000c0000000,0x00000000c09819d0,0x00000000c3b00000)
 Metaspace       used 6255K, capacity 7088K, committed 7296K, reserved 1056768K
  class space    used 600K, capacity 616K, committed 640K, reserved 1048576K
}
Event: 16.798 GC heap before
{Heap before GC invocations=4 (full 0):
 PSYoungGen      total 48640K, used 48608K [0x00000000eab00000, 0x00000000ede00000, 0x0000000100000000)
  eden space 45056K, 100% used [0x00000000eab00000,0x00000000ed700000,0x00000000ed700000)
  from space 3584K, 99% used [0x00000000ed700000,0x00000000eda78028,0x00000000eda80000)
  to   space 3584K, 0% used [0x00000000eda80000,0x00000000eda80000,0x00000000ede00000)
 ParOldGen       total 60416K, used 9734K [0x00000000c0000000, 0x00000000c3b00000, 0x00000000eab00000)
  object space 60416K, 16% used [0x00000000c0000000,0x00000000c09819d0,0x00000000c3b00000)
 Metaspace       used 6307K, capacity 7152K, committed 7296K, reserved 1056768K
  class space    used 601K, capacity 616K, committed 640K, reserved 1048576K
Event: 16.905 GC heap after
Heap after GC invocations=4 (full 0):
 PSYoungGen      total 48640K, used 3577K [0x00000000eab00000, 0x00000000f0a00000, 0x0000000100000000)
  eden space 45056K, 0% used [0x00000000eab00000,0x00000000eab00000,0x00000000ed700000)
  from space 3584K, 99% used [0x00000000eda80000,0x00000000eddfe630,0x00000000ede00000)
  to   space 3584K, 0% used [0x00000000ed700000,0x00000000ed700000,0x00000000eda80000)
 ParOldGen       total 60416K, used 16882K [0x00000000c0000000, 0x00000000c3b00000, 0x00000000eab00000)
  object space 60416K, 27% used [0x00000000c0000000,0x00000000c107c830,0x00000000c3b00000)
 Metaspace       used 6307K, capacity 7152K, committed 7296K, reserved 1056768K
  class space    used 601K, capacity 616K, committed 640K, reserved 1048576K
}
Event: 18.300 GC heap before
{Heap before GC invocations=5 (full 0):
 PSYoungGen      total 48640K, used 48633K [0x00000000eab00000, 0x00000000f0a00000, 0x0000000100000000)
  eden space 45056K, 100% used [0x00000000eab00000,0x00000000ed700000,0x00000000ed700000)
  from space 3584K, 99% used [0x00000000eda80000,0x00000000eddfe630,0x00000000ede00000)
  to   space 3584K, 0% used [0x00000000ed700000,0x00000000ed700000,0x00000000eda80000)
 ParOldGen       total 60416K, used 16882K [0x00000000c0000000, 0x00000000c3b00000, 0x00000000eab00000)
  object space 60416K, 27% used [0x00000000c0000000,0x00000000c107c830,0x00000000c3b00000)
 Metaspace       used 6344K, capacity 7152K, committed 7296K, reserved 1056768K
  class space    used 601K, capacity 616K, committed 640K, reserved 1048576K
Event: 18.443 GC heap after
Heap after GC invocations=5 (full 0):
 PSYoungGen      total 48640K, used 3562K [0x00000000eab00000, 0x00000000f1f00000, 0x0000000100000000)
  eden space 45056K, 0% used [0x00000000eab00000,0x00000000eab00000,0x00000000ed700000)
  from space 3584K, 99% used [0x00000000ed700000,0x00000000eda7ab60,0x00000000eda80000)
  to   space 14336K, 0% used [0x00000000f1100000,0x00000000f1100000,0x00000000f1f00000)
 ParOldGen       total 60416K, used 23604K [0x00000000c0000000, 0x00000000c3b00000, 0x00000000eab00000)
  object space 60416K, 39% used [0x00000000c0000000,0x00000000c170d1f0,0x00000000c3b00000)
 Metaspace       used 6344K, capacity 7152K, committed 7296K, reserved 1056768K
  class space    used 601K, capacity 616K, committed 640K, reserved 1048576K
}
Event: 19.649 GC heap before
{Heap before GC invocations=6 (full 0):
 PSYoungGen      total 48640K, used 48618K [0x00000000eab00000, 0x00000000f1f00000, 0x0000000100000000)
  eden space 45056K, 100% used [0x00000000eab00000,0x00000000ed700000,0x00000000ed700000)
  from space 3584K, 99% used [0x00000000ed700000,0x00000000eda7ab60,0x00000000eda80000)
  to   space 14336K, 0% used [0x00000000f1100000,0x00000000f1100000,0x00000000f1f00000)
 ParOldGen       total 60416K, used 23604K [0x00000000c0000000, 0x00000000c3b00000, 0x00000000eab00000)
  object space 60416K, 39% used [0x00000000c0000000,0x00000000c170d1f0,0x00000000c3b00000)
 Metaspace       used 6386K, capacity 7152K, committed 7296K, reserved 1056768K
  class space    used 601K, capacity 616K, committed 640K, reserved 1048576K
Event: 19.729 GC heap after
Heap after GC invocations=6 (full 0):
 PSYoungGen      total 104448K, used 10282K [0x00000000eab00000, 0x00000000f1f00000, 0x0000000100000000)
  eden space 90112K, 0% used [0x00000000eab00000,0x00000000eab00000,0x00000000f0300000)
  from space 14336K, 71% used [0x00000000f1100000,0x00000000f1b0ab70,0x00000000f1f00000)
  to   space 14336K, 0% used [0x00000000f0300000,0x00000000f0300000,0x00000000f1100000)
 ParOldGen       total 60416K, used 23604K [0x00000000c0000000, 0x00000000c3b00000, 0x00000000eab00000)
  object space 60416K, 39% used [0x00000000c0000000,0x00000000c170d1f0,0x00000000c3b00000)
 Metaspace       used 6386K, capacity 7152K, committed 7296K, reserved 1056768K
  class space    used 601K, capacity 616K, committed 640K, reserved 1048576K
}

Deoptimization events (10 events):
Event: 20.789 Thread 0x0000000017030800 Uncommon trap: reason=unstable_if action=reinterpret pc=0x0000000003274c34 method=com.android.dx.ssa.SCCP.simulateStmt(Lcom/android/dx/ssa/SsaInsn;)V @ 59
Event: 21.814 Thread 0x000000001702c800 Uncommon trap: reason=class_check action=maybe_recompile pc=0x00000000031ac244 method=java.util.Arrays.hashCode([Ljava/lang/Object;)I @ 43
Event: 21.814 Thread 0x000000001702c800 Uncommon trap: reason=class_check action=maybe_recompile pc=0x00000000031ac244 method=java.util.Arrays.hashCode([Ljava/lang/Object;)I @ 43
Event: 21.815 Thread 0x000000001702c800 Uncommon trap: reason=class_check action=maybe_recompile pc=0x00000000031ac244 method=java.util.Arrays.hashCode([Ljava/lang/Object;)I @ 43
Event: 21.815 Thread 0x000000001702c800 Uncommon trap: reason=class_check action=maybe_recompile pc=0x00000000031ac244 method=java.util.Arrays.hashCode([Ljava/lang/Object;)I @ 43
Event: 22.386 Thread 0x000000001702c800 Uncommon trap: reason=class_check action=maybe_recompile pc=0x00000000031fa620 method=java.util.HashMap.putVal(ILjava/lang/Object;Ljava/lang/Object;ZZ)Ljava/lang/Object; @ 203
Event: 22.389 Thread 0x000000001702c800 Uncommon trap: reason=class_check action=maybe_recompile pc=0x00000000031fa620 method=java.util.HashMap.putVal(ILjava/lang/Object;Ljava/lang/Object;ZZ)Ljava/lang/Object; @ 203
Event: 22.390 Thread 0x000000001702c800 Uncommon trap: reason=class_check action=maybe_recompile pc=0x00000000031fa620 method=java.util.HashMap.putVal(ILjava/lang/Object;Ljava/lang/Object;ZZ)Ljava/lang/Object; @ 203
Event: 22.400 Thread 0x000000001702c800 Uncommon trap: reason=class_check action=maybe_recompile pc=0x00000000031fa620 method=java.util.HashMap.putVal(ILjava/lang/Object;Ljava/lang/Object;ZZ)Ljava/lang/Object; @ 203
Event: 23.394 Thread 0x000000001702c800 Uncommon trap: reason=unstable_if action=reinterpret pc=0x000000000358ae08 method=java.util.HashMap.putVal(ILjava/lang/Object;Ljava/lang/Object;ZZ)Ljava/lang/Object; @ 94

Internal exceptions (3 events):
Event: 0.444 Thread 0x0000000002c1d800 Exception <a 'java/lang/NoSuchMethodError': Method sun.misc.Unsafe.defineClass(Ljava/lang/String;[BII)Ljava/lang/Class; name or signature does not match> (0x00000000eab13098) thrown at [C:\workspace\8-2-build-windows-amd64-cygwin\jdk8u65\4987\hotspot\src\sðP°‚˜kÜ?
Event: 0.444 Thread 0x0000000002c1d800 Exception <a 'java/lang/NoSuchMethodError': Method sun.misc.Unsafe.prefetchRead(Ljava/lang/Object;J)V name or signature does not match> (0x00000000eab13380) thrown at [C:\workspace\8-2-build-windows-amd64-cygwin\jdk8u65\4987\hotspot\src\share\vm\prims\jni.{sžŠ+1-@
Event: 14.596 Thread 0x0000000017032000 Implicit null exception at 0x0000000003200a62 to 0x0000000003200b01

Events (10 events):
Event: 22.400 Thread 0x000000001702c800 Uncommon trap: trap_request=0xffffffde fr.pc=0x00000000031fa620
Event: 22.400 Thread 0x000000001702c800 DEOPT PACKING pc=0x00000000031fa620 sp=0x000000001743ec00
Event: 22.400 Thread 0x000000001702c800 DEOPT UNPACKING pc=0x0000000002d6582a sp=0x000000001743eb10 mode 2
Event: 23.042 loading class com/android/dx/dex/file/CatchStructs
Event: 23.042 loading class com/android/dx/dex/file/CatchStructs done
Event: 23.394 Thread 0x000000001702c800 Uncommon trap: trap_request=0xffffff65 fr.pc=0x000000000358ae08
Event: 23.394 Thread 0x000000001702c800 DEOPT PACKING pc=0x000000000358ae08 sp=0x000000001743eaf0
Event: 23.394 Thread 0x000000001702c800 DEOPT UNPACKING pc=0x0000000002d6582a sp=0x000000001743ea08 mode 2
Event: 23.427 Thread 0x000000001702c800 DEOPT PACKING pc=0x00000000035816d4 sp=0x000000001743ec00
Event: 23.427 Thread 0x000000001702c800 DEOPT UNPACKING pc=0x0000000002d6747f sp=0x000000001743e990 mode 0


Dynamic libraries:
0x00007ff778a00000 - 0x00007ff778a37000 	C:\Program Files\Java\jdk1.8.0_65\bin\java.exe
0x00007ffcf90f0000 - 0x00007ffcf92b2000 	C:\Windows\SYSTEM32\ntdll.dll
0x00007ffcf8af0000 - 0x00007ffcf8b9d000 	C:\Windows\system32\KERNEL32.DLL
0x00007ffcf64c0000 - 0x00007ffcf669d000 	C:\Windows\system32\KERNELBASE.dll
0x00007ffcf8ba0000 - 0x00007ffcf8c46000 	C:\Windows\system32\ADVAPI32.dll
0x00007ffcf8530000 - 0x00007ffcf85cd000 	C:\Windows\system32\msvcrt.dll
0x00007ffcf8a90000 - 0x00007ffcf8aeb000 	C:\Windows\system32\sechost.dll
0x00007ffcf8150000 - 0x00007ffcf8276000 	C:\Windows\system32\RPCRT4.dll
0x00007ffcf8280000 - 0x00007ffcf83ce000 	C:\Windows\system32\USER32.dll
0x00007ffcf8730000 - 0x00007ffcf88b5000 	C:\Windows\system32\GDI32.dll
0x00007ffced1d0000 - 0x00007ffced444000 	C:\Windows\WinSxS\amd64_microsoft.windows.common-controls_6595b64144ccf1df_6.0.10240.16384_none_f41f7b285750ef43\COMCTL32.dll
0x00007ffcf9040000 - 0x00007ffcf9076000 	C:\Windows\system32\IMM32.DLL
0x00007ffcf83d0000 - 0x00007ffcf852c000 	C:\Windows\system32\MSCTF.dll
0x00000000579e0000 - 0x0000000057ab2000 	C:\Program Files\Java\jdk1.8.0_65\jre\bin\msvcr100.dll
0x0000000057ea0000 - 0x0000000058729000 	C:\Program Files\Java\jdk1.8.0_65\jre\bin\server\jvm.dll
0x00007ffcf7dd0000 - 0x00007ffcf7dd8000 	C:\Windows\system32\PSAPI.DLL
0x00007ffce8ac0000 - 0x00007ffce8ac9000 	C:\Windows\SYSTEM32\WSOCK32.dll
0x00007ffcf9080000 - 0x00007ffcf90e9000 	C:\Windows\system32\WS2_32.dll
0x00007ffcf7de0000 - 0x00007ffcf7de8000 	C:\Windows\system32\NSI.dll
0x00007ffcf3d00000 - 0x00007ffcf3d23000 	C:\Windows\SYSTEM32\WINMM.dll
0x00007ffcf3080000 - 0x00007ffcf308a000 	C:\Windows\SYSTEM32\VERSION.dll
0x00007ffcf3bc0000 - 0x00007ffcf3bec000 	C:\Windows\SYSTEM32\WINMMBASE.dll
0x00007ffcf5c70000 - 0x00007ffcf5cb4000 	C:\Windows\system32\cfgmgr32.dll
0x00007ffcf4490000 - 0x00007ffcf44b7000 	C:\Windows\SYSTEM32\DEVOBJ.dll
0x0000000057e90000 - 0x0000000057e9f000 	C:\Program Files\Java\jdk1.8.0_65\jre\bin\verify.dll
0x0000000057e60000 - 0x0000000057e89000 	C:\Program Files\Java\jdk1.8.0_65\jre\bin\java.dll
0x0000000057e40000 - 0x0000000057e56000 	C:\Program Files\Java\jdk1.8.0_65\jre\bin\zip.dll
0x00007ffcf67c0000 - 0x00007ffcf7ce3000 	C:\Windows\system32\SHELL32.dll
0x00007ffcf5cc0000 - 0x00007ffcf62e9000 	C:\Windows\system32\windows.storage.dll
0x00007ffcf8d00000 - 0x00007ffcf8f7c000 	C:\Windows\system32\combase.dll
0x00007ffcf8080000 - 0x00007ffcf80d1000 	C:\Windows\system32\shlwapi.dll
0x00007ffcf5b60000 - 0x00007ffcf5b6f000 	C:\Windows\system32\kernel.appcore.dll
0x00007ffcf6700000 - 0x00007ffcf67b3000 	C:\Windows\system32\shcore.dll
0x00007ffcf5b70000 - 0x00007ffcf5bba000 	C:\Windows\system32\powrprof.dll
0x00007ffcf5b20000 - 0x00007ffcf5b33000 	C:\Windows\system32\profapi.dll

VM Arguments:
jvm_args: -Djava.awt.headless=true -Xmx1024M -Dfile.encoding=windows-1251 -Duser.country=RU -Duser.language=ru -Duser.variant 
java_command: com.android.dx.command.Main --dex --force-jumbo --num-threads=4 --multi-dex --output C:\Users\Azat\Desktop\RemindMeApplication-master\WeatherGDG\app\build\intermediates\transforms\dex\debug\folders\1000\10\com.google.android.gms-play-services-basement-8.4.0_baf15dda41730a2a245bffd1e7d01eda5e54783e C:\Users\Azat\Desktop\RemindMeApplication-master\WeatherGDG\app\build\intermediates\exploded-aar\com.google.android.gms\play-services-basement\8.4.0\jars\classes.jar
java_class_path (initial): C:\Users\Azat\AppData\Local\Android\sdk1\build-tools\23.0.3\lib\dx.jar
Launcher Type: SUN_STANDARD

Environment Variables:
JAVA_HOME=C:\Program Files\Java\jdk1.8.0_65
PATH=C:\Program Files (x86)\NVIDIA Corporation\PhysX\Common;C:\Program Files (x86)\Common Files\Intel\Shared Files\cpp\bin\Intel64;C:\ProgramData\Oracle\Java\javapath;C:\Windows\system32;C:\Windows;C:\Windows\System32\Wbem;C:\Windows\System32\WindowsPowerShell\v1.0\;C:\Program Files (x86)\AMD\ATI.ACE\Core-Static;C:\Program Files (x86)\ATI Technologies\ATI.ACE\Core-Static;C:\Program Files (x86)\CodeBlocks\MinGW\bin;C:\Program Files (x86)\CMake\bin;C:\Windows\system32\config\systemprofile\.dnx\bin;C:\Program Files\Microsoft DNX\Dnvm\;C:\Program Files (x86)\Windows Kits\8.1\Windows Performance Toolkit\;C:\Program Files (x86)\Skype\Phone\;C:\Program Files (x86)\GtkSharp\2.12\bin;C:\Program Files (x86)\PuTTY\;C:\Program Files\TortoiseGit\bin;C:\Program Files\Microsoft SQL Server\120\Tools\Binn\;C:\Ruby23-x64\bin;C:\Users\Azat\Anaconda2;C:\Users\Azat\Anaconda2\Scripts;C:\Users\Azat\Anaconda2\Library\bin
USERNAME=Azat
OS=Windows_NT
PROCESSOR_IDENTIFIER=AMD64 Family 18 Model 1 Stepping 0, AuthenticAMD



---------------  S Y S T E M  ---------------

OS: Windows 10.0 , 64 bit Build 10240 (10.0.10240.16384)

CPU:total 4 (4 cores per cpu, 1 threads per core) family 18 model 1 stepping 0, cmov, cx8, fxsr, mmx, sse, sse2, sse3, popcnt, mmxext, 3dnowpref, lzcnt, sse4a, tsc, tscinvbit, tscinv

Memory: 4k page, physical 5740652k(459992k free), swap 8365312k(5152k free)

vm_info: Java HotSpot(TM) 64-Bit Server VM (25.65-b01) for windows-amd64 JRE (1.8.0_65-b17), built on Oct  6 2015 16:39:20 by "java_re" with MS VC++ 10.0 (VS2010)

time: Mon Aug 15 18:50:00 2016
elapsed time: 23 seconds (0d 0h 0m 23s)

