#
# There is insufficient memory for the Java Runtime Environment to continue.
# Native memory allocation (malloc) failed to allocate 84416 bytes for Chunk::new
# Possible reasons:
#   The system is out of physical RAM or swap space
#   In 32 bit mode, the process size limit was hit
# Possible solutions:
#   Reduce memory load on the system
#   Increase physical memory or swap space
#   Check if swap backing store is full
#   Use 64 bit Java on a 64 bit OS
#   Decrease Java heap size (-Xmx/-Xms)
#   Decrease number of Java threads
#   Decrease Java thread stack sizes (-Xss)
#   Set larger code cache with -XX:ReservedCodeCacheSize=
# This output file may be truncated or incomplete.
#
#  Out of Memory Error (allocation.cpp:390), pid=776, tid=3860
#
# JRE version: Java(TM) SE Runtime Environment (8.0_65-b17) (build 1.8.0_65-b17)
# Java VM: Java HotSpot(TM) 64-Bit Server VM (25.65-b01 mixed mode windows-amd64 compressed oops)
# Failed to write core dump. Minidumps are not enabled by default on client versions of Windows
#

---------------  T H R E A D  ---------------

Current thread (0x0000000015008000):  JavaThread "C2 CompilerThread1" daemon [_thread_in_native, id=3860, stack(0x0000000016700000,0x0000000016800000)]

Stack: [0x0000000016700000,0x0000000016800000]
[error occurred during error reporting (printing stack bounds), id 0xc0000005]

Native frames: (J=compiled Java code, j=interpreted, Vv=VM code, C=native code)


Current CompileTask:
C2:   6033  825       4       java.util.Arrays::equals (78 bytes)


---------------  P R O C E S S  ---------------

Java Threads: ( => current thread )
  0x0000000016bd8000 JavaThread "pool-2-thread-4" [_thread_in_vm, id=8124, stack(0x0000000017300000,0x0000000017400000)]
  0x0000000016bd6800 JavaThread "pool-2-thread-3" [_thread_blocked, id=8600, stack(0x0000000017200000,0x0000000017300000)]
  0x0000000016bd5000 JavaThread "pool-2-thread-2" [_thread_in_Java, id=4884, stack(0x0000000017100000,0x0000000017200000)]
  0x0000000016a6c000 JavaThread "pool-3-thread-1" [_thread_blocked, id=3708, stack(0x0000000017000000,0x0000000017100000)]
  0x0000000016a6b000 JavaThread "pool-2-thread-1" [_thread_in_Java, id=8720, stack(0x0000000016f00000,0x0000000017000000)]
  0x000000001500e000 JavaThread "Service Thread" daemon [_thread_blocked, id=7652, stack(0x0000000016d00000,0x0000000016e00000)]
  0x000000001500b000 JavaThread "C1 CompilerThread2" daemon [_thread_in_native, id=5704, stack(0x0000000016800000,0x0000000016900000)]
=>0x0000000015008000 JavaThread "C2 CompilerThread1" daemon [_thread_in_native, id=3860, stack(0x0000000016700000,0x0000000016800000)]
  0x0000000014fae000 JavaThread "C2 CompilerThread0" daemon [_thread_in_native, id=5296, stack(0x0000000016600000,0x0000000016700000)]
  0x0000000014fab000 JavaThread "Attach Listener" daemon [_thread_blocked, id=6264, stack(0x0000000016500000,0x0000000016600000)]
  0x0000000014faa000 JavaThread "Signal Dispatcher" daemon [_thread_blocked, id=8032, stack(0x0000000016400000,0x0000000016500000)]
  0x00000000028a1000 JavaThread "Finalizer" daemon [_thread_blocked, id=8520, stack(0x0000000016200000,0x0000000016300000)]
  0x000000000289e800 JavaThread "Reference Handler" daemon [_thread_blocked, id=3720, stack(0x0000000016100000,0x0000000016200000)]
  0x00000000025fe000 JavaThread "main" [_thread_in_Java, id=7212, stack(0x00000000026b0000,0x00000000027b0000)]

Other Threads:
  0x0000000014f77000 VMThread [stack: 0x0000000016000000,0x0000000016100000] [id=8828]
  0x000000001690e000 WatcherThread [stack: 0x0000000016e00000,0x0000000016f00000] [id=6332]

VM state:not at safepoint (normal execution)

VM Mutex/Monitor currently owned by a thread: None

Heap:
 PSYoungGen      total 26112K, used 16977K [0x00000000eab00000, 0x00000000ec800000, 0x0000000100000000)
  eden space 22528K, 75% used [0x00000000eab00000,0x00000000ebb94488,0x00000000ec100000)
  from space 3584K, 0% used [0x00000000ec480000,0x00000000ec480000,0x00000000ec800000)
  to   space 3584K, 0% used [0x00000000ec100000,0x00000000ec100000,0x00000000ec480000)
 ParOldGen       total 60416K, used 0K [0x00000000c0000000, 0x00000000c3b00000, 0x00000000eab00000)
  object space 60416K, 0% used [0x00000000c0000000,0x00000000c0000000,0x00000000c3b00000)
 Metaspace       used 5700K, capacity 6704K, committed 6784K, reserved 1056768K
  class space    used 590K, capacity 616K, committed 640K, reserved 1048576K

Card table byte_map: [0x0000000011c80000,0x0000000011e90000] byte_map_base: 0x0000000011680000

Marking Bits: (ParMarkBitMap*) 0x000000005b9fa5b0
 Begin Bits: [0x00000000123f0000, 0x00000000133f0000)
 End Bits:   [0x00000000133f0000, 0x00000000143f0000)

Polling page: 0x0000000002680000

CodeCache: size=245760Kb used=3300Kb max_used=3300Kb free=242459Kb
 bounds [0x00000000028c0000, 0x0000000002c00000, 0x00000000118c0000]
 total_blobs=1078 nmethods=810 adapters=182
 compilation: enabled

Compilation events (10 events):
Event: 6.025 Thread 0x000000001500b000 nmethod 817 0x0000000002bf9010 code [0x0000000002bf91a0, 0x0000000002bf95a8]
Event: 6.025 Thread 0x000000001500b000  828       3       com.android.dx.ssa.PhiInsn::accept (8 bytes)
Event: 6.026 Thread 0x000000001500b000 nmethod 828 0x0000000002bf8b90 code [0x0000000002bf8d00, 0x0000000002bf8f28]
Event: 6.026 Thread 0x000000001500b000  794       3       com.android.dx.rop.type.Type::getFrameType (58 bytes)
Event: 6.026 Thread 0x000000001500b000 nmethod 794 0x0000000002bf8810 code [0x0000000002bf8960, 0x0000000002bf8af0]
Event: 6.026 Thread 0x000000001500b000  762       3       com.android.dx.cf.code.OneLocalsArray::<init> (22 bytes)
Event: 6.027 Thread 0x000000001500b000 nmethod 762 0x0000000002bf81d0 code [0x0000000002bf8340, 0x0000000002bf86b0]
Event: 6.027 Thread 0x000000001500b000  811       3       com.android.dx.util.BitIntSet::has (28 bytes)
Event: 6.028 Thread 0x000000001500b000 nmethod 811 0x0000000002bfaf10 code [0x0000000002bfb080, 0x0000000002bfb3b0]
Event: 6.028 Thread 0x000000001500b000  829       3       com.android.dx.ssa.SCCP::simulatePhi (169 bytes)

GC Heap History (0 events):
No events

Deoptimization events (2 events):
Event: 5.033 Thread 0x0000000016bd5000 Uncommon trap: reason=unstable_if action=reinterpret pc=0x0000000002ac66f0 method=java.util.BitSet.nextSetBit(I)I @ 87
Event: 6.019 Thread 0x0000000016bd5000 Uncommon trap: reason=null_check action=make_not_entrant pc=0x0000000002bccbb8 method=com.android.dx.ssa.SsaRenamer.getLocalForNewReg(I)Lcom/android/dx/rop/code/LocalItem; @ 19

Internal exceptions (3 events):
Event: 0.208 Thread 0x00000000025fe000 Exception <a 'java/lang/NoSuchMethodError': Method sun.misc.Unsafe.defineClass(Ljava/lang/String;[BII)Ljava/lang/Class; name or signature does not match> (0x00000000eab13098) thrown at [C:\workspace\8-2-build-windows-amd64-cygwin\jdk8u65\4987\hotspot\src\sü»žR¨Ê?
Event: 0.208 Thread 0x00000000025fe000 Exception <a 'java/lang/NoSuchMethodError': Method sun.misc.Unsafe.prefetchRead(Ljava/lang/Object;J)V name or signature does not match> (0x00000000eab13380) thrown at [C:\workspace\8-2-build-windows-amd64-cygwin\jdk8u65\4987\hotspot\src\share\vm\prims\jni.ate@
Event: 6.019 Thread 0x0000000016bd5000 Implicit null exception at 0x0000000002bcb26c to 0x0000000002bccb89

Events (10 events):
Event: 5.033 Thread 0x0000000016bd5000 Uncommon trap: trap_request=0xffffff65 fr.pc=0x0000000002ac66f0
Event: 5.033 Thread 0x0000000016bd5000 DEOPT PACKING pc=0x0000000002ac66f0 sp=0x00000000171fedb0
Event: 5.035 Thread 0x0000000016bd5000 DEOPT UNPACKING pc=0x000000000290582a sp=0x00000000171fed48 mode 2
Event: 5.044 loading class com/android/dx/dex/file/MethodAnnotationStruct
Event: 5.044 loading class com/android/dx/dex/file/MethodAnnotationStruct done
Event: 5.995 Thread 0x00000000025fe000 DEOPT PACKING pc=0x0000000002b2420a sp=0x00000000027ae310
Event: 5.995 Thread 0x00000000025fe000 DEOPT UNPACKING pc=0x000000000290747f sp=0x00000000027ae080 mode 0
Event: 6.019 Thread 0x0000000016bd5000 Uncommon trap: trap_request=0xfffffff4 fr.pc=0x0000000002bccbb8
Event: 6.019 Thread 0x0000000016bd5000 DEOPT PACKING pc=0x0000000002bccbb8 sp=0x00000000171fec30
Event: 6.019 Thread 0x0000000016bd5000 DEOPT UNPACKING pc=0x000000000290582a sp=0x00000000171fea68 mode 2


Dynamic libraries:
0x00007ff6ce060000 - 0x00007ff6ce097000 	C:\Program Files\Java\jdk1.8.0_65\bin\java.exe
0x00007ffb59150000 - 0x00007ffb59312000 	C:\Windows\SYSTEM32\ntdll.dll
0x00007ffb58980000 - 0x00007ffb58a2d000 	C:\Windows\system32\KERNEL32.DLL
0x00007ffb55c20000 - 0x00007ffb55dfd000 	C:\Windows\system32\KERNELBASE.dll
0x00007ffb585a0000 - 0x00007ffb58646000 	C:\Windows\system32\ADVAPI32.dll
0x00007ffb58660000 - 0x00007ffb586fd000 	C:\Windows\system32\msvcrt.dll
0x00007ffb58d30000 - 0x00007ffb58d8b000 	C:\Windows\system32\sechost.dll
0x00007ffb58a30000 - 0x00007ffb58b56000 	C:\Windows\system32\RPCRT4.dll
0x00007ffb59000000 - 0x00007ffb5914e000 	C:\Windows\system32\USER32.dll
0x00007ffb58e70000 - 0x00007ffb58ff5000 	C:\Windows\system32\GDI32.dll
0x00007ffb4f730000 - 0x00007ffb4f9a4000 	C:\Windows\WinSxS\amd64_microsoft.windows.common-controls_6595b64144ccf1df_6.0.10240.16384_none_f41f7b285750ef43\COMCTL32.dll
0x00007ffb58030000 - 0x00007ffb58066000 	C:\Windows\system32\IMM32.DLL
0x00007ffb58430000 - 0x00007ffb5858c000 	C:\Windows\system32\MSCTF.dll
0x000000005ad40000 - 0x000000005ae12000 	C:\Program Files\Java\jdk1.8.0_65\jre\bin\msvcr100.dll
0x000000005b1f0000 - 0x000000005ba79000 	C:\Program Files\Java\jdk1.8.0_65\jre\bin\server\jvm.dll
0x00007ffb58590000 - 0x00007ffb58598000 	C:\Windows\system32\PSAPI.DLL
0x00007ffb490f0000 - 0x00007ffb490f9000 	C:\Windows\SYSTEM32\WSOCK32.dll
0x00007ffb56820000 - 0x00007ffb56889000 	C:\Windows\system32\WS2_32.dll
0x00007ffb58070000 - 0x00007ffb58078000 	C:\Windows\system32\NSI.dll
0x00007ffb54280000 - 0x00007ffb542a3000 	C:\Windows\SYSTEM32\WINMM.dll
0x00007ffb53100000 - 0x00007ffb5310a000 	C:\Windows\SYSTEM32\VERSION.dll
0x00007ffb541a0000 - 0x00007ffb541cc000 	C:\Windows\SYSTEM32\WINMMBASE.dll
0x00007ffb56720000 - 0x00007ffb56764000 	C:\Windows\system32\cfgmgr32.dll
0x00007ffb544f0000 - 0x00007ffb54517000 	C:\Windows\SYSTEM32\DEVOBJ.dll
0x000000005b1e0000 - 0x000000005b1ef000 	C:\Program Files\Java\jdk1.8.0_65\jre\bin\verify.dll
0x000000005b1b0000 - 0x000000005b1d9000 	C:\Program Files\Java\jdk1.8.0_65\jre\bin\java.dll
0x000000005b190000 - 0x000000005b1a6000 	C:\Program Files\Java\jdk1.8.0_65\jre\bin\zip.dll
0x00007ffb56b00000 - 0x00007ffb58023000 	C:\Windows\system32\SHELL32.dll
0x00007ffb560f0000 - 0x00007ffb56719000 	C:\Windows\system32\windows.storage.dll
0x00007ffb58700000 - 0x00007ffb5897c000 	C:\Windows\system32\combase.dll
0x00007ffb56aa0000 - 0x00007ffb56af1000 	C:\Windows\system32\shlwapi.dll
0x00007ffb55b80000 - 0x00007ffb55b8f000 	C:\Windows\system32\kernel.appcore.dll
0x00007ffb55fd0000 - 0x00007ffb56083000 	C:\Windows\system32\shcore.dll
0x00007ffb55b90000 - 0x00007ffb55bda000 	C:\Windows\system32\powrprof.dll
0x00007ffb55be0000 - 0x00007ffb55bf3000 	C:\Windows\system32\profapi.dll

VM Arguments:
jvm_args: -Djava.awt.headless=true -Xmx1024M -Dfile.encoding=windows-1251 -Duser.country=RU -Duser.language=ru -Duser.variant 
java_command: com.android.dx.command.Main --dex --force-jumbo --num-threads=4 --multi-dex --output C:\Users\Azat\Desktop\RemindMeApplication-master\WeatherGDG\app\build\intermediates\transforms\dex\debug\folders\1000\10\gradle-retrolambda-3.3.0-beta4_bd30624aad8377f30752cefaf9c76e34d256f946 C:\Users\Azat\.gradle\caches\modules-2\files-2.1\me.tatarka\gradle-retrolambda\3.3.0-beta4\46fd7b31d4ad7f482e6a29d09f70cf3945172ce1\gradle-retrolambda-3.3.0-beta4.jar
java_class_path (initial): C:\Users\Azat\AppData\Local\Android\sdk1\build-tools\23.0.3\lib\dx.jar
Launcher Type: SUN_STANDARD

Environment Variables:
JAVA_HOME=C:\Program Files\Java\jdk1.8.0_65
PATH=C:\Program Files (x86)\NVIDIA Corporation\PhysX\Common;C:\Program Files (x86)\Common Files\Intel\Shared Files\cpp\bin\Intel64;C:\ProgramData\Oracle\Java\javapath;C:\Windows\system32;C:\Windows;C:\Windows\System32\Wbem;C:\Windows\System32\WindowsPowerShell\v1.0\;C:\Program Files (x86)\AMD\ATI.ACE\Core-Static;C:\Program Files (x86)\ATI Technologies\ATI.ACE\Core-Static;C:\Program Files (x86)\CodeBlocks\MinGW\bin;C:\Program Files (x86)\CMake\bin;C:\Windows\system32\config\systemprofile\.dnx\bin;C:\Program Files\Microsoft DNX\Dnvm\;C:\Program Files (x86)\Windows Kits\8.1\Windows Performance Toolkit\;C:\Program Files (x86)\Skype\Phone\;C:\Program Files (x86)\GtkSharp\2.12\bin;C:\Program Files (x86)\PuTTY\;C:\Program Files\TortoiseGit\bin;C:\Program Files\Microsoft SQL Server\120\Tools\Binn\;C:\Ruby23-x64\bin;C:\Users\Azat\Anaconda2;C:\Users\Azat\Anaconda2\Scripts;C:\Users\Azat\Anaconda2\Library\bin
USERNAME=Azat
OS=Windows_NT
PROCESSOR_IDENTIFIER=AMD64 Family 18 Model 1 Stepping 0, AuthenticAMD



---------------  S Y S T E M  ---------------

OS: Windows 10.0 , 64 bit Build 10240 (10.0.10240.16384)

CPU:total 4 (4 cores per cpu, 1 threads per core) family 18 model 1 stepping 0, cmov, cx8, fxsr, mmx, sse, sse2, sse3, popcnt, mmxext, 3dnowpref, lzcnt, sse4a, tsc, tscinvbit, tscinv

Memory: 4k page, physical 5740652k(317912k free), swap 8438316k(2184k free)

vm_info: Java HotSpot(TM) 64-Bit Server VM (25.65-b01) for windows-amd64 JRE (1.8.0_65-b17), built on Oct  6 2015 16:39:20 by "java_re" with MS VC++ 10.0 (VS2010)

time: Wed Aug 03 08:34:09 2016
elapsed time: 6 seconds (0d 0h 0m 6s)

