#
# There is insufficient memory for the Java Runtime Environment to continue.
# Native memory allocation (malloc) failed to allocate 901584 bytes for Chunk::new
# Possible reasons:
#   The system is out of physical RAM or swap space
#   In 32 bit mode, the process size limit was hit
# Possible solutions:
#   Reduce memory load on the system
#   Increase physical memory or swap space
#   Check if swap backing store is full
#   Use 64 bit Java on a 64 bit OS
#   Decrease Java heap size (-Xmx/-Xms)
#   Decrease number of Java threads
#   Decrease Java thread stack sizes (-Xss)
#   Set larger code cache with -XX:ReservedCodeCacheSize=
# This output file may be truncated or incomplete.
#
#  Out of Memory Error (allocation.cpp:390), pid=8652, tid=8308
#
# JRE version: Java(TM) SE Runtime Environment (8.0_65-b17) (build 1.8.0_65-b17)
# Java VM: Java HotSpot(TM) 64-Bit Server VM (25.65-b01 mixed mode windows-amd64 compressed oops)
# Failed to write core dump. Minidumps are not enabled by default on client versions of Windows
#

---------------  T H R E A D  ---------------

Current thread (0x00000000157b2000):  JavaThread "C2 CompilerThread1" daemon [_thread_in_native, id=8308, stack(0x0000000016ef0000,0x0000000016ff0000)]

Stack: [0x0000000016ef0000,0x0000000016ff0000]
[error occurred during error reporting (printing stack bounds), id 0xc0000005]

Native frames: (J=compiled Java code, j=interpreted, Vv=VM code, C=native code)


Current CompileTask:
C2:   8228 1294       4       com.android.dx.ssa.SCCP::simulateStmt (481 bytes)


---------------  P R O C E S S  ---------------

Java Threads: ( => current thread )
  0x000000001729c000 JavaThread "pool-2-thread-4" [_thread_in_Java, id=4856, stack(0x0000000017af0000,0x0000000017bf0000)]
  0x0000000017202800 JavaThread "pool-2-thread-3" [_thread_in_Java, id=8828, stack(0x00000000179f0000,0x0000000017af0000)]
  0x0000000017192000 JavaThread "pool-2-thread-2" [_thread_blocked, id=1296, stack(0x00000000178f0000,0x00000000179f0000)]
  0x000000001718e000 JavaThread "pool-3-thread-1" [_thread_blocked, id=8628, stack(0x00000000177f0000,0x00000000178f0000)]
  0x0000000017187800 JavaThread "pool-2-thread-1" [_thread_in_Java, id=8584, stack(0x00000000176f0000,0x00000000177f0000)]
  0x0000000016ff2800 JavaThread "Service Thread" daemon [_thread_blocked, id=8624, stack(0x00000000174f0000,0x00000000175f0000)]
  0x000000001580e800 JavaThread "C1 CompilerThread2" daemon [_thread_blocked, id=3816, stack(0x00000000173f0000,0x00000000174f0000)]
=>0x00000000157b2000 JavaThread "C2 CompilerThread1" daemon [_thread_in_native, id=8308, stack(0x0000000016ef0000,0x0000000016ff0000)]
  0x00000000157ad800 JavaThread "C2 CompilerThread0" daemon [_thread_in_native, id=6528, stack(0x0000000016df0000,0x0000000016ef0000)]
  0x00000000157ab000 JavaThread "Attach Listener" daemon [_thread_blocked, id=7484, stack(0x0000000016cf0000,0x0000000016df0000)]
  0x00000000157a9800 JavaThread "Signal Dispatcher" daemon [_thread_blocked, id=8444, stack(0x0000000016bf0000,0x0000000016cf0000)]
  0x00000000030d1800 JavaThread "Finalizer" daemon [_thread_blocked, id=2852, stack(0x0000000016a00000,0x0000000016b00000)]
  0x00000000030ce800 JavaThread "Reference Handler" daemon [_thread_blocked, id=8480, stack(0x0000000016900000,0x0000000016a00000)]
  0x0000000002edd800 JavaThread "main" [_thread_in_Java, id=4036, stack(0x0000000002ee0000,0x0000000002fe0000)]

Other Threads:
  0x0000000015777000 VMThread [stack: 0x0000000016800000,0x0000000016900000] [id=8736]
  0x0000000016ffa000 WatcherThread [stack: 0x00000000175f0000,0x00000000176f0000] [id=8276]

VM state:not at safepoint (normal execution)

VM Mutex/Monitor currently owned by a thread: None

Heap:
 PSYoungGen      total 26112K, used 8072K [0x00000000eab00000, 0x00000000ec800000, 0x0000000100000000)
  eden space 22528K, 19% used [0x00000000eab00000,0x00000000eaf658b0,0x00000000ec100000)
  from space 3584K, 99% used [0x00000000ec480000,0x00000000ec7fcaa8,0x00000000ec800000)
  to   space 3584K, 0% used [0x00000000ec100000,0x00000000ec100000,0x00000000ec480000)
 ParOldGen       total 60416K, used 5612K [0x00000000c0000000, 0x00000000c3b00000, 0x00000000eab00000)
  object space 60416K, 9% used [0x00000000c0000000,0x00000000c057b020,0x00000000c3b00000)
 Metaspace       used 5852K, capacity 6960K, committed 7040K, reserved 1056768K
  class space    used 581K, capacity 616K, committed 640K, reserved 1048576K

Card table byte_map: [0x00000000124a0000,0x00000000126b0000] byte_map_base: 0x0000000011ea0000

Marking Bits: (ParMarkBitMap*) 0x00000000586aa5b0
 Begin Bits: [0x0000000012c10000, 0x0000000013c10000)
 End Bits:   [0x0000000013c10000, 0x0000000014c10000)

Polling page: 0x0000000001490000

CodeCache: size=245760Kb used=5467Kb max_used=5476Kb free=240292Kb
 bounds [0x00000000030e0000, 0x0000000003640000, 0x00000000120e0000]
 total_blobs=1580 nmethods=1318 adapters=175
 compilation: enabled

Compilation events (10 events):
Event: 8.215 Thread 0x000000001580e800 1328       3       com.android.dx.ssa.SsaMethod::makeNewGotoBlock (52 bytes)
Event: 8.218 Thread 0x000000001580e800 nmethod 1328 0x0000000003639350 code [0x00000000036395a0, 0x000000000363a3c8]
Event: 8.218 Thread 0x000000001580e800 1327       1       com.android.dx.cf.attrib.AttLineNumberTable::getLineNumbers (5 bytes)
Event: 8.218 Thread 0x000000001580e800 nmethod 1327 0x00000000036294d0 code [0x0000000003629620, 0x0000000003629730]
Event: 8.218 Thread 0x000000001580e800 1329       1       com.android.dx.ssa.PhiInsn::getOpcode (2 bytes)
Event: 8.219 Thread 0x000000001580e800 nmethod 1329 0x0000000003627ad0 code [0x0000000003627c20, 0x0000000003627d30]
Event: 8.220 Thread 0x000000001580e800 1334       1       com.android.dx.rop.annotation.NameValuePair::getName (5 bytes)
Event: 8.220 Thread 0x000000001580e800 nmethod 1334 0x000000000362b1d0 code [0x000000000362b320, 0x000000000362b430]
Event: 8.223 Thread 0x00000000157ad800 nmethod 1314 0x000000000362add0 code [0x000000000362af20, 0x000000000362b018]
Event: 8.223 Thread 0x00000000157ad800 1333 %     4       com.android.dx.ssa.SsaMethod::deleteInsns @ 42 (239 bytes)

GC Heap History (4 events):
Event: 4.602 GC heap before
{Heap before GC invocations=1 (full 0):
 PSYoungGen      total 26112K, used 22528K [0x00000000eab00000, 0x00000000ec800000, 0x0000000100000000)
  eden space 22528K, 100% used [0x00000000eab00000,0x00000000ec100000,0x00000000ec100000)
  from space 3584K, 0% used [0x00000000ec480000,0x00000000ec480000,0x00000000ec800000)
  to   space 3584K, 0% used [0x00000000ec100000,0x00000000ec100000,0x00000000ec480000)
 ParOldGen       total 60416K, used 0K [0x00000000c0000000, 0x00000000c3b00000, 0x00000000eab00000)
  object space 60416K, 0% used [0x00000000c0000000,0x00000000c0000000,0x00000000c3b00000)
 Metaspace       used 5708K, capacity 6832K, committed 7040K, reserved 1056768K
  class space    used 579K, capacity 616K, committed 640K, reserved 1048576K
Event: 4.628 GC heap after
Heap after GC invocations=1 (full 0):
 PSYoungGen      total 26112K, used 3566K [0x00000000eab00000, 0x00000000ec800000, 0x0000000100000000)
  eden space 22528K, 0% used [0x00000000eab00000,0x00000000eab00000,0x00000000ec100000)
  from space 3584K, 99% used [0x00000000ec100000,0x00000000ec47ba48,0x00000000ec480000)
  to   space 3584K, 0% used [0x00000000ec480000,0x00000000ec480000,0x00000000ec800000)
 ParOldGen       total 60416K, used 1380K [0x00000000c0000000, 0x00000000c3b00000, 0x00000000eab00000)
  object space 60416K, 2% used [0x00000000c0000000,0x00000000c01591e0,0x00000000c3b00000)
 Metaspace       used 5708K, capacity 6832K, committed 7040K, reserved 1056768K
  class space    used 579K, capacity 616K, committed 640K, reserved 1048576K
}
Event: 7.428 GC heap before
{Heap before GC invocations=2 (full 0):
 PSYoungGen      total 26112K, used 26094K [0x00000000eab00000, 0x00000000ec800000, 0x0000000100000000)
  eden space 22528K, 100% used [0x00000000eab00000,0x00000000ec100000,0x00000000ec100000)
  from space 3584K, 99% used [0x00000000ec100000,0x00000000ec47ba48,0x00000000ec480000)
  to   space 3584K, 0% used [0x00000000ec480000,0x00000000ec480000,0x00000000ec800000)
 ParOldGen       total 60416K, used 1380K [0x00000000c0000000, 0x00000000c3b00000, 0x00000000eab00000)
  object space 60416K, 2% used [0x00000000c0000000,0x00000000c01591e0,0x00000000c3b00000)
 Metaspace       used 5850K, capacity 6960K, committed 7040K, reserved 1056768K
  class space    used 581K, capacity 616K, committed 640K, reserved 1048576K
Event: 8.161 GC heap after
Heap after GC invocations=2 (full 0):
 PSYoungGen      total 26112K, used 3570K [0x00000000eab00000, 0x00000000ec800000, 0x0000000100000000)
  eden space 22528K, 0% used [0x00000000eab00000,0x00000000eab00000,0x00000000ec100000)
  from space 3584K, 99% used [0x00000000ec480000,0x00000000ec7fcaa8,0x00000000ec800000)
  to   space 3584K, 0% used [0x00000000ec100000,0x00000000ec100000,0x00000000ec480000)
 ParOldGen       total 60416K, used 5612K [0x00000000c0000000, 0x00000000c3b00000, 0x00000000eab00000)
  object space 60416K, 9% used [0x00000000c0000000,0x00000000c057b020,0x00000000c3b00000)
 Metaspace       used 5850K, capacity 6960K, committed 7040K, reserved 1056768K
  class space    used 581K, capacity 616K, committed 640K, reserved 1048576K
}

Deoptimization events (10 events):
Event: 4.119 Thread 0x0000000017187800 Uncommon trap: reason=class_check action=maybe_recompile pc=0x0000000003406e5c method=com.android.dx.rop.type.Type.equals(Ljava/lang/Object;)Z @ 8
Event: 4.119 Thread 0x0000000017187800 Uncommon trap: reason=class_check action=maybe_recompile pc=0x0000000003406e5c method=com.android.dx.rop.type.Type.equals(Ljava/lang/Object;)Z @ 8
Event: 4.119 Thread 0x0000000017187800 Uncommon trap: reason=class_check action=maybe_recompile pc=0x0000000003406e5c method=com.android.dx.rop.type.Type.equals(Ljava/lang/Object;)Z @ 8
Event: 4.236 Thread 0x0000000002edd800 Uncommon trap: reason=null_check action=make_not_entrant pc=0x00000000034e1134 method=com.android.dx.ssa.SsaRenamer.getLocalForNewReg(I)Lcom/android/dx/rop/code/LocalItem; @ 19
Event: 4.434 Thread 0x0000000017202800 Uncommon trap: reason=unstable_if action=reinterpret pc=0x000000000333c834 method=java.util.BitSet.ensureCapacity(I)V @ 6
Event: 4.832 Thread 0x0000000017187800 Uncommon trap: reason=class_check action=maybe_recompile pc=0x00000000035160b4 method=com.android.dx.ssa.NormalSsaInsn.accept(Lcom/android/dx/ssa/SsaInsn$Visitor;)V @ 9
Event: 5.239 Thread 0x0000000017192000 Uncommon trap: reason=unstable_if action=reinterpret pc=0x00000000034cd3bc method=com.android.dx.ssa.SsaRenamer$BlockRenamer.addMapping(ILcom/android/dx/rop/code/RegisterSpec;)V @ 120
Event: 6.161 Thread 0x0000000017202800 Uncommon trap: reason=class_check action=maybe_recompile pc=0x00000000035160b4 method=com.android.dx.ssa.NormalSsaInsn.accept(Lcom/android/dx/ssa/SsaInsn$Visitor;)V @ 9
Event: 6.162 Thread 0x0000000017202800 Uncommon trap: reason=class_check action=maybe_recompile pc=0x00000000035160b4 method=com.android.dx.ssa.NormalSsaInsn.accept(Lcom/android/dx/ssa/SsaInsn$Visitor;)V @ 9
Event: 6.162 Thread 0x0000000017202800 Uncommon trap: reason=class_check action=maybe_recompile pc=0x00000000035160b4 method=com.android.dx.ssa.NormalSsaInsn.accept(Lcom/android/dx/ssa/SsaInsn$Visitor;)V @ 9

Internal exceptions (3 events):
Event: 0.208 Thread 0x0000000002edd800 Exception <a 'java/lang/NoSuchMethodError': Method sun.misc.Unsafe.defineClass(Ljava/lang/String;[BII)Ljava/lang/Class; name or signature does not match> (0x00000000eab13098) thrown at [C:\workspace\8-2-build-windows-amd64-cygwin\jdk8u65\4987\hotspot\src\sÒî!ª™Ê?
Event: 0.208 Thread 0x0000000002edd800 Exception <a 'java/lang/NoSuchMethodError': Method sun.misc.Unsafe.prefetchRead(Ljava/lang/Object;J)V name or signature does not match> (0x00000000eab13380) thrown at [C:\workspace\8-2-build-windows-amd64-cygwin\jdk8u65\4987\hotspot\src\share\vm\prims\jni.9¨ïC¼ñ@
Event: 4.236 Thread 0x0000000002edd800 Implicit null exception at 0x00000000034df805 to 0x00000000034e1119

Events (10 events):
Event: 6.162 Thread 0x0000000017202800 DEOPT UNPACKING pc=0x000000000312582a sp=0x0000000017aee7e0 mode 2
Event: 6.162 Thread 0x0000000017202800 Uncommon trap: trap_request=0xffffffde fr.pc=0x00000000035160b4
Event: 6.162 Thread 0x0000000017202800 DEOPT PACKING pc=0x00000000035160b4 sp=0x0000000017aee7d0
Event: 6.162 Thread 0x0000000017202800 DEOPT UNPACKING pc=0x000000000312582a sp=0x0000000017aee7e0 mode 2
Event: 6.499 loading class com/android/dx/cf/attrib/AttRuntimeInvisibleParameterAnnotations
Event: 6.499 loading class com/android/dx/cf/attrib/AttRuntimeInvisibleParameterAnnotations done
Event: 6.500 loading class com/android/dx/cf/attrib/BaseParameterAnnotations
Event: 6.500 loading class com/android/dx/cf/attrib/BaseParameterAnnotations done
Event: 7.106 Executing VM operation: ParallelGCFailedAllocation
Event: 8.161 Executing VM operation: ParallelGCFailedAllocation done


Dynamic libraries:
0x00007ff778a00000 - 0x00007ff778a37000 	C:\Program Files\Java\jdk1.8.0_65\bin\java.exe
0x00007ffcf90f0000 - 0x00007ffcf92b2000 	C:\Windows\SYSTEM32\ntdll.dll
0x00007ffcf8af0000 - 0x00007ffcf8b9d000 	C:\Windows\system32\KERNEL32.DLL
0x00007ffcf64c0000 - 0x00007ffcf669d000 	C:\Windows\system32\KERNELBASE.dll
0x00007ffcf8ba0000 - 0x00007ffcf8c46000 	C:\Windows\system32\ADVAPI32.dll
0x00007ffcf8530000 - 0x00007ffcf85cd000 	C:\Windows\system32\msvcrt.dll
0x00007ffcf8a90000 - 0x00007ffcf8aeb000 	C:\Windows\system32\sechost.dll
0x00007ffcf8150000 - 0x00007ffcf8276000 	C:\Windows\system32\RPCRT4.dll
0x00007ffcf8280000 - 0x00007ffcf83ce000 	C:\Windows\system32\USER32.dll
0x00007ffcf8730000 - 0x00007ffcf88b5000 	C:\Windows\system32\GDI32.dll
0x00007ffced1d0000 - 0x00007ffced444000 	C:\Windows\WinSxS\amd64_microsoft.windows.common-controls_6595b64144ccf1df_6.0.10240.16384_none_f41f7b285750ef43\COMCTL32.dll
0x00007ffcf9040000 - 0x00007ffcf9076000 	C:\Windows\system32\IMM32.DLL
0x00007ffcf83d0000 - 0x00007ffcf852c000 	C:\Windows\system32\MSCTF.dll
0x00000000579e0000 - 0x0000000057ab2000 	C:\Program Files\Java\jdk1.8.0_65\jre\bin\msvcr100.dll
0x0000000057ea0000 - 0x0000000058729000 	C:\Program Files\Java\jdk1.8.0_65\jre\bin\server\jvm.dll
0x00007ffcf7dd0000 - 0x00007ffcf7dd8000 	C:\Windows\system32\PSAPI.DLL
0x00007ffce8ac0000 - 0x00007ffce8ac9000 	C:\Windows\SYSTEM32\WSOCK32.dll
0x00007ffcf9080000 - 0x00007ffcf90e9000 	C:\Windows\system32\WS2_32.dll
0x00007ffcf7de0000 - 0x00007ffcf7de8000 	C:\Windows\system32\NSI.dll
0x00007ffcf3d00000 - 0x00007ffcf3d23000 	C:\Windows\SYSTEM32\WINMM.dll
0x00007ffcf3bc0000 - 0x00007ffcf3bec000 	C:\Windows\SYSTEM32\WINMMBASE.dll
0x00007ffcf5c70000 - 0x00007ffcf5cb4000 	C:\Windows\system32\cfgmgr32.dll
0x00007ffcf4490000 - 0x00007ffcf44b7000 	C:\Windows\SYSTEM32\DEVOBJ.dll
0x00007ffcf3080000 - 0x00007ffcf308a000 	C:\Windows\SYSTEM32\VERSION.dll
0x0000000057e90000 - 0x0000000057e9f000 	C:\Program Files\Java\jdk1.8.0_65\jre\bin\verify.dll
0x0000000057e60000 - 0x0000000057e89000 	C:\Program Files\Java\jdk1.8.0_65\jre\bin\java.dll
0x0000000057e40000 - 0x0000000057e56000 	C:\Program Files\Java\jdk1.8.0_65\jre\bin\zip.dll
0x00007ffcf67c0000 - 0x00007ffcf7ce3000 	C:\Windows\system32\SHELL32.dll
0x00007ffcf5cc0000 - 0x00007ffcf62e9000 	C:\Windows\system32\windows.storage.dll
0x00007ffcf8d00000 - 0x00007ffcf8f7c000 	C:\Windows\system32\combase.dll
0x00007ffcf8080000 - 0x00007ffcf80d1000 	C:\Windows\system32\shlwapi.dll
0x00007ffcf5b60000 - 0x00007ffcf5b6f000 	C:\Windows\system32\kernel.appcore.dll
0x00007ffcf6700000 - 0x00007ffcf67b3000 	C:\Windows\system32\shcore.dll
0x00007ffcf5b70000 - 0x00007ffcf5bba000 	C:\Windows\system32\powrprof.dll
0x00007ffcf5b20000 - 0x00007ffcf5b33000 	C:\Windows\system32\profapi.dll

VM Arguments:
jvm_args: -Djava.awt.headless=true -Xmx1024M -Dfile.encoding=windows-1251 -Duser.country=RU -Duser.language=ru -Duser.variant 
java_command: com.android.dx.command.Main --dex --force-jumbo --num-threads=4 --multi-dex --output C:\Users\Azat\Desktop\RemindMeApplication-master\WeatherGDG\app\build\intermediates\transforms\dex\debug\folders\1000\5\slice_3 C:\Users\Azat\Desktop\RemindMeApplication-master\WeatherGDG\app\build\intermediates\transforms\instantRunSlicer\debug\folders\1\5\slice_3
java_class_path (initial): C:\Users\Azat\AppData\Local\Android\sdk1\build-tools\23.0.3\lib\dx.jar
Launcher Type: SUN_STANDARD

Environment Variables:
JAVA_HOME=C:\Program Files\Java\jdk1.8.0_65
PATH=C:\Program Files (x86)\NVIDIA Corporation\PhysX\Common;C:\Program Files (x86)\Common Files\Intel\Shared Files\cpp\bin\Intel64;C:\ProgramData\Oracle\Java\javapath;C:\Windows\system32;C:\Windows;C:\Windows\System32\Wbem;C:\Windows\System32\WindowsPowerShell\v1.0\;C:\Program Files (x86)\AMD\ATI.ACE\Core-Static;C:\Program Files (x86)\ATI Technologies\ATI.ACE\Core-Static;C:\Program Files (x86)\CodeBlocks\MinGW\bin;C:\Program Files (x86)\CMake\bin;C:\Windows\system32\config\systemprofile\.dnx\bin;C:\Program Files\Microsoft DNX\Dnvm\;C:\Program Files (x86)\Windows Kits\8.1\Windows Performance Toolkit\;C:\Program Files (x86)\Skype\Phone\;C:\Program Files (x86)\GtkSharp\2.12\bin;C:\Program Files (x86)\PuTTY\;C:\Program Files\TortoiseGit\bin;C:\Program Files\Microsoft SQL Server\120\Tools\Binn\;C:\Ruby23-x64\bin;C:\Users\Azat\Anaconda2;C:\Users\Azat\Anaconda2\Scripts;C:\Users\Azat\Anaconda2\Library\bin
USERNAME=Azat
OS=Windows_NT
PROCESSOR_IDENTIFIER=AMD64 Family 18 Model 1 Stepping 0, AuthenticAMD



---------------  S Y S T E M  ---------------

OS: Windows 10.0 , 64 bit Build 10240 (10.0.10240.16384)

CPU:total 4 (4 cores per cpu, 1 threads per core) family 18 model 1 stepping 0, cmov, cx8, fxsr, mmx, sse, sse2, sse3, popcnt, mmxext, 3dnowpref, lzcnt, sse4a, tsc, tscinvbit, tscinv

Memory: 4k page, physical 5740652k(481604k free), swap 8365312k(5120k free)

vm_info: Java HotSpot(TM) 64-Bit Server VM (25.65-b01) for windows-amd64 JRE (1.8.0_65-b17), built on Oct  6 2015 16:39:20 by "java_re" with MS VC++ 10.0 (VS2010)

time: Mon Aug 15 18:48:06 2016
elapsed time: 8 seconds (0d 0h 0m 8s)

