#
# There is insufficient memory for the Java Runtime Environment to continue.
# Native memory allocation (malloc) failed to allocate 1124016 bytes for Chunk::new
# Possible reasons:
#   The system is out of physical RAM or swap space
#   In 32 bit mode, the process size limit was hit
# Possible solutions:
#   Reduce memory load on the system
#   Increase physical memory or swap space
#   Check if swap backing store is full
#   Use 64 bit Java on a 64 bit OS
#   Decrease Java heap size (-Xmx/-Xms)
#   Decrease number of Java threads
#   Decrease Java thread stack sizes (-Xss)
#   Set larger code cache with -XX:ReservedCodeCacheSize=
# This output file may be truncated or incomplete.
#
#  Out of Memory Error (allocation.cpp:390), pid=5076, tid=6540
#
# JRE version: Java(TM) SE Runtime Environment (8.0_65-b17) (build 1.8.0_65-b17)
# Java VM: Java HotSpot(TM) 64-Bit Server VM (25.65-b01 mixed mode windows-amd64 compressed oops)
# Failed to write core dump. Minidumps are not enabled by default on client versions of Windows
#

---------------  T H R E A D  ---------------

Current thread (0x0000000014fde000):  JavaThread "C2 CompilerThread0" daemon [_thread_in_native, id=6540, stack(0x0000000016620000,0x0000000016720000)]

Stack: [0x0000000016620000,0x0000000016720000]
[error occurred during error reporting (printing stack bounds), id 0xc0000005]

Native frames: (J=compiled Java code, j=interpreted, Vv=VM code, C=native code)


Current CompileTask:
C2:  28958 2427       4       com.android.dx.ssa.LocalVariableExtractor::processBlock (383 bytes)


---------------  P R O C E S S  ---------------

Java Threads: ( => current thread )
  0x0000000016bdf800 JavaThread "pool-2-thread-4" [_thread_blocked, id=8936, stack(0x0000000017320000,0x0000000017420000)]
  0x0000000016bde800 JavaThread "pool-2-thread-3" [_thread_blocked, id=9032, stack(0x0000000017220000,0x0000000017320000)]
  0x0000000016bde000 JavaThread "pool-2-thread-2" [_thread_blocked, id=7288, stack(0x0000000017120000,0x0000000017220000)]
  0x0000000016bd5000 JavaThread "pool-3-thread-1" [_thread_blocked, id=8888, stack(0x0000000017020000,0x0000000017120000)]
  0x0000000016bd4800 JavaThread "pool-2-thread-1" [_thread_blocked, id=9116, stack(0x0000000016f20000,0x0000000017020000)]
  0x000000001503e000 JavaThread "Service Thread" daemon [_thread_blocked, id=9164, stack(0x0000000016d20000,0x0000000016e20000)]
  0x000000001503b000 JavaThread "C1 CompilerThread2" daemon [_thread_blocked, id=9048, stack(0x0000000016820000,0x0000000016920000)]
  0x0000000014fe2000 JavaThread "C2 CompilerThread1" daemon [_thread_in_native, id=8968, stack(0x0000000016720000,0x0000000016820000)]
=>0x0000000014fde000 JavaThread "C2 CompilerThread0" daemon [_thread_in_native, id=6540, stack(0x0000000016620000,0x0000000016720000)]
  0x0000000014fdb000 JavaThread "Attach Listener" daemon [_thread_blocked, id=6356, stack(0x0000000016520000,0x0000000016620000)]
  0x0000000014fda000 JavaThread "Signal Dispatcher" daemon [_thread_blocked, id=1872, stack(0x0000000016420000,0x0000000016520000)]
  0x0000000002900800 JavaThread "Finalizer" daemon [_thread_blocked, id=2936, stack(0x0000000016230000,0x0000000016330000)]
  0x0000000014fa9000 JavaThread "Reference Handler" daemon [_thread_blocked, id=7980, stack(0x0000000016130000,0x0000000016230000)]
  0x000000000280e000 JavaThread "main" [_thread_blocked, id=8492, stack(0x00000000026f0000,0x00000000027f0000)]

Other Threads:
  0x0000000014fa7000 VMThread [stack: 0x0000000016030000,0x0000000016130000] [id=212]
  0x0000000016923800 WatcherThread [stack: 0x0000000016e20000,0x0000000016f20000] [id=6152]

VM state:not at safepoint (normal execution)

VM Mutex/Monitor currently owned by a thread: None

Heap:
 PSYoungGen      total 93696K, used 22929K [0x00000000eab00000, 0x00000000f8100000, 0x0000000100000000)
  eden space 90112K, 21% used [0x00000000eab00000,0x00000000ebde7fe8,0x00000000f0300000)
  from space 3584K, 99% used [0x00000000f0300000,0x00000000f067c480,0x00000000f0680000)
  to   space 19456K, 0% used [0x00000000f6e00000,0x00000000f6e00000,0x00000000f8100000)
 ParOldGen       total 60416K, used 30718K [0x00000000c0000000, 0x00000000c3b00000, 0x00000000eab00000)
  object space 60416K, 50% used [0x00000000c0000000,0x00000000c1dff808,0x00000000c3b00000)
 Metaspace       used 6476K, capacity 7192K, committed 7424K, reserved 1056768K
  class space    used 620K, capacity 656K, committed 768K, reserved 1048576K

Card table byte_map: [0x0000000011cd0000,0x0000000011ee0000] byte_map_base: 0x00000000116d0000

Marking Bits: (ParMarkBitMap*) 0x000000005b9fa5b0
 Begin Bits: [0x0000000012440000, 0x0000000013440000)
 End Bits:   [0x0000000013440000, 0x0000000014440000)

Polling page: 0x0000000000f10000

CodeCache: size=245760Kb used=9496Kb max_used=9515Kb free=236263Kb
 bounds [0x0000000002910000, 0x0000000003270000, 0x0000000011910000]
 total_blobs=2417 nmethods=2147 adapters=182
 compilation: enabled

Compilation events (10 events):
Event: 26.977 Thread 0x0000000014fe2000 nmethod 2467 0x0000000003212f50 code [0x00000000032130a0, 0x00000000032132d8]
Event: 26.977 Thread 0x0000000014fe2000 2468       4       com.android.dx.ssa.SCCP::run (298 bytes)
Event: 27.160 Thread 0x000000001503b000 2474       2       java.util.Vector::grow (57 bytes)
Event: 27.161 Thread 0x000000001503b000 nmethod 2474 0x0000000003212990 code [0x0000000003212b00, 0x0000000003212d98]
Event: 27.185 Thread 0x000000001503b000 2478       2       java.util.concurrent.locks.AbstractQueuedSynchronizer$Node::<init> (15 bytes)
Event: 27.185 Thread 0x000000001503b000 nmethod 2478 0x0000000002a3b5d0 code [0x0000000002a3b720, 0x0000000002a3b890]
Event: 27.807 Thread 0x0000000014fe2000 nmethod 2468 0x0000000003264050 code [0x00000000032644c0, 0x0000000003266fe8]
Event: 27.810 Thread 0x0000000014fe2000 2473       4       com.android.dx.ssa.SsaBasicBlock::getRopLabelSuccessorList (57 bytes)
Event: 27.855 Thread 0x0000000014fe2000 nmethod 2473 0x0000000003257950 code [0x0000000003257ae0, 0x00000000032582b8]
Event: 27.855 Thread 0x0000000014fe2000 2479   !   4       com.android.dx.cf.code.Ropper::processBlock (1101 bytes)

GC Heap History (10 events):
Event: 4.957 GC heap before
{Heap before GC invocations=1 (full 0):
 PSYoungGen      total 26112K, used 22528K [0x00000000eab00000, 0x00000000ec800000, 0x0000000100000000)
  eden space 22528K, 100% used [0x00000000eab00000,0x00000000ec100000,0x00000000ec100000)
  from space 3584K, 0% used [0x00000000ec480000,0x00000000ec480000,0x00000000ec800000)
  to   space 3584K, 0% used [0x00000000ec100000,0x00000000ec100000,0x00000000ec480000)
 ParOldGen       total 60416K, used 0K [0x00000000c0000000, 0x00000000c3b00000, 0x00000000eab00000)
  object space 60416K, 0% used [0x00000000c0000000,0x00000000c0000000,0x00000000c3b00000)
 Metaspace       used 5499K, capacity 6448K, committed 6528K, reserved 1056768K
  class space    used 594K, capacity 616K, committed 640K, reserved 1048576K
Event: 5.828 GC heap after
Heap after GC invocations=1 (full 0):
 PSYoungGen      total 26112K, used 3576K [0x00000000eab00000, 0x00000000ede00000, 0x0000000100000000)
  eden space 22528K, 0% used [0x00000000eab00000,0x00000000eab00000,0x00000000ec100000)
  from space 3584K, 99% used [0x00000000ec100000,0x00000000ec47e268,0x00000000ec480000)
  to   space 3584K, 0% used [0x00000000eda80000,0x00000000eda80000,0x00000000ede00000)
 ParOldGen       total 60416K, used 0K [0x00000000c0000000, 0x00000000c3b00000, 0x00000000eab00000)
  object space 60416K, 0% used [0x00000000c0000000,0x00000000c0000000,0x00000000c3b00000)
 Metaspace       used 5499K, capacity 6448K, committed 6528K, reserved 1056768K
  class space    used 594K, capacity 616K, committed 640K, reserved 1048576K
}
Event: 7.541 GC heap before
{Heap before GC invocations=2 (full 0):
 PSYoungGen      total 26112K, used 26104K [0x00000000eab00000, 0x00000000ede00000, 0x0000000100000000)
  eden space 22528K, 100% used [0x00000000eab00000,0x00000000ec100000,0x00000000ec100000)
  from space 3584K, 99% used [0x00000000ec100000,0x00000000ec47e268,0x00000000ec480000)
  to   space 3584K, 0% used [0x00000000eda80000,0x00000000eda80000,0x00000000ede00000)
 ParOldGen       total 60416K, used 0K [0x00000000c0000000, 0x00000000c3b00000, 0x00000000eab00000)
  object space 60416K, 0% used [0x00000000c0000000,0x00000000c0000000,0x00000000c3b00000)
 Metaspace       used 5892K, capacity 6832K, committed 7040K, reserved 1056768K
  class space    used 597K, capacity 616K, committed 640K, reserved 1048576K
Event: 7.569 GC heap after
Heap after GC invocations=2 (full 0):
 PSYoungGen      total 48640K, used 3565K [0x00000000eab00000, 0x00000000ede00000, 0x0000000100000000)
  eden space 45056K, 0% used [0x00000000eab00000,0x00000000eab00000,0x00000000ed700000)
  from space 3584K, 99% used [0x00000000eda80000,0x00000000eddfb7a0,0x00000000ede00000)
  to   space 3584K, 0% used [0x00000000ed700000,0x00000000ed700000,0x00000000eda80000)
 ParOldGen       total 60416K, used 2611K [0x00000000c0000000, 0x00000000c3b00000, 0x00000000eab00000)
  object space 60416K, 4% used [0x00000000c0000000,0x00000000c028cc38,0x00000000c3b00000)
 Metaspace       used 5892K, capacity 6832K, committed 7040K, reserved 1056768K
  class space    used 597K, capacity 616K, committed 640K, reserved 1048576K
}
Event: 10.482 GC heap before
{Heap before GC invocations=3 (full 0):
 PSYoungGen      total 48640K, used 48621K [0x00000000eab00000, 0x00000000ede00000, 0x0000000100000000)
  eden space 45056K, 100% used [0x00000000eab00000,0x00000000ed700000,0x00000000ed700000)
  from space 3584K, 99% used [0x00000000eda80000,0x00000000eddfb7a0,0x00000000ede00000)
  to   space 3584K, 0% used [0x00000000ed700000,0x00000000ed700000,0x00000000eda80000)
 ParOldGen       total 60416K, used 2611K [0x00000000c0000000, 0x00000000c3b00000, 0x00000000eab00000)
  object space 60416K, 4% used [0x00000000c0000000,0x00000000c028cc38,0x00000000c3b00000)
 Metaspace       used 6239K, capacity 7088K, committed 7296K, reserved 1056768K
  class space    used 598K, capacity 616K, committed 640K, reserved 1048576K
Event: 10.654 GC heap after
Heap after GC invocations=3 (full 0):
 PSYoungGen      total 48640K, used 3569K [0x00000000eab00000, 0x00000000f0a00000, 0x0000000100000000)
  eden space 45056K, 0% used [0x00000000eab00000,0x00000000eab00000,0x00000000ed700000)
  from space 3584K, 99% used [0x00000000ed700000,0x00000000eda7c480,0x00000000eda80000)
  to   space 3584K, 0% used [0x00000000f0680000,0x00000000f0680000,0x00000000f0a00000)
 ParOldGen       total 60416K, used 9887K [0x00000000c0000000, 0x00000000c3b00000, 0x00000000eab00000)
  object space 60416K, 16% used [0x00000000c0000000,0x00000000c09a7e00,0x00000000c3b00000)
 Metaspace       used 6239K, capacity 7088K, committed 7296K, reserved 1056768K
  class space    used 598K, capacity 616K, committed 640K, reserved 1048576K
}
Event: 18.934 GC heap before
{Heap before GC invocations=4 (full 0):
 PSYoungGen      total 48640K, used 48625K [0x00000000eab00000, 0x00000000f0a00000, 0x0000000100000000)
  eden space 45056K, 100% used [0x00000000eab00000,0x00000000ed700000,0x00000000ed700000)
  from space 3584K, 99% used [0x00000000ed700000,0x00000000eda7c480,0x00000000eda80000)
  to   space 3584K, 0% used [0x00000000f0680000,0x00000000f0680000,0x00000000f0a00000)
 ParOldGen       total 60416K, used 9887K [0x00000000c0000000, 0x00000000c3b00000, 0x00000000eab00000)
  object space 60416K, 16% used [0x00000000c0000000,0x00000000c09a7e00,0x00000000c3b00000)
 Metaspace       used 6323K, capacity 7152K, committed 7296K, reserved 1056768K
  class space    used 598K, capacity 616K, committed 640K, reserved 1048576K
Event: 19.296 GC heap after
Heap after GC invocations=4 (full 0):
 PSYoungGen      total 93696K, used 3557K [0x00000000eab00000, 0x00000000f0a00000, 0x0000000100000000)
  eden space 90112K, 0% used [0x00000000eab00000,0x00000000eab00000,0x00000000f0300000)
  from space 3584K, 99% used [0x00000000f0680000,0x00000000f09f94c0,0x00000000f0a00000)
  to   space 3584K, 0% used [0x00000000f0300000,0x00000000f0300000,0x00000000f0680000)
 ParOldGen       total 60416K, used 16731K [0x00000000c0000000, 0x00000000c3b00000, 0x00000000eab00000)
  object space 60416K, 27% used [0x00000000c0000000,0x00000000c1056f20,0x00000000c3b00000)
 Metaspace       used 6323K, capacity 7152K, committed 7296K, reserved 1056768K
  class space    used 598K, capacity 616K, committed 640K, reserved 1048576K
}
Event: 25.094 GC heap before
{Heap before GC invocations=5 (full 0):
 PSYoungGen      total 93696K, used 93669K [0x00000000eab00000, 0x00000000f0a00000, 0x0000000100000000)
  eden space 90112K, 100% used [0x00000000eab00000,0x00000000f0300000,0x00000000f0300000)
  from space 3584K, 99% used [0x00000000f0680000,0x00000000f09f94c0,0x00000000f0a00000)
  to   space 3584K, 0% used [0x00000000f0300000,0x00000000f0300000,0x00000000f0680000)
 ParOldGen       total 60416K, used 16731K [0x00000000c0000000, 0x00000000c3b00000, 0x00000000eab00000)
  object space 60416K, 27% used [0x00000000c0000000,0x00000000c1056f20,0x00000000c3b00000)
 Metaspace       used 6468K, capacity 7192K, committed 7424K, reserved 1056768K
  class space    used 620K, capacity 656K, committed 768K, reserved 1048576K
Event: 25.709 GC heap after
Heap after GC invocations=5 (full 0):
 PSYoungGen      total 93696K, used 3569K [0x00000000eab00000, 0x00000000f8100000, 0x0000000100000000)
  eden space 90112K, 0% used [0x00000000eab00000,0x00000000eab00000,0x00000000f0300000)
  from space 3584K, 99% used [0x00000000f0300000,0x00000000f067c480,0x00000000f0680000)
  to   space 19456K, 0% used [0x00000000f6e00000,0x00000000f6e00000,0x00000000f8100000)
 ParOldGen       total 60416K, used 30718K [0x00000000c0000000, 0x00000000c3b00000, 0x00000000eab00000)
  object space 60416K, 50% used [0x00000000c0000000,0x00000000c1dff808,0x00000000c3b00000)
 Metaspace       used 6468K, capacity 7192K, committed 7424K, reserved 1056768K
  class space    used 620K, capacity 656K, committed 768K, reserved 1048576K
}

Deoptimization events (10 events):
Event: 22.961 Thread 0x000000000280e000 Uncommon trap: reason=unstable_if action=reinterpret pc=0x00000000031c6e14 method=java.util.HashMap.putVal(ILjava/lang/Object;Ljava/lang/Object;ZZ)Ljava/lang/Object; @ 162
Event: 23.132 Thread 0x0000000016bd4800 Uncommon trap: reason=unstable_if action=reinterpret pc=0x0000000003122110 method=java.util.HashMap.getNode(ILjava/lang/Object;)Ljava/util/HashMap$Node; @ 84
Event: 23.169 Thread 0x0000000016bde800 Uncommon trap: reason=class_check action=maybe_recompile pc=0x00000000031de894 method=com.android.dx.ssa.SCCP.setLatticeValueTo(IILcom/android/dx/rop/cst/Constant;)Z @ 43
Event: 23.169 Thread 0x0000000016bde800 Uncommon trap: reason=class_check action=maybe_recompile pc=0x00000000031de894 method=com.android.dx.ssa.SCCP.setLatticeValueTo(IILcom/android/dx/rop/cst/Constant;)Z @ 43
Event: 23.169 Thread 0x0000000016bde800 Uncommon trap: reason=class_check action=maybe_recompile pc=0x00000000031de894 method=com.android.dx.ssa.SCCP.setLatticeValueTo(IILcom/android/dx/rop/cst/Constant;)Z @ 43
Event: 23.423 Thread 0x0000000016bdf800 Uncommon trap: reason=unstable_if action=reinterpret pc=0x0000000002a426c8 method=java.util.HashMap.getNode(ILjava/lang/Object;)Ljava/util/HashMap$Node; @ 84
Event: 23.860 Thread 0x0000000016bde000 Uncommon trap: reason=unstable_if action=reinterpret pc=0x0000000003105ec4 method=java.util.HashMap.getNode(ILjava/lang/Object;)Ljava/util/HashMap$Node; @ 84
Event: 23.925 Thread 0x0000000016bde800 Uncommon trap: reason=unstable_if action=reinterpret pc=0x00000000031d959c method=java.util.HashMap.resize()[Ljava/util/HashMap$Node; @ 206
Event: 24.073 Thread 0x0000000016bde800 Uncommon trap: reason=unstable_if action=reinterpret pc=0x0000000002c6ecf4 method=com.android.dx.ssa.SCCP.simulateBranch(Lcom/android/dx/ssa/SsaInsn;)V @ 64
Event: 25.764 Thread 0x0000000016bdf800 Uncommon trap: reason=unstable_if action=reinterpret pc=0x00000000030ff630 method=com.android.dx.ssa.InterferenceRegisterMapper.interferes(III)Z @ 69

Internal exceptions (7 events):
Event: 0.229 Thread 0x000000000280e000 Exception <a 'java/lang/NoSuchMethodError': Method sun.misc.Unsafe.defineClass(Ljava/lang/String;[BII)Ljava/lang/Class; name or signature does not match> (0x00000000eab13098) thrown at [C:\workspace\8-2-build-windows-amd64-cygwin\jdk8u65\4987\hotspot\src\s÷BŠø<UÍ?
Event: 0.229 Thread 0x000000000280e000 Exception <a 'java/lang/NoSuchMethodError': Method sun.misc.Unsafe.prefetchRead(Ljava/lang/Object;J)V name or signature does not match> (0x00000000eab13380) thrown at [C:\workspace\8-2-build-windows-amd64-cygwin\jdk8u65\4987\hotspot\src\share\vm\prims\jni.D¿Ø`ˆÝ"@
Event: 9.433 Thread 0x0000000016bdf800 Implicit null exception at 0x0000000002c64e22 to 0x0000000002c64ec1
Event: 18.134 Thread 0x0000000016bdf800 Implicit null exception at 0x0000000002f13653 to 0x0000000002f14e09
Event: 22.971 Thread 0x000000000280e000 Exception <a 'java/lang/ArrayIndexOutOfBoundsException': 18> (0x00000000edb9cd18) thrown at [C:\workspace\8-2-build-windows-amd64-cygwin\jdk8u65\4987\hotspot\src\share\vm\interpreter\interpreterRuntime.cpp, line 366]
Event: 22.973 Thread 0x000000000280e000 Exception <a 'java/lang/ArrayIndexOutOfBoundsException': 145> (0x00000000edb9e898) thrown at [C:\workspace\8-2-build-windows-amd64-cygwin\jdk8u65\4987\hotspot\src\share\vm\interpreter\interpreterRuntime.cpp, line 366]
Event: 22.976 Thread 0x000000000280e000 Exception <a 'java/lang/ArrayIndexOutOfBoundsException'> (0x00000000edb9fb80) thrown at [C:\workspace\8-2-build-windows-amd64-cygwin\jdk8u65\4987\hotspot\src\share\vm\runtime\sharedRuntime.cpp, line 605]

Events (10 events):
Event: 23.926 Thread 0x0000000016bde800 DEOPT PACKING pc=0x00000000031d959c sp=0x000000001731e3f0
Event: 23.926 Thread 0x0000000016bde800 DEOPT UNPACKING pc=0x000000000295582a sp=0x000000001731e358 mode 2
Event: 24.073 Thread 0x0000000016bde800 Uncommon trap: trap_request=0xffffff65 fr.pc=0x0000000002c6ecf4
Event: 24.073 Thread 0x0000000016bde800 DEOPT PACKING pc=0x0000000002c6ecf4 sp=0x000000001731e4c0
Event: 24.073 Thread 0x0000000016bde800 DEOPT UNPACKING pc=0x000000000295582a sp=0x000000001731e4a0 mode 2
Event: 24.886 Executing VM operation: ParallelGCFailedAllocation
Event: 25.709 Executing VM operation: ParallelGCFailedAllocation done
Event: 25.764 Thread 0x0000000016bdf800 Uncommon trap: trap_request=0xffffff65 fr.pc=0x00000000030ff630
Event: 25.764 Thread 0x0000000016bdf800 DEOPT PACKING pc=0x00000000030ff630 sp=0x000000001741e560
Event: 25.764 Thread 0x0000000016bdf800 DEOPT UNPACKING pc=0x000000000295582a sp=0x000000001741e4f0 mode 2


Dynamic libraries:
0x00007ff6ce060000 - 0x00007ff6ce097000 	C:\Program Files\Java\jdk1.8.0_65\bin\java.exe
0x00007ffb59150000 - 0x00007ffb59312000 	C:\Windows\SYSTEM32\ntdll.dll
0x00007ffb58980000 - 0x00007ffb58a2d000 	C:\Windows\system32\KERNEL32.DLL
0x00007ffb55c20000 - 0x00007ffb55dfd000 	C:\Windows\system32\KERNELBASE.dll
0x00007ffb585a0000 - 0x00007ffb58646000 	C:\Windows\system32\ADVAPI32.dll
0x00007ffb58660000 - 0x00007ffb586fd000 	C:\Windows\system32\msvcrt.dll
0x00007ffb58d30000 - 0x00007ffb58d8b000 	C:\Windows\system32\sechost.dll
0x00007ffb58a30000 - 0x00007ffb58b56000 	C:\Windows\system32\RPCRT4.dll
0x00007ffb59000000 - 0x00007ffb5914e000 	C:\Windows\system32\USER32.dll
0x00007ffb58e70000 - 0x00007ffb58ff5000 	C:\Windows\system32\GDI32.dll
0x00007ffb4f730000 - 0x00007ffb4f9a4000 	C:\Windows\WinSxS\amd64_microsoft.windows.common-controls_6595b64144ccf1df_6.0.10240.16384_none_f41f7b285750ef43\COMCTL32.dll
0x00007ffb58030000 - 0x00007ffb58066000 	C:\Windows\system32\IMM32.DLL
0x00007ffb58430000 - 0x00007ffb5858c000 	C:\Windows\system32\MSCTF.dll
0x000000005ad40000 - 0x000000005ae12000 	C:\Program Files\Java\jdk1.8.0_65\jre\bin\msvcr100.dll
0x000000005b1f0000 - 0x000000005ba79000 	C:\Program Files\Java\jdk1.8.0_65\jre\bin\server\jvm.dll
0x00007ffb58590000 - 0x00007ffb58598000 	C:\Windows\system32\PSAPI.DLL
0x00007ffb490f0000 - 0x00007ffb490f9000 	C:\Windows\SYSTEM32\WSOCK32.dll
0x00007ffb56820000 - 0x00007ffb56889000 	C:\Windows\system32\WS2_32.dll
0x00007ffb58070000 - 0x00007ffb58078000 	C:\Windows\system32\NSI.dll
0x00007ffb54280000 - 0x00007ffb542a3000 	C:\Windows\SYSTEM32\WINMM.dll
0x00007ffb53100000 - 0x00007ffb5310a000 	C:\Windows\SYSTEM32\VERSION.dll
0x00007ffb541a0000 - 0x00007ffb541cc000 	C:\Windows\SYSTEM32\WINMMBASE.dll
0x00007ffb56720000 - 0x00007ffb56764000 	C:\Windows\system32\cfgmgr32.dll
0x00007ffb544f0000 - 0x00007ffb54517000 	C:\Windows\SYSTEM32\DEVOBJ.dll
0x000000005b1e0000 - 0x000000005b1ef000 	C:\Program Files\Java\jdk1.8.0_65\jre\bin\verify.dll
0x000000005b1b0000 - 0x000000005b1d9000 	C:\Program Files\Java\jdk1.8.0_65\jre\bin\java.dll
0x000000005b190000 - 0x000000005b1a6000 	C:\Program Files\Java\jdk1.8.0_65\jre\bin\zip.dll
0x00007ffb56b00000 - 0x00007ffb58023000 	C:\Windows\system32\SHELL32.dll
0x00007ffb560f0000 - 0x00007ffb56719000 	C:\Windows\system32\windows.storage.dll
0x00007ffb58700000 - 0x00007ffb5897c000 	C:\Windows\system32\combase.dll
0x00007ffb56aa0000 - 0x00007ffb56af1000 	C:\Windows\system32\shlwapi.dll
0x00007ffb55b80000 - 0x00007ffb55b8f000 	C:\Windows\system32\kernel.appcore.dll
0x00007ffb55fd0000 - 0x00007ffb56083000 	C:\Windows\system32\shcore.dll
0x00007ffb55b90000 - 0x00007ffb55bda000 	C:\Windows\system32\powrprof.dll
0x00007ffb55be0000 - 0x00007ffb55bf3000 	C:\Windows\system32\profapi.dll

VM Arguments:
jvm_args: -Djava.awt.headless=true -Xmx1024M -Dfile.encoding=windows-1251 -Duser.country=RU -Duser.language=ru -Duser.variant 
java_command: com.android.dx.command.Main --dex --force-jumbo --num-threads=4 --multi-dex --output C:\Users\Azat\Desktop\RemindMeApplication-master\WeatherGDG\app\build\intermediates\transforms\dex\debug\folders\1000\10\rxjava-1.1.5_980cc80b56354bdc40c892d6cb7b079375ef73d3 C:\Users\Azat\.gradle\caches\modules-2\files-2.1\io.reactivex\rxjava\1.1.5\ece7b5d0870e66d8226dab6dcf47a2b12afff061\rxjava-1.1.5.jar
java_class_path (initial): C:\Users\Azat\AppData\Local\Android\sdk1\build-tools\23.0.3\lib\dx.jar
Launcher Type: SUN_STANDARD

Environment Variables:
JAVA_HOME=C:\Program Files\Java\jdk1.8.0_65
PATH=C:\Program Files (x86)\NVIDIA Corporation\PhysX\Common;C:\Program Files (x86)\Common Files\Intel\Shared Files\cpp\bin\Intel64;C:\ProgramData\Oracle\Java\javapath;C:\Windows\system32;C:\Windows;C:\Windows\System32\Wbem;C:\Windows\System32\WindowsPowerShell\v1.0\;C:\Program Files (x86)\AMD\ATI.ACE\Core-Static;C:\Program Files (x86)\ATI Technologies\ATI.ACE\Core-Static;C:\Program Files (x86)\CodeBlocks\MinGW\bin;C:\Program Files (x86)\CMake\bin;C:\Windows\system32\config\systemprofile\.dnx\bin;C:\Program Files\Microsoft DNX\Dnvm\;C:\Program Files (x86)\Windows Kits\8.1\Windows Performance Toolkit\;C:\Program Files (x86)\Skype\Phone\;C:\Program Files (x86)\GtkSharp\2.12\bin;C:\Program Files (x86)\PuTTY\;C:\Program Files\TortoiseGit\bin;C:\Program Files\Microsoft SQL Server\120\Tools\Binn\;C:\Ruby23-x64\bin;C:\Users\Azat\Anaconda2;C:\Users\Azat\Anaconda2\Scripts;C:\Users\Azat\Anaconda2\Library\bin
USERNAME=Azat
OS=Windows_NT
PROCESSOR_IDENTIFIER=AMD64 Family 18 Model 1 Stepping 0, AuthenticAMD



---------------  S Y S T E M  ---------------

OS: Windows 10.0 , 64 bit Build 10240 (10.0.10240.16384)

CPU:total 4 (4 cores per cpu, 1 threads per core) family 18 model 1 stepping 0, cmov, cx8, fxsr, mmx, sse, sse2, sse3, popcnt, mmxext, 3dnowpref, lzcnt, sse4a, tsc, tscinvbit, tscinv

Memory: 4k page, physical 5740652k(243168k free), swap 8438316k(5532k free)

vm_info: Java HotSpot(TM) 64-Bit Server VM (25.65-b01) for windows-amd64 JRE (1.8.0_65-b17), built on Oct  6 2015 16:39:20 by "java_re" with MS VC++ 10.0 (VS2010)

time: Wed Aug 03 08:34:32 2016
elapsed time: 29 seconds (0d 0h 0m 29s)

