#
# There is insufficient memory for the Java Runtime Environment to continue.
# Native memory allocation (malloc) failed to allocate 1037936 bytes for Chunk::new
# Possible reasons:
#   The system is out of physical RAM or swap space
#   In 32 bit mode, the process size limit was hit
# Possible solutions:
#   Reduce memory load on the system
#   Increase physical memory or swap space
#   Check if swap backing store is full
#   Use 64 bit Java on a 64 bit OS
#   Decrease Java heap size (-Xmx/-Xms)
#   Decrease number of Java threads
#   Decrease Java thread stack sizes (-Xss)
#   Set larger code cache with -XX:ReservedCodeCacheSize=
# This output file may be truncated or incomplete.
#
#  Out of Memory Error (allocation.cpp:390), pid=7220, tid=6936
#
# JRE version: Java(TM) SE Runtime Environment (8.0_65-b17) (build 1.8.0_65-b17)
# Java VM: Java HotSpot(TM) 64-Bit Server VM (25.65-b01 mixed mode windows-amd64 compressed oops)
# Failed to write core dump. Minidumps are not enabled by default on client versions of Windows
#

---------------  T H R E A D  ---------------

Current thread (0x00000000151fd000):  JavaThread "C2 CompilerThread0" daemon [_thread_in_native, id=6936, stack(0x0000000016850000,0x0000000016950000)]

Stack: [0x0000000016850000,0x0000000016950000]
[error occurred during error reporting (printing stack bounds), id 0xc0000005]

Native frames: (J=compiled Java code, j=interpreted, Vv=VM code, C=native code)


Current CompileTask:
C2:  10048 1061   !   4       com.android.dx.cf.code.BytecodeArray::parseInstruction (2764 bytes)


---------------  P R O C E S S  ---------------

Java Threads: ( => current thread )
  0x0000000016d94800 JavaThread "pool-2-thread-4" [_thread_in_Java, id=8264, stack(0x0000000017550000,0x0000000017650000)]
  0x0000000016d94000 JavaThread "pool-2-thread-3" [_thread_in_Java, id=5056, stack(0x0000000017450000,0x0000000017550000)]
  0x0000000016d93000 JavaThread "pool-2-thread-2" [_thread_in_Java, id=8208, stack(0x0000000017350000,0x0000000017450000)]
  0x0000000016ca6800 JavaThread "pool-3-thread-1" [_thread_blocked, id=8796, stack(0x0000000017250000,0x0000000017350000)]
  0x0000000016ca4000 JavaThread "pool-2-thread-1" [_thread_in_Java, id=5168, stack(0x0000000017150000,0x0000000017250000)]
  0x000000001525d800 JavaThread "Service Thread" daemon [_thread_blocked, id=8748, stack(0x0000000016f50000,0x0000000017050000)]
  0x000000001525a800 JavaThread "C1 CompilerThread2" daemon [_thread_blocked, id=1040, stack(0x0000000016a50000,0x0000000016b50000)]
  0x0000000015201800 JavaThread "C2 CompilerThread1" daemon [_thread_in_native, id=8792, stack(0x0000000016950000,0x0000000016a50000)]
=>0x00000000151fd000 JavaThread "C2 CompilerThread0" daemon [_thread_in_native, id=6936, stack(0x0000000016850000,0x0000000016950000)]
  0x00000000151fa800 JavaThread "Attach Listener" daemon [_thread_blocked, id=4008, stack(0x0000000016750000,0x0000000016850000)]
  0x00000000151f9800 JavaThread "Signal Dispatcher" daemon [_thread_blocked, id=7412, stack(0x0000000016650000,0x0000000016750000)]
  0x0000000002b20800 JavaThread "Finalizer" daemon [_thread_blocked, id=8224, stack(0x0000000016460000,0x0000000016560000)]
  0x0000000002b1d000 JavaThread "Reference Handler" daemon [_thread_blocked, id=8756, stack(0x0000000016360000,0x0000000016460000)]
  0x000000000270d800 JavaThread "main" [_thread_in_Java, id=8944, stack(0x0000000002930000,0x0000000002a30000)]

Other Threads:
  0x00000000151c8000 VMThread [stack: 0x0000000016260000,0x0000000016360000] [id=6948]
  0x0000000016b53800 WatcherThread [stack: 0x0000000017050000,0x0000000017150000] [id=6152]

VM state:not at safepoint (normal execution)

VM Mutex/Monitor currently owned by a thread: None

Heap:
 PSYoungGen      total 26112K, used 22528K [0x00000000eab00000, 0x00000000ec800000, 0x0000000100000000)
  eden space 22528K, 100% used [0x00000000eab00000,0x00000000ec100000,0x00000000ec100000)
  from space 3584K, 0% used [0x00000000ec480000,0x00000000ec480000,0x00000000ec800000)
  to   space 3584K, 0% used [0x00000000ec100000,0x00000000ec100000,0x00000000ec480000)
 ParOldGen       total 60416K, used 0K [0x00000000c0000000, 0x00000000c3b00000, 0x00000000eab00000)
  object space 60416K, 0% used [0x00000000c0000000,0x00000000c0000000,0x00000000c3b00000)
 Metaspace       used 5680K, capacity 6832K, committed 7040K, reserved 1056768K
  class space    used 574K, capacity 616K, committed 640K, reserved 1048576K

Card table byte_map: [0x0000000011ef0000,0x0000000012100000] byte_map_base: 0x00000000118f0000

Marking Bits: (ParMarkBitMap*) 0x00000000586aa5b0
 Begin Bits: [0x0000000012660000, 0x0000000013660000)
 End Bits:   [0x0000000013660000, 0x0000000014660000)

Polling page: 0x0000000002770000

CodeCache: size=245760Kb used=4278Kb max_used=4278Kb free=241481Kb
 bounds [0x0000000002b30000, 0x0000000002f70000, 0x0000000011b30000]
 total_blobs=1323 nmethods=1062 adapters=174
 compilation: enabled

Compilation events (10 events):
Event: 10.017 Thread 0x000000001525a800 nmethod 1069 0x0000000002f52190 code [0x0000000002f52320, 0x0000000002f528c8]
Event: 10.019 Thread 0x000000001525a800 1070       3       com.android.dx.ssa.SsaMethod::mapRegisters (87 bytes)
Event: 10.022 Thread 0x000000001525a800 nmethod 1070 0x0000000002f5b090 code [0x0000000002f5b300, 0x0000000002f5c468]
Event: 10.022 Thread 0x0000000015201800 nmethod 1063 0x0000000002f5cc50 code [0x0000000002f5cdc0, 0x0000000002f5d1d8]
Event: 10.023 Thread 0x000000001525a800 1071       3       com.android.dx.ssa.SsaMethod::forEachBlockDepthFirst (194 bytes)
Event: 10.026 Thread 0x0000000015201800 1073       4       com.android.dx.ssa.SCCP::simulateStmt (481 bytes)
Event: 10.031 Thread 0x000000001525a800 nmethod 1071 0x0000000002f5d5d0 code [0x0000000002f5da60, 0x0000000002f60ea8]
Event: 10.031 Thread 0x000000001525a800 1072       3       com.android.dx.rop.code.BasicBlockList::getRegCount (34 bytes)
Event: 10.032 Thread 0x000000001525a800 nmethod 1072 0x0000000002f51ad0 code [0x0000000002f51c40, 0x0000000002f51fe8]
Event: 10.043 Thread 0x000000001525a800 1076       3       com.android.dx.rop.type.Type::internClassName (56 bytes)

GC Heap History (0 events):
No events

Deoptimization events (2 events):
Event: 8.160 Thread 0x0000000016d94000 Uncommon trap: reason=unstable_if action=reinterpret pc=0x0000000002d36624 method=java.util.HashMap.getNode(ILjava/lang/Object;)Ljava/util/HashMap$Node; @ 62
Event: 8.741 Thread 0x0000000016d93000 Uncommon trap: reason=unstable_if action=reinterpret pc=0x0000000002db28f0 method=java.util.HashMap.getNode(ILjava/lang/Object;)Ljava/util/HashMap$Node; @ 129

Internal exceptions (2 events):
Event: 1.199 Thread 0x000000000270d800 Exception <a 'java/lang/NoSuchMethodError': Method sun.misc.Unsafe.defineClass(Ljava/lang/String;[BII)Ljava/lang/Class; name or signature does not match> (0x00000000eab13098) thrown at [C:\workspace\8-2-build-windows-amd64-cygwin\jdk8u65\4987\hotspot\src\sø+$y"/ó?
Event: 1.199 Thread 0x000000000270d800 Exception <a 'java/lang/NoSuchMethodError': Method sun.misc.Unsafe.prefetchRead(Ljava/lang/Object;J)V name or signature does not match> (0x00000000eab13380) thrown at [C:\workspace\8-2-build-windows-amd64-cygwin\jdk8u65\4987\hotspot\src\share\vm\prims\jni.

Events (10 events):
Event: 8.209 loading class com/android/dx/ssa/back/FirstFitLocalCombiningAllocator$Multiset done
Event: 8.217 loading class java/util/DualPivotQuicksort
Event: 8.218 loading class java/util/DualPivotQuicksort done
Event: 8.741 Thread 0x0000000016d93000 Uncommon trap: trap_request=0xffffff65 fr.pc=0x0000000002db28f0
Event: 8.741 Thread 0x0000000016d93000 DEOPT PACKING pc=0x0000000002db28f0 sp=0x000000001744ebd0
Event: 8.741 Thread 0x0000000016d93000 DEOPT UNPACKING pc=0x0000000002b7582a sp=0x000000001744eb58 mode 2
Event: 8.844 loading class java/util/ArrayList$1
Event: 8.844 loading class java/util/ArrayList$1 done
Event: 9.306 loading class com/android/dx/cf/code/BytecodeArray$ConstantParserVisitor
Event: 9.306 loading class com/android/dx/cf/code/BytecodeArray$ConstantParserVisitor done


Dynamic libraries:
0x00007ff778a00000 - 0x00007ff778a37000 	C:\Program Files\Java\jdk1.8.0_65\bin\java.exe
0x00007ffcf90f0000 - 0x00007ffcf92b2000 	C:\Windows\SYSTEM32\ntdll.dll
0x00007ffcf8af0000 - 0x00007ffcf8b9d000 	C:\Windows\system32\KERNEL32.DLL
0x00007ffcf64c0000 - 0x00007ffcf669d000 	C:\Windows\system32\KERNELBASE.dll
0x00007ffcf8ba0000 - 0x00007ffcf8c46000 	C:\Windows\system32\ADVAPI32.dll
0x00007ffcf8530000 - 0x00007ffcf85cd000 	C:\Windows\system32\msvcrt.dll
0x00007ffcf8a90000 - 0x00007ffcf8aeb000 	C:\Windows\system32\sechost.dll
0x00007ffcf8150000 - 0x00007ffcf8276000 	C:\Windows\system32\RPCRT4.dll
0x00007ffcf8280000 - 0x00007ffcf83ce000 	C:\Windows\system32\USER32.dll
0x00007ffcf8730000 - 0x00007ffcf88b5000 	C:\Windows\system32\GDI32.dll
0x00007ffced1d0000 - 0x00007ffced444000 	C:\Windows\WinSxS\amd64_microsoft.windows.common-controls_6595b64144ccf1df_6.0.10240.16384_none_f41f7b285750ef43\COMCTL32.dll
0x00007ffcf9040000 - 0x00007ffcf9076000 	C:\Windows\system32\IMM32.DLL
0x00007ffcf83d0000 - 0x00007ffcf852c000 	C:\Windows\system32\MSCTF.dll
0x00000000579e0000 - 0x0000000057ab2000 	C:\Program Files\Java\jdk1.8.0_65\jre\bin\msvcr100.dll
0x0000000057ea0000 - 0x0000000058729000 	C:\Program Files\Java\jdk1.8.0_65\jre\bin\server\jvm.dll
0x00007ffcf7dd0000 - 0x00007ffcf7dd8000 	C:\Windows\system32\PSAPI.DLL
0x00007ffce8ac0000 - 0x00007ffce8ac9000 	C:\Windows\SYSTEM32\WSOCK32.dll
0x00007ffcf9080000 - 0x00007ffcf90e9000 	C:\Windows\system32\WS2_32.dll
0x00007ffcf7de0000 - 0x00007ffcf7de8000 	C:\Windows\system32\NSI.dll
0x00007ffcf3d00000 - 0x00007ffcf3d23000 	C:\Windows\SYSTEM32\WINMM.dll
0x00007ffcf3080000 - 0x00007ffcf308a000 	C:\Windows\SYSTEM32\VERSION.dll
0x00007ffcf3bc0000 - 0x00007ffcf3bec000 	C:\Windows\SYSTEM32\winmmbase.dll
0x00007ffcf5c70000 - 0x00007ffcf5cb4000 	C:\Windows\system32\cfgmgr32.dll
0x00007ffcf4490000 - 0x00007ffcf44b7000 	C:\Windows\SYSTEM32\DEVOBJ.dll
0x0000000057e90000 - 0x0000000057e9f000 	C:\Program Files\Java\jdk1.8.0_65\jre\bin\verify.dll
0x0000000057e60000 - 0x0000000057e89000 	C:\Program Files\Java\jdk1.8.0_65\jre\bin\java.dll
0x0000000057e40000 - 0x0000000057e56000 	C:\Program Files\Java\jdk1.8.0_65\jre\bin\zip.dll
0x00007ffcf67c0000 - 0x00007ffcf7ce3000 	C:\Windows\system32\SHELL32.dll
0x00007ffcf5cc0000 - 0x00007ffcf62e9000 	C:\Windows\system32\windows.storage.dll
0x00007ffcf8d00000 - 0x00007ffcf8f7c000 	C:\Windows\system32\combase.dll
0x00007ffcf8080000 - 0x00007ffcf80d1000 	C:\Windows\system32\shlwapi.dll
0x00007ffcf5b60000 - 0x00007ffcf5b6f000 	C:\Windows\system32\kernel.appcore.dll
0x00007ffcf6700000 - 0x00007ffcf67b3000 	C:\Windows\system32\shcore.dll
0x00007ffcf5b70000 - 0x00007ffcf5bba000 	C:\Windows\system32\powrprof.dll
0x00007ffcf5b20000 - 0x00007ffcf5b33000 	C:\Windows\system32\profapi.dll

VM Arguments:
jvm_args: -Djava.awt.headless=true -Xmx1024M -Dfile.encoding=windows-1251 -Duser.country=RU -Duser.language=ru -Duser.variant 
java_command: com.android.dx.command.Main --dex --force-jumbo --num-threads=4 --multi-dex --output C:\Users\Azat\Desktop\RemindMeApplication-master\WeatherGDG\app\build\intermediates\transforms\dex\debug\folders\1000\5\slice_7 C:\Users\Azat\Desktop\RemindMeApplication-master\WeatherGDG\app\build\intermediates\transforms\instantRunSlicer\debug\folders\1\5\slice_7
java_class_path (initial): C:\Users\Azat\AppData\Local\Android\sdk1\build-tools\23.0.3\lib\dx.jar
Launcher Type: SUN_STANDARD

Environment Variables:
JAVA_HOME=C:\Program Files\Java\jdk1.8.0_65
PATH=C:\Program Files (x86)\NVIDIA Corporation\PhysX\Common;C:\Program Files (x86)\Common Files\Intel\Shared Files\cpp\bin\Intel64;C:\ProgramData\Oracle\Java\javapath;C:\Windows\system32;C:\Windows;C:\Windows\System32\Wbem;C:\Windows\System32\WindowsPowerShell\v1.0\;C:\Program Files (x86)\AMD\ATI.ACE\Core-Static;C:\Program Files (x86)\ATI Technologies\ATI.ACE\Core-Static;C:\Program Files (x86)\CodeBlocks\MinGW\bin;C:\Program Files (x86)\CMake\bin;C:\Windows\system32\config\systemprofile\.dnx\bin;C:\Program Files\Microsoft DNX\Dnvm\;C:\Program Files (x86)\Windows Kits\8.1\Windows Performance Toolkit\;C:\Program Files (x86)\Skype\Phone\;C:\Program Files (x86)\GtkSharp\2.12\bin;C:\Program Files (x86)\PuTTY\;C:\Program Files\TortoiseGit\bin;C:\Program Files\Microsoft SQL Server\120\Tools\Binn\;C:\Ruby23-x64\bin;C:\Users\Azat\Anaconda2;C:\Users\Azat\Anaconda2\Scripts;C:\Users\Azat\Anaconda2\Library\bin
USERNAME=Azat
OS=Windows_NT
PROCESSOR_IDENTIFIER=AMD64 Family 18 Model 1 Stepping 0, AuthenticAMD



---------------  S Y S T E M  ---------------

OS: Windows 10.0 , 64 bit Build 10240 (10.0.10240.16384)

CPU:total 4 (4 cores per cpu, 1 threads per core) family 18 model 1 stepping 0, cmov, cx8, fxsr, mmx, sse, sse2, sse3, popcnt, mmxext, 3dnowpref, lzcnt, sse4a, tsc, tscinvbit, tscinv

Memory: 4k page, physical 5740652k(448748k free), swap 8365312k(3460k free)

vm_info: Java HotSpot(TM) 64-Bit Server VM (25.65-b01) for windows-amd64 JRE (1.8.0_65-b17), built on Oct  6 2015 16:39:20 by "java_re" with MS VC++ 10.0 (VS2010)

time: Mon Aug 15 18:49:02 2016
elapsed time: 10 seconds (0d 0h 0m 10s)

