#
# There is insufficient memory for the Java Runtime Environment to continue.
# Native memory allocation (malloc) failed to allocate 1110816 bytes for Chunk::new
# Possible reasons:
#   The system is out of physical RAM or swap space
#   In 32 bit mode, the process size limit was hit
# Possible solutions:
#   Reduce memory load on the system
#   Increase physical memory or swap space
#   Check if swap backing store is full
#   Use 64 bit Java on a 64 bit OS
#   Decrease Java heap size (-Xmx/-Xms)
#   Decrease number of Java threads
#   Decrease Java thread stack sizes (-Xss)
#   Set larger code cache with -XX:ReservedCodeCacheSize=
# This output file may be truncated or incomplete.
#
#  Out of Memory Error (allocation.cpp:390), pid=828, tid=3580
#
# JRE version: Java(TM) SE Runtime Environment (8.0_65-b17) (build 1.8.0_65-b17)
# Java VM: Java HotSpot(TM) 64-Bit Server VM (25.65-b01 mixed mode windows-amd64 compressed oops)
# Failed to write core dump. Minidumps are not enabled by default on client versions of Windows
#

---------------  T H R E A D  ---------------

Current thread (0x00000000147ed800):  JavaThread "C2 CompilerThread0" daemon [_thread_in_native, id=3580, stack(0x0000000015e40000,0x0000000015f40000)]

Stack: [0x0000000015e40000,0x0000000015f40000]
[error occurred during error reporting (printing stack bounds), id 0xc0000005]

Native frames: (J=compiled Java code, j=interpreted, Vv=VM code, C=native code)


Current CompileTask:
C2:  15838 1928   !   4       com.android.dx.cf.code.RopperMachine::run (1550 bytes)


---------------  P R O C E S S  ---------------

Java Threads: ( => current thread )
  0x00000000162c1000 JavaThread "pool-2-thread-4" [_thread_blocked, id=7328, stack(0x0000000016b40000,0x0000000016c40000)]
  0x00000000162c0000 JavaThread "pool-2-thread-3" [_thread_in_Java, id=7700, stack(0x0000000016a40000,0x0000000016b40000)]
  0x00000000162bf000 JavaThread "pool-2-thread-2" [_thread_in_Java, id=7864, stack(0x0000000016940000,0x0000000016a40000)]
  0x00000000162b9800 JavaThread "pool-3-thread-1" [_thread_blocked, id=5932, stack(0x0000000016840000,0x0000000016940000)]
  0x00000000162b2000 JavaThread "pool-2-thread-1" [_thread_blocked, id=3196, stack(0x0000000016740000,0x0000000016840000)]
  0x0000000016045800 JavaThread "Service Thread" daemon [_thread_blocked, id=8916, stack(0x0000000016540000,0x0000000016640000)]
  0x0000000016040800 JavaThread "C1 CompilerThread2" daemon [_thread_blocked, id=7264, stack(0x0000000016440000,0x0000000016540000)]
  0x0000000014848800 JavaThread "C2 CompilerThread1" daemon [_thread_in_native, id=8600, stack(0x0000000015f40000,0x0000000016040000)]
=>0x00000000147ed800 JavaThread "C2 CompilerThread0" daemon [_thread_in_native, id=3580, stack(0x0000000015e40000,0x0000000015f40000)]
  0x00000000147eb000 JavaThread "Attach Listener" daemon [_thread_blocked, id=2596, stack(0x0000000015d40000,0x0000000015e40000)]
  0x00000000147ea000 JavaThread "Signal Dispatcher" daemon [_thread_blocked, id=6900, stack(0x0000000015c40000,0x0000000015d40000)]
  0x0000000002116000 JavaThread "Finalizer" daemon [_thread_blocked, id=8420, stack(0x0000000015a50000,0x0000000015b50000)]
  0x000000000210d000 JavaThread "Reference Handler" daemon [_thread_blocked, id=9120, stack(0x0000000015950000,0x0000000015a50000)]
  0x000000000201d800 JavaThread "main" [_thread_blocked, id=3224, stack(0x0000000001e40000,0x0000000001f40000)]

Other Threads:
  0x00000000147b8000 VMThread [stack: 0x0000000015850000,0x0000000015950000] [id=7984]
  0x0000000016052800 WatcherThread [stack: 0x0000000016640000,0x0000000016740000] [id=7388]

VM state:not at safepoint (normal execution)

VM Mutex/Monitor currently owned by a thread: None

Heap:
 PSYoungGen      total 99840K, used 44103K [0x00000000eab00000, 0x00000000f1c00000, 0x0000000100000000)
  eden space 88576K, 38% used [0x00000000eab00000,0x00000000ecc1d538,0x00000000f0180000)
  from space 11264K, 90% used [0x00000000f0e00000,0x00000000f17f46f0,0x00000000f1900000)
  to   space 12800K, 0% used [0x00000000f0180000,0x00000000f0180000,0x00000000f0e00000)
 ParOldGen       total 60416K, used 15555K [0x00000000c0000000, 0x00000000c3b00000, 0x00000000eab00000)
  object space 60416K, 25% used [0x00000000c0000000,0x00000000c0f30d58,0x00000000c3b00000)
 Metaspace       used 6353K, capacity 7152K, committed 7296K, reserved 1056768K
  class space    used 604K, capacity 616K, committed 640K, reserved 1048576K

Card table byte_map: [0x00000000114e0000,0x00000000116f0000] byte_map_base: 0x0000000010ee0000

Marking Bits: (ParMarkBitMap*) 0x00000000586aa5b0
 Begin Bits: [0x0000000011c50000, 0x0000000012c50000)
 End Bits:   [0x0000000012c50000, 0x0000000013c50000)

Polling page: 0x0000000001de0000

CodeCache: size=245760Kb used=7527Kb max_used=7527Kb free=238232Kb
 bounds [0x0000000002120000, 0x0000000002890000, 0x0000000011120000]
 total_blobs=2154 nmethods=1883 adapters=182
 compilation: enabled

Compilation events (10 events):
Event: 15.793 Thread 0x0000000016040800 nmethod 1988 0x0000000002870710 code [0x0000000002870bc0, 0x0000000002872208]
Event: 15.793 Thread 0x0000000016040800 1991       2       com.android.dx.cf.code.LocalVariableList::mergeDescriptorsAndSignatures (80 bytes)
Event: 15.796 Thread 0x0000000016040800 nmethod 1991 0x0000000002875d90 code [0x0000000002875fa0, 0x0000000002876758]
Event: 15.796 Thread 0x0000000016040800 1994       2       com.android.dx.cf.direct.StdAttributeFactory::innerClasses (383 bytes)
Event: 15.811 Thread 0x0000000016040800 nmethod 1994 0x0000000002877250 code [0x0000000002877880, 0x000000000287a288]
Event: 15.819 Thread 0x0000000016040800 1997       2       com.android.dx.cf.code.SwitchList::add (35 bytes)
Event: 15.821 Thread 0x0000000016040800 nmethod 1997 0x000000000286d6d0 code [0x000000000286d860, 0x000000000286db98]
Event: 15.831 Thread 0x0000000016040800 2001       1       com.android.dx.dex.code.RopTranslator::access$100 (5 bytes)
Event: 15.831 Thread 0x0000000016040800 nmethod 2001 0x0000000002868fd0 code [0x0000000002869120, 0x0000000002869210]
Event: 15.832 Thread 0x0000000016040800 2004       3       com.android.dx.ssa.SsaMethod::convertRopToSsaBlocks (103 bytes)

GC Heap History (10 events):
Event: 9.292 GC heap before
{Heap before GC invocations=2 (full 0):
 PSYoungGen      total 26112K, used 25825K [0x00000000eab00000, 0x00000000ec800000, 0x0000000100000000)
  eden space 22528K, 100% used [0x00000000eab00000,0x00000000ec100000,0x00000000ec100000)
  from space 3584K, 92% used [0x00000000ec100000,0x00000000ec4386e8,0x00000000ec480000)
  to   space 3584K, 0% used [0x00000000ec480000,0x00000000ec480000,0x00000000ec800000)
 ParOldGen       total 60416K, used 8K [0x00000000c0000000, 0x00000000c3b00000, 0x00000000eab00000)
  object space 60416K, 0% used [0x00000000c0000000,0x00000000c0002000,0x00000000c3b00000)
 Metaspace       used 5994K, capacity 6896K, committed 7040K, reserved 1056768K
  class space    used 603K, capacity 616K, committed 640K, reserved 1048576K
Event: 9.328 GC heap after
Heap after GC invocations=2 (full 0):
 PSYoungGen      total 26112K, used 3581K [0x00000000eab00000, 0x00000000ede00000, 0x0000000100000000)
  eden space 22528K, 0% used [0x00000000eab00000,0x00000000eab00000,0x00000000ec100000)
  from space 3584K, 99% used [0x00000000ec480000,0x00000000ec7ff7b0,0x00000000ec800000)
  to   space 3584K, 0% used [0x00000000ec100000,0x00000000ec100000,0x00000000ec480000)
 ParOldGen       total 60416K, used 2365K [0x00000000c0000000, 0x00000000c3b00000, 0x00000000eab00000)
  object space 60416K, 3% used [0x00000000c0000000,0x00000000c024f4c8,0x00000000c3b00000)
 Metaspace       used 5994K, capacity 6896K, committed 7040K, reserved 1056768K
  class space    used 603K, capacity 616K, committed 640K, reserved 1048576K
}
Event: 10.451 GC heap before
{Heap before GC invocations=3 (full 0):
 PSYoungGen      total 26112K, used 26109K [0x00000000eab00000, 0x00000000ede00000, 0x0000000100000000)
  eden space 22528K, 100% used [0x00000000eab00000,0x00000000ec100000,0x00000000ec100000)
  from space 3584K, 99% used [0x00000000ec480000,0x00000000ec7ff7b0,0x00000000ec800000)
  to   space 3584K, 0% used [0x00000000ec100000,0x00000000ec100000,0x00000000ec480000)
 ParOldGen       total 60416K, used 2365K [0x00000000c0000000, 0x00000000c3b00000, 0x00000000eab00000)
  object space 60416K, 3% used [0x00000000c0000000,0x00000000c024f4c8,0x00000000c3b00000)
 Metaspace       used 6131K, capacity 7024K, committed 7296K, reserved 1056768K
  class space    used 603K, capacity 616K, committed 640K, reserved 1048576K
Event: 10.486 GC heap after
Heap after GC invocations=3 (full 0):
 PSYoungGen      total 26112K, used 3556K [0x00000000eab00000, 0x00000000ede00000, 0x0000000100000000)
  eden space 22528K, 0% used [0x00000000eab00000,0x00000000eab00000,0x00000000ec100000)
  from space 3584K, 99% used [0x00000000ec100000,0x00000000ec479350,0x00000000ec480000)
  to   space 3584K, 0% used [0x00000000eda80000,0x00000000eda80000,0x00000000ede00000)
 ParOldGen       total 60416K, used 5522K [0x00000000c0000000, 0x00000000c3b00000, 0x00000000eab00000)
  object space 60416K, 9% used [0x00000000c0000000,0x00000000c0564980,0x00000000c3b00000)
 Metaspace       used 6131K, capacity 7024K, committed 7296K, reserved 1056768K
  class space    used 603K, capacity 616K, committed 640K, reserved 1048576K
}
Event: 11.244 GC heap before
{Heap before GC invocations=4 (full 0):
 PSYoungGen      total 26112K, used 26084K [0x00000000eab00000, 0x00000000ede00000, 0x0000000100000000)
  eden space 22528K, 100% used [0x00000000eab00000,0x00000000ec100000,0x00000000ec100000)
  from space 3584K, 99% used [0x00000000ec100000,0x00000000ec479350,0x00000000ec480000)
  to   space 3584K, 0% used [0x00000000eda80000,0x00000000eda80000,0x00000000ede00000)
 ParOldGen       total 60416K, used 5522K [0x00000000c0000000, 0x00000000c3b00000, 0x00000000eab00000)
  object space 60416K, 9% used [0x00000000c0000000,0x00000000c0564980,0x00000000c3b00000)
 Metaspace       used 6204K, capacity 7088K, committed 7296K, reserved 1056768K
  class space    used 604K, capacity 616K, committed 640K, reserved 1048576K
Event: 11.347 GC heap after
Heap after GC invocations=4 (full 0):
 PSYoungGen      total 48640K, used 3553K [0x00000000eab00000, 0x00000000ede00000, 0x0000000100000000)
  eden space 45056K, 0% used [0x00000000eab00000,0x00000000eab00000,0x00000000ed700000)
  from space 3584K, 99% used [0x00000000eda80000,0x00000000eddf86e0,0x00000000ede00000)
  to   space 3584K, 0% used [0x00000000ed700000,0x00000000ed700000,0x00000000eda80000)
 ParOldGen       total 60416K, used 9017K [0x00000000c0000000, 0x00000000c3b00000, 0x00000000eab00000)
  object space 60416K, 14% used [0x00000000c0000000,0x00000000c08ce4c8,0x00000000c3b00000)
 Metaspace       used 6204K, capacity 7088K, committed 7296K, reserved 1056768K
  class space    used 604K, capacity 616K, committed 640K, reserved 1048576K
}
Event: 12.934 GC heap before
{Heap before GC invocations=5 (full 0):
 PSYoungGen      total 48640K, used 48609K [0x00000000eab00000, 0x00000000ede00000, 0x0000000100000000)
  eden space 45056K, 100% used [0x00000000eab00000,0x00000000ed700000,0x00000000ed700000)
  from space 3584K, 99% used [0x00000000eda80000,0x00000000eddf86e0,0x00000000ede00000)
  to   space 3584K, 0% used [0x00000000ed700000,0x00000000ed700000,0x00000000eda80000)
 ParOldGen       total 60416K, used 9017K [0x00000000c0000000, 0x00000000c3b00000, 0x00000000eab00000)
  object space 60416K, 14% used [0x00000000c0000000,0x00000000c08ce4c8,0x00000000c3b00000)
 Metaspace       used 6261K, capacity 7152K, committed 7296K, reserved 1056768K
  class space    used 604K, capacity 616K, committed 640K, reserved 1048576K
Event: 13.083 GC heap after
Heap after GC invocations=5 (full 0):
 PSYoungGen      total 48640K, used 3553K [0x00000000eab00000, 0x00000000f1900000, 0x0000000100000000)
  eden space 45056K, 0% used [0x00000000eab00000,0x00000000eab00000,0x00000000ed700000)
  from space 3584K, 99% used [0x00000000ed700000,0x00000000eda786e0,0x00000000eda80000)
  to   space 11264K, 0% used [0x00000000f0e00000,0x00000000f0e00000,0x00000000f1900000)
 ParOldGen       total 60416K, used 15547K [0x00000000c0000000, 0x00000000c3b00000, 0x00000000eab00000)
  object space 60416K, 25% used [0x00000000c0000000,0x00000000c0f2ed58,0x00000000c3b00000)
 Metaspace       used 6261K, capacity 7152K, committed 7296K, reserved 1056768K
  class space    used 604K, capacity 616K, committed 640K, reserved 1048576K
}
Event: 14.625 GC heap before
{Heap before GC invocations=6 (full 0):
 PSYoungGen      total 48640K, used 48609K [0x00000000eab00000, 0x00000000f1900000, 0x0000000100000000)
  eden space 45056K, 100% used [0x00000000eab00000,0x00000000ed700000,0x00000000ed700000)
  from space 3584K, 99% used [0x00000000ed700000,0x00000000eda786e0,0x00000000eda80000)
  to   space 11264K, 0% used [0x00000000f0e00000,0x00000000f0e00000,0x00000000f1900000)
 ParOldGen       total 60416K, used 15547K [0x00000000c0000000, 0x00000000c3b00000, 0x00000000eab00000)
  object space 60416K, 25% used [0x00000000c0000000,0x00000000c0f2ed58,0x00000000c3b00000)
 Metaspace       used 6293K, capacity 7152K, committed 7296K, reserved 1056768K
  class space    used 604K, capacity 616K, committed 640K, reserved 1048576K
Event: 14.717 GC heap after
Heap after GC invocations=6 (full 0):
 PSYoungGen      total 99840K, used 10193K [0x00000000eab00000, 0x00000000f1c00000, 0x0000000100000000)
  eden space 88576K, 0% used [0x00000000eab00000,0x00000000eab00000,0x00000000f0180000)
  from space 11264K, 90% used [0x00000000f0e00000,0x00000000f17f46f0,0x00000000f1900000)
  to   space 12800K, 0% used [0x00000000f0180000,0x00000000f0180000,0x00000000f0e00000)
 ParOldGen       total 60416K, used 15555K [0x00000000c0000000, 0x00000000c3b00000, 0x00000000eab00000)
  object space 60416K, 25% used [0x00000000c0000000,0x00000000c0f30d58,0x00000000c3b00000)
 Metaspace       used 6293K, capacity 7152K, committed 7296K, reserved 1056768K
  class space    used 604K, capacity 616K, committed 640K, reserved 1048576K
}

Deoptimization events (10 events):
Event: 12.045 Thread 0x00000000162c1000 Uncommon trap: reason=class_check action=maybe_recompile pc=0x00000000026de398 method=com.android.dx.cf.code.BytecodeArray.parseInstruction(ILcom/android/dx/cf/code/BytecodeArray$Visitor;)I @ 1387
Event: 12.204 Thread 0x00000000162b2000 Uncommon trap: reason=class_check action=maybe_recompile pc=0x00000000026de398 method=com.android.dx.cf.code.BytecodeArray.parseInstruction(ILcom/android/dx/cf/code/BytecodeArray$Visitor;)I @ 1387
Event: 12.206 Thread 0x00000000162b2000 Uncommon trap: reason=class_check action=maybe_recompile pc=0x00000000026de398 method=com.android.dx.cf.code.BytecodeArray.parseInstruction(ILcom/android/dx/cf/code/BytecodeArray$Visitor;)I @ 1387
Event: 12.416 Thread 0x00000000162c1000 Uncommon trap: reason=class_check action=maybe_recompile pc=0x00000000026de398 method=com.android.dx.cf.code.BytecodeArray.parseInstruction(ILcom/android/dx/cf/code/BytecodeArray$Visitor;)I @ 1387
Event: 14.406 Thread 0x00000000162c0000 Uncommon trap: reason=bimorphic action=maybe_recompile pc=0x00000000027d55e0 method=com.android.dx.cf.code.BytecodeArray.parseInstruction(ILcom/android/dx/cf/code/BytecodeArray$Visitor;)I @ 2281
Event: 14.407 Thread 0x00000000162c0000 Uncommon trap: reason=bimorphic action=maybe_recompile pc=0x00000000027d55e0 method=com.android.dx.cf.code.BytecodeArray.parseInstruction(ILcom/android/dx/cf/code/BytecodeArray$Visitor;)I @ 2281
Event: 14.747 Thread 0x00000000162c0000 Uncommon trap: reason=unstable_if action=reinterpret pc=0x000000000269215c method=com.android.dx.ssa.SCCP.simulateStmt(Lcom/android/dx/ssa/SsaInsn;)V @ 53
Event: 14.763 Thread 0x00000000162c0000 Uncommon trap: reason=unstable_if action=reinterpret pc=0x0000000002730a04 method=com.android.dx.ssa.SCCP.simulateBranch(Lcom/android/dx/ssa/SsaInsn;)V @ 548
Event: 14.775 Thread 0x00000000162c0000 Uncommon trap: reason=bimorphic action=maybe_recompile pc=0x000000000269b9b4 method=java.util.HashMap.putVal(ILjava/lang/Object;Ljava/lang/Object;ZZ)Ljava/lang/Object; @ 203
Event: 15.009 Thread 0x00000000162c0000 Uncommon trap: reason=uninitialized action=reinterpret pc=0x00000000027d6058 method=com.android.dx.cf.code.BytecodeArray.parseInstruction(ILcom/android/dx/cf/code/BytecodeArray$Visitor;)I @ 1079

Internal exceptions (2 events):
Event: 0.552 Thread 0x000000000201d800 Exception <a 'java/lang/NoSuchMethodError': Method sun.misc.Unsafe.defineClass(Ljava/lang/String;[BII)Ljava/lang/Class; name or signature does not match> (0x00000000eab12d48) thrown at [C:\workspace\8-2-build-windows-amd64-cygwin\jdk8u65\4987\hotspot\src\s]£¦~[ªá?
Event: 0.552 Thread 0x000000000201d800 Exception <a 'java/lang/NoSuchMethodError': Method sun.misc.Unsafe.prefetchRead(Ljava/lang/Object;J)V name or signature does not match> (0x00000000eab13030) thrown at [C:\workspace\8-2-build-windows-amd64-cygwin\jdk8u65\4987\hotspot\src\share\vm\prims\jni.

Events (10 events):
Event: 15.633 Thread 0x00000000162bf000 DEOPT PACKING pc=0x00000000025d69c6 sp=0x0000000016a3ec10
Event: 15.633 Thread 0x00000000162bf000 DEOPT UNPACKING pc=0x000000000216747f sp=0x0000000016a3e9c8 mode 0
Event: 15.635 Thread 0x00000000162bf000 DEOPT PACKING pc=0x00000000025d727d sp=0x0000000016a3ecf0
Event: 15.635 Thread 0x00000000162bf000 DEOPT UNPACKING pc=0x000000000216747f sp=0x0000000016a3ea40 mode 0
Event: 15.736 Thread 0x00000000162c0000 DEOPT PACKING pc=0x00000000025d4d4c sp=0x0000000016b3eb80
Event: 15.736 Thread 0x00000000162c0000 DEOPT UNPACKING pc=0x000000000216747f sp=0x0000000016b3e8c8 mode 0
Event: 15.750 Thread 0x00000000162c1000 DEOPT PACKING pc=0x00000000025d4070 sp=0x0000000016c3e9d0
Event: 15.750 Thread 0x00000000162c1000 DEOPT UNPACKING pc=0x000000000216747f sp=0x0000000016c3e748 mode 0
Event: 15.832 Thread 0x00000000162c1000 DEOPT PACKING pc=0x00000000025c9129 sp=0x0000000016c3e9d0
Event: 15.832 Thread 0x00000000162c1000 DEOPT UNPACKING pc=0x000000000216747f sp=0x0000000016c3e790 mode 0


Dynamic libraries:
0x00007ff778a00000 - 0x00007ff778a37000 	C:\Program Files\Java\jdk1.8.0_65\bin\java.exe
0x00007ffcf90f0000 - 0x00007ffcf92b2000 	C:\Windows\SYSTEM32\ntdll.dll
0x00007ffcf8af0000 - 0x00007ffcf8b9d000 	C:\Windows\system32\KERNEL32.DLL
0x00007ffcf64c0000 - 0x00007ffcf669d000 	C:\Windows\system32\KERNELBASE.dll
0x00007ffcf8ba0000 - 0x00007ffcf8c46000 	C:\Windows\system32\ADVAPI32.dll
0x00007ffcf8530000 - 0x00007ffcf85cd000 	C:\Windows\system32\msvcrt.dll
0x00007ffcf8a90000 - 0x00007ffcf8aeb000 	C:\Windows\system32\sechost.dll
0x00007ffcf8150000 - 0x00007ffcf8276000 	C:\Windows\system32\RPCRT4.dll
0x00007ffcf8280000 - 0x00007ffcf83ce000 	C:\Windows\system32\USER32.dll
0x00007ffcf8730000 - 0x00007ffcf88b5000 	C:\Windows\system32\GDI32.dll
0x00007ffced1d0000 - 0x00007ffced444000 	C:\Windows\WinSxS\amd64_microsoft.windows.common-controls_6595b64144ccf1df_6.0.10240.16384_none_f41f7b285750ef43\COMCTL32.dll
0x00007ffcf9040000 - 0x00007ffcf9076000 	C:\Windows\system32\IMM32.DLL
0x00007ffcf83d0000 - 0x00007ffcf852c000 	C:\Windows\system32\MSCTF.dll
0x00000000579e0000 - 0x0000000057ab2000 	C:\Program Files\Java\jdk1.8.0_65\jre\bin\msvcr100.dll
0x0000000057ea0000 - 0x0000000058729000 	C:\Program Files\Java\jdk1.8.0_65\jre\bin\server\jvm.dll
0x00007ffcf7dd0000 - 0x00007ffcf7dd8000 	C:\Windows\system32\PSAPI.DLL
0x00007ffce8ac0000 - 0x00007ffce8ac9000 	C:\Windows\SYSTEM32\WSOCK32.dll
0x00007ffcf9080000 - 0x00007ffcf90e9000 	C:\Windows\system32\WS2_32.dll
0x00007ffcf7de0000 - 0x00007ffcf7de8000 	C:\Windows\system32\NSI.dll
0x00007ffcf3d00000 - 0x00007ffcf3d23000 	C:\Windows\SYSTEM32\WINMM.dll
0x00007ffcf3080000 - 0x00007ffcf308a000 	C:\Windows\SYSTEM32\VERSION.dll
0x00007ffcf3bc0000 - 0x00007ffcf3bec000 	C:\Windows\SYSTEM32\WINMMBASE.dll
0x00007ffcf5c70000 - 0x00007ffcf5cb4000 	C:\Windows\system32\cfgmgr32.dll
0x00007ffcf4490000 - 0x00007ffcf44b7000 	C:\Windows\SYSTEM32\DEVOBJ.dll
0x0000000057e90000 - 0x0000000057e9f000 	C:\Program Files\Java\jdk1.8.0_65\jre\bin\verify.dll
0x0000000057e60000 - 0x0000000057e89000 	C:\Program Files\Java\jdk1.8.0_65\jre\bin\java.dll
0x0000000057e40000 - 0x0000000057e56000 	C:\Program Files\Java\jdk1.8.0_65\jre\bin\zip.dll
0x00007ffcf67c0000 - 0x00007ffcf7ce3000 	C:\Windows\system32\SHELL32.dll
0x00007ffcf5cc0000 - 0x00007ffcf62e9000 	C:\Windows\system32\windows.storage.dll
0x00007ffcf8d00000 - 0x00007ffcf8f7c000 	C:\Windows\system32\combase.dll
0x00007ffcf8080000 - 0x00007ffcf80d1000 	C:\Windows\system32\shlwapi.dll
0x00007ffcf5b60000 - 0x00007ffcf5b6f000 	C:\Windows\system32\kernel.appcore.dll
0x00007ffcf6700000 - 0x00007ffcf67b3000 	C:\Windows\system32\shcore.dll
0x00007ffcf5b70000 - 0x00007ffcf5bba000 	C:\Windows\system32\powrprof.dll
0x00007ffcf5b20000 - 0x00007ffcf5b33000 	C:\Windows\system32\profapi.dll

VM Arguments:
jvm_args: -Djava.awt.headless=true -Xmx1024M -Dfile.encoding=windows-1251 -Duser.country=RU -Duser.language=ru -Duser.variant 
java_command: com.android.dx.command.Main --dex --force-jumbo --num-threads=4 --multi-dex --output C:\Users\Azat\Desktop\RemindMeApplication-master\WeatherGDG\app\build\intermediates\transforms\dex\debug\folders\1000\10\com.android.support-support-v4-23.3.0_fcf27f88c08cf46b93de67e171ef5f95ad8f7f37 C:\Users\Azat\Desktop\RemindMeApplication-master\WeatherGDG\app\build\intermediates\exploded-aar\com.android.support\support-v4\23.3.0\jars\classes.jar
java_class_path (initial): C:\Users\Azat\AppData\Local\Android\sdk1\build-tools\23.0.3\lib\dx.jar
Launcher Type: SUN_STANDARD

Environment Variables:
JAVA_HOME=C:\Program Files\Java\jdk1.8.0_65
PATH=C:\Program Files (x86)\NVIDIA Corporation\PhysX\Common;C:\Program Files (x86)\Common Files\Intel\Shared Files\cpp\bin\Intel64;C:\ProgramData\Oracle\Java\javapath;C:\Windows\system32;C:\Windows;C:\Windows\System32\Wbem;C:\Windows\System32\WindowsPowerShell\v1.0\;C:\Program Files (x86)\AMD\ATI.ACE\Core-Static;C:\Program Files (x86)\ATI Technologies\ATI.ACE\Core-Static;C:\Program Files (x86)\CodeBlocks\MinGW\bin;C:\Program Files (x86)\CMake\bin;C:\Windows\system32\config\systemprofile\.dnx\bin;C:\Program Files\Microsoft DNX\Dnvm\;C:\Program Files (x86)\Windows Kits\8.1\Windows Performance Toolkit\;C:\Program Files (x86)\Skype\Phone\;C:\Program Files (x86)\GtkSharp\2.12\bin;C:\Program Files (x86)\PuTTY\;C:\Program Files\TortoiseGit\bin;C:\Program Files\Microsoft SQL Server\120\Tools\Binn\;C:\Ruby23-x64\bin;C:\Users\Azat\Anaconda2;C:\Users\Azat\Anaconda2\Scripts;C:\Users\Azat\Anaconda2\Library\bin
USERNAME=Azat
OS=Windows_NT
PROCESSOR_IDENTIFIER=AMD64 Family 18 Model 1 Stepping 0, AuthenticAMD



---------------  S Y S T E M  ---------------

OS: Windows 10.0 , 64 bit Build 10240 (10.0.10240.16384)

CPU:total 4 (4 cores per cpu, 1 threads per core) family 18 model 1 stepping 0, cmov, cx8, fxsr, mmx, sse, sse2, sse3, popcnt, mmxext, 3dnowpref, lzcnt, sse4a, tsc, tscinvbit, tscinv

Memory: 4k page, physical 5740652k(494476k free), swap 8365312k(5756k free)

vm_info: Java HotSpot(TM) 64-Bit Server VM (25.65-b01) for windows-amd64 JRE (1.8.0_65-b17), built on Oct  6 2015 16:39:20 by "java_re" with MS VC++ 10.0 (VS2010)

time: Mon Aug 15 18:50:07 2016
elapsed time: 15 seconds (0d 0h 0m 15s)

