#
# There is insufficient memory for the Java Runtime Environment to continue.
# Native memory allocation (malloc) failed to allocate 1337536 bytes for Chunk::new
# Possible reasons:
#   The system is out of physical RAM or swap space
#   In 32 bit mode, the process size limit was hit
# Possible solutions:
#   Reduce memory load on the system
#   Increase physical memory or swap space
#   Check if swap backing store is full
#   Use 64 bit Java on a 64 bit OS
#   Decrease Java heap size (-Xmx/-Xms)
#   Decrease number of Java threads
#   Decrease Java thread stack sizes (-Xss)
#   Set larger code cache with -XX:ReservedCodeCacheSize=
# This output file may be truncated or incomplete.
#
#  Out of Memory Error (allocation.cpp:390), pid=7184, tid=8212
#
# JRE version: Java(TM) SE Runtime Environment (8.0_65-b17) (build 1.8.0_65-b17)
# Java VM: Java HotSpot(TM) 64-Bit Server VM (25.65-b01 mixed mode windows-amd64 compressed oops)
# Failed to write core dump. Minidumps are not enabled by default on client versions of Windows
#

---------------  T H R E A D  ---------------

Current thread (0x0000000014ddd800):  JavaThread "C2 CompilerThread0" daemon [_thread_in_native, id=8212, stack(0x0000000016340000,0x0000000016440000)]

Stack: [0x0000000016340000,0x0000000016440000]
[error occurred during error reporting (printing stack bounds), id 0xc0000005]

Native frames: (J=compiled Java code, j=interpreted, Vv=VM code, C=native code)


Current CompileTask:
C2:   8043 1341       4       com.android.dx.dex.code.OutputFinisher::addConstants (93 bytes)


---------------  P R O C E S S  ---------------

Java Threads: ( => current thread )
  0x00000000166b1800 JavaThread "pool-1-thread-1" [_thread_in_Java, id=752, stack(0x0000000016d40000,0x0000000016e40000)]
  0x0000000016542800 JavaThread "Service Thread" daemon [_thread_blocked, id=168, stack(0x0000000016a40000,0x0000000016b40000)]
  0x0000000016540800 JavaThread "C1 CompilerThread2" daemon [_thread_blocked, id=9076, stack(0x0000000016940000,0x0000000016a40000)]
  0x0000000014e3b800 JavaThread "C2 CompilerThread1" daemon [_thread_blocked, id=4996, stack(0x0000000016440000,0x0000000016540000)]
=>0x0000000014ddd800 JavaThread "C2 CompilerThread0" daemon [_thread_in_native, id=8212, stack(0x0000000016340000,0x0000000016440000)]
  0x0000000014ddb000 JavaThread "Attach Listener" daemon [_thread_blocked, id=7204, stack(0x0000000016240000,0x0000000016340000)]
  0x0000000014dda000 JavaThread "Signal Dispatcher" daemon [_thread_blocked, id=8216, stack(0x0000000016140000,0x0000000016240000)]
  0x0000000002701000 JavaThread "Finalizer" daemon [_thread_blocked, id=8760, stack(0x0000000016040000,0x0000000016140000)]
  0x00000000026fe800 JavaThread "Reference Handler" daemon [_thread_blocked, id=8764, stack(0x0000000015f40000,0x0000000016040000)]
  0x000000000260d800 JavaThread "main" [_thread_blocked, id=2232, stack(0x0000000002410000,0x0000000002510000)]

Other Threads:
  0x0000000014da7800 VMThread [stack: 0x0000000015e40000,0x0000000015f40000] [id=8924]
  0x000000001654a000 WatcherThread [stack: 0x0000000016b40000,0x0000000016c40000] [id=9004]

VM state:not at safepoint (normal execution)

VM Mutex/Monitor currently owned by a thread: None

Heap:
 PSYoungGen      total 26112K, used 19442K [0x00000000eab00000, 0x00000000ede00000, 0x0000000100000000)
  eden space 22528K, 70% used [0x00000000eab00000,0x00000000eba84a28,0x00000000ec100000)
  from space 3584K, 99% used [0x00000000ec100000,0x00000000ec478038,0x00000000ec480000)
  to   space 3584K, 0% used [0x00000000eda80000,0x00000000eda80000,0x00000000ede00000)
 ParOldGen       total 60416K, used 1857K [0x00000000c0000000, 0x00000000c3b00000, 0x00000000eab00000)
  object space 60416K, 3% used [0x00000000c0000000,0x00000000c01d0490,0x00000000c3b00000)
 Metaspace       used 6116K, capacity 7030K, committed 7296K, reserved 1056768K
  class space    used 609K, capacity 622K, committed 640K, reserved 1048576K

Card table byte_map: [0x0000000011ad0000,0x0000000011ce0000] byte_map_base: 0x00000000114d0000

Marking Bits: (ParMarkBitMap*) 0x00000000586aa5b0
 Begin Bits: [0x0000000012240000, 0x0000000013240000)
 End Bits:   [0x0000000013240000, 0x0000000014240000)

Polling page: 0x0000000000ae0000

CodeCache: size=245760Kb used=5545Kb max_used=5557Kb free=240214Kb
 bounds [0x0000000002710000, 0x0000000002c90000, 0x0000000011710000]
 total_blobs=1621 nmethods=1353 adapters=182
 compilation: enabled

Compilation events (10 events):
Event: 7.968 Thread 0x0000000014e3b800 1351       4       java.util.TreeMap::getEntry (84 bytes)
Event: 7.973 Thread 0x0000000014e3b800 nmethod 1351 0x0000000002c667d0 code [0x0000000002c66920, 0x0000000002c66a78]
Event: 7.973 Thread 0x0000000014e3b800 1343       4       com.android.dx.rop.cst.CstString::hashCode (8 bytes)
Event: 7.981 Thread 0x0000000014e3b800 nmethod 1343 0x0000000002c66410 code [0x0000000002c66540, 0x0000000002c666b8]
Event: 7.981 Thread 0x0000000014e3b800 1346       4       com.android.dx.rop.code.BasicBlock::getLastInsn (8 bytes)
Event: 7.984 Thread 0x0000000014e3b800 nmethod 1346 0x0000000002c7b6d0 code [0x0000000002c7b820, 0x0000000002c7b918]
Event: 7.984 Thread 0x0000000014e3b800 1342       4       com.android.dx.rop.cst.CstFieldRef::compareTo0 (43 bytes)
Event: 7.996 Thread 0x0000000014e3b800 nmethod 1342 0x0000000002c7c750 code [0x0000000002c7c8c0, 0x0000000002c7cc18]
Event: 7.996 Thread 0x0000000014e3b800 1349       4       com.android.dx.rop.cst.CstType::hashCode (8 bytes)
Event: 8.004 Thread 0x0000000014e3b800 nmethod 1349 0x0000000002c7c310 code [0x0000000002c7c460, 0x0000000002c7c5f8]

GC Heap History (2 events):
Event: 4.249 GC heap before
{Heap before GC invocations=1 (full 0):
 PSYoungGen      total 26112K, used 22528K [0x00000000eab00000, 0x00000000ec800000, 0x0000000100000000)
  eden space 22528K, 100% used [0x00000000eab00000,0x00000000ec100000,0x00000000ec100000)
  from space 3584K, 0% used [0x00000000ec480000,0x00000000ec480000,0x00000000ec800000)
  to   space 3584K, 0% used [0x00000000ec100000,0x00000000ec100000,0x00000000ec480000)
 ParOldGen       total 60416K, used 0K [0x00000000c0000000, 0x00000000c3b00000, 0x00000000eab00000)
  object space 60416K, 0% used [0x00000000c0000000,0x00000000c0000000,0x00000000c3b00000)
 Metaspace       used 5941K, capacity 6898K, committed 7040K, reserved 1056768K
  class space    used 603K, capacity 618K, committed 640K, reserved 1048576K
Event: 4.473 GC heap after
Heap after GC invocations=1 (full 0):
 PSYoungGen      total 26112K, used 3552K [0x00000000eab00000, 0x00000000ede00000, 0x0000000100000000)
  eden space 22528K, 0% used [0x00000000eab00000,0x00000000eab00000,0x00000000ec100000)
  from space 3584K, 99% used [0x00000000ec100000,0x00000000ec478038,0x00000000ec480000)
  to   space 3584K, 0% used [0x00000000eda80000,0x00000000eda80000,0x00000000ede00000)
 ParOldGen       total 60416K, used 1857K [0x00000000c0000000, 0x00000000c3b00000, 0x00000000eab00000)
  object space 60416K, 3% used [0x00000000c0000000,0x00000000c01d0490,0x00000000c3b00000)
 Metaspace       used 5941K, capacity 6898K, committed 7040K, reserved 1056768K
  class space    used 603K, capacity 618K, committed 640K, reserved 1048576K
}

Deoptimization events (10 events):
Event: 5.101 Thread 0x00000000166ac000 Uncommon trap: reason=class_check action=maybe_recompile pc=0x0000000002b41428 method=java.util.HashMap.putVal(ILjava/lang/Object;Ljava/lang/Object;ZZ)Ljava/lang/Object; @ 203
Event: 7.503 Thread 0x00000000166b1800 Uncommon trap: reason=class_check action=maybe_recompile pc=0x0000000002c11704 method=java.util.Arrays.hashCode([Ljava/lang/Object;)I @ 43
Event: 7.503 Thread 0x00000000166b1800 Uncommon trap: reason=class_check action=maybe_recompile pc=0x0000000002c11704 method=java.util.Arrays.hashCode([Ljava/lang/Object;)I @ 43
Event: 7.503 Thread 0x00000000166b1800 Uncommon trap: reason=class_check action=maybe_recompile pc=0x0000000002c11704 method=java.util.Arrays.hashCode([Ljava/lang/Object;)I @ 43
Event: 7.503 Thread 0x00000000166b1800 Uncommon trap: reason=class_check action=maybe_recompile pc=0x0000000002c11704 method=java.util.Arrays.hashCode([Ljava/lang/Object;)I @ 43
Event: 7.504 Thread 0x00000000166b1800 Uncommon trap: reason=class_check action=maybe_recompile pc=0x0000000002c11ce8 method=java.util.Arrays.hashCode([Ljava/lang/Object;)I @ 43
Event: 7.522 Thread 0x00000000166b1800 Uncommon trap: reason=bimorphic action=maybe_recompile pc=0x0000000002987c14 method=java.util.HashMap.getNode(ILjava/lang/Object;)Ljava/util/HashMap$Node; @ 126
Event: 7.522 Thread 0x00000000166b1800 Uncommon trap: reason=class_check action=maybe_recompile pc=0x0000000002bce21c method=java.util.HashMap.putVal(ILjava/lang/Object;Ljava/lang/Object;ZZ)Ljava/lang/Object; @ 203
Event: 7.546 Thread 0x00000000166b1800 Uncommon trap: reason=class_check action=maybe_recompile pc=0x0000000002bce21c method=java.util.HashMap.putVal(ILjava/lang/Object;Ljava/lang/Object;ZZ)Ljava/lang/Object; @ 203
Event: 7.553 Thread 0x00000000166b1800 Uncommon trap: reason=class_check action=maybe_recompile pc=0x0000000002b41428 method=java.util.HashMap.putVal(ILjava/lang/Object;Ljava/lang/Object;ZZ)Ljava/lang/Object; @ 203

Internal exceptions (3 events):
Event: 0.281 Thread 0x000000000260d800 Exception <a 'java/lang/NoSuchMethodError': Method sun.misc.Unsafe.defineClass(Ljava/lang/String;[BII)Ljava/lang/Class; name or signature does not match> (0x00000000eab13098) thrown at [C:\workspace\8-2-build-windows-amd64-cygwin\jdk8u65\4987\hotspot\src\s´É
íÒ?
Event: 0.282 Thread 0x000000000260d800 Exception <a 'java/lang/NoSuchMethodError': Method sun.misc.Unsafe.prefetchRead(Ljava/lang/Object;J)V name or signature does not match> (0x00000000eab13380) thrown at [C:\workspace\8-2-build-windows-amd64-cygwin\jdk8u65\4987\hotspot\src\share\vm\prims\jni.Œtî0[@
Event: 4.757 Thread 0x00000000166b4800 Implicit null exception at 0x0000000002a3c562 to 0x0000000002a3c601

Events (10 events):
Event: 7.546 Thread 0x00000000166b1800 Uncommon trap: trap_request=0xffffffde fr.pc=0x0000000002bce21c
Event: 7.546 Thread 0x00000000166b1800 DEOPT PACKING pc=0x0000000002bce21c sp=0x0000000016e3e930
Event: 7.546 Thread 0x00000000166b1800 DEOPT UNPACKING pc=0x000000000275582a sp=0x0000000016e3e850 mode 2
Event: 7.553 Thread 0x00000000166b1800 Uncommon trap: trap_request=0xffffffde fr.pc=0x0000000002b41428
Event: 7.553 Thread 0x00000000166b1800 DEOPT PACKING pc=0x0000000002b41428 sp=0x0000000016e3e8a0
Event: 7.553 Thread 0x00000000166b1800 DEOPT UNPACKING pc=0x000000000275582a sp=0x0000000016e3e848 mode 2
Event: 7.558 loading class com/android/dx/dex/file/CatchStructs
Event: 7.558 loading class com/android/dx/dex/file/CatchStructs done
Event: 7.931 loading class com/android/dx/dex/file/ProtoIdItem
Event: 7.931 loading class com/android/dx/dex/file/ProtoIdItem done


Dynamic libraries:
0x00007ff778a00000 - 0x00007ff778a37000 	C:\Program Files\Java\jdk1.8.0_65\bin\java.exe
0x00007ffcf90f0000 - 0x00007ffcf92b2000 	C:\Windows\SYSTEM32\ntdll.dll
0x00007ffcf8af0000 - 0x00007ffcf8b9d000 	C:\Windows\system32\KERNEL32.DLL
0x00007ffcf64c0000 - 0x00007ffcf669d000 	C:\Windows\system32\KERNELBASE.dll
0x00007ffcf8ba0000 - 0x00007ffcf8c46000 	C:\Windows\system32\ADVAPI32.dll
0x00007ffcf8530000 - 0x00007ffcf85cd000 	C:\Windows\system32\msvcrt.dll
0x00007ffcf8a90000 - 0x00007ffcf8aeb000 	C:\Windows\system32\sechost.dll
0x00007ffcf8150000 - 0x00007ffcf8276000 	C:\Windows\system32\RPCRT4.dll
0x00007ffcf8280000 - 0x00007ffcf83ce000 	C:\Windows\system32\USER32.dll
0x00007ffcf8730000 - 0x00007ffcf88b5000 	C:\Windows\system32\GDI32.dll
0x00007ffced1d0000 - 0x00007ffced444000 	C:\Windows\WinSxS\amd64_microsoft.windows.common-controls_6595b64144ccf1df_6.0.10240.16384_none_f41f7b285750ef43\COMCTL32.dll
0x00007ffcf9040000 - 0x00007ffcf9076000 	C:\Windows\system32\IMM32.DLL
0x00007ffcf83d0000 - 0x00007ffcf852c000 	C:\Windows\system32\MSCTF.dll
0x00000000579e0000 - 0x0000000057ab2000 	C:\Program Files\Java\jdk1.8.0_65\jre\bin\msvcr100.dll
0x0000000057ea0000 - 0x0000000058729000 	C:\Program Files\Java\jdk1.8.0_65\jre\bin\server\jvm.dll
0x00007ffcf7dd0000 - 0x00007ffcf7dd8000 	C:\Windows\system32\PSAPI.DLL
0x00007ffce8ac0000 - 0x00007ffce8ac9000 	C:\Windows\SYSTEM32\WSOCK32.dll
0x00007ffcf9080000 - 0x00007ffcf90e9000 	C:\Windows\system32\WS2_32.dll
0x00007ffcf7de0000 - 0x00007ffcf7de8000 	C:\Windows\system32\NSI.dll
0x00007ffcf3d00000 - 0x00007ffcf3d23000 	C:\Windows\SYSTEM32\WINMM.dll
0x00007ffcf3080000 - 0x00007ffcf308a000 	C:\Windows\SYSTEM32\VERSION.dll
0x00007ffcf3bc0000 - 0x00007ffcf3bec000 	C:\Windows\SYSTEM32\WINMMBASE.dll
0x00007ffcf5c70000 - 0x00007ffcf5cb4000 	C:\Windows\system32\cfgmgr32.dll
0x00007ffcf4490000 - 0x00007ffcf44b7000 	C:\Windows\SYSTEM32\DEVOBJ.dll
0x0000000057e90000 - 0x0000000057e9f000 	C:\Program Files\Java\jdk1.8.0_65\jre\bin\verify.dll
0x0000000057e60000 - 0x0000000057e89000 	C:\Program Files\Java\jdk1.8.0_65\jre\bin\java.dll
0x0000000057e40000 - 0x0000000057e56000 	C:\Program Files\Java\jdk1.8.0_65\jre\bin\zip.dll
0x00007ffcf67c0000 - 0x00007ffcf7ce3000 	C:\Windows\system32\SHELL32.dll
0x00007ffcf5cc0000 - 0x00007ffcf62e9000 	C:\Windows\system32\windows.storage.dll
0x00007ffcf8d00000 - 0x00007ffcf8f7c000 	C:\Windows\system32\combase.dll
0x00007ffcf8080000 - 0x00007ffcf80d1000 	C:\Windows\system32\shlwapi.dll
0x00007ffcf5b60000 - 0x00007ffcf5b6f000 	C:\Windows\system32\kernel.appcore.dll
0x00007ffcf6700000 - 0x00007ffcf67b3000 	C:\Windows\system32\shcore.dll
0x00007ffcf5b70000 - 0x00007ffcf5bba000 	C:\Windows\system32\powrprof.dll
0x00007ffcf5b20000 - 0x00007ffcf5b33000 	C:\Windows\system32\profapi.dll

VM Arguments:
jvm_args: -Djava.awt.headless=true -Xmx1024M -Dfile.encoding=windows-1251 -Duser.country=RU -Duser.language=ru -Duser.variant 
java_command: com.android.dx.command.Main --dex --force-jumbo --num-threads=4 --multi-dex --output C:\Users\Azat\Desktop\RemindMeApplication-master\WeatherGDG\app\build\intermediates\transforms\dex\debug\folders\1000\10\com.android.support-support-vector-drawable-23.3.0_abd196c0837474b1b971d02639bb8caabfdbcc28 C:\Users\Azat\Desktop\RemindMeApplication-master\WeatherGDG\app\build\intermediates\exploded-aar\com.android.support\support-vector-drawable\23.3.0\jars\classes.jar
java_class_path (initial): C:\Users\Azat\AppData\Local\Android\sdk1\build-tools\23.0.3\lib\dx.jar
Launcher Type: SUN_STANDARD

Environment Variables:
JAVA_HOME=C:\Program Files\Java\jdk1.8.0_65
PATH=C:\Program Files (x86)\NVIDIA Corporation\PhysX\Common;C:\Program Files (x86)\Common Files\Intel\Shared Files\cpp\bin\Intel64;C:\ProgramData\Oracle\Java\javapath;C:\Windows\system32;C:\Windows;C:\Windows\System32\Wbem;C:\Windows\System32\WindowsPowerShell\v1.0\;C:\Program Files (x86)\AMD\ATI.ACE\Core-Static;C:\Program Files (x86)\ATI Technologies\ATI.ACE\Core-Static;C:\Program Files (x86)\CodeBlocks\MinGW\bin;C:\Program Files (x86)\CMake\bin;C:\Windows\system32\config\systemprofile\.dnx\bin;C:\Program Files\Microsoft DNX\Dnvm\;C:\Program Files (x86)\Windows Kits\8.1\Windows Performance Toolkit\;C:\Program Files (x86)\Skype\Phone\;C:\Program Files (x86)\GtkSharp\2.12\bin;C:\Program Files (x86)\PuTTY\;C:\Program Files\TortoiseGit\bin;C:\Program Files\Microsoft SQL Server\120\Tools\Binn\;C:\Ruby23-x64\bin;C:\Users\Azat\Anaconda2;C:\Users\Azat\Anaconda2\Scripts;C:\Users\Azat\Anaconda2\Library\bin
USERNAME=Azat
OS=Windows_NT
PROCESSOR_IDENTIFIER=AMD64 Family 18 Model 1 Stepping 0, AuthenticAMD



---------------  S Y S T E M  ---------------

OS: Windows 10.0 , 64 bit Build 10240 (10.0.10240.16384)

CPU:total 4 (4 cores per cpu, 1 threads per core) family 18 model 1 stepping 0, cmov, cx8, fxsr, mmx, sse, sse2, sse3, popcnt, mmxext, 3dnowpref, lzcnt, sse4a, tsc, tscinvbit, tscinv

Memory: 4k page, physical 5740652k(481576k free), swap 8365312k(5128k free)

vm_info: Java HotSpot(TM) 64-Bit Server VM (25.65-b01) for windows-amd64 JRE (1.8.0_65-b17), built on Oct  6 2015 16:39:20 by "java_re" with MS VC++ 10.0 (VS2010)

time: Mon Aug 15 18:48:17 2016
elapsed time: 8 seconds (0d 0h 0m 8s)

