#
# There is insufficient memory for the Java Runtime Environment to continue.
# Native memory allocation (malloc) failed to allocate 262160 bytes for Chunk::new
# Possible reasons:
#   The system is out of physical RAM or swap space
#   In 32 bit mode, the process size limit was hit
# Possible solutions:
#   Reduce memory load on the system
#   Increase physical memory or swap space
#   Check if swap backing store is full
#   Use 64 bit Java on a 64 bit OS
#   Decrease Java heap size (-Xmx/-Xms)
#   Decrease number of Java threads
#   Decrease Java thread stack sizes (-Xss)
#   Set larger code cache with -XX:ReservedCodeCacheSize=
# This output file may be truncated or incomplete.
#
#  Out of Memory Error (allocation.cpp:390), pid=8204, tid=8844
#
# JRE version: Java(TM) SE Runtime Environment (8.0_65-b17) (build 1.8.0_65-b17)
# Java VM: Java HotSpot(TM) 64-Bit Server VM (25.65-b01 mixed mode windows-amd64 compressed oops)
# Failed to write core dump. Minidumps are not enabled by default on client versions of Windows
#

---------------  T H R E A D  ---------------

Current thread (0x0000000014ec1800):  JavaThread "C2 CompilerThread1" daemon [_thread_in_native, id=8844, stack(0x0000000016610000,0x0000000016710000)]

Stack: [0x0000000016610000,0x0000000016710000]
[error occurred during error reporting (printing stack bounds), id 0xc0000005]

Native frames: (J=compiled Java code, j=interpreted, Vv=VM code, C=native code)


Current CompileTask:
C2:   4874 1002   !   4       com.android.dx.cf.code.BytecodeArray::parseInstruction (2764 bytes)


---------------  P R O C E S S  ---------------

Java Threads: ( => current thread )
  0x0000000016a78800 JavaThread "pool-2-thread-4" [_thread_in_Java, id=2396, stack(0x0000000017210000,0x0000000017310000)]
  0x0000000016a78000 JavaThread "pool-2-thread-3" [_thread_blocked, id=8808, stack(0x0000000017110000,0x0000000017210000)]
  0x0000000016a5e800 JavaThread "pool-2-thread-2" [_thread_in_vm, id=7980, stack(0x0000000017010000,0x0000000017110000)]
  0x0000000016943000 JavaThread "pool-3-thread-1" [_thread_blocked, id=8872, stack(0x0000000016f10000,0x0000000017010000)]
  0x0000000016942800 JavaThread "pool-2-thread-1" [_thread_blocked, id=8868, stack(0x0000000016e10000,0x0000000016f10000)]
  0x000000001681e000 JavaThread "Service Thread" daemon [_thread_blocked, id=8800, stack(0x0000000016c10000,0x0000000016d10000)]
  0x0000000014f1d800 JavaThread "C1 CompilerThread2" daemon [_thread_blocked, id=8812, stack(0x0000000016710000,0x0000000016810000)]
=>0x0000000014ec1800 JavaThread "C2 CompilerThread1" daemon [_thread_in_native, id=8844, stack(0x0000000016610000,0x0000000016710000)]
  0x0000000014ebd000 JavaThread "C2 CompilerThread0" daemon [_thread_in_native, id=2852, stack(0x0000000016510000,0x0000000016610000)]
  0x0000000014eba800 JavaThread "Attach Listener" daemon [_thread_blocked, id=8480, stack(0x0000000016410000,0x0000000016510000)]
  0x0000000014eb9000 JavaThread "Signal Dispatcher" daemon [_thread_blocked, id=8720, stack(0x0000000016310000,0x0000000016410000)]
  0x00000000027e0800 JavaThread "Finalizer" daemon [_thread_blocked, id=8736, stack(0x0000000016120000,0x0000000016220000)]
  0x00000000027dd000 JavaThread "Reference Handler" daemon [_thread_blocked, id=8740, stack(0x0000000016020000,0x0000000016120000)]
  0x000000000259d800 JavaThread "main" [_thread_in_Java, id=8636, stack(0x00000000025f0000,0x00000000026f0000)]

Other Threads:
  0x0000000014e88000 VMThread [stack: 0x0000000015f20000,0x0000000016020000] [id=4748]
  0x0000000016823000 WatcherThread [stack: 0x0000000016d10000,0x0000000016e10000] [id=6572]

VM state:not at safepoint (normal execution)

VM Mutex/Monitor currently owned by a thread: None

Heap:
 PSYoungGen      total 26112K, used 21253K [0x00000000eab00000, 0x00000000ec800000, 0x0000000100000000)
  eden space 22528K, 94% used [0x00000000eab00000,0x00000000ebfc1618,0x00000000ec100000)
  from space 3584K, 0% used [0x00000000ec480000,0x00000000ec480000,0x00000000ec800000)
  to   space 3584K, 0% used [0x00000000ec100000,0x00000000ec100000,0x00000000ec480000)
 ParOldGen       total 60416K, used 0K [0x00000000c0000000, 0x00000000c3b00000, 0x00000000eab00000)
  object space 60416K, 0% used [0x00000000c0000000,0x00000000c0000000,0x00000000c3b00000)
 Metaspace       used 5680K, capacity 6832K, committed 7040K, reserved 1056768K
  class space    used 583K, capacity 616K, committed 640K, reserved 1048576K

Card table byte_map: [0x0000000011bb0000,0x0000000011dc0000] byte_map_base: 0x00000000115b0000

Marking Bits: (ParMarkBitMap*) 0x00000000586aa5b0
 Begin Bits: [0x0000000012320000, 0x0000000013320000)
 End Bits:   [0x0000000013320000, 0x0000000014320000)

Polling page: 0x0000000000d50000

CodeCache: size=245760Kb used=4202Kb max_used=4202Kb free=241557Kb
 bounds [0x00000000027f0000, 0x0000000002c20000, 0x00000000117f0000]
 total_blobs=1270 nmethods=1009 adapters=175
 compilation: enabled

Compilation events (10 events):
Event: 4.851 Thread 0x0000000014f1d800 1009       3       com.android.dx.rop.type.Type::getInitializedType (42 bytes)
Event: 4.853 Thread 0x0000000014f1d800 nmethod 1009 0x0000000002c07b90 code [0x0000000002c07d60, 0x0000000002c08578]
Event: 4.854 Thread 0x0000000014ebd000 1010   !   4       com.android.dx.cf.code.BaseMachine::arg (36 bytes)
Event: 4.856 Thread 0x0000000014ebd000 nmethod 1010 0x0000000002bfc250 code [0x0000000002bfc380, 0x0000000002bfc438]
Event: 4.856 Thread 0x0000000014ebd000 1011       4       com.android.dx.rop.type.Type::equals (31 bytes)
Event: 4.859 Thread 0x0000000014ebd000 nmethod 1011 0x0000000002c02ad0 code [0x0000000002c02c20, 0x0000000002c02d58]
Event: 4.860 Thread 0x0000000014ebd000 1012       4       com.android.dx.ssa.SsaMethod$2::visitNonMoveInsn (6 bytes)
Event: 4.863 Thread 0x0000000014f1d800 1014       3       com.android.dx.ssa.SsaBasicBlock::replaceSuccessor (125 bytes)
Event: 4.867 Thread 0x0000000014f1d800 nmethod 1014 0x0000000002c0ed10 code [0x0000000002c0efa0, 0x0000000002c0fe18]
Event: 4.869 Thread 0x0000000014f1d800 1015       3       com.android.dx.rop.code.RegisterSpecSet::localItemToSpec (49 bytes)

GC Heap History (0 events):
No events

Deoptimization events (10 events):
Event: 1.920 Thread 0x0000000016a78000 Uncommon trap: reason=unstable_if action=reinterpret pc=0x0000000002a2540c method=java.util.HashMap.getNode(ILjava/lang/Object;)Ljava/util/HashMap$Node; @ 129
Event: 2.816 Thread 0x000000000259d800 Uncommon trap: reason=unstable_if action=reinterpret pc=0x0000000002a65c70 method=java.util.BitSet.nextSetBit(I)I @ 87
Event: 3.466 Thread 0x0000000016a78000 Uncommon trap: reason=null_check action=make_not_entrant pc=0x0000000002abe910 method=com.android.dx.ssa.SsaRenamer.getLocalForNewReg(I)Lcom/android/dx/rop/code/LocalItem; @ 19
Event: 3.659 Thread 0x0000000016a5e800 Uncommon trap: reason=unstable_if action=reinterpret pc=0x0000000002b332e0 method=com.android.dx.rop.code.RegisterSpec.equals(ILcom/android/dx/rop/type/TypeBearer;Lcom/android/dx/rop/code/LocalItem;)Z @ 16
Event: 3.659 Thread 0x0000000016a5e800 Uncommon trap: reason=class_check action=maybe_recompile pc=0x0000000002b498dc method=com.android.dx.rop.type.Type.equals(Ljava/lang/Object;)Z @ 8
Event: 3.660 Thread 0x0000000016a5e800 Uncommon trap: reason=unstable_if action=reinterpret pc=0x0000000002b07a48 method=com.android.dx.rop.code.RegisterSpec.equals(ILcom/android/dx/rop/type/TypeBearer;Lcom/android/dx/rop/code/LocalItem;)Z @ 16
Event: 3.687 Thread 0x0000000016a5e800 Uncommon trap: reason=class_check action=maybe_recompile pc=0x0000000002b498dc method=com.android.dx.rop.type.Type.equals(Ljava/lang/Object;)Z @ 8
Event: 4.428 Thread 0x0000000016a78800 Uncommon trap: reason=unstable_if action=reinterpret pc=0x0000000002ab1360 method=com.android.dx.rop.code.RegisterSpec.equals(ILcom/android/dx/rop/type/TypeBearer;Lcom/android/dx/rop/code/LocalItem;)Z @ 16
Event: 4.428 Thread 0x0000000016a78800 Uncommon trap: reason=class_check action=maybe_recompile pc=0x0000000002b498dc method=com.android.dx.rop.type.Type.equals(Ljava/lang/Object;)Z @ 8
Event: 4.433 Thread 0x0000000016a78800 Uncommon trap: reason=class_check action=maybe_recompile pc=0x0000000002b498dc method=com.android.dx.rop.type.Type.equals(Ljava/lang/Object;)Z @ 8

Internal exceptions (3 events):
Event: 0.170 Thread 0x000000000259d800 Exception <a 'java/lang/NoSuchMethodError': Method sun.misc.Unsafe.defineClass(Ljava/lang/String;[BII)Ljava/lang/Class; name or signature does not match> (0x00000000eab13098) thrown at [C:\workspace\8-2-build-windows-amd64-cygwin\jdk8u65\4987\hotspot\src\sz¹=›þÍÅ?
Event: 0.170 Thread 0x000000000259d800 Exception <a 'java/lang/NoSuchMethodError': Method sun.misc.Unsafe.prefetchRead(Ljava/lang/Object;J)V name or signature does not match> (0x00000000eab13380) thrown at [C:\workspace\8-2-build-windows-amd64-cygwin\jdk8u65\4987\hotspot\src\share\vm\prims\jni.dI¦¹@
Event: 3.466 Thread 0x0000000016a78000 Implicit null exception at 0x0000000002abd178 to 0x0000000002abe8f5

Events (10 events):
Event: 4.428 Thread 0x0000000016a78800 Uncommon trap: trap_request=0xffffffde fr.pc=0x0000000002b498dc
Event: 4.428 Thread 0x0000000016a78800 DEOPT PACKING pc=0x0000000002b498dc sp=0x000000001730ea10
Event: 4.428 Thread 0x0000000016a78800 DEOPT UNPACKING pc=0x000000000283582a sp=0x000000001730e9a8 mode 2
Event: 4.433 Thread 0x0000000016a78800 Uncommon trap: trap_request=0xffffffde fr.pc=0x0000000002b498dc
Event: 4.433 Thread 0x0000000016a78800 DEOPT PACKING pc=0x0000000002b498dc sp=0x000000001730e6a0
Event: 4.433 Thread 0x0000000016a78800 DEOPT UNPACKING pc=0x000000000283582a sp=0x000000001730e638 mode 2
Event: 4.636 Executing VM operation: EnableBiasedLocking
Event: 4.750 Executing VM operation: EnableBiasedLocking done
Event: 4.786 Thread 0x0000000016a78800 DEOPT PACKING pc=0x0000000002ad413a sp=0x000000001730e9d0
Event: 4.786 Thread 0x0000000016a78800 DEOPT UNPACKING pc=0x000000000283747f sp=0x000000001730e738 mode 0


Dynamic libraries:
0x00007ff778a00000 - 0x00007ff778a37000 	C:\Program Files\Java\jdk1.8.0_65\bin\java.exe
0x00007ffcf90f0000 - 0x00007ffcf92b2000 	C:\Windows\SYSTEM32\ntdll.dll
0x00007ffcf8af0000 - 0x00007ffcf8b9d000 	C:\Windows\system32\KERNEL32.DLL
0x00007ffcf64c0000 - 0x00007ffcf669d000 	C:\Windows\system32\KERNELBASE.dll
0x00007ffcf8ba0000 - 0x00007ffcf8c46000 	C:\Windows\system32\ADVAPI32.dll
0x00007ffcf8530000 - 0x00007ffcf85cd000 	C:\Windows\system32\msvcrt.dll
0x00007ffcf8a90000 - 0x00007ffcf8aeb000 	C:\Windows\system32\sechost.dll
0x00007ffcf8150000 - 0x00007ffcf8276000 	C:\Windows\system32\RPCRT4.dll
0x00007ffcf8280000 - 0x00007ffcf83ce000 	C:\Windows\system32\USER32.dll
0x00007ffcf8730000 - 0x00007ffcf88b5000 	C:\Windows\system32\GDI32.dll
0x00007ffced1d0000 - 0x00007ffced444000 	C:\Windows\WinSxS\amd64_microsoft.windows.common-controls_6595b64144ccf1df_6.0.10240.16384_none_f41f7b285750ef43\COMCTL32.dll
0x00007ffcf9040000 - 0x00007ffcf9076000 	C:\Windows\system32\IMM32.DLL
0x00007ffcf83d0000 - 0x00007ffcf852c000 	C:\Windows\system32\MSCTF.dll
0x00000000579e0000 - 0x0000000057ab2000 	C:\Program Files\Java\jdk1.8.0_65\jre\bin\msvcr100.dll
0x0000000057ea0000 - 0x0000000058729000 	C:\Program Files\Java\jdk1.8.0_65\jre\bin\server\jvm.dll
0x00007ffcf7dd0000 - 0x00007ffcf7dd8000 	C:\Windows\system32\PSAPI.DLL
0x00007ffce8ac0000 - 0x00007ffce8ac9000 	C:\Windows\SYSTEM32\WSOCK32.dll
0x00007ffcf9080000 - 0x00007ffcf90e9000 	C:\Windows\system32\WS2_32.dll
0x00007ffcf7de0000 - 0x00007ffcf7de8000 	C:\Windows\system32\NSI.dll
0x00007ffcf3d00000 - 0x00007ffcf3d23000 	C:\Windows\SYSTEM32\WINMM.dll
0x00007ffcf3080000 - 0x00007ffcf308a000 	C:\Windows\SYSTEM32\VERSION.dll
0x00007ffcf3bc0000 - 0x00007ffcf3bec000 	C:\Windows\SYSTEM32\WINMMBASE.dll
0x00007ffcf5c70000 - 0x00007ffcf5cb4000 	C:\Windows\system32\cfgmgr32.dll
0x00007ffcf4490000 - 0x00007ffcf44b7000 	C:\Windows\SYSTEM32\DEVOBJ.dll
0x0000000057e90000 - 0x0000000057e9f000 	C:\Program Files\Java\jdk1.8.0_65\jre\bin\verify.dll
0x0000000057e60000 - 0x0000000057e89000 	C:\Program Files\Java\jdk1.8.0_65\jre\bin\java.dll
0x0000000057e40000 - 0x0000000057e56000 	C:\Program Files\Java\jdk1.8.0_65\jre\bin\zip.dll
0x00007ffcf67c0000 - 0x00007ffcf7ce3000 	C:\Windows\system32\SHELL32.dll
0x00007ffcf5cc0000 - 0x00007ffcf62e9000 	C:\Windows\system32\windows.storage.dll
0x00007ffcf8d00000 - 0x00007ffcf8f7c000 	C:\Windows\system32\combase.dll
0x00007ffcf8080000 - 0x00007ffcf80d1000 	C:\Windows\system32\shlwapi.dll
0x00007ffcf5b60000 - 0x00007ffcf5b6f000 	C:\Windows\system32\kernel.appcore.dll
0x00007ffcf6700000 - 0x00007ffcf67b3000 	C:\Windows\system32\shcore.dll
0x00007ffcf5b70000 - 0x00007ffcf5bba000 	C:\Windows\system32\powrprof.dll
0x00007ffcf5b20000 - 0x00007ffcf5b33000 	C:\Windows\system32\profapi.dll

VM Arguments:
jvm_args: -Djava.awt.headless=true -Xmx1024M -Dfile.encoding=windows-1251 -Duser.country=RU -Duser.language=ru -Duser.variant 
java_command: com.android.dx.command.Main --dex --force-jumbo --num-threads=4 --multi-dex --output C:\Users\Azat\Desktop\RemindMeApplication-master\WeatherGDG\app\build\intermediates\transforms\dex\debug\folders\1000\5\slice_4 C:\Users\Azat\Desktop\RemindMeApplication-master\WeatherGDG\app\build\intermediates\transforms\instantRunSlicer\debug\folders\1\5\slice_4
java_class_path (initial): C:\Users\Azat\AppData\Local\Android\sdk1\build-tools\23.0.3\lib\dx.jar
Launcher Type: SUN_STANDARD

Environment Variables:
JAVA_HOME=C:\Program Files\Java\jdk1.8.0_65
PATH=C:\Program Files (x86)\NVIDIA Corporation\PhysX\Common;C:\Program Files (x86)\Common Files\Intel\Shared Files\cpp\bin\Intel64;C:\ProgramData\Oracle\Java\javapath;C:\Windows\system32;C:\Windows;C:\Windows\System32\Wbem;C:\Windows\System32\WindowsPowerShell\v1.0\;C:\Program Files (x86)\AMD\ATI.ACE\Core-Static;C:\Program Files (x86)\ATI Technologies\ATI.ACE\Core-Static;C:\Program Files (x86)\CodeBlocks\MinGW\bin;C:\Program Files (x86)\CMake\bin;C:\Windows\system32\config\systemprofile\.dnx\bin;C:\Program Files\Microsoft DNX\Dnvm\;C:\Program Files (x86)\Windows Kits\8.1\Windows Performance Toolkit\;C:\Program Files (x86)\Skype\Phone\;C:\Program Files (x86)\GtkSharp\2.12\bin;C:\Program Files (x86)\PuTTY\;C:\Program Files\TortoiseGit\bin;C:\Program Files\Microsoft SQL Server\120\Tools\Binn\;C:\Ruby23-x64\bin;C:\Users\Azat\Anaconda2;C:\Users\Azat\Anaconda2\Scripts;C:\Users\Azat\Anaconda2\Library\bin
USERNAME=Azat
OS=Windows_NT
PROCESSOR_IDENTIFIER=AMD64 Family 18 Model 1 Stepping 0, AuthenticAMD



---------------  S Y S T E M  ---------------

OS: Windows 10.0 , 64 bit Build 10240 (10.0.10240.16384)

CPU:total 4 (4 cores per cpu, 1 threads per core) family 18 model 1 stepping 0, cmov, cx8, fxsr, mmx, sse, sse2, sse3, popcnt, mmxext, 3dnowpref, lzcnt, sse4a, tsc, tscinvbit, tscinv

Memory: 4k page, physical 5740652k(549784k free), swap 8365312k(5144k free)

vm_info: Java HotSpot(TM) 64-Bit Server VM (25.65-b01) for windows-amd64 JRE (1.8.0_65-b17), built on Oct  6 2015 16:39:20 by "java_re" with MS VC++ 10.0 (VS2010)

time: Mon Aug 15 18:47:48 2016
elapsed time: 4 seconds (0d 0h 0m 4s)

