#
# There is insufficient memory for the Java Runtime Environment to continue.
# Native memory allocation (malloc) failed to allocate 316016 bytes for Chunk::new
# Possible reasons:
#   The system is out of physical RAM or swap space
#   In 32 bit mode, the process size limit was hit
# Possible solutions:
#   Reduce memory load on the system
#   Increase physical memory or swap space
#   Check if swap backing store is full
#   Use 64 bit Java on a 64 bit OS
#   Decrease Java heap size (-Xmx/-Xms)
#   Decrease number of Java threads
#   Decrease Java thread stack sizes (-Xss)
#   Set larger code cache with -XX:ReservedCodeCacheSize=
# This output file may be truncated or incomplete.
#
#  Out of Memory Error (allocation.cpp:390), pid=8632, tid=8652
#
# JRE version: Java(TM) SE Runtime Environment (8.0_65-b17) (build 1.8.0_65-b17)
# Java VM: Java HotSpot(TM) 64-Bit Server VM (25.65-b01 mixed mode windows-amd64 compressed oops)
# Failed to write core dump. Minidumps are not enabled by default on client versions of Windows
#

---------------  T H R E A D  ---------------

Current thread (0x00000000148ee000):  JavaThread "C2 CompilerThread0" daemon [_thread_in_native, id=8652, stack(0x0000000015e40000,0x0000000015f40000)]

Stack: [0x0000000015e40000,0x0000000015f40000]
[error occurred during error reporting (printing stack bounds), id 0xc0000005]

Native frames: (J=compiled Java code, j=interpreted, Vv=VM code, C=native code)


Current CompileTask:
C2:   8417 1154       4       com.android.dx.ssa.SsaBasicBlock::forEachInsn (37 bytes)


---------------  P R O C E S S  ---------------

Java Threads: ( => current thread )
  0x00000000163d9000 JavaThread "pool-2-thread-4" [_thread_in_Java, id=7412, stack(0x0000000016b40000,0x0000000016c40000)]
  0x0000000016375000 JavaThread "pool-2-thread-3" [_thread_in_Java, id=5392, stack(0x0000000016a40000,0x0000000016b40000)]
  0x0000000016374000 JavaThread "pool-2-thread-2" [_thread_blocked, id=1040, stack(0x0000000016940000,0x0000000016a40000)]
  0x00000000162db800 JavaThread "pool-3-thread-1" [_thread_blocked, id=8576, stack(0x0000000016840000,0x0000000016940000)]
  0x00000000162d8800 JavaThread "pool-2-thread-1" [_thread_in_Java, id=3472, stack(0x0000000016740000,0x0000000016840000)]
  0x0000000016142000 JavaThread "Service Thread" daemon [_thread_blocked, id=5232, stack(0x0000000016540000,0x0000000016640000)]
  0x000000001494b000 JavaThread "C1 CompilerThread2" daemon [_thread_in_vm, id=6036, stack(0x0000000016040000,0x0000000016140000)]
  0x0000000014948800 JavaThread "C2 CompilerThread1" daemon [_thread_in_native, id=8404, stack(0x0000000015f40000,0x0000000016040000)]
=>0x00000000148ee000 JavaThread "C2 CompilerThread0" daemon [_thread_in_native, id=8652, stack(0x0000000015e40000,0x0000000015f40000)]
  0x00000000148ec000 JavaThread "Attach Listener" daemon [_thread_blocked, id=8264, stack(0x0000000015d40000,0x0000000015e40000)]
  0x00000000148eb000 JavaThread "Signal Dispatcher" daemon [_thread_blocked, id=5224, stack(0x0000000015c40000,0x0000000015d40000)]
  0x0000000002111800 JavaThread "Finalizer" daemon [_thread_blocked, id=1244, stack(0x0000000015b40000,0x0000000015c40000)]
  0x000000000210e800 JavaThread "Reference Handler" daemon [_thread_blocked, id=9196, stack(0x0000000015a40000,0x0000000015b40000)]
  0x000000000221d800 JavaThread "main" [_thread_in_Java, id=5364, stack(0x0000000001eb0000,0x0000000001fb0000)]

Other Threads:
  0x00000000148b7000 VMThread [stack: 0x0000000015940000,0x0000000015a40000] [id=8856]
  0x000000001614a800 WatcherThread [stack: 0x0000000016640000,0x0000000016740000] [id=6688]

VM state:not at safepoint (normal execution)

VM Mutex/Monitor currently owned by a thread: None

Heap:
 PSYoungGen      total 26112K, used 7487K [0x00000000eab00000, 0x00000000ec800000, 0x0000000100000000)
  eden space 22528K, 17% used [0x00000000eab00000,0x00000000eaed18f0,0x00000000ec100000)
  from space 3584K, 99% used [0x00000000ec100000,0x00000000ec47e430,0x00000000ec480000)
  to   space 3584K, 0% used [0x00000000ec480000,0x00000000ec480000,0x00000000ec800000)
 ParOldGen       total 60416K, used 1473K [0x00000000c0000000, 0x00000000c3b00000, 0x00000000eab00000)
  object space 60416K, 2% used [0x00000000c0000000,0x00000000c0170648,0x00000000c3b00000)
 Metaspace       used 5923K, capacity 6832K, committed 7040K, reserved 1056768K
  class space    used 597K, capacity 616K, committed 640K, reserved 1048576K

Card table byte_map: [0x00000000115e0000,0x00000000117f0000] byte_map_base: 0x0000000010fe0000

Marking Bits: (ParMarkBitMap*) 0x00000000586aa5b0
 Begin Bits: [0x0000000011d50000, 0x0000000012d50000)
 End Bits:   [0x0000000012d50000, 0x0000000013d50000)

Polling page: 0x0000000001fb0000

CodeCache: size=245760Kb used=4526Kb max_used=4526Kb free=241233Kb
 bounds [0x0000000002220000, 0x0000000002690000, 0x0000000011220000]
 total_blobs=1427 nmethods=1159 adapters=182
 compilation: enabled

Compilation events (10 events):
Event: 8.400 Thread 0x000000001494b000 1156       3       com.android.dx.rop.code.BasicBlockList$RegCountVisitor::visitThrowingInsn (6 bytes)
Event: 8.400 Thread 0x000000001494b000 nmethod 1156 0x0000000002684690 code [0x0000000002684800, 0x0000000002684988]
Event: 8.400 Thread 0x000000001494b000 1159       1       com.android.dx.rop.code.DexTranslationAdvice::getMaxOptimalRegisterCount (3 bytes)
Event: 8.400 Thread 0x000000001494b000 nmethod 1159 0x0000000002681d10 code [0x0000000002681e60, 0x0000000002681f70]
Event: 8.400 Thread 0x0000000014948800 nmethod 1136 0x0000000002685010 code [0x0000000002685160, 0x00000000026851c8]
Event: 8.400 Thread 0x0000000014948800 1127       4       com.android.dx.util.BitIntSet$1::hasNext (13 bytes)
Event: 8.401 Thread 0x0000000014948800 nmethod 1127 0x000000000265fb50 code [0x000000000265fc80, 0x000000000265fcf8]
Event: 8.401 Thread 0x0000000014948800 1141       4       java.lang.Math::min (11 bytes)
Event: 8.402 Thread 0x0000000014948800 nmethod 1141 0x000000000265ffd0 code [0x0000000002660100, 0x0000000002660158]
Event: 8.404 Thread 0x0000000014948800 1160       4       com.android.dx.rop.code.RopMethod::labelToPredecessors (54 bytes)

GC Heap History (2 events):
Event: 8.307 GC heap before
{Heap before GC invocations=1 (full 0):
 PSYoungGen      total 26112K, used 22528K [0x00000000eab00000, 0x00000000ec800000, 0x0000000100000000)
  eden space 22528K, 100% used [0x00000000eab00000,0x00000000ec100000,0x00000000ec100000)
  from space 3584K, 0% used [0x00000000ec480000,0x00000000ec480000,0x00000000ec800000)
  to   space 3584K, 0% used [0x00000000ec100000,0x00000000ec100000,0x00000000ec480000)
 ParOldGen       total 60416K, used 0K [0x00000000c0000000, 0x00000000c3b00000, 0x00000000eab00000)
  object space 60416K, 0% used [0x00000000c0000000,0x00000000c0000000,0x00000000c3b00000)
 Metaspace       used 5901K, capacity 6832K, committed 7040K, reserved 1056768K
  class space    used 597K, capacity 616K, committed 640K, reserved 1048576K
Event: 8.332 GC heap after
Heap after GC invocations=1 (full 0):
 PSYoungGen      total 26112K, used 3577K [0x00000000eab00000, 0x00000000ec800000, 0x0000000100000000)
  eden space 22528K, 0% used [0x00000000eab00000,0x00000000eab00000,0x00000000ec100000)
  from space 3584K, 99% used [0x00000000ec100000,0x00000000ec47e430,0x00000000ec480000)
  to   space 3584K, 0% used [0x00000000ec480000,0x00000000ec480000,0x00000000ec800000)
 ParOldGen       total 60416K, used 1473K [0x00000000c0000000, 0x00000000c3b00000, 0x00000000eab00000)
  object space 60416K, 2% used [0x00000000c0000000,0x00000000c0170648,0x00000000c3b00000)
 Metaspace       used 5901K, capacity 6832K, committed 7040K, reserved 1056768K
  class space    used 597K, capacity 616K, committed 640K, reserved 1048576K
}

Deoptimization events (8 events):
Event: 7.227 Thread 0x000000000221d800 Uncommon trap: reason=unstable_if action=reinterpret pc=0x00000000024c4ff4 method=java.util.BitSet.ensureCapacity(I)V @ 6
Event: 7.227 Thread 0x000000000221d800 Uncommon trap: reason=unstable_if action=reinterpret pc=0x00000000024ed370 method=java.util.BitSet.ensureCapacity(I)V @ 6
Event: 7.656 Thread 0x000000000221d800 Uncommon trap: reason=bimorphic action=maybe_recompile pc=0x00000000024f832c method=java.util.HashMap.getNode(ILjava/lang/Object;)Ljava/util/HashMap$Node; @ 126
Event: 7.656 Thread 0x000000000221d800 Uncommon trap: reason=bimorphic action=maybe_recompile pc=0x00000000024f832c method=java.util.HashMap.getNode(ILjava/lang/Object;)Ljava/util/HashMap$Node; @ 126
Event: 7.656 Thread 0x000000000221d800 Uncommon trap: reason=bimorphic action=maybe_recompile pc=0x00000000024f832c method=java.util.HashMap.getNode(ILjava/lang/Object;)Ljava/util/HashMap$Node; @ 126
Event: 7.656 Thread 0x000000000221d800 Uncommon trap: reason=bimorphic action=maybe_recompile pc=0x00000000024f832c method=java.util.HashMap.getNode(ILjava/lang/Object;)Ljava/util/HashMap$Node; @ 126
Event: 7.656 Thread 0x000000000221d800 Uncommon trap: reason=bimorphic action=maybe_recompile pc=0x0000000002457a1c method=java.util.HashMap.getNode(ILjava/lang/Object;)Ljava/util/HashMap$Node; @ 126
Event: 8.380 Thread 0x0000000016374000 Uncommon trap: reason=null_check action=make_not_entrant pc=0x00000000025ad480 method=com.android.dx.ssa.SsaRenamer.getLocalForNewReg(I)Lcom/android/dx/rop/code/LocalItem; @ 19

Internal exceptions (3 events):
Event: 0.305 Thread 0x000000000221d800 Exception <a 'java/lang/NoSuchMethodError': Method sun.misc.Unsafe.defineClass(Ljava/lang/String;[BII)Ljava/lang/Class; name or signature does not match> (0x00000000eab13098) thrown at [C:\workspace\8-2-build-windows-amd64-cygwin\jdk8u65\4987\hotspot\src\sU ¤€‡Ó?
Event: 0.305 Thread 0x000000000221d800 Exception <a 'java/lang/NoSuchMethodError': Method sun.misc.Unsafe.prefetchRead(Ljava/lang/Object;J)V name or signature does not match> (0x00000000eab13380) thrown at [C:\workspace\8-2-build-windows-amd64-cygwin\jdk8u65\4987\hotspot\src\share\vm\prims\jni.1NÎ‚Â @
Event: 8.380 Thread 0x0000000016374000 Implicit null exception at 0x00000000025ac181 to 0x00000000025ad459

Events (10 events):
Event: 7.656 Thread 0x000000000221d800 DEOPT PACKING pc=0x00000000024f832c sp=0x0000000001fae340
Event: 7.656 Thread 0x000000000221d800 DEOPT UNPACKING pc=0x000000000226582a sp=0x0000000001fae268 mode 2
Event: 7.656 Thread 0x000000000221d800 Uncommon trap: trap_request=0xffffffc6 fr.pc=0x0000000002457a1c
Event: 7.656 Thread 0x000000000221d800 DEOPT PACKING pc=0x0000000002457a1c sp=0x0000000001fae2f0
Event: 7.656 Thread 0x000000000221d800 DEOPT UNPACKING pc=0x000000000226582a sp=0x0000000001fae278 mode 2
Event: 8.296 Executing VM operation: ParallelGCFailedAllocation
Event: 8.332 Executing VM operation: ParallelGCFailedAllocation done
Event: 8.380 Thread 0x0000000016374000 Uncommon trap: trap_request=0xfffffff4 fr.pc=0x00000000025ad480
Event: 8.380 Thread 0x0000000016374000 DEOPT PACKING pc=0x00000000025ad480 sp=0x0000000016a3e910
Event: 8.380 Thread 0x0000000016374000 DEOPT UNPACKING pc=0x000000000226582a sp=0x0000000016a3e748 mode 2


Dynamic libraries:
0x00007ff778a00000 - 0x00007ff778a37000 	C:\Program Files\Java\jdk1.8.0_65\bin\java.exe
0x00007ffcf90f0000 - 0x00007ffcf92b2000 	C:\Windows\SYSTEM32\ntdll.dll
0x00007ffcf8af0000 - 0x00007ffcf8b9d000 	C:\Windows\system32\KERNEL32.DLL
0x00007ffcf64c0000 - 0x00007ffcf669d000 	C:\Windows\system32\KERNELBASE.dll
0x00007ffcf8ba0000 - 0x00007ffcf8c46000 	C:\Windows\system32\ADVAPI32.dll
0x00007ffcf8530000 - 0x00007ffcf85cd000 	C:\Windows\system32\msvcrt.dll
0x00007ffcf8a90000 - 0x00007ffcf8aeb000 	C:\Windows\system32\sechost.dll
0x00007ffcf8150000 - 0x00007ffcf8276000 	C:\Windows\system32\RPCRT4.dll
0x00007ffcf8280000 - 0x00007ffcf83ce000 	C:\Windows\system32\USER32.dll
0x00007ffcf8730000 - 0x00007ffcf88b5000 	C:\Windows\system32\GDI32.dll
0x00007ffced1d0000 - 0x00007ffced444000 	C:\Windows\WinSxS\amd64_microsoft.windows.common-controls_6595b64144ccf1df_6.0.10240.16384_none_f41f7b285750ef43\COMCTL32.dll
0x00007ffcf9040000 - 0x00007ffcf9076000 	C:\Windows\system32\IMM32.DLL
0x00007ffcf83d0000 - 0x00007ffcf852c000 	C:\Windows\system32\MSCTF.dll
0x00000000579e0000 - 0x0000000057ab2000 	C:\Program Files\Java\jdk1.8.0_65\jre\bin\msvcr100.dll
0x0000000057ea0000 - 0x0000000058729000 	C:\Program Files\Java\jdk1.8.0_65\jre\bin\server\jvm.dll
0x00007ffcf7dd0000 - 0x00007ffcf7dd8000 	C:\Windows\system32\PSAPI.DLL
0x00007ffce8ac0000 - 0x00007ffce8ac9000 	C:\Windows\SYSTEM32\WSOCK32.dll
0x00007ffcf9080000 - 0x00007ffcf90e9000 	C:\Windows\system32\WS2_32.dll
0x00007ffcf7de0000 - 0x00007ffcf7de8000 	C:\Windows\system32\NSI.dll
0x00007ffcf3d00000 - 0x00007ffcf3d23000 	C:\Windows\SYSTEM32\WINMM.dll
0x00007ffcf3080000 - 0x00007ffcf308a000 	C:\Windows\SYSTEM32\VERSION.dll
0x00007ffcf3bc0000 - 0x00007ffcf3bec000 	C:\Windows\SYSTEM32\WINMMBASE.dll
0x00007ffcf5c70000 - 0x00007ffcf5cb4000 	C:\Windows\system32\cfgmgr32.dll
0x00007ffcf4490000 - 0x00007ffcf44b7000 	C:\Windows\SYSTEM32\DEVOBJ.dll
0x0000000057e90000 - 0x0000000057e9f000 	C:\Program Files\Java\jdk1.8.0_65\jre\bin\verify.dll
0x0000000057e60000 - 0x0000000057e89000 	C:\Program Files\Java\jdk1.8.0_65\jre\bin\java.dll
0x0000000057e40000 - 0x0000000057e56000 	C:\Program Files\Java\jdk1.8.0_65\jre\bin\zip.dll
0x00007ffcf67c0000 - 0x00007ffcf7ce3000 	C:\Windows\system32\SHELL32.dll
0x00007ffcf5cc0000 - 0x00007ffcf62e9000 	C:\Windows\system32\windows.storage.dll
0x00007ffcf8d00000 - 0x00007ffcf8f7c000 	C:\Windows\system32\combase.dll
0x00007ffcf8080000 - 0x00007ffcf80d1000 	C:\Windows\system32\shlwapi.dll
0x00007ffcf5b60000 - 0x00007ffcf5b6f000 	C:\Windows\system32\kernel.appcore.dll
0x00007ffcf6700000 - 0x00007ffcf67b3000 	C:\Windows\system32\shcore.dll
0x00007ffcf5b70000 - 0x00007ffcf5bba000 	C:\Windows\system32\powrprof.dll
0x00007ffcf5b20000 - 0x00007ffcf5b33000 	C:\Windows\system32\profapi.dll

VM Arguments:
jvm_args: -Djava.awt.headless=true -Xmx1024M -Dfile.encoding=windows-1251 -Duser.country=RU -Duser.language=ru -Duser.variant 
java_command: com.android.dx.command.Main --dex --force-jumbo --num-threads=4 --multi-dex --output C:\Users\Azat\Desktop\RemindMeApplication-master\WeatherGDG\app\build\intermediates\transforms\dex\debug\folders\1000\10\okio-1.8.0_bcbb69d9ba364bd9df5b86a7df4e4891faef4e16 C:\Users\Azat\.gradle\caches\modules-2\files-2.1\com.squareup.okio\okio\1.8.0\5ea7af56cc7c567ed9856d99efb30740e9b17ff\okio-1.8.0.jar
java_class_path (initial): C:\Users\Azat\AppData\Local\Android\sdk1\build-tools\23.0.3\lib\dx.jar
Launcher Type: SUN_STANDARD

Environment Variables:
JAVA_HOME=C:\Program Files\Java\jdk1.8.0_65
PATH=C:\Program Files (x86)\NVIDIA Corporation\PhysX\Common;C:\Program Files (x86)\Common Files\Intel\Shared Files\cpp\bin\Intel64;C:\ProgramData\Oracle\Java\javapath;C:\Windows\system32;C:\Windows;C:\Windows\System32\Wbem;C:\Windows\System32\WindowsPowerShell\v1.0\;C:\Program Files (x86)\AMD\ATI.ACE\Core-Static;C:\Program Files (x86)\ATI Technologies\ATI.ACE\Core-Static;C:\Program Files (x86)\CodeBlocks\MinGW\bin;C:\Program Files (x86)\CMake\bin;C:\Windows\system32\config\systemprofile\.dnx\bin;C:\Program Files\Microsoft DNX\Dnvm\;C:\Program Files (x86)\Windows Kits\8.1\Windows Performance Toolkit\;C:\Program Files (x86)\Skype\Phone\;C:\Program Files (x86)\GtkSharp\2.12\bin;C:\Program Files (x86)\PuTTY\;C:\Program Files\TortoiseGit\bin;C:\Program Files\Microsoft SQL Server\120\Tools\Binn\;C:\Ruby23-x64\bin;C:\Users\Azat\Anaconda2;C:\Users\Azat\Anaconda2\Scripts;C:\Users\Azat\Anaconda2\Library\bin
USERNAME=Azat
OS=Windows_NT
PROCESSOR_IDENTIFIER=AMD64 Family 18 Model 1 Stepping 0, AuthenticAMD



---------------  S Y S T E M  ---------------

OS: Windows 10.0 , 64 bit Build 10240 (10.0.10240.16384)

CPU:total 4 (4 cores per cpu, 1 threads per core) family 18 model 1 stepping 0, cmov, cx8, fxsr, mmx, sse, sse2, sse3, popcnt, mmxext, 3dnowpref, lzcnt, sse4a, tsc, tscinvbit, tscinv

Memory: 4k page, physical 5740652k(814916k free), swap 8418848k(4220k free)

vm_info: Java HotSpot(TM) 64-Bit Server VM (25.65-b01) for windows-amd64 JRE (1.8.0_65-b17), built on Oct  6 2015 16:39:20 by "java_re" with MS VC++ 10.0 (VS2010)

time: Mon Aug 15 18:52:39 2016
elapsed time: 8 seconds (0d 0h 0m 8s)

