#
# There is insufficient memory for the Java Runtime Environment to continue.
# Native memory allocation (malloc) failed to allocate 589136 bytes for Chunk::new
# Possible reasons:
#   The system is out of physical RAM or swap space
#   In 32 bit mode, the process size limit was hit
# Possible solutions:
#   Reduce memory load on the system
#   Increase physical memory or swap space
#   Check if swap backing store is full
#   Use 64 bit Java on a 64 bit OS
#   Decrease Java heap size (-Xmx/-Xms)
#   Decrease number of Java threads
#   Decrease Java thread stack sizes (-Xss)
#   Set larger code cache with -XX:ReservedCodeCacheSize=
# This output file may be truncated or incomplete.
#
#  Out of Memory Error (allocation.cpp:390), pid=5760, tid=8900
#
# JRE version: Java(TM) SE Runtime Environment (8.0_65-b17) (build 1.8.0_65-b17)
# Java VM: Java HotSpot(TM) 64-Bit Server VM (25.65-b01 mixed mode windows-amd64 compressed oops)
# Failed to write core dump. Minidumps are not enabled by default on client versions of Windows
#

---------------  T H R E A D  ---------------

Current thread (0x0000000014b99800):  JavaThread "C2 CompilerThread0" daemon [_thread_in_native, id=8900, stack(0x00000000165e0000,0x00000000166e0000)]

Stack: [0x00000000165e0000,0x00000000166e0000]
[error occurred during error reporting (printing stack bounds), id 0xc0000005]

Native frames: (J=compiled Java code, j=interpreted, Vv=VM code, C=native code)


Current CompileTask:
C2:  25153 2130       4       com.android.dx.rop.code.RegisterSpec::withReg (23 bytes)


---------------  P R O C E S S  ---------------

Java Threads: ( => current thread )
  0x0000000016b4c000 JavaThread "pool-1-thread-1" [_thread_in_vm, id=8920, stack(0x0000000016ee0000,0x0000000016fe0000)]
  0x0000000014bee000 JavaThread "Service Thread" daemon [_thread_blocked, id=7320, stack(0x0000000016ce0000,0x0000000016de0000)]
  0x0000000014beb000 JavaThread "C1 CompilerThread2" daemon [_thread_blocked, id=4284, stack(0x00000000167e0000,0x00000000168e0000)]
  0x0000000014b8d800 JavaThread "C2 CompilerThread1" daemon [_thread_blocked, id=2804, stack(0x00000000166e0000,0x00000000167e0000)]
=>0x0000000014b99800 JavaThread "C2 CompilerThread0" daemon [_thread_in_native, id=8900, stack(0x00000000165e0000,0x00000000166e0000)]
  0x0000000014b98000 JavaThread "Attach Listener" daemon [_thread_blocked, id=8508, stack(0x00000000164e0000,0x00000000165e0000)]
  0x0000000014b96800 JavaThread "Signal Dispatcher" daemon [_thread_blocked, id=8992, stack(0x00000000163e0000,0x00000000164e0000)]
  0x00000000024b0800 JavaThread "Finalizer" daemon [_thread_blocked, id=5196, stack(0x00000000161f0000,0x00000000162f0000)]
  0x0000000014b59000 JavaThread "Reference Handler" daemon [_thread_blocked, id=7980, stack(0x00000000160f0000,0x00000000161f0000)]
  0x00000000023bd800 JavaThread "main" [_thread_blocked, id=8140, stack(0x00000000021e0000,0x00000000022e0000)]

Other Threads:
  0x0000000014b57800 VMThread [stack: 0x0000000015ff0000,0x00000000160f0000] [id=9164]
  0x00000000168e7000 WatcherThread [stack: 0x0000000016de0000,0x0000000016ee0000] [id=8352]

VM state:not at safepoint (normal execution)

VM Mutex/Monitor currently owned by a thread: None

Heap:
 PSYoungGen      total 48640K, used 36790K [0x00000000eab00000, 0x00000000ede00000, 0x0000000100000000)
  eden space 45056K, 73% used [0x00000000eab00000,0x00000000ecb73388,0x00000000ed700000)
  from space 3584K, 99% used [0x00000000eda80000,0x00000000eddfa5c0,0x00000000ede00000)
  to   space 3584K, 0% used [0x00000000ed700000,0x00000000ed700000,0x00000000eda80000)
 ParOldGen       total 60416K, used 24419K [0x00000000c0000000, 0x00000000c3b00000, 0x00000000eab00000)
  object space 60416K, 40% used [0x00000000c0000000,0x00000000c17d8ff0,0x00000000c3b00000)
 Metaspace       used 6640K, capacity 6748K, committed 6912K, reserved 1062912K
  class space    used 639K, capacity 656K, committed 768K, reserved 1048576K

Card table byte_map: [0x0000000011880000,0x0000000011a90000] byte_map_base: 0x0000000011280000

Marking Bits: (ParMarkBitMap*) 0x00000000586aa5b0
 Begin Bits: [0x0000000011ff0000, 0x0000000012ff0000)
 End Bits:   [0x0000000012ff0000, 0x0000000013ff0000)

Polling page: 0x0000000000aa0000

CodeCache: size=245760Kb used=8726Kb max_used=8726Kb free=237033Kb
 bounds [0x00000000024c0000, 0x0000000002d50000, 0x00000000114c0000]
 total_blobs=2301 nmethods=2032 adapters=182
 compilation: enabled

Compilation events (10 events):
Event: 25.043 Thread 0x0000000014beb000 nmethod 2125 0x0000000002d48350 code [0x0000000002d484c0, 0x0000000002d48768]
Event: 25.046 Thread 0x0000000014beb000 2126       1       com.android.dx.dex.code.form.Form21c::codeSize (2 bytes)
Event: 25.047 Thread 0x0000000014beb000 nmethod 2126 0x0000000002d40310 code [0x0000000002d40460, 0x0000000002d40570]
Event: 25.058 Thread 0x0000000014beb000 2127       3       com.android.dx.dex.code.OutputFinisher::findOpcodeForInsn (51 bytes)
Event: 25.059 Thread 0x0000000014beb000 nmethod 2127 0x0000000002d4ad50 code [0x0000000002d4af20, 0x0000000002d4b6f8]
Event: 25.059 Thread 0x0000000014beb000 2128       1       com.android.dx.dex.code.Dop::getNextOpcode (5 bytes)
Event: 25.060 Thread 0x0000000014beb000 nmethod 2128 0x0000000002d48090 code [0x0000000002d481e0, 0x0000000002d482f0]
Event: 25.060 Thread 0x0000000014beb000 2129       3       com.android.dx.dex.code.form.Form11n::isCompatible (89 bytes)
Event: 25.061 Thread 0x0000000014b99800 2130       4       com.android.dx.rop.code.RegisterSpec::withReg (23 bytes)
Event: 25.062 Thread 0x0000000014beb000 nmethod 2129 0x0000000002d4ba90 code [0x0000000002d4bca0, 0x0000000002d4cba8]

GC Heap History (10 events):
Event: 12.102 GC heap before
{Heap before GC invocations=2 (full 0):
 PSYoungGen      total 26112K, used 26103K [0x00000000eab00000, 0x00000000ec800000, 0x0000000100000000)
  eden space 22528K, 100% used [0x00000000eab00000,0x00000000ec100000,0x00000000ec100000)
  from space 3584K, 99% used [0x00000000ec100000,0x00000000ec47dc98,0x00000000ec480000)
  to   space 3584K, 0% used [0x00000000ec480000,0x00000000ec480000,0x00000000ec800000)
 ParOldGen       total 60416K, used 1491K [0x00000000c0000000, 0x00000000c3b00000, 0x00000000eab00000)
  object space 60416K, 2% used [0x00000000c0000000,0x00000000c0174d70,0x00000000c3b00000)
 Metaspace       used 6123K, capacity 6196K, committed 6272K, reserved 1062912K
  class space    used 598K, capacity 616K, committed 640K, reserved 1048576K
Event: 12.156 GC heap after
Heap after GC invocations=2 (full 0):
 PSYoungGen      total 26112K, used 3570K [0x00000000eab00000, 0x00000000ede00000, 0x0000000100000000)
  eden space 22528K, 0% used [0x00000000eab00000,0x00000000eab00000,0x00000000ec100000)
  from space 3584K, 99% used [0x00000000ec480000,0x00000000ec7fc990,0x00000000ec800000)
  to   space 3584K, 0% used [0x00000000ec100000,0x00000000ec100000,0x00000000ec480000)
 ParOldGen       total 60416K, used 4203K [0x00000000c0000000, 0x00000000c3b00000, 0x00000000eab00000)
  object space 60416K, 6% used [0x00000000c0000000,0x00000000c041ac58,0x00000000c3b00000)
 Metaspace       used 6123K, capacity 6196K, committed 6272K, reserved 1062912K
  class space    used 598K, capacity 616K, committed 640K, reserved 1048576K
}
Event: 12.964 GC heap before
{Heap before GC invocations=3 (full 0):
 PSYoungGen      total 26112K, used 26098K [0x00000000eab00000, 0x00000000ede00000, 0x0000000100000000)
  eden space 22528K, 100% used [0x00000000eab00000,0x00000000ec100000,0x00000000ec100000)
  from space 3584K, 99% used [0x00000000ec480000,0x00000000ec7fc990,0x00000000ec800000)
  to   space 3584K, 0% used [0x00000000ec100000,0x00000000ec100000,0x00000000ec480000)
 ParOldGen       total 60416K, used 4203K [0x00000000c0000000, 0x00000000c3b00000, 0x00000000eab00000)
  object space 60416K, 6% used [0x00000000c0000000,0x00000000c041ac58,0x00000000c3b00000)
 Metaspace       used 6193K, capacity 6324K, committed 6528K, reserved 1062912K
  class space    used 600K, capacity 616K, committed 640K, reserved 1048576K
Event: 13.082 GC heap after
Heap after GC invocations=3 (full 0):
 PSYoungGen      total 26112K, used 3560K [0x00000000eab00000, 0x00000000ede00000, 0x0000000100000000)
  eden space 22528K, 0% used [0x00000000eab00000,0x00000000eab00000,0x00000000ec100000)
  from space 3584K, 99% used [0x00000000ec100000,0x00000000ec47a368,0x00000000ec480000)
  to   space 3584K, 0% used [0x00000000eda80000,0x00000000eda80000,0x00000000ede00000)
 ParOldGen       total 60416K, used 7779K [0x00000000c0000000, 0x00000000c3b00000, 0x00000000eab00000)
  object space 60416K, 12% used [0x00000000c0000000,0x00000000c0798fc0,0x00000000c3b00000)
 Metaspace       used 6193K, capacity 6324K, committed 6528K, reserved 1062912K
  class space    used 600K, capacity 616K, committed 640K, reserved 1048576K
}
Event: 13.657 GC heap before
{Heap before GC invocations=4 (full 0):
 PSYoungGen      total 26112K, used 26088K [0x00000000eab00000, 0x00000000ede00000, 0x0000000100000000)
  eden space 22528K, 100% used [0x00000000eab00000,0x00000000ec100000,0x00000000ec100000)
  from space 3584K, 99% used [0x00000000ec100000,0x00000000ec47a368,0x00000000ec480000)
  to   space 3584K, 0% used [0x00000000eda80000,0x00000000eda80000,0x00000000ede00000)
 ParOldGen       total 60416K, used 7779K [0x00000000c0000000, 0x00000000c3b00000, 0x00000000eab00000)
  object space 60416K, 12% used [0x00000000c0000000,0x00000000c0798fc0,0x00000000c3b00000)
 Metaspace       used 6319K, capacity 6428K, committed 6656K, reserved 1062912K
  class space    used 622K, capacity 656K, committed 768K, reserved 1048576K
Event: 13.719 GC heap after
Heap after GC invocations=4 (full 0):
 PSYoungGen      total 48640K, used 3581K [0x00000000eab00000, 0x00000000ede00000, 0x0000000100000000)
  eden space 45056K, 0% used [0x00000000eab00000,0x00000000eab00000,0x00000000ed700000)
  from space 3584K, 99% used [0x00000000eda80000,0x00000000eddff750,0x00000000ede00000)
  to   space 3584K, 0% used [0x00000000ed700000,0x00000000ed700000,0x00000000eda80000)
 ParOldGen       total 60416K, used 11414K [0x00000000c0000000, 0x00000000c3b00000, 0x00000000eab00000)
  object space 60416K, 18% used [0x00000000c0000000,0x00000000c0b25920,0x00000000c3b00000)
 Metaspace       used 6319K, capacity 6428K, committed 6656K, reserved 1062912K
  class space    used 622K, capacity 656K, committed 768K, reserved 1048576K
}
Event: 15.131 GC heap before
{Heap before GC invocations=5 (full 0):
 PSYoungGen      total 48640K, used 48637K [0x00000000eab00000, 0x00000000ede00000, 0x0000000100000000)
  eden space 45056K, 100% used [0x00000000eab00000,0x00000000ed700000,0x00000000ed700000)
  from space 3584K, 99% used [0x00000000eda80000,0x00000000eddff750,0x00000000ede00000)
  to   space 3584K, 0% used [0x00000000ed700000,0x00000000ed700000,0x00000000eda80000)
 ParOldGen       total 60416K, used 11414K [0x00000000c0000000, 0x00000000c3b00000, 0x00000000eab00000)
  object space 60416K, 18% used [0x00000000c0000000,0x00000000c0b25920,0x00000000c3b00000)
 Metaspace       used 6347K, capacity 6428K, committed 6656K, reserved 1062912K
  class space    used 622K, capacity 656K, committed 768K, reserved 1048576K
Event: 15.415 GC heap after
Heap after GC invocations=5 (full 0):
 PSYoungGen      total 48640K, used 3556K [0x00000000eab00000, 0x00000000ede00000, 0x0000000100000000)
  eden space 45056K, 0% used [0x00000000eab00000,0x00000000eab00000,0x00000000ed700000)
  from space 3584K, 99% used [0x00000000ed700000,0x00000000eda79068,0x00000000eda80000)
  to   space 3584K, 0% used [0x00000000eda80000,0x00000000eda80000,0x00000000ede00000)
 ParOldGen       total 60416K, used 18212K [0x00000000c0000000, 0x00000000c3b00000, 0x00000000eab00000)
  object space 60416K, 30% used [0x00000000c0000000,0x00000000c11c92f0,0x00000000c3b00000)
 Metaspace       used 6347K, capacity 6428K, committed 6656K, reserved 1062912K
  class space    used 622K, capacity 656K, committed 768K, reserved 1048576K
}
Event: 17.584 GC heap before
{Heap before GC invocations=6 (full 0):
 PSYoungGen      total 48640K, used 48612K [0x00000000eab00000, 0x00000000ede00000, 0x0000000100000000)
  eden space 45056K, 100% used [0x00000000eab00000,0x00000000ed700000,0x00000000ed700000)
  from space 3584K, 99% used [0x00000000ed700000,0x00000000eda79068,0x00000000eda80000)
  to   space 3584K, 0% used [0x00000000eda80000,0x00000000eda80000,0x00000000ede00000)
 ParOldGen       total 60416K, used 18212K [0x00000000c0000000, 0x00000000c3b00000, 0x00000000eab00000)
  object space 60416K, 30% used [0x00000000c0000000,0x00000000c11c92f0,0x00000000c3b00000)
 Metaspace       used 6365K, capacity 6428K, committed 6656K, reserved 1062912K
  class space    used 622K, capacity 656K, committed 768K, reserved 1048576K
Event: 17.712 GC heap after
Heap after GC invocations=6 (full 0):
 PSYoungGen      total 48640K, used 3561K [0x00000000eab00000, 0x00000000ede00000, 0x0000000100000000)
  eden space 45056K, 0% used [0x00000000eab00000,0x00000000eab00000,0x00000000ed700000)
  from space 3584K, 99% used [0x00000000eda80000,0x00000000eddfa5c0,0x00000000ede00000)
  to   space 3584K, 0% used [0x00000000ed700000,0x00000000ed700000,0x00000000eda80000)
 ParOldGen       total 60416K, used 24419K [0x00000000c0000000, 0x00000000c3b00000, 0x00000000eab00000)
  object space 60416K, 40% used [0x00000000c0000000,0x00000000c17d8ff0,0x00000000c3b00000)
 Metaspace       used 6365K, capacity 6428K, committed 6656K, reserved 1062912K
  class space    used 622K, capacity 656K, committed 768K, reserved 1048576K
}

Deoptimization events (10 events):
Event: 19.795 Thread 0x0000000016b4c000 Uncommon trap: reason=class_check action=maybe_recompile pc=0x0000000002a4d1c4 method=java.util.Arrays.hashCode([Ljava/lang/Object;)I @ 43
Event: 19.796 Thread 0x0000000016b4c000 Uncommon trap: reason=class_check action=maybe_recompile pc=0x000000000299ce28 method=java.util.Arrays.hashCode([Ljava/lang/Object;)I @ 43
Event: 19.907 Thread 0x0000000016b4c000 Uncommon trap: reason=class_check action=maybe_recompile pc=0x000000000291dee4 method=java.util.HashMap.putVal(ILjava/lang/Object;Ljava/lang/Object;ZZ)Ljava/lang/Object; @ 203
Event: 23.674 Thread 0x0000000016b4c000 Uncommon trap: reason=speculate_class_check action=maybe_recompile pc=0x00000000028918a8 method=com.android.dx.util.FixedSizeList.equals(Ljava/lang/Object;)Z @ 25
Event: 23.674 Thread 0x0000000016b4c000 Uncommon trap: reason=unstable_if action=reinterpret pc=0x000000000287b034 method=java.util.Arrays.equals([Ljava/lang/Object;[Ljava/lang/Object;)Z @ 23
Event: 23.676 Thread 0x0000000016b4c000 Uncommon trap: reason=speculate_class_check action=maybe_recompile pc=0x00000000028918a8 method=com.android.dx.util.FixedSizeList.equals(Ljava/lang/Object;)Z @ 25
Event: 23.676 Thread 0x0000000016b4c000 Uncommon trap: reason=speculate_class_check action=maybe_recompile pc=0x00000000028918a8 method=com.android.dx.util.FixedSizeList.equals(Ljava/lang/Object;)Z @ 25
Event: 23.676 Thread 0x0000000016b4c000 Uncommon trap: reason=speculate_class_check action=maybe_recompile pc=0x00000000028918a8 method=com.android.dx.util.FixedSizeList.equals(Ljava/lang/Object;)Z @ 25
Event: 23.676 Thread 0x0000000016b4c000 Uncommon trap: reason=unstable_if action=reinterpret pc=0x0000000002c95c5c method=java.util.TreeMap.put(Ljava/lang/Object;Ljava/lang/Object;)Ljava/lang/Object; @ 163
Event: 25.048 Thread 0x0000000016b4c000 Uncommon trap: reason=unstable_if action=reinterpret pc=0x0000000002d13e4c method=com.android.dx.dex.code.OutputFinisher.findOpcodeForInsn(Lcom/android/dx/dex/code/DalvInsn;Lcom/android/dx/dex/code/Dop;)Lcom/android/dx/dex/code/Dop; @ 1

Internal exceptions (8 events):
Event: 3.030 Thread 0x00000000023bd800 Exception <a 'java/lang/NoSuchMethodError': Method sun.misc.Unsafe.defineClass(Ljava/lang/String;[BII)Ljava/lang/Class; name or signature does not match> (0x00000000eab13098) thrown at [C:\workspace\8-2-build-windows-amd64-cygwin\jdk8u65\4987\hotspot\src\s…{>
=@
Event: 3.030 Thread 0x00000000023bd800 Exception <a 'java/lang/NoSuchMethodError': Method sun.misc.Unsafe.prefetchRead(Ljava/lang/Object;J)V name or signature does not match> (0x00000000eab13380) thrown at [C:\workspace\8-2-build-windows-amd64-cygwin\jdk8u65\4987\hotspot\src\share\vm\prims\jni.	?*ÈÝ‰&@
Event: 11.269 Thread 0x0000000016b50000 Implicit null exception at 0x00000000027b3ae2 to 0x00000000027b3b81
Event: 12.692 Thread 0x0000000016b50000 Implicit null exception at 0x0000000002829c93 to 0x000000000282b15d
Event: 13.180 Thread 0x0000000016b5e800 Implicit null exception at 0x00000000028081ae to 0x00000000028088a5
Event: 13.392 Thread 0x00000000023bd800 Exception <a 'java/lang/ArrayIndexOutOfBoundsException': 18> (0x00000000eb8343a0) thrown at [C:\workspace\8-2-build-windows-amd64-cygwin\jdk8u65\4987\hotspot\src\share\vm\interpreter\interpreterRuntime.cpp, line 366]
Event: 13.395 Thread 0x00000000023bd800 Exception <a 'java/lang/ArrayIndexOutOfBoundsException'> (0x00000000eb835f20) thrown at [C:\workspace\8-2-build-windows-amd64-cygwin\jdk8u65\4987\hotspot\src\share\vm\runtime\sharedRuntime.cpp, line 605]
Event: 13.397 Thread 0x00000000023bd800 Exception <a 'java/lang/ArrayIndexOutOfBoundsException'> (0x00000000eb837208) thrown at [C:\workspace\8-2-build-windows-amd64-cygwin\jdk8u65\4987\hotspot\src\share\vm\runtime\sharedRuntime.cpp, line 605]

Events (10 events):
Event: 23.676 Thread 0x0000000016b4c000 Uncommon trap: trap_request=0xffffff65 fr.pc=0x0000000002c95c5c
Event: 23.676 Thread 0x0000000016b4c000 DEOPT PACKING pc=0x0000000002c95c5c sp=0x0000000016fdf050
Event: 23.676 Thread 0x0000000016b4c000 DEOPT UNPACKING pc=0x000000000250582a sp=0x0000000016fdeff0 mode 2
Event: 23.677 loading class com/android/dx/util/ByteArrayAnnotatedOutput
Event: 23.677 loading class com/android/dx/util/ByteArrayAnnotatedOutput done
Event: 25.048 Thread 0x0000000016b4c000 Uncommon trap: trap_request=0xffffff65 fr.pc=0x0000000002d13e4c
Event: 25.048 Thread 0x0000000016b4c000 DEOPT PACKING pc=0x0000000002d13e4c sp=0x0000000016fdee30
Event: 25.048 Thread 0x0000000016b4c000 DEOPT UNPACKING pc=0x000000000250582a sp=0x0000000016fdedd0 mode 2
Event: 25.048 loading class com/android/dx/rop/code/RegisterSpecList$Expander
Event: 25.048 loading class com/android/dx/rop/code/RegisterSpecList$Expander done


Dynamic libraries:
0x00007ff778a00000 - 0x00007ff778a37000 	C:\Program Files\Java\jdk1.8.0_65\bin\java.exe
0x00007ffcf90f0000 - 0x00007ffcf92b2000 	C:\Windows\SYSTEM32\ntdll.dll
0x00007ffcf8af0000 - 0x00007ffcf8b9d000 	C:\Windows\system32\KERNEL32.DLL
0x00007ffcf64c0000 - 0x00007ffcf669d000 	C:\Windows\system32\KERNELBASE.dll
0x00007ffcf8ba0000 - 0x00007ffcf8c46000 	C:\Windows\system32\ADVAPI32.dll
0x00007ffcf8530000 - 0x00007ffcf85cd000 	C:\Windows\system32\msvcrt.dll
0x00007ffcf8a90000 - 0x00007ffcf8aeb000 	C:\Windows\system32\sechost.dll
0x00007ffcf8150000 - 0x00007ffcf8276000 	C:\Windows\system32\RPCRT4.dll
0x00007ffcf8280000 - 0x00007ffcf83ce000 	C:\Windows\system32\USER32.dll
0x00007ffcf8730000 - 0x00007ffcf88b5000 	C:\Windows\system32\GDI32.dll
0x00007ffced1d0000 - 0x00007ffced444000 	C:\Windows\WinSxS\amd64_microsoft.windows.common-controls_6595b64144ccf1df_6.0.10240.16384_none_f41f7b285750ef43\COMCTL32.dll
0x00007ffcf9040000 - 0x00007ffcf9076000 	C:\Windows\system32\IMM32.DLL
0x00007ffcf83d0000 - 0x00007ffcf852c000 	C:\Windows\system32\MSCTF.dll
0x00000000579e0000 - 0x0000000057ab2000 	C:\Program Files\Java\jdk1.8.0_65\jre\bin\msvcr100.dll
0x0000000057ea0000 - 0x0000000058729000 	C:\Program Files\Java\jdk1.8.0_65\jre\bin\server\jvm.dll
0x00007ffcf7dd0000 - 0x00007ffcf7dd8000 	C:\Windows\system32\PSAPI.DLL
0x00007ffce8ac0000 - 0x00007ffce8ac9000 	C:\Windows\SYSTEM32\WSOCK32.dll
0x00007ffcf9080000 - 0x00007ffcf90e9000 	C:\Windows\system32\WS2_32.dll
0x00007ffcf7de0000 - 0x00007ffcf7de8000 	C:\Windows\system32\NSI.dll
0x00007ffcf3d00000 - 0x00007ffcf3d23000 	C:\Windows\SYSTEM32\WINMM.dll
0x00007ffcf3080000 - 0x00007ffcf308a000 	C:\Windows\SYSTEM32\VERSION.dll
0x00007ffcf3bc0000 - 0x00007ffcf3bec000 	C:\Windows\SYSTEM32\WINMMBASE.dll
0x00007ffcf5c70000 - 0x00007ffcf5cb4000 	C:\Windows\system32\cfgmgr32.dll
0x00007ffcf4490000 - 0x00007ffcf44b7000 	C:\Windows\SYSTEM32\DEVOBJ.dll
0x0000000057e90000 - 0x0000000057e9f000 	C:\Program Files\Java\jdk1.8.0_65\jre\bin\verify.dll
0x0000000057e60000 - 0x0000000057e89000 	C:\Program Files\Java\jdk1.8.0_65\jre\bin\java.dll
0x0000000057e40000 - 0x0000000057e56000 	C:\Program Files\Java\jdk1.8.0_65\jre\bin\zip.dll
0x00007ffcf67c0000 - 0x00007ffcf7ce3000 	C:\Windows\system32\SHELL32.dll
0x00007ffcf5cc0000 - 0x00007ffcf62e9000 	C:\Windows\system32\windows.storage.dll
0x00007ffcf8d00000 - 0x00007ffcf8f7c000 	C:\Windows\system32\combase.dll
0x00007ffcf8080000 - 0x00007ffcf80d1000 	C:\Windows\system32\shlwapi.dll
0x00007ffcf5b60000 - 0x00007ffcf5b6f000 	C:\Windows\system32\kernel.appcore.dll
0x00007ffcf6700000 - 0x00007ffcf67b3000 	C:\Windows\system32\shcore.dll
0x00007ffcf5b70000 - 0x00007ffcf5bba000 	C:\Windows\system32\powrprof.dll
0x00007ffcf5b20000 - 0x00007ffcf5b33000 	C:\Windows\system32\profapi.dll

VM Arguments:
jvm_args: -Djava.awt.headless=true -Xmx1024M -Dfile.encoding=windows-1251 -Duser.country=RU -Duser.language=ru -Duser.variant 
java_command: com.android.dx.command.Main --dex --force-jumbo --num-threads=4 --multi-dex --output C:\Users\Azat\Desktop\RemindMeApplication-master\WeatherGDG\app\build\intermediates\transforms\dex\debug\folders\1000\10\com.android.support-recyclerview-v7-23.3.0_fca145d218b99da03895e7889fa8a9bde0af1c00 C:\Users\Azat\Desktop\RemindMeApplication-master\WeatherGDG\app\build\intermediates\exploded-aar\com.android.support\recyclerview-v7\23.3.0\jars\classes.jar
java_class_path (initial): C:\Users\Azat\AppData\Local\Android\sdk1\build-tools\23.0.3\lib\dx.jar
Launcher Type: SUN_STANDARD

Environment Variables:
JAVA_HOME=C:\Program Files\Java\jdk1.8.0_65
PATH=C:\Program Files (x86)\NVIDIA Corporation\PhysX\Common;C:\Program Files (x86)\Common Files\Intel\Shared Files\cpp\bin\Intel64;C:\ProgramData\Oracle\Java\javapath;C:\Windows\system32;C:\Windows;C:\Windows\System32\Wbem;C:\Windows\System32\WindowsPowerShell\v1.0\;C:\Program Files (x86)\AMD\ATI.ACE\Core-Static;C:\Program Files (x86)\ATI Technologies\ATI.ACE\Core-Static;C:\Program Files (x86)\CodeBlocks\MinGW\bin;C:\Program Files (x86)\CMake\bin;C:\Windows\system32\config\systemprofile\.dnx\bin;C:\Program Files\Microsoft DNX\Dnvm\;C:\Program Files (x86)\Windows Kits\8.1\Windows Performance Toolkit\;C:\Program Files (x86)\Skype\Phone\;C:\Program Files (x86)\GtkSharp\2.12\bin;C:\Program Files (x86)\PuTTY\;C:\Program Files\TortoiseGit\bin;C:\Program Files\Microsoft SQL Server\120\Tools\Binn\;C:\Ruby23-x64\bin;C:\Users\Azat\Anaconda2;C:\Users\Azat\Anaconda2\Scripts;C:\Users\Azat\Anaconda2\Library\bin
USERNAME=Azat
OS=Windows_NT
PROCESSOR_IDENTIFIER=AMD64 Family 18 Model 1 Stepping 0, AuthenticAMD



---------------  S Y S T E M  ---------------

OS: Windows 10.0 , 64 bit Build 10240 (10.0.10240.16384)

CPU:total 4 (4 cores per cpu, 1 threads per core) family 18 model 1 stepping 0, cmov, cx8, fxsr, mmx, sse, sse2, sse3, popcnt, mmxext, 3dnowpref, lzcnt, sse4a, tsc, tscinvbit, tscinv

Memory: 4k page, physical 5740652k(401484k free), swap 8365312k(11104k free)

vm_info: Java HotSpot(TM) 64-Bit Server VM (25.65-b01) for windows-amd64 JRE (1.8.0_65-b17), built on Oct  6 2015 16:39:20 by "java_re" with MS VC++ 10.0 (VS2010)

time: Mon Aug 15 18:50:23 2016
elapsed time: 25 seconds (0d 0h 0m 25s)

