#
# There is insufficient memory for the Java Runtime Environment to continue.
# Native memory allocation (malloc) failed to allocate 840656 bytes for Chunk::new
# Possible reasons:
#   The system is out of physical RAM or swap space
#   In 32 bit mode, the process size limit was hit
# Possible solutions:
#   Reduce memory load on the system
#   Increase physical memory or swap space
#   Check if swap backing store is full
#   Use 64 bit Java on a 64 bit OS
#   Decrease Java heap size (-Xmx/-Xms)
#   Decrease number of Java threads
#   Decrease Java thread stack sizes (-Xss)
#   Set larger code cache with -XX:ReservedCodeCacheSize=
# This output file may be truncated or incomplete.
#
#  Out of Memory Error (allocation.cpp:390), pid=988, tid=8880
#
# JRE version: Java(TM) SE Runtime Environment (8.0_65-b17) (build 1.8.0_65-b17)
# Java VM: Java HotSpot(TM) 64-Bit Server VM (25.65-b01 mixed mode windows-amd64 compressed oops)
# Failed to write core dump. Minidumps are not enabled by default on client versions of Windows
#

---------------  T H R E A D  ---------------

Current thread (0x00000000157dd800):  JavaThread "C2 CompilerThread0" daemon [_thread_in_native, id=8880, stack(0x0000000016e30000,0x0000000016f30000)]

Stack: [0x0000000016e30000,0x0000000016f30000]
[error occurred during error reporting (printing stack bounds), id 0xc0000005]

Native frames: (J=compiled Java code, j=interpreted, Vv=VM code, C=native code)


Current CompileTask:
C2:  10592 1392       4       com.android.dx.ssa.SCCP::simulateBranch (666 bytes)


---------------  P R O C E S S  ---------------

Java Threads: ( => current thread )
  0x00000000172d1000 JavaThread "pool-2-thread-4" [_thread_in_Java, id=8960, stack(0x0000000017b30000,0x0000000017c30000)]
  0x00000000172cf000 JavaThread "pool-2-thread-2" [_thread_in_Java, id=4316, stack(0x0000000017930000,0x0000000017a30000)]
  0x00000000172ca000 JavaThread "pool-3-thread-1" [_thread_blocked, id=8312, stack(0x0000000017830000,0x0000000017930000)]
  0x00000000172c9000 JavaThread "pool-2-thread-1" [_thread_in_vm, id=8816, stack(0x0000000017730000,0x0000000017830000)]
  0x000000001703a000 JavaThread "Service Thread" daemon [_thread_blocked, id=8476, stack(0x0000000017530000,0x0000000017630000)]
  0x000000001583e800 JavaThread "C1 CompilerThread2" daemon [_thread_blocked, id=9192, stack(0x0000000017430000,0x0000000017530000)]
  0x00000000157e2000 JavaThread "C2 CompilerThread1" daemon [_thread_in_native, id=3920, stack(0x0000000016f30000,0x0000000017030000)]
=>0x00000000157dd800 JavaThread "C2 CompilerThread0" daemon [_thread_in_native, id=8880, stack(0x0000000016e30000,0x0000000016f30000)]
  0x00000000157db000 JavaThread "Attach Listener" daemon [_thread_blocked, id=4568, stack(0x0000000016d30000,0x0000000016e30000)]
  0x00000000157da000 JavaThread "Signal Dispatcher" daemon [_thread_blocked, id=8848, stack(0x0000000016c30000,0x0000000016d30000)]
  0x0000000003100800 JavaThread "Finalizer" daemon [_thread_blocked, id=6064, stack(0x0000000016a40000,0x0000000016b40000)]
  0x00000000030fd800 JavaThread "Reference Handler" daemon [_thread_blocked, id=4284, stack(0x0000000016940000,0x0000000016a40000)]
  0x000000000161d800 JavaThread "main" [_thread_blocked, id=4856, stack(0x0000000002f10000,0x0000000003010000)]

Other Threads:
  0x00000000157a8000 VMThread [stack: 0x0000000016840000,0x0000000016940000] [id=2396]
  0x000000001704a800 WatcherThread [stack: 0x0000000017630000,0x0000000017730000] [id=8876]

VM state:not at safepoint (normal execution)

VM Mutex/Monitor currently owned by a thread: None

Heap:
 PSYoungGen      total 48640K, used 15847K [0x00000000eab00000, 0x00000000ede00000, 0x0000000100000000)
  eden space 45056K, 27% used [0x00000000eab00000,0x00000000eb701f10,0x00000000ed700000)
  from space 3584K, 99% used [0x00000000eda80000,0x00000000eddf8048,0x00000000ede00000)
  to   space 3584K, 0% used [0x00000000ed700000,0x00000000ed700000,0x00000000eda80000)
 ParOldGen       total 60416K, used 4651K [0x00000000c0000000, 0x00000000c3b00000, 0x00000000eab00000)
  object space 60416K, 7% used [0x00000000c0000000,0x00000000c048af48,0x00000000c3b00000)
 Metaspace       used 6028K, capacity 6960K, committed 7040K, reserved 1056768K
  class space    used 596K, capacity 616K, committed 640K, reserved 1048576K

Card table byte_map: [0x00000000124d0000,0x00000000126e0000] byte_map_base: 0x0000000011ed0000

Marking Bits: (ParMarkBitMap*) 0x00000000586aa5b0
 Begin Bits: [0x0000000012c40000, 0x0000000013c40000)
 End Bits:   [0x0000000013c40000, 0x0000000014c40000)

Polling page: 0x00000000015a0000

CodeCache: size=245760Kb used=5862Kb max_used=5862Kb free=239897Kb
 bounds [0x0000000003110000, 0x00000000036d0000, 0x0000000012110000]
 total_blobs=1662 nmethods=1391 adapters=182
 compilation: enabled

Compilation events (10 events):
Event: 10.479 Thread 0x000000001583e800 1403       3       com.android.dx.ssa.back.SsaToRop::<init> (23 bytes)
Event: 10.479 Thread 0x000000001583e800 nmethod 1403 0x00000000036a2350 code [0x00000000036a24c0, 0x00000000036a26e8]
Event: 10.479 Thread 0x000000001583e800 1408       3       com.android.dx.ssa.MoveParamCombiner$1::<init> (20 bytes)
Event: 10.480 Thread 0x000000001583e800 nmethod 1408 0x00000000036ab8d0 code [0x00000000036aba20, 0x00000000036abc10]
Event: 10.480 Thread 0x000000001583e800 1401       1       java.util.HashMap$Node::getKey (5 bytes)
Event: 10.480 Thread 0x000000001583e800 nmethod 1401 0x00000000036ab610 code [0x00000000036ab760, 0x00000000036ab870]
Event: 10.494 Thread 0x000000001583e800 1409       3       java.util.TreeMap$EntryIterator::next (5 bytes)
Event: 10.495 Thread 0x000000001583e800 nmethod 1409 0x00000000036bfd50 code [0x00000000036bfec0, 0x00000000036c01a8]
Event: 10.507 Thread 0x000000001583e800 1410       3       com.android.dx.rop.code.RegisterSpecList::make (17 bytes)
Event: 10.509 Thread 0x000000001583e800 nmethod 1410 0x00000000036bec90 code [0x00000000036bee60, 0x00000000036bf728]

GC Heap History (4 events):
Event: 6.725 GC heap before
{Heap before GC invocations=1 (full 0):
 PSYoungGen      total 26112K, used 22528K [0x00000000eab00000, 0x00000000ec800000, 0x0000000100000000)
  eden space 22528K, 100% used [0x00000000eab00000,0x00000000ec100000,0x00000000ec100000)
  from space 3584K, 0% used [0x00000000ec480000,0x00000000ec480000,0x00000000ec800000)
  to   space 3584K, 0% used [0x00000000ec100000,0x00000000ec100000,0x00000000ec480000)
 ParOldGen       total 60416K, used 0K [0x00000000c0000000, 0x00000000c3b00000, 0x00000000eab00000)
  object space 60416K, 0% used [0x00000000c0000000,0x00000000c0000000,0x00000000c3b00000)
 Metaspace       used 5818K, capacity 6768K, committed 7040K, reserved 1056768K
  class space    used 590K, capacity 616K, committed 640K, reserved 1048576K
Event: 6.986 GC heap after
Heap after GC invocations=1 (full 0):
 PSYoungGen      total 26112K, used 3562K [0x00000000eab00000, 0x00000000ede00000, 0x0000000100000000)
  eden space 22528K, 0% used [0x00000000eab00000,0x00000000eab00000,0x00000000ec100000)
  from space 3584K, 99% used [0x00000000ec100000,0x00000000ec47aac8,0x00000000ec480000)
  to   space 3584K, 0% used [0x00000000eda80000,0x00000000eda80000,0x00000000ede00000)
 ParOldGen       total 60416K, used 1936K [0x00000000c0000000, 0x00000000c3b00000, 0x00000000eab00000)
  object space 60416K, 3% used [0x00000000c0000000,0x00000000c01e4258,0x00000000c3b00000)
 Metaspace       used 5818K, capacity 6768K, committed 7040K, reserved 1056768K
  class space    used 590K, capacity 616K, committed 640K, reserved 1048576K
}
Event: 9.000 GC heap before
{Heap before GC invocations=2 (full 0):
 PSYoungGen      total 26112K, used 26090K [0x00000000eab00000, 0x00000000ede00000, 0x0000000100000000)
  eden space 22528K, 100% used [0x00000000eab00000,0x00000000ec100000,0x00000000ec100000)
  from space 3584K, 99% used [0x00000000ec100000,0x00000000ec47aac8,0x00000000ec480000)
  to   space 3584K, 0% used [0x00000000eda80000,0x00000000eda80000,0x00000000ede00000)
 ParOldGen       total 60416K, used 1936K [0x00000000c0000000, 0x00000000c3b00000, 0x00000000eab00000)
  object space 60416K, 3% used [0x00000000c0000000,0x00000000c01e4258,0x00000000c3b00000)
 Metaspace       used 5992K, capacity 6960K, committed 7040K, reserved 1056768K
  class space    used 594K, capacity 616K, committed 640K, reserved 1048576K
Event: 9.357 GC heap after
Heap after GC invocations=2 (full 0):
 PSYoungGen      total 48640K, used 3552K [0x00000000eab00000, 0x00000000ede00000, 0x0000000100000000)
  eden space 45056K, 0% used [0x00000000eab00000,0x00000000eab00000,0x00000000ed700000)
  from space 3584K, 99% used [0x00000000eda80000,0x00000000eddf8048,0x00000000ede00000)
  to   space 3584K, 0% used [0x00000000ed700000,0x00000000ed700000,0x00000000eda80000)
 ParOldGen       total 60416K, used 4651K [0x00000000c0000000, 0x00000000c3b00000, 0x00000000eab00000)
  object space 60416K, 7% used [0x00000000c0000000,0x00000000c048af48,0x00000000c3b00000)
 Metaspace       used 5992K, capacity 6960K, committed 7040K, reserved 1056768K
  class space    used 594K, capacity 616K, committed 640K, reserved 1048576K
}

Deoptimization events (5 events):
Event: 4.480 Thread 0x00000000172c9000 Uncommon trap: reason=unstable_if action=reinterpret pc=0x000000000330458c method=java.util.HashMap.getNode(ILjava/lang/Object;)Ljava/util/HashMap$Node; @ 129
Event: 5.312 Thread 0x00000000172d0000 Uncommon trap: reason=unstable_if action=reinterpret pc=0x0000000003338730 method=java.util.BitSet.nextSetBit(I)I @ 87
Event: 5.971 Thread 0x00000000172cf000 Uncommon trap: reason=null_check action=make_not_entrant pc=0x00000000033be23c method=com.android.dx.ssa.SsaRenamer.getLocalForNewReg(I)Lcom/android/dx/rop/code/LocalItem; @ 19
Event: 8.442 Thread 0x00000000172cf000 Uncommon trap: reason=unstable_if action=reinterpret pc=0x0000000003427fdc method=com.android.dx.rop.cst.Constant.compareTo(Lcom/android/dx/rop/cst/Constant;)I @ 12
Event: 8.508 Thread 0x00000000172c9000 Uncommon trap: reason=unstable_if action=reinterpret pc=0x00000000033616b4 method=java.util.BitSet.ensureCapacity(I)V @ 6

Internal exceptions (3 events):
Event: 0.206 Thread 0x000000000161d800 Exception <a 'java/lang/NoSuchMethodError': Method sun.misc.Unsafe.defineClass(Ljava/lang/String;[BII)Ljava/lang/Class; name or signature does not match> (0x00000000eab13098) thrown at [C:\workspace\8-2-build-windows-amd64-cygwin\jdk8u65\4987\hotspot\src\s+…[!a ?
Event: 0.206 Thread 0x000000000161d800 Exception <a 'java/lang/NoSuchMethodError': Method sun.misc.Unsafe.prefetchRead(Ljava/lang/Object;J)V name or signature does not match> (0x00000000eab13380) thrown at [C:\workspace\8-2-build-windows-amd64-cygwin\jdk8u65\4987\hotspot\src\share\vm\prims\jni.D`fç˛·@
Event: 5.971 Thread 0x00000000172cf000 Implicit null exception at 0x00000000033bc924 to 0x00000000033be20d

Events (10 events):
Event: 8.737 Thread 0x00000000172d0000 DEOPT UNPACKING pc=0x000000000315747f sp=0x0000000017b2e248 mode 0
Event: 8.770 Executing VM operation: ParallelGCFailedAllocation
Event: 9.357 Executing VM operation: ParallelGCFailedAllocation done
Event: 9.566 loading class com/android/dx/cf/attrib/AttExceptions
Event: 9.567 loading class com/android/dx/cf/attrib/AttExceptions done
Event: 10.476 loading class java/util/HashMap$KeySet
Event: 10.476 loading class java/util/HashMap$KeySet done
Event: 10.476 loading class java/util/HashMap$KeyIterator
Event: 10.476 loading class java/util/HashMap$KeyIterator done
Event: 10.515 Thread 0x00000000172d0000 Thread exited: 0x00000000172d0000


Dynamic libraries:
0x00007ff778a00000 - 0x00007ff778a37000 	C:\Program Files\Java\jdk1.8.0_65\bin\java.exe
0x00007ffcf90f0000 - 0x00007ffcf92b2000 	C:\Windows\SYSTEM32\ntdll.dll
0x00007ffcf8af0000 - 0x00007ffcf8b9d000 	C:\Windows\system32\KERNEL32.DLL
0x00007ffcf64c0000 - 0x00007ffcf669d000 	C:\Windows\system32\KERNELBASE.dll
0x00007ffcf8ba0000 - 0x00007ffcf8c46000 	C:\Windows\system32\ADVAPI32.dll
0x00007ffcf8530000 - 0x00007ffcf85cd000 	C:\Windows\system32\msvcrt.dll
0x00007ffcf8a90000 - 0x00007ffcf8aeb000 	C:\Windows\system32\sechost.dll
0x00007ffcf8150000 - 0x00007ffcf8276000 	C:\Windows\system32\RPCRT4.dll
0x00007ffcf8280000 - 0x00007ffcf83ce000 	C:\Windows\system32\USER32.dll
0x00007ffcf8730000 - 0x00007ffcf88b5000 	C:\Windows\system32\GDI32.dll
0x00007ffced1d0000 - 0x00007ffced444000 	C:\Windows\WinSxS\amd64_microsoft.windows.common-controls_6595b64144ccf1df_6.0.10240.16384_none_f41f7b285750ef43\COMCTL32.dll
0x00007ffcf9040000 - 0x00007ffcf9076000 	C:\Windows\system32\IMM32.DLL
0x00007ffcf83d0000 - 0x00007ffcf852c000 	C:\Windows\system32\MSCTF.dll
0x00000000579e0000 - 0x0000000057ab2000 	C:\Program Files\Java\jdk1.8.0_65\jre\bin\msvcr100.dll
0x0000000057ea0000 - 0x0000000058729000 	C:\Program Files\Java\jdk1.8.0_65\jre\bin\server\jvm.dll
0x00007ffcf7dd0000 - 0x00007ffcf7dd8000 	C:\Windows\system32\PSAPI.DLL
0x00007ffce8ac0000 - 0x00007ffce8ac9000 	C:\Windows\SYSTEM32\WSOCK32.dll
0x00007ffcf9080000 - 0x00007ffcf90e9000 	C:\Windows\system32\WS2_32.dll
0x00007ffcf3d00000 - 0x00007ffcf3d23000 	C:\Windows\SYSTEM32\WINMM.dll
0x00007ffcf7de0000 - 0x00007ffcf7de8000 	C:\Windows\system32\NSI.dll
0x00007ffcf3080000 - 0x00007ffcf308a000 	C:\Windows\SYSTEM32\VERSION.dll
0x00007ffcf3bc0000 - 0x00007ffcf3bec000 	C:\Windows\SYSTEM32\WINMMBASE.dll
0x00007ffcf5c70000 - 0x00007ffcf5cb4000 	C:\Windows\system32\cfgmgr32.dll
0x00007ffcf4490000 - 0x00007ffcf44b7000 	C:\Windows\SYSTEM32\DEVOBJ.dll
0x0000000057e90000 - 0x0000000057e9f000 	C:\Program Files\Java\jdk1.8.0_65\jre\bin\verify.dll
0x0000000057e60000 - 0x0000000057e89000 	C:\Program Files\Java\jdk1.8.0_65\jre\bin\java.dll
0x0000000057e40000 - 0x0000000057e56000 	C:\Program Files\Java\jdk1.8.0_65\jre\bin\zip.dll
0x00007ffcf67c0000 - 0x00007ffcf7ce3000 	C:\Windows\system32\SHELL32.dll
0x00007ffcf5cc0000 - 0x00007ffcf62e9000 	C:\Windows\system32\windows.storage.dll
0x00007ffcf8d00000 - 0x00007ffcf8f7c000 	C:\Windows\system32\combase.dll
0x00007ffcf8080000 - 0x00007ffcf80d1000 	C:\Windows\system32\shlwapi.dll
0x00007ffcf5b60000 - 0x00007ffcf5b6f000 	C:\Windows\system32\kernel.appcore.dll
0x00007ffcf6700000 - 0x00007ffcf67b3000 	C:\Windows\system32\shcore.dll
0x00007ffcf5b70000 - 0x00007ffcf5bba000 	C:\Windows\system32\powrprof.dll
0x00007ffcf5b20000 - 0x00007ffcf5b33000 	C:\Windows\system32\profapi.dll

VM Arguments:
jvm_args: -Djava.awt.headless=true -Xmx1024M -Dfile.encoding=windows-1251 -Duser.country=RU -Duser.language=ru -Duser.variant 
java_command: com.android.dx.command.Main --dex --force-jumbo --num-threads=4 --multi-dex --output C:\Users\Azat\Desktop\RemindMeApplication-master\WeatherGDG\app\build\intermediates\transforms\dex\debug\folders\1000\10\gradle-retrolambda-3.3.0-beta4_bd30624aad8377f30752cefaf9c76e34d256f946 C:\Users\Azat\.gradle\caches\modules-2\files-2.1\me.tatarka\gradle-retrolambda\3.3.0-beta4\46fd7b31d4ad7f482e6a29d09f70cf3945172ce1\gradle-retrolambda-3.3.0-beta4.jar
java_class_path (initial): C:\Users\Azat\AppData\Local\Android\sdk1\build-tools\23.0.3\lib\dx.jar
Launcher Type: SUN_STANDARD

Environment Variables:
JAVA_HOME=C:\Program Files\Java\jdk1.8.0_65
PATH=C:\Program Files (x86)\NVIDIA Corporation\PhysX\Common;C:\Program Files (x86)\Common Files\Intel\Shared Files\cpp\bin\Intel64;C:\ProgramData\Oracle\Java\javapath;C:\Windows\system32;C:\Windows;C:\Windows\System32\Wbem;C:\Windows\System32\WindowsPowerShell\v1.0\;C:\Program Files (x86)\AMD\ATI.ACE\Core-Static;C:\Program Files (x86)\ATI Technologies\ATI.ACE\Core-Static;C:\Program Files (x86)\CodeBlocks\MinGW\bin;C:\Program Files (x86)\CMake\bin;C:\Windows\system32\config\systemprofile\.dnx\bin;C:\Program Files\Microsoft DNX\Dnvm\;C:\Program Files (x86)\Windows Kits\8.1\Windows Performance Toolkit\;C:\Program Files (x86)\Skype\Phone\;C:\Program Files (x86)\GtkSharp\2.12\bin;C:\Program Files (x86)\PuTTY\;C:\Program Files\TortoiseGit\bin;C:\Program Files\Microsoft SQL Server\120\Tools\Binn\;C:\Ruby23-x64\bin;C:\Users\Azat\Anaconda2;C:\Users\Azat\Anaconda2\Scripts;C:\Users\Azat\Anaconda2\Library\bin
USERNAME=Azat
OS=Windows_NT
PROCESSOR_IDENTIFIER=AMD64 Family 18 Model 1 Stepping 0, AuthenticAMD



---------------  S Y S T E M  ---------------

OS: Windows 10.0 , 64 bit Build 10240 (10.0.10240.16384)

CPU:total 4 (4 cores per cpu, 1 threads per core) family 18 model 1 stepping 0, cmov, cx8, fxsr, mmx, sse, sse2, sse3, popcnt, mmxext, 3dnowpref, lzcnt, sse4a, tsc, tscinvbit, tscinv

Memory: 4k page, physical 5740652k(490784k free), swap 8365312k(7548k free)

vm_info: Java HotSpot(TM) 64-Bit Server VM (25.65-b01) for windows-amd64 JRE (1.8.0_65-b17), built on Oct  6 2015 16:39:20 by "java_re" with MS VC++ 10.0 (VS2010)

time: Mon Aug 15 18:48:52 2016
elapsed time: 10 seconds (0d 0h 0m 10s)

