#
# There is insufficient memory for the Java Runtime Environment to continue.
# Native memory allocation (malloc) failed to allocate 1865296 bytes for Chunk::new
# Possible reasons:
#   The system is out of physical RAM or swap space
#   In 32 bit mode, the process size limit was hit
# Possible solutions:
#   Reduce memory load on the system
#   Increase physical memory or swap space
#   Check if swap backing store is full
#   Use 64 bit Java on a 64 bit OS
#   Decrease Java heap size (-Xmx/-Xms)
#   Decrease number of Java threads
#   Decrease Java thread stack sizes (-Xss)
#   Set larger code cache with -XX:ReservedCodeCacheSize=
# This output file may be truncated or incomplete.
#
#  Out of Memory Error (allocation.cpp:390), pid=8512, tid=9076
#
# JRE version: Java(TM) SE Runtime Environment (8.0_65-b17) (build 1.8.0_65-b17)
# Java VM: Java HotSpot(TM) 64-Bit Server VM (25.65-b01 mixed mode windows-amd64 compressed oops)
# Failed to write core dump. Minidumps are not enabled by default on client versions of Windows
#

---------------  T H R E A D  ---------------

Current thread (0x0000000014dad800):  JavaThread "C2 CompilerThread0" daemon [_thread_in_native, id=9076, stack(0x0000000016400000,0x0000000016500000)]

Stack: [0x0000000016400000,0x0000000016500000]
[error occurred during error reporting (printing stack bounds), id 0xc0000005]

Native frames: (J=compiled Java code, j=interpreted, Vv=VM code, C=native code)


Current CompileTask:
C2:  18292 1884       4       com.android.dx.cf.code.Simulator$SimVisitor::visitConstant (332 bytes)


---------------  P R O C E S S  ---------------

Java Threads: ( => current thread )
  0x000000001697f000 JavaThread "pool-2-thread-4" [_thread_in_vm, id=8724, stack(0x0000000017100000,0x0000000017200000)]
  0x0000000016979800 JavaThread "pool-2-thread-3" [_thread_in_Java, id=8360, stack(0x0000000017000000,0x0000000017100000)]
  0x0000000016978800 JavaThread "pool-2-thread-2" [_thread_in_Java, id=8256, stack(0x0000000016f00000,0x0000000017000000)]
  0x0000000016976000 JavaThread "pool-3-thread-1" [_thread_blocked, id=8932, stack(0x0000000016e00000,0x0000000016f00000)]
  0x0000000016705800 JavaThread "Service Thread" daemon [_thread_blocked, id=9168, stack(0x0000000016b00000,0x0000000016c00000)]
  0x0000000014e0b000 JavaThread "C1 CompilerThread2" daemon [_thread_blocked, id=3912, stack(0x0000000016600000,0x0000000016700000)]
  0x0000000014db2000 JavaThread "C2 CompilerThread1" daemon [_thread_in_native, id=9004, stack(0x0000000016500000,0x0000000016600000)]
=>0x0000000014dad800 JavaThread "C2 CompilerThread0" daemon [_thread_in_native, id=9076, stack(0x0000000016400000,0x0000000016500000)]
  0x0000000014dab000 JavaThread "Attach Listener" daemon [_thread_blocked, id=8784, stack(0x0000000016300000,0x0000000016400000)]
  0x0000000014daa000 JavaThread "Signal Dispatcher" daemon [_thread_blocked, id=796, stack(0x0000000016200000,0x0000000016300000)]
  0x00000000026a0800 JavaThread "Finalizer" daemon [_thread_blocked, id=5476, stack(0x0000000016000000,0x0000000016100000)]
  0x000000000269d000 JavaThread "Reference Handler" daemon [_thread_blocked, id=9024, stack(0x0000000015f00000,0x0000000016000000)]
  0x000000000259d800 JavaThread "main" [_thread_blocked, id=3532, stack(0x0000000002490000,0x0000000002590000)]

Other Threads:
  0x0000000014d78000 VMThread [stack: 0x0000000015e00000,0x0000000015f00000] [id=8284]
  0x0000000016722800 WatcherThread [stack: 0x0000000016c00000,0x0000000016d00000] [id=8776]

VM state:not at safepoint (normal execution)

VM Mutex/Monitor currently owned by a thread: None

Heap:
 PSYoungGen      total 48640K, used 44026K [0x00000000eab00000, 0x00000000ede00000, 0x0000000100000000)
  eden space 45056K, 89% used [0x00000000eab00000,0x00000000ed282c38,0x00000000ed700000)
  from space 3584K, 99% used [0x00000000eda80000,0x00000000eddfbfa8,0x00000000ede00000)
  to   space 3584K, 0% used [0x00000000ed700000,0x00000000ed700000,0x00000000eda80000)
 ParOldGen       total 60416K, used 25489K [0x00000000c0000000, 0x00000000c3b00000, 0x00000000eab00000)
  object space 60416K, 42% used [0x00000000c0000000,0x00000000c18e44a8,0x00000000c3b00000)
 Metaspace       used 6354K, capacity 7128K, committed 7424K, reserved 1056768K
  class space    used 619K, capacity 656K, committed 768K, reserved 1048576K

Card table byte_map: [0x0000000011a80000,0x0000000011c90000] byte_map_base: 0x0000000011480000

Marking Bits: (ParMarkBitMap*) 0x00000000586aa5b0
 Begin Bits: [0x00000000121f0000, 0x00000000131f0000)
 End Bits:   [0x00000000131f0000, 0x00000000141f0000)

Polling page: 0x0000000000c40000

CodeCache: size=245760Kb used=7552Kb max_used=7567Kb free=238207Kb
 bounds [0x00000000026c0000, 0x0000000002e30000, 0x00000000116c0000]
 total_blobs=2074 nmethods=1805 adapters=182
 compilation: enabled

Compilation events (10 events):
Event: 17.797 Thread 0x0000000014e0b000 1926       1       com.android.dx.dex.code.RopTranslator::access$100 (5 bytes)
Event: 17.797 Thread 0x0000000014e0b000 nmethod 1926 0x0000000002dc3410 code [0x0000000002dc3560, 0x0000000002dc3650]
Event: 17.834 Thread 0x0000000014e0b000 1927   !   2       com.android.dx.cf.code.BytecodeArray::parseInstruction (2764 bytes)
Event: 17.867 Thread 0x0000000014e0b000 nmethod 1927 0x0000000002e13b90 code [0x0000000002e14ac0, 0x0000000002e1b0a8]
Event: 17.893 Thread 0x0000000014e0b000 1928       1       com.android.dx.ssa.LiteralOpUpgrader$1::visitPhiInsn (1 bytes)
Event: 17.894 Thread 0x0000000014e0b000 nmethod 1928 0x0000000002df3090 code [0x0000000002df31e0, 0x0000000002df32f0]
Event: 17.977 Thread 0x0000000014db2000 nmethod 1914 0x0000000002e29c10 code [0x0000000002e29e40, 0x0000000002e2b208]
Event: 17.977 Thread 0x0000000014db2000 1901       4       com.android.dx.ssa.SCCP::addUsersToWorklist (103 bytes)
Event: 18.208 Thread 0x0000000014e0b000 1929       2       com.android.dx.cf.code.LocalVariableList::<init> (6 bytes)
Event: 18.208 Thread 0x0000000014e0b000 nmethod 1929 0x0000000002df2d10 code [0x0000000002df2e80, 0x0000000002df2fe8]

GC Heap History (10 events):
Event: 10.716 GC heap before
{Heap before GC invocations=2 (full 0):
 PSYoungGen      total 26112K, used 26103K [0x00000000eab00000, 0x00000000ec800000, 0x0000000100000000)
  eden space 22528K, 100% used [0x00000000eab00000,0x00000000ec100000,0x00000000ec100000)
  from space 3584K, 99% used [0x00000000ec100000,0x00000000ec47dc78,0x00000000ec480000)
  to   space 3584K, 0% used [0x00000000ec480000,0x00000000ec480000,0x00000000ec800000)
 ParOldGen       total 60416K, used 1561K [0x00000000c0000000, 0x00000000c3b00000, 0x00000000eab00000)
  object space 60416K, 2% used [0x00000000c0000000,0x00000000c01866e8,0x00000000c3b00000)
 Metaspace       used 6130K, capacity 7000K, committed 7168K, reserved 1056768K
  class space    used 616K, capacity 656K, committed 768K, reserved 1048576K
Event: 10.781 GC heap after
Heap after GC invocations=2 (full 0):
 PSYoungGen      total 26112K, used 3578K [0x00000000eab00000, 0x00000000ede00000, 0x0000000100000000)
  eden space 22528K, 0% used [0x00000000eab00000,0x00000000eab00000,0x00000000ec100000)
  from space 3584K, 99% used [0x00000000ec480000,0x00000000ec7fea90,0x00000000ec800000)
  to   space 3584K, 0% used [0x00000000ec100000,0x00000000ec100000,0x00000000ec480000)
 ParOldGen       total 60416K, used 4765K [0x00000000c0000000, 0x00000000c3b00000, 0x00000000eab00000)
  object space 60416K, 7% used [0x00000000c0000000,0x00000000c04a74d0,0x00000000c3b00000)
 Metaspace       used 6130K, capacity 7000K, committed 7168K, reserved 1056768K
  class space    used 616K, capacity 656K, committed 768K, reserved 1048576K
}
Event: 11.823 GC heap before
{Heap before GC invocations=3 (full 0):
 PSYoungGen      total 26112K, used 26106K [0x00000000eab00000, 0x00000000ede00000, 0x0000000100000000)
  eden space 22528K, 100% used [0x00000000eab00000,0x00000000ec100000,0x00000000ec100000)
  from space 3584K, 99% used [0x00000000ec480000,0x00000000ec7fea90,0x00000000ec800000)
  to   space 3584K, 0% used [0x00000000ec100000,0x00000000ec100000,0x00000000ec480000)
 ParOldGen       total 60416K, used 4765K [0x00000000c0000000, 0x00000000c3b00000, 0x00000000eab00000)
  object space 60416K, 7% used [0x00000000c0000000,0x00000000c04a74d0,0x00000000c3b00000)
 Metaspace       used 6199K, capacity 7064K, committed 7424K, reserved 1056768K
  class space    used 617K, capacity 656K, committed 768K, reserved 1048576K
Event: 11.882 GC heap after
Heap after GC invocations=3 (full 0):
 PSYoungGen      total 26112K, used 3568K [0x00000000eab00000, 0x00000000ede00000, 0x0000000100000000)
  eden space 22528K, 0% used [0x00000000eab00000,0x00000000eab00000,0x00000000ec100000)
  from space 3584K, 99% used [0x00000000ec100000,0x00000000ec47c020,0x00000000ec480000)
  to   space 3584K, 0% used [0x00000000eda80000,0x00000000eda80000,0x00000000ede00000)
 ParOldGen       total 60416K, used 8839K [0x00000000c0000000, 0x00000000c3b00000, 0x00000000eab00000)
  object space 60416K, 14% used [0x00000000c0000000,0x00000000c08a1ea0,0x00000000c3b00000)
 Metaspace       used 6199K, capacity 7064K, committed 7424K, reserved 1056768K
  class space    used 617K, capacity 656K, committed 768K, reserved 1048576K
}
Event: 12.670 GC heap before
{Heap before GC invocations=4 (full 0):
 PSYoungGen      total 26112K, used 26096K [0x00000000eab00000, 0x00000000ede00000, 0x0000000100000000)
  eden space 22528K, 100% used [0x00000000eab00000,0x00000000ec100000,0x00000000ec100000)
  from space 3584K, 99% used [0x00000000ec100000,0x00000000ec47c020,0x00000000ec480000)
  to   space 3584K, 0% used [0x00000000eda80000,0x00000000eda80000,0x00000000ede00000)
 ParOldGen       total 60416K, used 8839K [0x00000000c0000000, 0x00000000c3b00000, 0x00000000eab00000)
  object space 60416K, 14% used [0x00000000c0000000,0x00000000c08a1ea0,0x00000000c3b00000)
 Metaspace       used 6245K, capacity 7128K, committed 7424K, reserved 1056768K
  class space    used 617K, capacity 656K, committed 768K, reserved 1048576K
Event: 12.781 GC heap after
Heap after GC invocations=4 (full 0):
 PSYoungGen      total 48640K, used 3576K [0x00000000eab00000, 0x00000000ede00000, 0x0000000100000000)
  eden space 45056K, 0% used [0x00000000eab00000,0x00000000eab00000,0x00000000ed700000)
  from space 3584K, 99% used [0x00000000eda80000,0x00000000eddfe230,0x00000000ede00000)
  to   space 3584K, 0% used [0x00000000ed700000,0x00000000ed700000,0x00000000eda80000)
 ParOldGen       total 60416K, used 12218K [0x00000000c0000000, 0x00000000c3b00000, 0x00000000eab00000)
  object space 60416K, 20% used [0x00000000c0000000,0x00000000c0bee8b8,0x00000000c3b00000)
 Metaspace       used 6245K, capacity 7128K, committed 7424K, reserved 1056768K
  class space    used 617K, capacity 656K, committed 768K, reserved 1048576K
}
Event: 13.963 GC heap before
{Heap before GC invocations=5 (full 0):
 PSYoungGen      total 48640K, used 48632K [0x00000000eab00000, 0x00000000ede00000, 0x0000000100000000)
  eden space 45056K, 100% used [0x00000000eab00000,0x00000000ed700000,0x00000000ed700000)
  from space 3584K, 99% used [0x00000000eda80000,0x00000000eddfe230,0x00000000ede00000)
  to   space 3584K, 0% used [0x00000000ed700000,0x00000000ed700000,0x00000000eda80000)
 ParOldGen       total 60416K, used 12218K [0x00000000c0000000, 0x00000000c3b00000, 0x00000000eab00000)
  object space 60416K, 20% used [0x00000000c0000000,0x00000000c0bee8b8,0x00000000c3b00000)
 Metaspace       used 6297K, capacity 7128K, committed 7424K, reserved 1056768K
  class space    used 617K, capacity 656K, committed 768K, reserved 1048576K
Event: 14.116 GC heap after
Heap after GC invocations=5 (full 0):
 PSYoungGen      total 48640K, used 3567K [0x00000000eab00000, 0x00000000ede00000, 0x0000000100000000)
  eden space 45056K, 0% used [0x00000000eab00000,0x00000000eab00000,0x00000000ed700000)
  from space 3584K, 99% used [0x00000000ed700000,0x00000000eda7bfc8,0x00000000eda80000)
  to   space 3584K, 0% used [0x00000000eda80000,0x00000000eda80000,0x00000000ede00000)
 ParOldGen       total 60416K, used 18707K [0x00000000c0000000, 0x00000000c3b00000, 0x00000000eab00000)
  object space 60416K, 30% used [0x00000000c0000000,0x00000000c1244d90,0x00000000c3b00000)
 Metaspace       used 6297K, capacity 7128K, committed 7424K, reserved 1056768K
  class space    used 617K, capacity 656K, committed 768K, reserved 1048576K
}
Event: 15.807 GC heap before
{Heap before GC invocations=6 (full 0):
 PSYoungGen      total 48640K, used 48623K [0x00000000eab00000, 0x00000000ede00000, 0x0000000100000000)
  eden space 45056K, 100% used [0x00000000eab00000,0x00000000ed700000,0x00000000ed700000)
  from space 3584K, 99% used [0x00000000ed700000,0x00000000eda7bfc8,0x00000000eda80000)
  to   space 3584K, 0% used [0x00000000eda80000,0x00000000eda80000,0x00000000ede00000)
 ParOldGen       total 60416K, used 18707K [0x00000000c0000000, 0x00000000c3b00000, 0x00000000eab00000)
  object space 60416K, 30% used [0x00000000c0000000,0x00000000c1244d90,0x00000000c3b00000)
 Metaspace       used 6335K, capacity 7128K, committed 7424K, reserved 1056768K
  class space    used 617K, capacity 656K, committed 768K, reserved 1048576K
Event: 16.053 GC heap after
Heap after GC invocations=6 (full 0):
 PSYoungGen      total 48640K, used 3567K [0x00000000eab00000, 0x00000000ede00000, 0x0000000100000000)
  eden space 45056K, 0% used [0x00000000eab00000,0x00000000eab00000,0x00000000ed700000)
  from space 3584K, 99% used [0x00000000eda80000,0x00000000eddfbfa8,0x00000000ede00000)
  to   space 3584K, 0% used [0x00000000ed700000,0x00000000ed700000,0x00000000eda80000)
 ParOldGen       total 60416K, used 25489K [0x00000000c0000000, 0x00000000c3b00000, 0x00000000eab00000)
  object space 60416K, 42% used [0x00000000c0000000,0x00000000c18e44a8,0x00000000c3b00000)
 Metaspace       used 6335K, capacity 7128K, committed 7424K, reserved 1056768K
  class space    used 617K, capacity 656K, committed 768K, reserved 1048576K
}

Deoptimization events (10 events):
Event: 13.775 Thread 0x000000000259d800 Uncommon trap: reason=unstable_if action=reinterpret pc=0x0000000002c2c564 method=com.android.dx.ssa.SCCP.simulateStmt(Lcom/android/dx/ssa/SsaInsn;)V @ 59
Event: 14.550 Thread 0x000000000259d800 Uncommon trap: reason=bimorphic action=maybe_recompile pc=0x0000000002d646f8 method=com.android.dx.cf.code.BytecodeArray.parseInstruction(ILcom/android/dx/cf/code/BytecodeArray$Visitor;)I @ 955
Event: 14.550 Thread 0x000000000259d800 Uncommon trap: reason=bimorphic action=maybe_recompile pc=0x0000000002d64770 method=com.android.dx.cf.code.BytecodeArray.parseInstruction(ILcom/android/dx/cf/code/BytecodeArray$Visitor;)I @ 971
Event: 14.554 Thread 0x000000000259d800 Uncommon trap: reason=bimorphic action=maybe_recompile pc=0x0000000002d646f8 method=com.android.dx.cf.code.BytecodeArray.parseInstruction(ILcom/android/dx/cf/code/BytecodeArray$Visitor;)I @ 955
Event: 14.567 Thread 0x000000000259d800 Uncommon trap: reason=unstable_if action=reinterpret pc=0x0000000002d347e4 method=java.util.HashMap.putVal(ILjava/lang/Object;Ljava/lang/Object;ZZ)Ljava/lang/Object; @ 206
Event: 15.304 Thread 0x0000000016972800 Uncommon trap: reason=unstable_if action=reinterpret pc=0x0000000002d08ba0 method=com.android.dx.ssa.SCCP.simulateBranch(Lcom/android/dx/ssa/SsaInsn;)V @ 548
Event: 17.786 Thread 0x000000001697f000 Uncommon trap: reason=class_check action=maybe_recompile pc=0x0000000002ddab1c method=com.android.dx.cf.code.BytecodeArray.parseInstruction(ILcom/android/dx/cf/code/BytecodeArray$Visitor;)I @ 1702
Event: 17.787 Thread 0x000000001697f000 Uncommon trap: reason=class_check action=maybe_recompile pc=0x0000000002ddab1c method=com.android.dx.cf.code.BytecodeArray.parseInstruction(ILcom/android/dx/cf/code/BytecodeArray$Visitor;)I @ 1702
Event: 17.787 Thread 0x000000001697f000 Uncommon trap: reason=class_check action=maybe_recompile pc=0x0000000002ddab1c method=com.android.dx.cf.code.BytecodeArray.parseInstruction(ILcom/android/dx/cf/code/BytecodeArray$Visitor;)I @ 1702
Event: 17.798 Thread 0x000000001697f000 Uncommon trap: reason=class_check action=maybe_recompile pc=0x0000000002ddab1c method=com.android.dx.cf.code.BytecodeArray.parseInstruction(ILcom/android/dx/cf/code/BytecodeArray$Visitor;)I @ 1702

Internal exceptions (6 events):
Event: 0.253 Thread 0x000000000259d800 Exception <a 'java/lang/NoSuchMethodError': Method sun.misc.Unsafe.defineClass(Ljava/lang/String;[BII)Ljava/lang/Class; name or signature does not match> (0x00000000eab13098) thrown at [C:\workspace\8-2-build-windows-amd64-cygwin\jdk8u65\4987\hotspot\src\s√*Ê[$/–?
Event: 0.253 Thread 0x000000000259d800 Exception <a 'java/lang/NoSuchMethodError': Method sun.misc.Unsafe.prefetchRead(Ljava/lang/Object;J)V name or signature does not match> (0x00000000eab13380) thrown at [C:\workspace\8-2-build-windows-amd64-cygwin\jdk8u65\4987\hotspot\src\share\vm\prims\jni.I2·â4#@
Event: 9.528 Thread 0x0000000016979800 Implicit null exception at 0x00000000029f0ebc to 0x00000000029f25d9
Event: 10.611 Thread 0x0000000016978800 Exception <a 'java/lang/ArrayIndexOutOfBoundsException': 18> (0x00000000ebc12d98) thrown at [C:\workspace\8-2-build-windows-amd64-cygwin\jdk8u65\4987\hotspot\src\share\vm\interpreter\interpreterRuntime.cpp, line 366]
Event: 10.612 Thread 0x0000000016978800 Exception <a 'java/lang/ArrayIndexOutOfBoundsException': 145> (0x00000000ebc14918) thrown at [C:\workspace\8-2-build-windows-amd64-cygwin\jdk8u65\4987\hotspot\src\share\vm\interpreter\interpreterRuntime.cpp, line 366]
Event: 10.614 Thread 0x0000000016978800 Exception <a 'java/lang/ArrayIndexOutOfBoundsException'> (0x00000000ebc15c00) thrown at [C:\workspace\8-2-build-windows-amd64-cygwin\jdk8u65\4987\hotspot\src\share\vm\runtime\sharedRuntime.cpp, line 605]

Events (10 events):
Event: 17.787 Thread 0x000000001697f000 Uncommon trap: trap_request=0xffffffde fr.pc=0x0000000002ddab1c
Event: 17.787 Thread 0x000000001697f000 DEOPT PACKING pc=0x0000000002ddab1c sp=0x00000000171fe730
Event: 17.787 Thread 0x000000001697f000 DEOPT UNPACKING pc=0x000000000270582a sp=0x00000000171fe6e8 mode 2
Event: 17.787 Thread 0x000000001697f000 Uncommon trap: trap_request=0xffffffde fr.pc=0x0000000002ddab1c
Event: 17.787 Thread 0x000000001697f000 DEOPT PACKING pc=0x0000000002ddab1c sp=0x00000000171fe730
Event: 17.787 Thread 0x000000001697f000 DEOPT UNPACKING pc=0x000000000270582a sp=0x00000000171fe6e8 mode 2
Event: 17.798 Thread 0x000000001697f000 Uncommon trap: trap_request=0xffffffde fr.pc=0x0000000002ddab1c
Event: 17.798 Thread 0x000000001697f000 DEOPT PACKING pc=0x0000000002ddab1c sp=0x00000000171fe730
Event: 17.798 Thread 0x000000001697f000 DEOPT UNPACKING pc=0x000000000270582a sp=0x00000000171fe6e8 mode 2
Event: 18.249 Thread 0x0000000016972800 Thread exited: 0x0000000016972800


Dynamic libraries:
0x00007ff778a00000 - 0x00007ff778a37000 	C:\Program Files\Java\jdk1.8.0_65\bin\java.exe
0x00007ffcf90f0000 - 0x00007ffcf92b2000 	C:\Windows\SYSTEM32\ntdll.dll
0x00007ffcf8af0000 - 0x00007ffcf8b9d000 	C:\Windows\system32\KERNEL32.DLL
0x00007ffcf64c0000 - 0x00007ffcf669d000 	C:\Windows\system32\KERNELBASE.dll
0x00007ffcf8ba0000 - 0x00007ffcf8c46000 	C:\Windows\system32\ADVAPI32.dll
0x00007ffcf8530000 - 0x00007ffcf85cd000 	C:\Windows\system32\msvcrt.dll
0x00007ffcf8a90000 - 0x00007ffcf8aeb000 	C:\Windows\system32\sechost.dll
0x00007ffcf8150000 - 0x00007ffcf8276000 	C:\Windows\system32\RPCRT4.dll
0x00007ffcf8280000 - 0x00007ffcf83ce000 	C:\Windows\system32\USER32.dll
0x00007ffcf8730000 - 0x00007ffcf88b5000 	C:\Windows\system32\GDI32.dll
0x00007ffced1d0000 - 0x00007ffced444000 	C:\Windows\WinSxS\amd64_microsoft.windows.common-controls_6595b64144ccf1df_6.0.10240.16384_none_f41f7b285750ef43\COMCTL32.dll
0x00007ffcf9040000 - 0x00007ffcf9076000 	C:\Windows\system32\IMM32.DLL
0x00007ffcf83d0000 - 0x00007ffcf852c000 	C:\Windows\system32\MSCTF.dll
0x00000000579e0000 - 0x0000000057ab2000 	C:\Program Files\Java\jdk1.8.0_65\jre\bin\msvcr100.dll
0x0000000057ea0000 - 0x0000000058729000 	C:\Program Files\Java\jdk1.8.0_65\jre\bin\server\jvm.dll
0x00007ffcf7dd0000 - 0x00007ffcf7dd8000 	C:\Windows\system32\PSAPI.DLL
0x00007ffce8ac0000 - 0x00007ffce8ac9000 	C:\Windows\SYSTEM32\WSOCK32.dll
0x00007ffcf9080000 - 0x00007ffcf90e9000 	C:\Windows\system32\WS2_32.dll
0x00007ffcf7de0000 - 0x00007ffcf7de8000 	C:\Windows\system32\NSI.dll
0x00007ffcf3d00000 - 0x00007ffcf3d23000 	C:\Windows\SYSTEM32\WINMM.dll
0x00007ffcf3080000 - 0x00007ffcf308a000 	C:\Windows\SYSTEM32\VERSION.dll
0x00007ffcf3bc0000 - 0x00007ffcf3bec000 	C:\Windows\SYSTEM32\WINMMBASE.dll
0x00007ffcf5c70000 - 0x00007ffcf5cb4000 	C:\Windows\system32\cfgmgr32.dll
0x00007ffcf4490000 - 0x00007ffcf44b7000 	C:\Windows\SYSTEM32\DEVOBJ.dll
0x0000000057e90000 - 0x0000000057e9f000 	C:\Program Files\Java\jdk1.8.0_65\jre\bin\verify.dll
0x0000000057e60000 - 0x0000000057e89000 	C:\Program Files\Java\jdk1.8.0_65\jre\bin\java.dll
0x0000000057e40000 - 0x0000000057e56000 	C:\Program Files\Java\jdk1.8.0_65\jre\bin\zip.dll
0x00007ffcf67c0000 - 0x00007ffcf7ce3000 	C:\Windows\system32\SHELL32.dll
0x00007ffcf5cc0000 - 0x00007ffcf62e9000 	C:\Windows\system32\windows.storage.dll
0x00007ffcf8d00000 - 0x00007ffcf8f7c000 	C:\Windows\system32\combase.dll
0x00007ffcf8080000 - 0x00007ffcf80d1000 	C:\Windows\system32\shlwapi.dll
0x00007ffcf5b60000 - 0x00007ffcf5b6f000 	C:\Windows\system32\kernel.appcore.dll
0x00007ffcf6700000 - 0x00007ffcf67b3000 	C:\Windows\system32\shcore.dll
0x00007ffcf5b70000 - 0x00007ffcf5bba000 	C:\Windows\system32\powrprof.dll
0x00007ffcf5b20000 - 0x00007ffcf5b33000 	C:\Windows\system32\profapi.dll

VM Arguments:
jvm_args: -Djava.awt.headless=true -Xmx1024M -Dfile.encoding=windows-1251 -Duser.country=RU -Duser.language=ru -Duser.variant 
java_command: com.android.dx.command.Main --dex --force-jumbo --num-threads=4 --multi-dex --output C:\Users\Azat\Desktop\RemindMeApplication-master\WeatherGDG\app\build\intermediates\transforms\dex\debug\folders\1000\10\okhttp-3.3.1_eb7b316a5e9df38fd4f7af912d6d9ea5e3b357d0 C:\Users\Azat\.gradle\caches\modules-2\files-2.1\com.squareup.okhttp3\okhttp\3.3.1\19047bdb6a4fc00a44124f64ca98e88fc204e7e3\okhttp-3.3.1.jar
java_class_path (initial): C:\Users\Azat\AppData\Local\Android\sdk1\build-tools\23.0.3\lib\dx.jar
Launcher Type: SUN_STANDARD

Environment Variables:
JAVA_HOME=C:\Program Files\Java\jdk1.8.0_65
PATH=C:\Program Files (x86)\NVIDIA Corporation\PhysX\Common;C:\Program Files (x86)\Common Files\Intel\Shared Files\cpp\bin\Intel64;C:\ProgramData\Oracle\Java\javapath;C:\Windows\system32;C:\Windows;C:\Windows\System32\Wbem;C:\Windows\System32\WindowsPowerShell\v1.0\;C:\Program Files (x86)\AMD\ATI.ACE\Core-Static;C:\Program Files (x86)\ATI Technologies\ATI.ACE\Core-Static;C:\Program Files (x86)\CodeBlocks\MinGW\bin;C:\Program Files (x86)\CMake\bin;C:\Windows\system32\config\systemprofile\.dnx\bin;C:\Program Files\Microsoft DNX\Dnvm\;C:\Program Files (x86)\Windows Kits\8.1\Windows Performance Toolkit\;C:\Program Files (x86)\Skype\Phone\;C:\Program Files (x86)\GtkSharp\2.12\bin;C:\Program Files (x86)\PuTTY\;C:\Program Files\TortoiseGit\bin;C:\Program Files\Microsoft SQL Server\120\Tools\Binn\;C:\Ruby23-x64\bin;C:\Users\Azat\Anaconda2;C:\Users\Azat\Anaconda2\Scripts;C:\Users\Azat\Anaconda2\Library\bin
USERNAME=Azat
OS=Windows_NT
PROCESSOR_IDENTIFIER=AMD64 Family 18 Model 1 Stepping 0, AuthenticAMD



---------------  S Y S T E M  ---------------

OS: Windows 10.0 , 64 bit Build 10240 (10.0.10240.16384)

CPU:total 4 (4 cores per cpu, 1 threads per core) family 18 model 1 stepping 0, cmov, cx8, fxsr, mmx, sse, sse2, sse3, popcnt, mmxext, 3dnowpref, lzcnt, sse4a, tsc, tscinvbit, tscinv

Memory: 4k page, physical 5740652k(460752k free), swap 8365312k(6496k free)

vm_info: Java HotSpot(TM) 64-Bit Server VM (25.65-b01) for windows-amd64 JRE (1.8.0_65-b17), built on Oct  6 2015 16:39:20 by "java_re" with MS VC++ 10.0 (VS2010)

time: Mon Aug 15 18:49:02 2016
elapsed time: 18 seconds (0d 0h 0m 18s)

