#
# There is insufficient memory for the Java Runtime Environment to continue.
# Native memory allocation (malloc) failed to allocate 1812256 bytes for Chunk::new
# Possible reasons:
#   The system is out of physical RAM or swap space
#   In 32 bit mode, the process size limit was hit
# Possible solutions:
#   Reduce memory load on the system
#   Increase physical memory or swap space
#   Check if swap backing store is full
#   Use 64 bit Java on a 64 bit OS
#   Decrease Java heap size (-Xmx/-Xms)
#   Decrease number of Java threads
#   Decrease Java thread stack sizes (-Xss)
#   Set larger code cache with -XX:ReservedCodeCacheSize=
# This output file may be truncated or incomplete.
#
#  Out of Memory Error (allocation.cpp:390), pid=4160, tid=3428
#
# JRE version: Java(TM) SE Runtime Environment (8.0_65-b17) (build 1.8.0_65-b17)
# Java VM: Java HotSpot(TM) 64-Bit Server VM (25.65-b01 mixed mode windows-amd64 compressed oops)
# Failed to write core dump. Minidumps are not enabled by default on client versions of Windows
#

---------------  T H R E A D  ---------------

Current thread (0x00000000153f2000):  JavaThread "C2 CompilerThread1" daemon [_thread_in_native, id=3428, stack(0x0000000016b30000,0x0000000016c30000)]

Stack: [0x0000000016b30000,0x0000000016c30000]
[error occurred during error reporting (printing stack bounds), id 0xc0000005]

Native frames: (J=compiled Java code, j=interpreted, Vv=VM code, C=native code)


Current CompileTask:
C2:   9064 1616   !   4       com.android.dx.cf.code.BytecodeArray::parseInstruction (2764 bytes)


---------------  P R O C E S S  ---------------

Java Threads: ( => current thread )
  0x0000000016e9f000 JavaThread "pool-2-thread-4" [_thread_blocked, id=7320, stack(0x0000000017730000,0x0000000017830000)]
  0x0000000016e9e000 JavaThread "pool-2-thread-3" [_thread_blocked, id=8668, stack(0x0000000017630000,0x0000000017730000)]
  0x0000000016e9b800 JavaThread "pool-2-thread-2" [_thread_in_Java, id=8768, stack(0x0000000017530000,0x0000000017630000)]
  0x0000000016e8c000 JavaThread "pool-3-thread-1" [_thread_blocked, id=2564, stack(0x0000000017430000,0x0000000017530000)]
  0x0000000016e8b800 JavaThread "pool-2-thread-1" [_thread_blocked, id=8060, stack(0x0000000017330000,0x0000000017430000)]
  0x000000001544b000 JavaThread "Service Thread" daemon [_thread_blocked, id=4216, stack(0x0000000017130000,0x0000000017230000)]
  0x0000000016c38800 JavaThread "C1 CompilerThread2" daemon [_thread_blocked, id=4748, stack(0x0000000017030000,0x0000000017130000)]
=>0x00000000153f2000 JavaThread "C2 CompilerThread1" daemon [_thread_in_native, id=3428, stack(0x0000000016b30000,0x0000000016c30000)]
  0x00000000153ed800 JavaThread "C2 CompilerThread0" daemon [_thread_in_native, id=8744, stack(0x0000000016a30000,0x0000000016b30000)]
  0x00000000153eb000 JavaThread "Attach Listener" daemon [_thread_blocked, id=8740, stack(0x0000000016930000,0x0000000016a30000)]
  0x00000000153ea000 JavaThread "Signal Dispatcher" daemon [_thread_blocked, id=7672, stack(0x0000000016830000,0x0000000016930000)]
  0x0000000002d11000 JavaThread "Finalizer" daemon [_thread_blocked, id=8492, stack(0x0000000016640000,0x0000000016740000)]
  0x0000000002d0e800 JavaThread "Reference Handler" daemon [_thread_blocked, id=7200, stack(0x0000000016540000,0x0000000016640000)]
  0x0000000002c1d800 JavaThread "main" [_thread_in_Java, id=6368, stack(0x0000000002a30000,0x0000000002b30000)]

Other Threads:
  0x00000000153b7800 VMThread [stack: 0x0000000016440000,0x0000000016540000] [id=8504]
  0x0000000016c4b000 WatcherThread [stack: 0x0000000017230000,0x0000000017330000] [id=8712]

VM state:not at safepoint (normal execution)

VM Mutex/Monitor currently owned by a thread: None

Heap:
 PSYoungGen      total 48640K, used 45533K [0x00000000eab00000, 0x00000000ede00000, 0x0000000100000000)
  eden space 45056K, 93% used [0x00000000eab00000,0x00000000ed3fae38,0x00000000ed700000)
  from space 3584K, 99% used [0x00000000eda80000,0x00000000eddfc9b0,0x00000000ede00000)
  to   space 3584K, 0% used [0x00000000ed700000,0x00000000ed700000,0x00000000eda80000)
 ParOldGen       total 60416K, used 4143K [0x00000000c0000000, 0x00000000c3b00000, 0x00000000eab00000)
  object space 60416K, 6% used [0x00000000c0000000,0x00000000c040be48,0x00000000c3b00000)
 Metaspace       used 6316K, capacity 7128K, committed 7424K, reserved 1056768K
  class space    used 622K, capacity 656K, committed 768K, reserved 1048576K

Card table byte_map: [0x00000000120e0000,0x00000000122f0000] byte_map_base: 0x0000000011ae0000

Marking Bits: (ParMarkBitMap*) 0x00000000586aa5b0
 Begin Bits: [0x0000000012850000, 0x0000000013850000)
 End Bits:   [0x0000000013850000, 0x0000000014850000)

Polling page: 0x0000000001110000

CodeCache: size=245760Kb used=6888Kb max_used=6902Kb free=238871Kb
 bounds [0x0000000002d20000, 0x00000000033f0000, 0x0000000011d20000]
 total_blobs=1866 nmethods=1598 adapters=182
 compilation: enabled

Compilation events (10 events):
Event: 8.632 Thread 0x00000000153f2000 nmethod 1548 0x00000000033d44d0 code [0x00000000033d47c0, 0x00000000033d6248]
Event: 8.636 Thread 0x00000000153f2000 1346       4       com.android.dx.ssa.SsaRenamer$BlockRenamer::visitNonMoveInsn (14 bytes)
Event: 8.810 Thread 0x00000000153f2000 nmethod 1346 0x00000000033d9090 code [0x00000000033d93a0, 0x00000000033dacd8]
Event: 8.910 Thread 0x00000000153f2000 1616   !   4       com.android.dx.cf.code.BytecodeArray::parseInstruction (2764 bytes)
Event: 8.916 Thread 0x0000000016c38800 1619       3       java.util.HashMap::getNode (148 bytes)
Event: 8.919 Thread 0x0000000016c38800 nmethod 1619 0x00000000033c5bd0 code [0x00000000033c5dc0, 0x00000000033c6a28]
Event: 8.923 Thread 0x00000000153ed800 nmethod 1614 0x00000000033e1710 code [0x00000000033e1b40, 0x00000000033e41e0]
Event: 8.932 Thread 0x00000000153ed800 1625       4       com.android.dx.rop.code.LocalVariableExtractor::processBlock (327 bytes)
Event: 8.955 Thread 0x0000000016c38800 1633       2       com.android.dx.util.Hex::u2 (44 bytes)
Event: 8.957 Thread 0x0000000016c38800 nmethod 1633 0x00000000033c5350 code [0x00000000033c54e0, 0x00000000033c5938]

GC Heap History (4 events):
Event: 3.716 GC heap before
{Heap before GC invocations=1 (full 0):
 PSYoungGen      total 26112K, used 22528K [0x00000000eab00000, 0x00000000ec800000, 0x0000000100000000)
  eden space 22528K, 100% used [0x00000000eab00000,0x00000000ec100000,0x00000000ec100000)
  from space 3584K, 0% used [0x00000000ec480000,0x00000000ec480000,0x00000000ec800000)
  to   space 3584K, 0% used [0x00000000ec100000,0x00000000ec100000,0x00000000ec480000)
 ParOldGen       total 60416K, used 0K [0x00000000c0000000, 0x00000000c3b00000, 0x00000000eab00000)
  object space 60416K, 0% used [0x00000000c0000000,0x00000000c0000000,0x00000000c3b00000)
 Metaspace       used 5904K, capacity 6832K, committed 7040K, reserved 1056768K
  class space    used 597K, capacity 616K, committed 640K, reserved 1048576K
Event: 3.762 GC heap after
Heap after GC invocations=1 (full 0):
 PSYoungGen      total 26112K, used 3562K [0x00000000eab00000, 0x00000000ede00000, 0x0000000100000000)
  eden space 22528K, 0% used [0x00000000eab00000,0x00000000eab00000,0x00000000ec100000)
  from space 3584K, 99% used [0x00000000ec100000,0x00000000ec47aaa8,0x00000000ec480000)
  to   space 3584K, 0% used [0x00000000eda80000,0x00000000eda80000,0x00000000ede00000)
 ParOldGen       total 60416K, used 1403K [0x00000000c0000000, 0x00000000c3b00000, 0x00000000eab00000)
  object space 60416K, 2% used [0x00000000c0000000,0x00000000c015ef40,0x00000000c3b00000)
 Metaspace       used 5904K, capacity 6832K, committed 7040K, reserved 1056768K
  class space    used 597K, capacity 616K, committed 640K, reserved 1048576K
}
Event: 5.569 GC heap before
{Heap before GC invocations=2 (full 0):
 PSYoungGen      total 26112K, used 26090K [0x00000000eab00000, 0x00000000ede00000, 0x0000000100000000)
  eden space 22528K, 100% used [0x00000000eab00000,0x00000000ec100000,0x00000000ec100000)
  from space 3584K, 99% used [0x00000000ec100000,0x00000000ec47aaa8,0x00000000ec480000)
  to   space 3584K, 0% used [0x00000000eda80000,0x00000000eda80000,0x00000000ede00000)
 ParOldGen       total 60416K, used 1403K [0x00000000c0000000, 0x00000000c3b00000, 0x00000000eab00000)
  object space 60416K, 2% used [0x00000000c0000000,0x00000000c015ef40,0x00000000c3b00000)
 Metaspace       used 6117K, capacity 7024K, committed 7296K, reserved 1056768K
  class space    used 598K, capacity 616K, committed 640K, reserved 1048576K
Event: 5.856 GC heap after
Heap after GC invocations=2 (full 0):
 PSYoungGen      total 48640K, used 3570K [0x00000000eab00000, 0x00000000ede00000, 0x0000000100000000)
  eden space 45056K, 0% used [0x00000000eab00000,0x00000000eab00000,0x00000000ed700000)
  from space 3584K, 99% used [0x00000000eda80000,0x00000000eddfc9b0,0x00000000ede00000)
  to   space 3584K, 0% used [0x00000000ed700000,0x00000000ed700000,0x00000000eda80000)
 ParOldGen       total 60416K, used 4143K [0x00000000c0000000, 0x00000000c3b00000, 0x00000000eab00000)
  object space 60416K, 6% used [0x00000000c0000000,0x00000000c040be48,0x00000000c3b00000)
 Metaspace       used 6117K, capacity 7024K, committed 7296K, reserved 1056768K
  class space    used 598K, capacity 616K, committed 640K, reserved 1048576K
}

Deoptimization events (10 events):
Event: 7.982 Thread 0x0000000016e8b800 Uncommon trap: reason=unstable_if action=reinterpret pc=0x0000000003131dfc method=com.android.dx.util.IntList.binarysearch(I)I @ 105
Event: 8.456 Thread 0x0000000016e8b800 Uncommon trap: reason=bimorphic action=maybe_recompile pc=0x00000000033bfcc8 method=com.android.dx.ssa.LiteralOpUpgrader.tryReplacingWithConstant(Lcom/android/dx/ssa/NormalSsaInsn;)Z @ 52
Event: 8.463 Thread 0x0000000002c1d800 Uncommon trap: reason=unstable_if action=reinterpret pc=0x00000000030c7838 method=java.util.HashMap.putVal(ILjava/lang/Object;Ljava/lang/Object;ZZ)Ljava/lang/Object; @ 162
Event: 8.498 Thread 0x0000000002c1d800 Uncommon trap: reason=unstable_if action=reinterpret pc=0x000000000326dfd8 method=java.util.HashMap.getNode(ILjava/lang/Object;)Ljava/util/HashMap$Node; @ 84
Event: 8.504 Thread 0x0000000002c1d800 Uncommon trap: reason=bimorphic action=maybe_recompile pc=0x00000000033a412c method=com.android.dx.ssa.NormalSsaInsn.accept(Lcom/android/dx/ssa/SsaInsn$Visitor;)V @ 9
Event: 8.504 Thread 0x0000000002c1d800 Uncommon trap: reason=bimorphic action=maybe_recompile pc=0x00000000033a412c method=com.android.dx.ssa.NormalSsaInsn.accept(Lcom/android/dx/ssa/SsaInsn$Visitor;)V @ 9
Event: 8.504 Thread 0x0000000002c1d800 Uncommon trap: reason=bimorphic action=maybe_recompile pc=0x00000000033a412c method=com.android.dx.ssa.NormalSsaInsn.accept(Lcom/android/dx/ssa/SsaInsn$Visitor;)V @ 9
Event: 8.504 Thread 0x0000000002c1d800 Uncommon trap: reason=bimorphic action=maybe_recompile pc=0x00000000033a412c method=com.android.dx.ssa.NormalSsaInsn.accept(Lcom/android/dx/ssa/SsaInsn$Visitor;)V @ 9
Event: 8.926 Thread 0x0000000016e8b800 Uncommon trap: reason=bimorphic action=maybe_recompile pc=0x00000000033aefd8 method=com.android.dx.rop.code.Rops.opMoveResultPseudo(Lcom/android/dx/rop/type/TypeBearer;)Lcom/android/dx/rop/code/Rop; @ 7
Event: 8.928 Thread 0x0000000016e8b800 Uncommon trap: reason=bimorphic action=maybe_recompile pc=0x00000000033bfcc8 method=com.android.dx.ssa.LiteralOpUpgrader.tryReplacingWithConstant(Lcom/android/dx/ssa/NormalSsaInsn;)Z @ 52

Internal exceptions (8 events):
Event: 0.332 Thread 0x0000000002c1d800 Exception <a 'java/lang/NoSuchMethodError': Method sun.misc.Unsafe.defineClass(Ljava/lang/String;[BII)Ljava/lang/Class; name or signature does not match> (0x00000000eab13098) thrown at [C:\workspace\8-2-build-windows-amd64-cygwin\jdk8u65\4987\hotspot\src\s∆5JF’?
Event: 0.332 Thread 0x0000000002c1d800 Exception <a 'java/lang/NoSuchMethodError': Method sun.misc.Unsafe.prefetchRead(Ljava/lang/Object;J)V name or signature does not match> (0x00000000eab13380) thrown at [C:\workspace\8-2-build-windows-amd64-cygwin\jdk8u65\4987\hotspot\src\share\vm\prims\jni.÷qçºj*@
Event: 3.646 Thread 0x0000000016e9b800 Implicit null exception at 0x00000000030f3522 to 0x00000000030f35c1
Event: 7.045 Thread 0x0000000016e8b800 Implicit null exception at 0x0000000003041269 to 0x0000000003042695
Event: 7.608 Thread 0x0000000016e9e000 Implicit null exception at 0x0000000002ff04b7 to 0x0000000002ff1c11
Event: 8.475 Thread 0x0000000002c1d800 Exception <a 'java/lang/ArrayIndexOutOfBoundsException': 18> (0x00000000ecf9bfe8) thrown at [C:\workspace\8-2-build-windows-amd64-cygwin\jdk8u65\4987\hotspot\src\share\vm\interpreter\interpreterRuntime.cpp, line 366]
Event: 8.477 Thread 0x0000000002c1d800 Exception <a 'java/lang/ArrayIndexOutOfBoundsException': 145> (0x00000000ecf9db68) thrown at [C:\workspace\8-2-build-windows-amd64-cygwin\jdk8u65\4987\hotspot\src\share\vm\interpreter\interpreterRuntime.cpp, line 366]
Event: 8.482 Thread 0x0000000002c1d800 Exception <a 'java/lang/ArrayIndexOutOfBoundsException'> (0x00000000ecf9ee50) thrown at [C:\workspace\8-2-build-windows-amd64-cygwin\jdk8u65\4987\hotspot\src\share\vm\runtime\sharedRuntime.cpp, line 605]

Events (10 events):
Event: 8.504 Thread 0x0000000002c1d800 DEOPT UNPACKING pc=0x0000000002d6582a sp=0x0000000002b2e4e0 mode 2
Event: 8.504 Thread 0x0000000002c1d800 Uncommon trap: trap_request=0xffffffc6 fr.pc=0x00000000033a412c
Event: 8.504 Thread 0x0000000002c1d800 DEOPT PACKING pc=0x00000000033a412c sp=0x0000000002b2e520
Event: 8.504 Thread 0x0000000002c1d800 DEOPT UNPACKING pc=0x0000000002d6582a sp=0x0000000002b2e4e0 mode 2
Event: 8.926 Thread 0x0000000016e8b800 Uncommon trap: trap_request=0xffffffc6 fr.pc=0x00000000033aefd8
Event: 8.926 Thread 0x0000000016e8b800 DEOPT PACKING pc=0x00000000033aefd8 sp=0x000000001742e2b0
Event: 8.926 Thread 0x0000000016e8b800 DEOPT UNPACKING pc=0x0000000002d6582a sp=0x000000001742e1c8 mode 2
Event: 8.928 Thread 0x0000000016e8b800 Uncommon trap: trap_request=0xffffffc6 fr.pc=0x00000000033bfcc8
Event: 8.928 Thread 0x0000000016e8b800 DEOPT PACKING pc=0x00000000033bfcc8 sp=0x000000001742e870
Event: 8.929 Thread 0x0000000016e8b800 DEOPT UNPACKING pc=0x0000000002d6582a sp=0x000000001742e768 mode 2


Dynamic libraries:
0x00007ff778a00000 - 0x00007ff778a37000 	C:\Program Files\Java\jdk1.8.0_65\bin\java.exe
0x00007ffcf90f0000 - 0x00007ffcf92b2000 	C:\Windows\SYSTEM32\ntdll.dll
0x00007ffcf8af0000 - 0x00007ffcf8b9d000 	C:\Windows\system32\KERNEL32.DLL
0x00007ffcf64c0000 - 0x00007ffcf669d000 	C:\Windows\system32\KERNELBASE.dll
0x00007ffcf8ba0000 - 0x00007ffcf8c46000 	C:\Windows\system32\ADVAPI32.dll
0x00007ffcf8530000 - 0x00007ffcf85cd000 	C:\Windows\system32\msvcrt.dll
0x00007ffcf8a90000 - 0x00007ffcf8aeb000 	C:\Windows\system32\sechost.dll
0x00007ffcf8150000 - 0x00007ffcf8276000 	C:\Windows\system32\RPCRT4.dll
0x00007ffcf8280000 - 0x00007ffcf83ce000 	C:\Windows\system32\USER32.dll
0x00007ffcf8730000 - 0x00007ffcf88b5000 	C:\Windows\system32\GDI32.dll
0x00007ffced1d0000 - 0x00007ffced444000 	C:\Windows\WinSxS\amd64_microsoft.windows.common-controls_6595b64144ccf1df_6.0.10240.16384_none_f41f7b285750ef43\COMCTL32.dll
0x00007ffcf9040000 - 0x00007ffcf9076000 	C:\Windows\system32\IMM32.DLL
0x00007ffcf83d0000 - 0x00007ffcf852c000 	C:\Windows\system32\MSCTF.dll
0x00000000579e0000 - 0x0000000057ab2000 	C:\Program Files\Java\jdk1.8.0_65\jre\bin\msvcr100.dll
0x0000000057ea0000 - 0x0000000058729000 	C:\Program Files\Java\jdk1.8.0_65\jre\bin\server\jvm.dll
0x00007ffcf7dd0000 - 0x00007ffcf7dd8000 	C:\Windows\system32\PSAPI.DLL
0x00007ffce8ac0000 - 0x00007ffce8ac9000 	C:\Windows\SYSTEM32\WSOCK32.dll
0x00007ffcf9080000 - 0x00007ffcf90e9000 	C:\Windows\system32\WS2_32.dll
0x00007ffcf7de0000 - 0x00007ffcf7de8000 	C:\Windows\system32\NSI.dll
0x00007ffcf3d00000 - 0x00007ffcf3d23000 	C:\Windows\SYSTEM32\WINMM.dll
0x00007ffcf3080000 - 0x00007ffcf308a000 	C:\Windows\SYSTEM32\VERSION.dll
0x00007ffcf3bc0000 - 0x00007ffcf3bec000 	C:\Windows\SYSTEM32\WINMMBASE.dll
0x00007ffcf5c70000 - 0x00007ffcf5cb4000 	C:\Windows\system32\cfgmgr32.dll
0x00007ffcf4490000 - 0x00007ffcf44b7000 	C:\Windows\SYSTEM32\DEVOBJ.dll
0x0000000057e90000 - 0x0000000057e9f000 	C:\Program Files\Java\jdk1.8.0_65\jre\bin\verify.dll
0x0000000057e60000 - 0x0000000057e89000 	C:\Program Files\Java\jdk1.8.0_65\jre\bin\java.dll
0x0000000057e40000 - 0x0000000057e56000 	C:\Program Files\Java\jdk1.8.0_65\jre\bin\zip.dll
0x00007ffcf67c0000 - 0x00007ffcf7ce3000 	C:\Windows\system32\SHELL32.dll
0x00007ffcf5cc0000 - 0x00007ffcf62e9000 	C:\Windows\system32\windows.storage.dll
0x00007ffcf8d00000 - 0x00007ffcf8f7c000 	C:\Windows\system32\combase.dll
0x00007ffcf8080000 - 0x00007ffcf80d1000 	C:\Windows\system32\shlwapi.dll
0x00007ffcf5b60000 - 0x00007ffcf5b6f000 	C:\Windows\system32\kernel.appcore.dll
0x00007ffcf6700000 - 0x00007ffcf67b3000 	C:\Windows\system32\shcore.dll
0x00007ffcf5b70000 - 0x00007ffcf5bba000 	C:\Windows\system32\powrprof.dll
0x00007ffcf5b20000 - 0x00007ffcf5b33000 	C:\Windows\system32\profapi.dll

VM Arguments:
jvm_args: -Djava.awt.headless=true -Xmx1024M -Dfile.encoding=windows-1251 -Duser.country=RU -Duser.language=ru -Duser.variant 
java_command: com.android.dx.command.Main --dex --force-jumbo --num-threads=4 --multi-dex --output C:\Users\Azat\Desktop\RemindMeApplication-master\WeatherGDG\app\build\intermediates\transforms\dex\debug\folders\1000\10\com.android.support-recyclerview-v7-23.3.0_fca145d218b99da03895e7889fa8a9bde0af1c00 C:\Users\Azat\Desktop\RemindMeApplication-master\WeatherGDG\app\build\intermediates\exploded-aar\com.android.support\recyclerview-v7\23.3.0\jars\classes.jar
java_class_path (initial): C:\Users\Azat\AppData\Local\Android\sdk1\build-tools\23.0.3\lib\dx.jar
Launcher Type: SUN_STANDARD

Environment Variables:
JAVA_HOME=C:\Program Files\Java\jdk1.8.0_65
PATH=C:\Program Files (x86)\NVIDIA Corporation\PhysX\Common;C:\Program Files (x86)\Common Files\Intel\Shared Files\cpp\bin\Intel64;C:\ProgramData\Oracle\Java\javapath;C:\Windows\system32;C:\Windows;C:\Windows\System32\Wbem;C:\Windows\System32\WindowsPowerShell\v1.0\;C:\Program Files (x86)\AMD\ATI.ACE\Core-Static;C:\Program Files (x86)\ATI Technologies\ATI.ACE\Core-Static;C:\Program Files (x86)\CodeBlocks\MinGW\bin;C:\Program Files (x86)\CMake\bin;C:\Windows\system32\config\systemprofile\.dnx\bin;C:\Program Files\Microsoft DNX\Dnvm\;C:\Program Files (x86)\Windows Kits\8.1\Windows Performance Toolkit\;C:\Program Files (x86)\Skype\Phone\;C:\Program Files (x86)\GtkSharp\2.12\bin;C:\Program Files (x86)\PuTTY\;C:\Program Files\TortoiseGit\bin;C:\Program Files\Microsoft SQL Server\120\Tools\Binn\;C:\Ruby23-x64\bin;C:\Users\Azat\Anaconda2;C:\Users\Azat\Anaconda2\Scripts;C:\Users\Azat\Anaconda2\Library\bin
USERNAME=Azat
OS=Windows_NT
PROCESSOR_IDENTIFIER=AMD64 Family 18 Model 1 Stepping 0, AuthenticAMD



---------------  S Y S T E M  ---------------

OS: Windows 10.0 , 64 bit Build 10240 (10.0.10240.16384)

CPU:total 4 (4 cores per cpu, 1 threads per core) family 18 model 1 stepping 0, cmov, cx8, fxsr, mmx, sse, sse2, sse3, popcnt, mmxext, 3dnowpref, lzcnt, sse4a, tsc, tscinvbit, tscinv

Memory: 4k page, physical 5740652k(469400k free), swap 8365312k(6616k free)

vm_info: Java HotSpot(TM) 64-Bit Server VM (25.65-b01) for windows-amd64 JRE (1.8.0_65-b17), built on Oct  6 2015 16:39:20 by "java_re" with MS VC++ 10.0 (VS2010)

time: Mon Aug 15 18:48:26 2016
elapsed time: 9 seconds (0d 0h 0m 9s)

