#
# There is insufficient memory for the Java Runtime Environment to continue.
# Native memory allocation (malloc) failed to allocate 32744 bytes for ChunkPool::allocate
# Possible reasons:
#   The system is out of physical RAM or swap space
#   In 32 bit mode, the process size limit was hit
# Possible solutions:
#   Reduce memory load on the system
#   Increase physical memory or swap space
#   Check if swap backing store is full
#   Use 64 bit Java on a 64 bit OS
#   Decrease Java heap size (-Xmx/-Xms)
#   Decrease number of Java threads
#   Decrease Java thread stack sizes (-Xss)
#   Set larger code cache with -XX:ReservedCodeCacheSize=
# This output file may be truncated or incomplete.
#
#  Out of Memory Error (allocation.cpp:273), pid=2812, tid=6820
#
# JRE version: Java(TM) SE Runtime Environment (8.0_65-b17) (build 1.8.0_65-b17)
# Java VM: Java HotSpot(TM) 64-Bit Server VM (25.65-b01 mixed mode windows-amd64 compressed oops)
# Failed to write core dump. Minidumps are not enabled by default on client versions of Windows
#

---------------  T H R E A D  ---------------

Current thread (0x0000000014f22000):  JavaThread "C2 CompilerThread1" daemon [_thread_in_native, id=6820, stack(0x0000000016670000,0x0000000016770000)]

Stack: [0x0000000016670000,0x0000000016770000]
[error occurred during error reporting (printing stack bounds), id 0xc0000005]

Native frames: (J=compiled Java code, j=interpreted, Vv=VM code, C=native code)


Current CompileTask:
C2:   6170  928   !   4       com.android.dx.rop.code.RegisterSpecSet::put (104 bytes)


---------------  P R O C E S S  ---------------

Java Threads: ( => current thread )
  0x0000000016af8800 JavaThread "pool-2-thread-4" [_thread_in_Java, id=7736, stack(0x0000000017270000,0x0000000017370000)]
  0x0000000016afd800 JavaThread "pool-2-thread-3" [_thread_blocked, id=6976, stack(0x0000000017170000,0x0000000017270000)]
  0x0000000016a6e000 JavaThread "pool-2-thread-2" [_thread_blocked, id=1084, stack(0x0000000017070000,0x0000000017170000)]
  0x0000000016a1d000 JavaThread "pool-3-thread-1" [_thread_blocked, id=7080, stack(0x0000000016f70000,0x0000000017070000)]
  0x0000000016a19800 JavaThread "pool-2-thread-1" [_thread_in_Java, id=2068, stack(0x0000000016e70000,0x0000000016f70000)]
  0x000000001687d800 JavaThread "Service Thread" daemon [_thread_blocked, id=9068, stack(0x0000000016c70000,0x0000000016d70000)]
  0x0000000014f7b000 JavaThread "C1 CompilerThread2" daemon [_thread_in_native, id=8512, stack(0x0000000016770000,0x0000000016870000)]
=>0x0000000014f22000 JavaThread "C2 CompilerThread1" daemon [_thread_in_native, id=6820, stack(0x0000000016670000,0x0000000016770000)]
  0x0000000014f1e000 JavaThread "C2 CompilerThread0" daemon [_thread_in_native, id=8964, stack(0x0000000016570000,0x0000000016670000)]
  0x0000000014f1b000 JavaThread "Attach Listener" daemon [_thread_blocked, id=1808, stack(0x0000000016470000,0x0000000016570000)]
  0x0000000014f19800 JavaThread "Signal Dispatcher" daemon [_thread_blocked, id=8596, stack(0x0000000016370000,0x0000000016470000)]
  0x0000000002841800 JavaThread "Finalizer" daemon [_thread_blocked, id=3292, stack(0x0000000016180000,0x0000000016280000)]
  0x000000000283e800 JavaThread "Reference Handler" daemon [_thread_blocked, id=3228, stack(0x0000000016080000,0x0000000016180000)]
  0x000000000274e000 JavaThread "main" [_thread_in_Java, id=3484, stack(0x00000000025e0000,0x00000000026e0000)]

Other Threads:
  0x0000000014ee7000 VMThread [stack: 0x0000000015f80000,0x0000000016080000] [id=1332]
  0x0000000016892800 WatcherThread [stack: 0x0000000016d70000,0x0000000016e70000] [id=8612]

VM state:not at safepoint (normal execution)

VM Mutex/Monitor currently owned by a thread: None

Heap:
 PSYoungGen      total 26112K, used 16995K [0x00000000eab00000, 0x00000000ec800000, 0x0000000100000000)
  eden space 22528K, 75% used [0x00000000eab00000,0x00000000ebb98fc0,0x00000000ec100000)
  from space 3584K, 0% used [0x00000000ec480000,0x00000000ec480000,0x00000000ec800000)
  to   space 3584K, 0% used [0x00000000ec100000,0x00000000ec100000,0x00000000ec480000)
 ParOldGen       total 60416K, used 0K [0x00000000c0000000, 0x00000000c3b00000, 0x00000000eab00000)
  object space 60416K, 0% used [0x00000000c0000000,0x00000000c0000000,0x00000000c3b00000)
 Metaspace       used 5785K, capacity 6768K, committed 7040K, reserved 1056768K
  class space    used 597K, capacity 616K, committed 640K, reserved 1048576K

Card table byte_map: [0x0000000011c10000,0x0000000011e20000] byte_map_base: 0x0000000011610000

Marking Bits: (ParMarkBitMap*) 0x000000005b9fa5b0
 Begin Bits: [0x0000000012380000, 0x0000000013380000)
 End Bits:   [0x0000000013380000, 0x0000000014380000)

Polling page: 0x00000000026e0000

CodeCache: size=245760Kb used=3686Kb max_used=3686Kb free=242073Kb
 bounds [0x0000000002850000, 0x0000000002bf0000, 0x0000000011850000]
 total_blobs=1186 nmethods=918 adapters=182
 compilation: enabled

Compilation events (10 events):
Event: 6.160 Thread 0x0000000014f7b000 nmethod 932 0x0000000002bdc5d0 code [0x0000000002bdc720, 0x0000000002bdc830]
Event: 6.160 Thread 0x0000000014f7b000  912       3       com.android.dx.rop.code.RegisterSpec::getBasicFrameType (10 bytes)
Event: 6.161 Thread 0x0000000014f7b000 nmethod 912 0x0000000002bdf150 code [0x0000000002bdf2c0, 0x0000000002bdf4e8]
Event: 6.161 Thread 0x0000000014f7b000  920       3       com.android.dx.rop.code.RegisterSpec::<init> (8 bytes)
Event: 6.161 Thread 0x0000000014f7b000 nmethod 920 0x0000000002bded90 code [0x0000000002bdef00, 0x0000000002bdf088]
Event: 6.161 Thread 0x0000000014f7b000  930       3       com.android.dx.cf.code.ByteBlockList::set (7 bytes)
Event: 6.161 Thread 0x0000000014f7b000 nmethod 930 0x0000000002bdc250 code [0x0000000002bdc3c0, 0x0000000002bdc548]
Event: 6.161 Thread 0x0000000014f7b000  915       3       com.android.dx.cf.code.Merger::isPossiblyAssignableFrom (202 bytes)
Event: 6.163 Thread 0x0000000014f1e000 nmethod 931 0x0000000002be8b50 code [0x0000000002be8ca0, 0x0000000002be8e18]
Event: 6.163 Thread 0x0000000014f1e000  933       4       com.android.dx.ssa.SsaRenamer$BlockRenamer::addMapping (143 bytes)

GC Heap History (0 events):
No events

Deoptimization events (0 events):
No events

Internal exceptions (2 events):
Event: 0.214 Thread 0x000000000274e000 Exception <a 'java/lang/NoSuchMethodError': Method sun.misc.Unsafe.defineClass(Ljava/lang/String;[BII)Ljava/lang/Class; name or signature does not match> (0x00000000eab13098) thrown at [C:\workspace\8-2-build-windows-amd64-cygwin\jdk8u65\4987\hotspot\src\sÍÔÑÎüiË?
Event: 0.214 Thread 0x000000000274e000 Exception <a 'java/lang/NoSuchMethodError': Method sun.misc.Unsafe.prefetchRead(Ljava/lang/Object;J)V name or signature does not match> (0x00000000eab13380) thrown at [C:\workspace\8-2-build-windows-amd64-cygwin\jdk8u65\4987\hotspot\src\share\vm\prims\jni.

Events (10 events):
Event: 4.401 loading class com/android/dx/cf/code/BytecodeArray$ConstantParserVisitor
Event: 4.401 loading class com/android/dx/cf/code/BytecodeArray$ConstantParserVisitor done
Event: 4.441 loading class java/util/TreeMap$EntrySet
Event: 4.442 loading class java/util/TreeMap$EntrySet done
Event: 4.443 loading class java/util/TreeMap$EntryIterator
Event: 4.444 loading class java/util/TreeMap$EntryIterator done
Event: 4.722 Executing VM operation: EnableBiasedLocking
Event: 4.762 Executing VM operation: EnableBiasedLocking done
Event: 5.528 loading class java/util/ArrayList$1
Event: 5.529 loading class java/util/ArrayList$1 done


Dynamic libraries:
0x00007ff6ce060000 - 0x00007ff6ce097000 	C:\Program Files\Java\jdk1.8.0_65\bin\java.exe
0x00007ffb59150000 - 0x00007ffb59312000 	C:\Windows\SYSTEM32\ntdll.dll
0x00007ffb58980000 - 0x00007ffb58a2d000 	C:\Windows\system32\KERNEL32.DLL
0x00007ffb55c20000 - 0x00007ffb55dfd000 	C:\Windows\system32\KERNELBASE.dll
0x00007ffb585a0000 - 0x00007ffb58646000 	C:\Windows\system32\ADVAPI32.dll
0x00007ffb58660000 - 0x00007ffb586fd000 	C:\Windows\system32\msvcrt.dll
0x00007ffb58d30000 - 0x00007ffb58d8b000 	C:\Windows\system32\sechost.dll
0x00007ffb58a30000 - 0x00007ffb58b56000 	C:\Windows\system32\RPCRT4.dll
0x00007ffb59000000 - 0x00007ffb5914e000 	C:\Windows\system32\USER32.dll
0x00007ffb58e70000 - 0x00007ffb58ff5000 	C:\Windows\system32\GDI32.dll
0x00007ffb4f730000 - 0x00007ffb4f9a4000 	C:\Windows\WinSxS\amd64_microsoft.windows.common-controls_6595b64144ccf1df_6.0.10240.16384_none_f41f7b285750ef43\COMCTL32.dll
0x00007ffb58030000 - 0x00007ffb58066000 	C:\Windows\system32\IMM32.DLL
0x00007ffb58430000 - 0x00007ffb5858c000 	C:\Windows\system32\MSCTF.dll
0x000000005ad40000 - 0x000000005ae12000 	C:\Program Files\Java\jdk1.8.0_65\jre\bin\msvcr100.dll
0x000000005b1f0000 - 0x000000005ba79000 	C:\Program Files\Java\jdk1.8.0_65\jre\bin\server\jvm.dll
0x00007ffb58590000 - 0x00007ffb58598000 	C:\Windows\system32\PSAPI.DLL
0x00007ffb490f0000 - 0x00007ffb490f9000 	C:\Windows\SYSTEM32\WSOCK32.dll
0x00007ffb56820000 - 0x00007ffb56889000 	C:\Windows\system32\WS2_32.dll
0x00007ffb58070000 - 0x00007ffb58078000 	C:\Windows\system32\NSI.dll
0x00007ffb54280000 - 0x00007ffb542a3000 	C:\Windows\SYSTEM32\WINMM.dll
0x00007ffb53100000 - 0x00007ffb5310a000 	C:\Windows\SYSTEM32\VERSION.dll
0x00007ffb541a0000 - 0x00007ffb541cc000 	C:\Windows\SYSTEM32\WINMMBASE.dll
0x00007ffb56720000 - 0x00007ffb56764000 	C:\Windows\system32\cfgmgr32.dll
0x00007ffb544f0000 - 0x00007ffb54517000 	C:\Windows\SYSTEM32\DEVOBJ.dll
0x000000005b1e0000 - 0x000000005b1ef000 	C:\Program Files\Java\jdk1.8.0_65\jre\bin\verify.dll
0x000000005b1b0000 - 0x000000005b1d9000 	C:\Program Files\Java\jdk1.8.0_65\jre\bin\java.dll
0x000000005b190000 - 0x000000005b1a6000 	C:\Program Files\Java\jdk1.8.0_65\jre\bin\zip.dll
0x00007ffb56b00000 - 0x00007ffb58023000 	C:\Windows\system32\SHELL32.dll
0x00007ffb560f0000 - 0x00007ffb56719000 	C:\Windows\system32\windows.storage.dll
0x00007ffb58700000 - 0x00007ffb5897c000 	C:\Windows\system32\combase.dll
0x00007ffb56aa0000 - 0x00007ffb56af1000 	C:\Windows\system32\shlwapi.dll
0x00007ffb55b80000 - 0x00007ffb55b8f000 	C:\Windows\system32\kernel.appcore.dll
0x00007ffb55fd0000 - 0x00007ffb56083000 	C:\Windows\system32\shcore.dll
0x00007ffb55b90000 - 0x00007ffb55bda000 	C:\Windows\system32\powrprof.dll
0x00007ffb55be0000 - 0x00007ffb55bf3000 	C:\Windows\system32\profapi.dll

VM Arguments:
jvm_args: -Djava.awt.headless=true -Xmx1024M -Dfile.encoding=windows-1251 -Duser.country=RU -Duser.language=ru -Duser.variant 
java_command: com.android.dx.command.Main --dex --force-jumbo --num-threads=4 --multi-dex --output C:\Users\Azat\Desktop\RemindMeApplication-master\WeatherGDG\app\build\intermediates\transforms\dex\debug\folders\1000\10\okio-1.8.0_bcbb69d9ba364bd9df5b86a7df4e4891faef4e16 C:\Users\Azat\.gradle\caches\modules-2\files-2.1\com.squareup.okio\okio\1.8.0\5ea7af56cc7c567ed9856d99efb30740e9b17ff\okio-1.8.0.jar
java_class_path (initial): C:\Users\Azat\AppData\Local\Android\sdk1\build-tools\23.0.3\lib\dx.jar
Launcher Type: SUN_STANDARD

Environment Variables:
JAVA_HOME=C:\Program Files\Java\jdk1.8.0_65
PATH=C:\Program Files (x86)\NVIDIA Corporation\PhysX\Common;C:\Program Files (x86)\Common Files\Intel\Shared Files\cpp\bin\Intel64;C:\ProgramData\Oracle\Java\javapath;C:\Windows\system32;C:\Windows;C:\Windows\System32\Wbem;C:\Windows\System32\WindowsPowerShell\v1.0\;C:\Program Files (x86)\AMD\ATI.ACE\Core-Static;C:\Program Files (x86)\ATI Technologies\ATI.ACE\Core-Static;C:\Program Files (x86)\CodeBlocks\MinGW\bin;C:\Program Files (x86)\CMake\bin;C:\Windows\system32\config\systemprofile\.dnx\bin;C:\Program Files\Microsoft DNX\Dnvm\;C:\Program Files (x86)\Windows Kits\8.1\Windows Performance Toolkit\;C:\Program Files (x86)\Skype\Phone\;C:\Program Files (x86)\GtkSharp\2.12\bin;C:\Program Files (x86)\PuTTY\;C:\Program Files\TortoiseGit\bin;C:\Program Files\Microsoft SQL Server\120\Tools\Binn\;C:\Ruby23-x64\bin;C:\Users\Azat\Anaconda2;C:\Users\Azat\Anaconda2\Scripts;C:\Users\Azat\Anaconda2\Library\bin
USERNAME=Azat
OS=Windows_NT
PROCESSOR_IDENTIFIER=AMD64 Family 18 Model 1 Stepping 0, AuthenticAMD



---------------  S Y S T E M  ---------------

OS: Windows 10.0 , 64 bit Build 10240 (10.0.10240.16384)

CPU:total 4 (4 cores per cpu, 1 threads per core) family 18 model 1 stepping 0, cmov, cx8, fxsr, mmx, sse, sse2, sse3, popcnt, mmxext, 3dnowpref, lzcnt, sse4a, tsc, tscinvbit, tscinv

Memory: 4k page, physical 5740652k(315236k free), swap 8438316k(1228k free)

vm_info: Java HotSpot(TM) 64-Bit Server VM (25.65-b01) for windows-amd64 JRE (1.8.0_65-b17), built on Oct  6 2015 16:39:20 by "java_re" with MS VC++ 10.0 (VS2010)

time: Wed Aug 03 08:34:09 2016
elapsed time: 6 seconds (0d 0h 0m 6s)

