#
# There is insufficient memory for the Java Runtime Environment to continue.
# Native memory allocation (malloc) failed to allocate 574736 bytes for Chunk::new
# Possible reasons:
#   The system is out of physical RAM or swap space
#   In 32 bit mode, the process size limit was hit
# Possible solutions:
#   Reduce memory load on the system
#   Increase physical memory or swap space
#   Check if swap backing store is full
#   Use 64 bit Java on a 64 bit OS
#   Decrease Java heap size (-Xmx/-Xms)
#   Decrease number of Java threads
#   Decrease Java thread stack sizes (-Xss)
#   Set larger code cache with -XX:ReservedCodeCacheSize=
# This output file may be truncated or incomplete.
#
#  Out of Memory Error (allocation.cpp:390), pid=2176, tid=8256
#
# JRE version: Java(TM) SE Runtime Environment (8.0_65-b17) (build 1.8.0_65-b17)
# Java VM: Java HotSpot(TM) 64-Bit Server VM (25.65-b01 mixed mode windows-amd64 compressed oops)
# Failed to write core dump. Minidumps are not enabled by default on client versions of Windows
#

---------------  T H R E A D  ---------------

Current thread (0x00000000148e2000):  JavaThread "C2 CompilerThread1" daemon [_thread_in_native, id=8256, stack(0x0000000016030000,0x0000000016130000)]

Stack: [0x0000000016030000,0x0000000016130000]
[error occurred during error reporting (printing stack bounds), id 0xc0000005]

Native frames: (J=compiled Java code, j=interpreted, Vv=VM code, C=native code)


Current CompileTask:
C2:   8002 1090       4       com.android.dx.dex.code.OutputFinisher::addConstants (93 bytes)


---------------  P R O C E S S  ---------------

Java Threads: ( => current thread )
  0x00000000162ab800 JavaThread "pool-1-thread-1" [_thread_in_Java, id=3708, stack(0x0000000016930000,0x0000000016a30000)]
  0x000000001613d800 JavaThread "Service Thread" daemon [_thread_blocked, id=9176, stack(0x0000000016630000,0x0000000016730000)]
  0x000000001493e800 JavaThread "C1 CompilerThread2" daemon [_thread_blocked, id=5580, stack(0x0000000016530000,0x0000000016630000)]
=>0x00000000148e2000 JavaThread "C2 CompilerThread1" daemon [_thread_in_native, id=8256, stack(0x0000000016030000,0x0000000016130000)]
  0x00000000148dd800 JavaThread "C2 CompilerThread0" daemon [_thread_blocked, id=8816, stack(0x0000000015f30000,0x0000000016030000)]
  0x00000000148db000 JavaThread "Attach Listener" daemon [_thread_blocked, id=4316, stack(0x0000000015e30000,0x0000000015f30000)]
  0x00000000148da000 JavaThread "Signal Dispatcher" daemon [_thread_blocked, id=8360, stack(0x0000000015d30000,0x0000000015e30000)]
  0x0000000002150800 JavaThread "Finalizer" daemon [_thread_blocked, id=8312, stack(0x0000000015b40000,0x0000000015c40000)]
  0x000000000214d000 JavaThread "Reference Handler" daemon [_thread_blocked, id=8788, stack(0x0000000015a40000,0x0000000015b40000)]
  0x000000000230d800 JavaThread "main" [_thread_blocked, id=8824, stack(0x0000000000800000,0x0000000000900000)]

Other Threads:
  0x00000000148a8000 VMThread [stack: 0x0000000015940000,0x0000000015a40000] [id=8388]
  0x000000001614a800 WatcherThread [stack: 0x0000000016730000,0x0000000016830000] [id=8960]

VM state:not at safepoint (normal execution)

VM Mutex/Monitor currently owned by a thread: None

Heap:
 PSYoungGen      total 26112K, used 21194K [0x00000000eab00000, 0x00000000ec800000, 0x0000000100000000)
  eden space 22528K, 94% used [0x00000000eab00000,0x00000000ebfb2858,0x00000000ec100000)
  from space 3584K, 0% used [0x00000000ec480000,0x00000000ec480000,0x00000000ec800000)
  to   space 3584K, 0% used [0x00000000ec100000,0x00000000ec100000,0x00000000ec480000)
 ParOldGen       total 60416K, used 0K [0x00000000c0000000, 0x00000000c3b00000, 0x00000000eab00000)
  object space 60416K, 0% used [0x00000000c0000000,0x00000000c0000000,0x00000000c3b00000)
 Metaspace       used 6043K, capacity 6964K, committed 7040K, reserved 1056768K
  class space    used 607K, capacity 620K, committed 640K, reserved 1048576K

Card table byte_map: [0x00000000116d0000,0x00000000118e0000] byte_map_base: 0x00000000110d0000

Marking Bits: (ParMarkBitMap*) 0x00000000586aa5b0
 Begin Bits: [0x0000000011d40000, 0x0000000012d40000)
 End Bits:   [0x0000000012d40000, 0x0000000013d40000)

Polling page: 0x00000000004c0000

CodeCache: size=245760Kb used=4792Kb max_used=4792Kb free=240967Kb
 bounds [0x0000000002310000, 0x00000000027d0000, 0x0000000011310000]
 total_blobs=1459 nmethods=1190 adapters=183
 compilation: enabled

Compilation events (10 events):
Event: 7.784 Thread 0x000000001493e800 1193       3       com.android.dx.dex.file.OffsettedItem::writeSize (22 bytes)
Event: 7.784 Thread 0x000000001493e800 nmethod 1193 0x00000000027c0010 code [0x00000000027c0180, 0x00000000027c03e8]
Event: 7.785 Thread 0x000000001493e800 1194       3       com.android.dx.dex.file.OffsettedItem::place0 (1 bytes)
Event: 7.785 Thread 0x000000001493e800 nmethod 1194 0x00000000027c04d0 code [0x00000000027c0620, 0x00000000027c0770]
Event: 7.786 Thread 0x000000001493e800 1195       3       com.android.dx.dex.file.MixedItemSection$1::compare (13 bytes)
Event: 7.787 Thread 0x000000001493e800 nmethod 1195 0x00000000027c0810 code [0x00000000027c09c0, 0x00000000027c1008]
Event: 7.787 Thread 0x000000001493e800 1196       3       java.lang.Enum::compareTo (44 bytes)
Event: 7.789 Thread 0x000000001493e800 nmethod 1196 0x00000000027c1250 code [0x00000000027c1400, 0x00000000027c1d08]
Event: 7.789 Thread 0x000000001493e800 1197       3       com.android.dx.dex.file.DebugInfoItem::itemType (4 bytes)
Event: 7.790 Thread 0x000000001493e800 nmethod 1197 0x00000000027c1f50 code [0x00000000027c20a0, 0x00000000027c21f0]

GC Heap History (0 events):
No events

Deoptimization events (8 events):
Event: 2.710 Thread 0x00000000162a9000 Uncommon trap: reason=unstable_if action=reinterpret pc=0x0000000002500270 method=java.util.HashMap.getNode(ILjava/lang/Object;)Ljava/util/HashMap$Node; @ 62
Event: 3.345 Thread 0x00000000162a9000 Uncommon trap: reason=unstable_if action=reinterpret pc=0x000000000258dcf4 method=java.util.BitSet.ensureCapacity(I)V @ 6
Event: 4.878 Thread 0x00000000162a9000 Uncommon trap: reason=bimorphic action=maybe_recompile pc=0x000000000258a83c method=java.util.HashMap.getNode(ILjava/lang/Object;)Ljava/util/HashMap$Node; @ 126
Event: 4.878 Thread 0x00000000162a9000 Uncommon trap: reason=bimorphic action=maybe_recompile pc=0x000000000258a83c method=java.util.HashMap.getNode(ILjava/lang/Object;)Ljava/util/HashMap$Node; @ 126
Event: 4.878 Thread 0x00000000162a9000 Uncommon trap: reason=bimorphic action=maybe_recompile pc=0x000000000258a83c method=java.util.HashMap.getNode(ILjava/lang/Object;)Ljava/util/HashMap$Node; @ 126
Event: 4.878 Thread 0x00000000162a9000 Uncommon trap: reason=bimorphic action=maybe_recompile pc=0x000000000258a83c method=java.util.HashMap.getNode(ILjava/lang/Object;)Ljava/util/HashMap$Node; @ 126
Event: 4.879 Thread 0x00000000162a9000 Uncommon trap: reason=bimorphic action=maybe_recompile pc=0x00000000025921f0 method=java.util.HashMap.getNode(ILjava/lang/Object;)Ljava/util/HashMap$Node; @ 126
Event: 7.739 Thread 0x00000000162ab800 Uncommon trap: reason=unstable_if action=reinterpret pc=0x0000000002797ef8 method=com.android.dx.dex.code.OutputFinisher.findOpcodeForInsn(Lcom/android/dx/dex/code/DalvInsn;Lcom/android/dx/dex/code/Dop;)Lcom/android/dx/dex/code/Dop; @ 31

Internal exceptions (2 events):
Event: 0.422 Thread 0x000000000230d800 Exception <a 'java/lang/NoSuchMethodError': Method sun.misc.Unsafe.defineClass(Ljava/lang/String;[BII)Ljava/lang/Class; name or signature does not match> (0x00000000eab13098) thrown at [C:\workspace\8-2-build-windows-amd64-cygwin\jdk8u65\4987\hotspot\src\s∆≠b¶”€?
Event: 0.422 Thread 0x000000000230d800 Exception <a 'java/lang/NoSuchMethodError': Method sun.misc.Unsafe.prefetchRead(Ljava/lang/Object;J)V name or signature does not match> (0x00000000eab13380) thrown at [C:\workspace\8-2-build-windows-amd64-cygwin\jdk8u65\4987\hotspot\src\share\vm\prims\jni.

Events (10 events):
Event: 7.315 loading class com/android/dx/dex/code/CatchHandlerList done
Event: 7.319 loading class com/android/dx/dex/code/CatchTable
Event: 7.319 loading class com/android/dx/dex/code/CatchTable done
Event: 7.739 Thread 0x00000000162ab800 Uncommon trap: trap_request=0xffffff65 fr.pc=0x0000000002797ef8
Event: 7.740 Thread 0x00000000162ab800 DEOPT PACKING pc=0x0000000002797ef8 sp=0x0000000016a2e8c0
Event: 7.740 Thread 0x00000000162ab800 DEOPT UNPACKING pc=0x000000000235582a sp=0x0000000016a2e870 mode 2
Event: 7.790 loading class com/android/dx/dex/file/DebugInfoEncoder
Event: 7.790 loading class com/android/dx/dex/file/DebugInfoEncoder done
Event: 7.794 loading class com/android/dx/util/ByteArrayAnnotatedOutput
Event: 7.794 loading class com/android/dx/util/ByteArrayAnnotatedOutput done


Dynamic libraries:
0x00007ff778a00000 - 0x00007ff778a37000 	C:\Program Files\Java\jdk1.8.0_65\bin\java.exe
0x00007ffcf90f0000 - 0x00007ffcf92b2000 	C:\Windows\SYSTEM32\ntdll.dll
0x00007ffcf8af0000 - 0x00007ffcf8b9d000 	C:\Windows\system32\KERNEL32.DLL
0x00007ffcf64c0000 - 0x00007ffcf669d000 	C:\Windows\system32\KERNELBASE.dll
0x00007ffcf8ba0000 - 0x00007ffcf8c46000 	C:\Windows\system32\ADVAPI32.dll
0x00007ffcf8530000 - 0x00007ffcf85cd000 	C:\Windows\system32\msvcrt.dll
0x00007ffcf8a90000 - 0x00007ffcf8aeb000 	C:\Windows\system32\sechost.dll
0x00007ffcf8150000 - 0x00007ffcf8276000 	C:\Windows\system32\RPCRT4.dll
0x00007ffcf8280000 - 0x00007ffcf83ce000 	C:\Windows\system32\USER32.dll
0x00007ffcf8730000 - 0x00007ffcf88b5000 	C:\Windows\system32\GDI32.dll
0x00007ffced1d0000 - 0x00007ffced444000 	C:\Windows\WinSxS\amd64_microsoft.windows.common-controls_6595b64144ccf1df_6.0.10240.16384_none_f41f7b285750ef43\COMCTL32.dll
0x00007ffcf9040000 - 0x00007ffcf9076000 	C:\Windows\system32\IMM32.DLL
0x00007ffcf83d0000 - 0x00007ffcf852c000 	C:\Windows\system32\MSCTF.dll
0x00000000579e0000 - 0x0000000057ab2000 	C:\Program Files\Java\jdk1.8.0_65\jre\bin\msvcr100.dll
0x0000000057ea0000 - 0x0000000058729000 	C:\Program Files\Java\jdk1.8.0_65\jre\bin\server\jvm.dll
0x00007ffcf7dd0000 - 0x00007ffcf7dd8000 	C:\Windows\system32\PSAPI.DLL
0x00007ffce8ac0000 - 0x00007ffce8ac9000 	C:\Windows\SYSTEM32\WSOCK32.dll
0x00007ffcf9080000 - 0x00007ffcf90e9000 	C:\Windows\system32\WS2_32.dll
0x00007ffcf7de0000 - 0x00007ffcf7de8000 	C:\Windows\system32\NSI.dll
0x00007ffcf3d00000 - 0x00007ffcf3d23000 	C:\Windows\SYSTEM32\WINMM.dll
0x00007ffcf3080000 - 0x00007ffcf308a000 	C:\Windows\SYSTEM32\VERSION.dll
0x00007ffcf3bc0000 - 0x00007ffcf3bec000 	C:\Windows\SYSTEM32\WINMMBASE.dll
0x00007ffcf5c70000 - 0x00007ffcf5cb4000 	C:\Windows\system32\cfgmgr32.dll
0x00007ffcf4490000 - 0x00007ffcf44b7000 	C:\Windows\SYSTEM32\DEVOBJ.dll
0x0000000057e90000 - 0x0000000057e9f000 	C:\Program Files\Java\jdk1.8.0_65\jre\bin\verify.dll
0x0000000057e60000 - 0x0000000057e89000 	C:\Program Files\Java\jdk1.8.0_65\jre\bin\java.dll
0x0000000057e40000 - 0x0000000057e56000 	C:\Program Files\Java\jdk1.8.0_65\jre\bin\zip.dll
0x00007ffcf67c0000 - 0x00007ffcf7ce3000 	C:\Windows\system32\SHELL32.dll
0x00007ffcf5cc0000 - 0x00007ffcf62e9000 	C:\Windows\system32\windows.storage.dll
0x00007ffcf8d00000 - 0x00007ffcf8f7c000 	C:\Windows\system32\combase.dll
0x00007ffcf8080000 - 0x00007ffcf80d1000 	C:\Windows\system32\shlwapi.dll
0x00007ffcf5b60000 - 0x00007ffcf5b6f000 	C:\Windows\system32\kernel.appcore.dll
0x00007ffcf6700000 - 0x00007ffcf67b3000 	C:\Windows\system32\shcore.dll
0x00007ffcf5b70000 - 0x00007ffcf5bba000 	C:\Windows\system32\powrprof.dll
0x00007ffcf5b20000 - 0x00007ffcf5b33000 	C:\Windows\system32\profapi.dll

VM Arguments:
jvm_args: -Djava.awt.headless=true -Xmx1024M -Dfile.encoding=windows-1251 -Duser.country=RU -Duser.language=ru -Duser.variant 
java_command: com.android.dx.command.Main --dex --force-jumbo --num-threads=4 --multi-dex --output C:\Users\Azat\Desktop\RemindMeApplication-master\WeatherGDG\app\build\intermediates\transforms\dex\debug\folders\1000\10\com.android.support-cardview-v7-23.3.0_e664423026a3f89df9674537f00e2bb74cb95589 C:\Users\Azat\Desktop\RemindMeApplication-master\WeatherGDG\app\build\intermediates\exploded-aar\com.android.support\cardview-v7\23.3.0\jars\classes.jar
java_class_path (initial): C:\Users\Azat\AppData\Local\Android\sdk1\build-tools\23.0.3\lib\dx.jar
Launcher Type: SUN_STANDARD

Environment Variables:
JAVA_HOME=C:\Program Files\Java\jdk1.8.0_65
PATH=C:\Program Files (x86)\NVIDIA Corporation\PhysX\Common;C:\Program Files (x86)\Common Files\Intel\Shared Files\cpp\bin\Intel64;C:\ProgramData\Oracle\Java\javapath;C:\Windows\system32;C:\Windows;C:\Windows\System32\Wbem;C:\Windows\System32\WindowsPowerShell\v1.0\;C:\Program Files (x86)\AMD\ATI.ACE\Core-Static;C:\Program Files (x86)\ATI Technologies\ATI.ACE\Core-Static;C:\Program Files (x86)\CodeBlocks\MinGW\bin;C:\Program Files (x86)\CMake\bin;C:\Windows\system32\config\systemprofile\.dnx\bin;C:\Program Files\Microsoft DNX\Dnvm\;C:\Program Files (x86)\Windows Kits\8.1\Windows Performance Toolkit\;C:\Program Files (x86)\Skype\Phone\;C:\Program Files (x86)\GtkSharp\2.12\bin;C:\Program Files (x86)\PuTTY\;C:\Program Files\TortoiseGit\bin;C:\Program Files\Microsoft SQL Server\120\Tools\Binn\;C:\Ruby23-x64\bin;C:\Users\Azat\Anaconda2;C:\Users\Azat\Anaconda2\Scripts;C:\Users\Azat\Anaconda2\Library\bin
USERNAME=Azat
OS=Windows_NT
PROCESSOR_IDENTIFIER=AMD64 Family 18 Model 1 Stepping 0, AuthenticAMD



---------------  S Y S T E M  ---------------

OS: Windows 10.0 , 64 bit Build 10240 (10.0.10240.16384)

CPU:total 4 (4 cores per cpu, 1 threads per core) family 18 model 1 stepping 0, cmov, cx8, fxsr, mmx, sse, sse2, sse3, popcnt, mmxext, 3dnowpref, lzcnt, sse4a, tsc, tscinvbit, tscinv

Memory: 4k page, physical 5740652k(480556k free), swap 8365312k(5128k free)

vm_info: Java HotSpot(TM) 64-Bit Server VM (25.65-b01) for windows-amd64 JRE (1.8.0_65-b17), built on Oct  6 2015 16:39:20 by "java_re" with MS VC++ 10.0 (VS2010)

time: Mon Aug 15 18:48:17 2016
elapsed time: 8 seconds (0d 0h 0m 8s)

