#
# There is insufficient memory for the Java Runtime Environment to continue.
# Native memory allocation (malloc) failed to allocate 32744 bytes for ChunkPool::allocate
# Possible reasons:
#   The system is out of physical RAM or swap space
#   In 32 bit mode, the process size limit was hit
# Possible solutions:
#   Reduce memory load on the system
#   Increase physical memory or swap space
#   Check if swap backing store is full
#   Use 64 bit Java on a 64 bit OS
#   Decrease Java heap size (-Xmx/-Xms)
#   Decrease number of Java threads
#   Decrease Java thread stack sizes (-Xss)
#   Set larger code cache with -XX:ReservedCodeCacheSize=
# This output file may be truncated or incomplete.
#
#  Out of Memory Error (allocation.cpp:273), pid=1860, tid=8936
#
# JRE version: Java(TM) SE Runtime Environment (8.0_65-b17) (build 1.8.0_65-b17)
# Java VM: Java HotSpot(TM) 64-Bit Server VM (25.65-b01 mixed mode windows-amd64 compressed oops)
# Failed to write core dump. Minidumps are not enabled by default on client versions of Windows
#

---------------  T H R E A D  ---------------

Current thread (0x0000000015608000):  JavaThread "C2 CompilerThread1" daemon [_thread_in_native, id=8936, stack(0x0000000016cf0000,0x0000000016df0000)]

Stack: [0x0000000016cf0000,0x0000000016df0000]
[error occurred during error reporting (printing stack bounds), id 0xc0000005]

Native frames: (J=compiled Java code, j=interpreted, Vv=VM code, C=native code)


Current CompileTask:
C2:   7996  594       4       java.lang.Long::bitCount (61 bytes)


---------------  P R O C E S S  ---------------

Java Threads: ( => current thread )
  0x00000000171bb800 JavaThread "pool-2-thread-4" [_thread_in_Java, id=5352, stack(0x00000000178f0000,0x00000000179f0000)]
  0x00000000171b6800 JavaThread "pool-2-thread-3" [_thread_in_Java, id=2056, stack(0x00000000177f0000,0x00000000178f0000)]
  0x00000000171b5800 JavaThread "pool-2-thread-2" [_thread_in_Java, id=9024, stack(0x00000000176f0000,0x00000000177f0000)]
  0x00000000171b5000 JavaThread "pool-3-thread-1" [_thread_blocked, id=7952, stack(0x00000000175f0000,0x00000000176f0000)]
  0x00000000171b0800 JavaThread "pool-2-thread-1" [_thread_in_vm, id=8572, stack(0x00000000174f0000,0x00000000175f0000)]
  0x000000001560e000 JavaThread "Service Thread" daemon [_thread_blocked, id=4856, stack(0x00000000172f0000,0x00000000173f0000)]
  0x000000001560b000 JavaThread "C1 CompilerThread2" daemon [_thread_in_native, id=6956, stack(0x0000000016df0000,0x0000000016ef0000)]
=>0x0000000015608000 JavaThread "C2 CompilerThread1" daemon [_thread_in_native, id=8936, stack(0x0000000016cf0000,0x0000000016df0000)]
  0x00000000155ad800 JavaThread "C2 CompilerThread0" daemon [_thread_blocked, id=8648, stack(0x0000000016bf0000,0x0000000016cf0000)]
  0x00000000155ab000 JavaThread "Attach Listener" daemon [_thread_blocked, id=8680, stack(0x0000000016af0000,0x0000000016bf0000)]
  0x00000000155aa000 JavaThread "Signal Dispatcher" daemon [_thread_blocked, id=8368, stack(0x00000000169f0000,0x0000000016af0000)]
  0x0000000002e31000 JavaThread "Finalizer" daemon [_thread_blocked, id=8268, stack(0x0000000016800000,0x0000000016900000)]
  0x0000000002e2e800 JavaThread "Reference Handler" daemon [_thread_blocked, id=4020, stack(0x0000000016700000,0x0000000016800000)]
  0x0000000002edd800 JavaThread "main" [_thread_in_vm, id=8588, stack(0x0000000002ba0000,0x0000000002ca0000)]

Other Threads:
  0x0000000015577800 VMThread [stack: 0x0000000016600000,0x0000000016700000] [id=8612]
  0x0000000016ef7000 WatcherThread [stack: 0x00000000173f0000,0x00000000174f0000] [id=8196]

VM state:not at safepoint (normal execution)

VM Mutex/Monitor currently owned by a thread: None

Heap:
 PSYoungGen      total 26112K, used 13813K [0x00000000eab00000, 0x00000000ec800000, 0x0000000100000000)
  eden space 22528K, 61% used [0x00000000eab00000,0x00000000eb87d6b0,0x00000000ec100000)
  from space 3584K, 0% used [0x00000000ec480000,0x00000000ec480000,0x00000000ec800000)
  to   space 3584K, 0% used [0x00000000ec100000,0x00000000ec100000,0x00000000ec480000)
 ParOldGen       total 60416K, used 0K [0x00000000c0000000, 0x00000000c3b00000, 0x00000000eab00000)
  object space 60416K, 0% used [0x00000000c0000000,0x00000000c0000000,0x00000000c3b00000)
 Metaspace       used 5480K, capacity 6448K, committed 6528K, reserved 1056768K
  class space    used 590K, capacity 616K, committed 640K, reserved 1048576K

Card table byte_map: [0x00000000122a0000,0x00000000124b0000] byte_map_base: 0x0000000011ca0000

Marking Bits: (ParMarkBitMap*) 0x00000000586aa5b0
 Begin Bits: [0x0000000012a10000, 0x0000000013a10000)
 End Bits:   [0x0000000013a10000, 0x0000000014a10000)

Polling page: 0x0000000002ca0000

CodeCache: size=245760Kb used=2381Kb max_used=2381Kb free=243378Kb
 bounds [0x0000000002ee0000, 0x0000000003150000, 0x0000000011ee0000]
 total_blobs=832 nmethods=564 adapters=182
 compilation: enabled

Compilation events (10 events):
Event: 7.938 Thread 0x000000001560b000 nmethod 559 0x000000000310d490 code [0x000000000310d620, 0x000000000310d9b8]
Event: 7.938 Thread 0x000000001560b000  560   !   3       com.android.dx.cf.code.BytecodeArray::parseInstruction (2764 bytes)
Event: 7.946 Thread 0x0000000015608000 nmethod 556 0x0000000003110a10 code [0x0000000003110b60, 0x0000000003110e78]
Event: 7.948 Thread 0x00000000155ad800  567       4       java.util.BitSet::nextSetBit (102 bytes)
Event: 7.950 Thread 0x0000000015608000  570       4       java.util.HashMap::get (23 bytes)
Event: 7.953 Thread 0x00000000155ad800 nmethod 567 0x00000000031110d0 code [0x0000000003111220, 0x0000000003111338]
Event: 7.968 Thread 0x0000000015608000 nmethod 570 0x000000000310ec10 code [0x000000000310ed80, 0x000000000310f148]
Event: 7.971 Thread 0x00000000155ad800  577   !   4       com.android.dx.util.IntList::get (36 bytes)
Event: 7.973 Thread 0x00000000155ad800 nmethod 577 0x0000000003111450 code [0x0000000003111580, 0x0000000003111638]
Event: 7.990 Thread 0x0000000015608000  594       4       java.lang.Long::bitCount (61 bytes)

GC Heap History (0 events):
No events

Deoptimization events (0 events):
No events

Internal exceptions (2 events):
Event: 0.256 Thread 0x0000000002edd800 Exception <a 'java/lang/NoSuchMethodError': Method sun.misc.Unsafe.defineClass(Ljava/lang/String;[BII)Ljava/lang/Class; name or signature does not match> (0x00000000eab13098) thrown at [C:\workspace\8-2-build-windows-amd64-cygwin\jdk8u65\4987\hotspot\src\s-ıN3j–?
Event: 0.256 Thread 0x0000000002edd800 Exception <a 'java/lang/NoSuchMethodError': Method sun.misc.Unsafe.prefetchRead(Ljava/lang/Object;J)V name or signature does not match> (0x00000000eab13380) thrown at [C:\workspace\8-2-build-windows-amd64-cygwin\jdk8u65\4987\hotspot\src\share\vm\prims\jni.

Events (10 events):
Event: 7.392 loading class com/android/dx/dex/code/DalvCode
Event: 7.392 loading class com/android/dx/dex/code/DalvCode done
Event: 7.395 loading class java/io/PrintWriter
Event: 7.395 loading class java/io/PrintWriter done
Event: 7.395 loading class com/android/dx/dex/file/DebugInfoItem
Event: 7.396 loading class com/android/dx/dex/file/DebugInfoItem done
Event: 7.487 loading class com/android/dx/ssa/PhiInsn$Operand
Event: 7.487 loading class com/android/dx/ssa/PhiInsn$Operand done
Event: 7.540 loading class com/android/dx/ssa/back/FirstFitLocalCombiningAllocator$Multiset
Event: 7.540 loading class com/android/dx/ssa/back/FirstFitLocalCombiningAllocator$Multiset done


Dynamic libraries:
0x00007ff778a00000 - 0x00007ff778a37000 	C:\Program Files\Java\jdk1.8.0_65\bin\java.exe
0x00007ffcf90f0000 - 0x00007ffcf92b2000 	C:\Windows\SYSTEM32\ntdll.dll
0x00007ffcf8af0000 - 0x00007ffcf8b9d000 	C:\Windows\system32\KERNEL32.DLL
0x00007ffcf64c0000 - 0x00007ffcf669d000 	C:\Windows\system32\KERNELBASE.dll
0x00007ffcf8ba0000 - 0x00007ffcf8c46000 	C:\Windows\system32\ADVAPI32.dll
0x00007ffcf8530000 - 0x00007ffcf85cd000 	C:\Windows\system32\msvcrt.dll
0x00007ffcf8a90000 - 0x00007ffcf8aeb000 	C:\Windows\system32\sechost.dll
0x00007ffcf8150000 - 0x00007ffcf8276000 	C:\Windows\system32\RPCRT4.dll
0x00007ffcf8280000 - 0x00007ffcf83ce000 	C:\Windows\system32\USER32.dll
0x00007ffcf8730000 - 0x00007ffcf88b5000 	C:\Windows\system32\GDI32.dll
0x00007ffced1d0000 - 0x00007ffced444000 	C:\Windows\WinSxS\amd64_microsoft.windows.common-controls_6595b64144ccf1df_6.0.10240.16384_none_f41f7b285750ef43\COMCTL32.dll
0x00007ffcf9040000 - 0x00007ffcf9076000 	C:\Windows\system32\IMM32.DLL
0x00007ffcf83d0000 - 0x00007ffcf852c000 	C:\Windows\system32\MSCTF.dll
0x00000000579e0000 - 0x0000000057ab2000 	C:\Program Files\Java\jdk1.8.0_65\jre\bin\msvcr100.dll
0x0000000057ea0000 - 0x0000000058729000 	C:\Program Files\Java\jdk1.8.0_65\jre\bin\server\jvm.dll
0x00007ffcf7dd0000 - 0x00007ffcf7dd8000 	C:\Windows\system32\PSAPI.DLL
0x00007ffce8ac0000 - 0x00007ffce8ac9000 	C:\Windows\SYSTEM32\WSOCK32.dll
0x00007ffcf9080000 - 0x00007ffcf90e9000 	C:\Windows\system32\WS2_32.dll
0x00007ffcf7de0000 - 0x00007ffcf7de8000 	C:\Windows\system32\NSI.dll
0x00007ffcf3d00000 - 0x00007ffcf3d23000 	C:\Windows\SYSTEM32\WINMM.dll
0x00007ffcf3080000 - 0x00007ffcf308a000 	C:\Windows\SYSTEM32\VERSION.dll
0x00007ffcf3bc0000 - 0x00007ffcf3bec000 	C:\Windows\SYSTEM32\WINMMBASE.dll
0x00007ffcf5c70000 - 0x00007ffcf5cb4000 	C:\Windows\system32\cfgmgr32.dll
0x00007ffcf4490000 - 0x00007ffcf44b7000 	C:\Windows\SYSTEM32\DEVOBJ.dll
0x0000000057e90000 - 0x0000000057e9f000 	C:\Program Files\Java\jdk1.8.0_65\jre\bin\verify.dll
0x0000000057e60000 - 0x0000000057e89000 	C:\Program Files\Java\jdk1.8.0_65\jre\bin\java.dll
0x0000000057e40000 - 0x0000000057e56000 	C:\Program Files\Java\jdk1.8.0_65\jre\bin\zip.dll
0x00007ffcf67c0000 - 0x00007ffcf7ce3000 	C:\Windows\system32\SHELL32.dll
0x00007ffcf5cc0000 - 0x00007ffcf62e9000 	C:\Windows\system32\windows.storage.dll
0x00007ffcf8d00000 - 0x00007ffcf8f7c000 	C:\Windows\system32\combase.dll
0x00007ffcf8080000 - 0x00007ffcf80d1000 	C:\Windows\system32\shlwapi.dll
0x00007ffcf5b60000 - 0x00007ffcf5b6f000 	C:\Windows\system32\kernel.appcore.dll
0x00007ffcf6700000 - 0x00007ffcf67b3000 	C:\Windows\system32\shcore.dll
0x00007ffcf5b70000 - 0x00007ffcf5bba000 	C:\Windows\system32\powrprof.dll
0x00007ffcf5b20000 - 0x00007ffcf5b33000 	C:\Windows\system32\profapi.dll

VM Arguments:
jvm_args: -Djava.awt.headless=true -Xmx1024M -Dfile.encoding=windows-1251 -Duser.country=RU -Duser.language=ru -Duser.variant 
java_command: com.android.dx.command.Main --dex --force-jumbo --num-threads=4 --multi-dex --output C:\Users\Azat\Desktop\RemindMeApplication-master\WeatherGDG\app\build\intermediates\transforms\dex\debug\folders\1000\10\gson-2.6.1_e5647716d24b63c9d601b788f7dff834e5f2625c C:\Users\Azat\.gradle\caches\modules-2\files-2.1\com.google.code.gson\gson\2.6.1\b9d63507329a7178e026fc334f87587ee5070ac5\gson-2.6.1.jar
java_class_path (initial): C:\Users\Azat\AppData\Local\Android\sdk1\build-tools\23.0.3\lib\dx.jar
Launcher Type: SUN_STANDARD

Environment Variables:
JAVA_HOME=C:\Program Files\Java\jdk1.8.0_65
PATH=C:\Program Files (x86)\NVIDIA Corporation\PhysX\Common;C:\Program Files (x86)\Common Files\Intel\Shared Files\cpp\bin\Intel64;C:\ProgramData\Oracle\Java\javapath;C:\Windows\system32;C:\Windows;C:\Windows\System32\Wbem;C:\Windows\System32\WindowsPowerShell\v1.0\;C:\Program Files (x86)\AMD\ATI.ACE\Core-Static;C:\Program Files (x86)\ATI Technologies\ATI.ACE\Core-Static;C:\Program Files (x86)\CodeBlocks\MinGW\bin;C:\Program Files (x86)\CMake\bin;C:\Windows\system32\config\systemprofile\.dnx\bin;C:\Program Files\Microsoft DNX\Dnvm\;C:\Program Files (x86)\Windows Kits\8.1\Windows Performance Toolkit\;C:\Program Files (x86)\Skype\Phone\;C:\Program Files (x86)\GtkSharp\2.12\bin;C:\Program Files (x86)\PuTTY\;C:\Program Files\TortoiseGit\bin;C:\Program Files\Microsoft SQL Server\120\Tools\Binn\;C:\Ruby23-x64\bin;C:\Users\Azat\Anaconda2;C:\Users\Azat\Anaconda2\Scripts;C:\Users\Azat\Anaconda2\Library\bin
USERNAME=Azat
OS=Windows_NT
PROCESSOR_IDENTIFIER=AMD64 Family 18 Model 1 Stepping 0, AuthenticAMD



---------------  S Y S T E M  ---------------

OS: Windows 10.0 , 64 bit Build 10240 (10.0.10240.16384)

CPU:total 4 (4 cores per cpu, 1 threads per core) family 18 model 1 stepping 0, cmov, cx8, fxsr, mmx, sse, sse2, sse3, popcnt, mmxext, 3dnowpref, lzcnt, sse4a, tsc, tscinvbit, tscinv

Memory: 4k page, physical 5740652k(823684k free), swap 8418848k(5152k free)

vm_info: Java HotSpot(TM) 64-Bit Server VM (25.65-b01) for windows-amd64 JRE (1.8.0_65-b17), built on Oct  6 2015 16:39:20 by "java_re" with MS VC++ 10.0 (VS2010)

time: Mon Aug 15 18:52:38 2016
elapsed time: 8 seconds (0d 0h 0m 8s)

