#
# There is insufficient memory for the Java Runtime Environment to continue.
# Native memory allocation (malloc) failed to allocate 1527616 bytes for Chunk::new
# Possible reasons:
#   The system is out of physical RAM or swap space
#   In 32 bit mode, the process size limit was hit
# Possible solutions:
#   Reduce memory load on the system
#   Increase physical memory or swap space
#   Check if swap backing store is full
#   Use 64 bit Java on a 64 bit OS
#   Decrease Java heap size (-Xmx/-Xms)
#   Decrease number of Java threads
#   Decrease Java thread stack sizes (-Xss)
#   Set larger code cache with -XX:ReservedCodeCacheSize=
# This output file may be truncated or incomplete.
#
#  Out of Memory Error (allocation.cpp:390), pid=8892, tid=8924
#
# JRE version: Java(TM) SE Runtime Environment (8.0_65-b17) (build 1.8.0_65-b17)
# Java VM: Java HotSpot(TM) 64-Bit Server VM (25.65-b01 mixed mode windows-amd64 compressed oops)
# Failed to write core dump. Minidumps are not enabled by default on client versions of Windows
#

---------------  T H R E A D  ---------------

Current thread (0x0000000014ead800):  JavaThread "C2 CompilerThread0" daemon [_thread_in_native, id=8924, stack(0x0000000016500000,0x0000000016600000)]

Stack: [0x0000000016500000,0x0000000016600000]
[error occurred during error reporting (printing stack bounds), id 0xc0000005]

Native frames: (J=compiled Java code, j=interpreted, Vv=VM code, C=native code)


Current CompileTask:
C2:   7347 1338   !   4       com.android.dx.cf.code.BytecodeArray::parseInstruction (2764 bytes)


---------------  P R O C E S S  ---------------

Java Threads: ( => current thread )
  0x0000000016e0c000 JavaThread "pool-2-thread-4" [_thread_in_Java, id=8396, stack(0x0000000017a00000,0x0000000017b00000)]
  0x0000000016a9c000 JavaThread "pool-2-thread-3" [_thread_in_vm, id=8476, stack(0x0000000017900000,0x0000000017a00000)]
  0x0000000016e03000 JavaThread "pool-2-thread-2" [_thread_in_Java, id=4116, stack(0x0000000017800000,0x0000000017900000)]
  0x0000000016e02800 JavaThread "pool-3-thread-1" [_thread_blocked, id=8760, stack(0x0000000017700000,0x0000000017800000)]
  0x0000000016a95000 JavaThread "pool-2-thread-1" [_thread_in_vm, id=8764, stack(0x0000000017600000,0x0000000017700000)]
  0x000000001670a000 JavaThread "Service Thread" daemon [_thread_blocked, id=8160, stack(0x0000000016c00000,0x0000000016d00000)]
  0x0000000014f0e800 JavaThread "C1 CompilerThread2" daemon [_thread_blocked, id=8612, stack(0x0000000016b00000,0x0000000016c00000)]
  0x0000000014eb2000 JavaThread "C2 CompilerThread1" daemon [_thread_in_native, id=8552, stack(0x0000000016600000,0x0000000016700000)]
=>0x0000000014ead800 JavaThread "C2 CompilerThread0" daemon [_thread_in_native, id=8924, stack(0x0000000016500000,0x0000000016600000)]
  0x0000000014eab000 JavaThread "Attach Listener" daemon [_thread_blocked, id=4008, stack(0x0000000016400000,0x0000000016500000)]
  0x0000000014eaa000 JavaThread "Signal Dispatcher" daemon [_thread_blocked, id=7412, stack(0x0000000016300000,0x0000000016400000)]
  0x00000000027d0800 JavaThread "Finalizer" daemon [_thread_blocked, id=8824, stack(0x0000000016110000,0x0000000016210000)]
  0x00000000027cd000 JavaThread "Reference Handler" daemon [_thread_blocked, id=3144, stack(0x0000000016010000,0x0000000016110000)]
  0x00000000025dd800 JavaThread "main" [_thread_in_Java, id=796, stack(0x00000000025e0000,0x00000000026e0000)]

Other Threads:
  0x0000000014e78000 VMThread [stack: 0x0000000015f10000,0x0000000016010000] [id=8984]
  0x0000000016712000 WatcherThread [stack: 0x0000000016d00000,0x0000000016e00000] [id=6152]

VM state:not at safepoint (normal execution)

VM Mutex/Monitor currently owned by a thread: None

Heap:
 PSYoungGen      total 26112K, used 22282K [0x00000000eab00000, 0x00000000ec800000, 0x0000000100000000)
  eden space 22528K, 83% used [0x00000000eab00000,0x00000000ebd49bf8,0x00000000ec100000)
  from space 3584K, 99% used [0x00000000ec100000,0x00000000ec478d18,0x00000000ec480000)
  to   space 3584K, 0% used [0x00000000ec480000,0x00000000ec480000,0x00000000ec800000)
 ParOldGen       total 60416K, used 522K [0x00000000c0000000, 0x00000000c3b00000, 0x00000000eab00000)
  object space 60416K, 0% used [0x00000000c0000000,0x00000000c0082bc8,0x00000000c3b00000)
 Metaspace       used 6062K, capacity 6960K, committed 7040K, reserved 1056768K
  class space    used 595K, capacity 616K, committed 640K, reserved 1048576K

Card table byte_map: [0x0000000011ba0000,0x0000000011db0000] byte_map_base: 0x00000000115a0000

Marking Bits: (ParMarkBitMap*) 0x00000000586aa5b0
 Begin Bits: [0x0000000012310000, 0x0000000013310000)
 End Bits:   [0x0000000013310000, 0x0000000014310000)

Polling page: 0x0000000000db0000

CodeCache: size=245760Kb used=5535Kb max_used=5546Kb free=240224Kb
 bounds [0x00000000027e0000, 0x0000000002d50000, 0x00000000117e0000]
 total_blobs=1613 nmethods=1345 adapters=182
 compilation: enabled

Compilation events (10 events):
Event: 7.220 Thread 0x0000000014f0e800 nmethod 1347 0x0000000002d4cb50 code [0x0000000002d4cdc0, 0x0000000002d4dea8]
Event: 7.220 Thread 0x0000000014f0e800 1348       1       com.android.dx.rop.cst.CstString::getType (4 bytes)
Event: 7.220 Thread 0x0000000014f0e800 nmethod 1348 0x0000000002d33790 code [0x0000000002d338e0, 0x0000000002d339f0]
Event: 7.222 Thread 0x0000000014eb2000 1349       4       com.android.dx.ssa.SsaMethod::bitSetFromLabelList (47 bytes)
Event: 7.250 Thread 0x0000000014eb2000 nmethod 1349 0x0000000002d4ead0 code [0x0000000002d4ec40, 0x0000000002d4f0a8]
Event: 7.251 Thread 0x0000000014eb2000 1350       4       com.android.dx.ssa.SsaInsn::<init> (29 bytes)
Event: 7.253 Thread 0x0000000014eb2000 nmethod 1350 0x0000000002d28e50 code [0x0000000002d28f80, 0x0000000002d29018]
Event: 7.256 Thread 0x0000000014eb2000 1351       4       com.android.dx.ssa.SsaMethod$2::visitNonMoveInsn (6 bytes)
Event: 7.257 Thread 0x0000000014eb2000 nmethod 1351 0x0000000002d47410 code [0x0000000002d47560, 0x0000000002d475e8]
Event: 7.258 Thread 0x0000000014eb2000 1352       4       com.android.dx.ssa.SCCP::simulateBranch (666 bytes)

GC Heap History (2 events):
Event: 4.898 GC heap before
{Heap before GC invocations=1 (full 0):
 PSYoungGen      total 26112K, used 22528K [0x00000000eab00000, 0x00000000ec800000, 0x0000000100000000)
  eden space 22528K, 100% used [0x00000000eab00000,0x00000000ec100000,0x00000000ec100000)
  from space 3584K, 0% used [0x00000000ec480000,0x00000000ec480000,0x00000000ec800000)
  to   space 3584K, 0% used [0x00000000ec100000,0x00000000ec100000,0x00000000ec480000)
 ParOldGen       total 60416K, used 0K [0x00000000c0000000, 0x00000000c3b00000, 0x00000000eab00000)
  object space 60416K, 0% used [0x00000000c0000000,0x00000000c0000000,0x00000000c3b00000)
 Metaspace       used 5820K, capacity 6768K, committed 7040K, reserved 1056768K
  class space    used 593K, capacity 616K, committed 640K, reserved 1048576K
Event: 4.933 GC heap after
Heap after GC invocations=1 (full 0):
 PSYoungGen      total 26112K, used 3555K [0x00000000eab00000, 0x00000000ec800000, 0x0000000100000000)
  eden space 22528K, 0% used [0x00000000eab00000,0x00000000eab00000,0x00000000ec100000)
  from space 3584K, 99% used [0x00000000ec100000,0x00000000ec478d18,0x00000000ec480000)
  to   space 3584K, 0% used [0x00000000ec480000,0x00000000ec480000,0x00000000ec800000)
 ParOldGen       total 60416K, used 522K [0x00000000c0000000, 0x00000000c3b00000, 0x00000000eab00000)
  object space 60416K, 0% used [0x00000000c0000000,0x00000000c0082bc8,0x00000000c3b00000)
 Metaspace       used 5820K, capacity 6768K, committed 7040K, reserved 1056768K
  class space    used 593K, capacity 616K, committed 640K, reserved 1048576K
}

Deoptimization events (4 events):
Event: 3.031 Thread 0x00000000025dd800 Uncommon trap: reason=unstable_if action=reinterpret pc=0x000000000292bd94 method=java.lang.String.compareTo(Ljava/lang/String;)I @ 38
Event: 4.220 Thread 0x0000000016a9c000 Uncommon trap: reason=unstable_if action=reinterpret pc=0x00000000029f9a50 method=java.util.HashMap.getNode(ILjava/lang/Object;)Ljava/util/HashMap$Node; @ 129
Event: 4.229 Thread 0x0000000016a95000 Uncommon trap: reason=unstable_if action=reinterpret pc=0x0000000002a0c370 method=java.util.BitSet.nextSetBit(I)I @ 87
Event: 6.544 Thread 0x0000000016e03000 Uncommon trap: reason=null_check action=make_not_entrant pc=0x0000000002b24444 method=com.android.dx.ssa.SsaRenamer.getLocalForNewReg(I)Lcom/android/dx/rop/code/LocalItem; @ 19

Internal exceptions (3 events):
Event: 1.133 Thread 0x00000000025dd800 Exception <a 'java/lang/NoSuchMethodError': Method sun.misc.Unsafe.defineClass(Ljava/lang/String;[BII)Ljava/lang/Class; name or signature does not match> (0x00000000eab13098) thrown at [C:\workspace\8-2-build-windows-amd64-cygwin\jdk8u65\4987\hotspot\src\s·´¼aí"ò?
Event: 1.134 Thread 0x00000000025dd800 Exception <a 'java/lang/NoSuchMethodError': Method sun.misc.Unsafe.prefetchRead(Ljava/lang/Object;J)V name or signature does not match> (0x00000000eab13380) thrown at [C:\workspace\8-2-build-windows-amd64-cygwin\jdk8u65\4987\hotspot\src\share\vm\prims\jni.I@“OD-@
Event: 6.544 Thread 0x0000000016e03000 Implicit null exception at 0x0000000002b22cd1 to 0x0000000002b24421

Events (10 events):
Event: 5.233 loading class java/util/TreeMap$EntrySet done
Event: 5.234 loading class java/util/TreeMap$EntryIterator
Event: 5.234 loading class java/util/TreeMap$EntryIterator done
Event: 5.234 Executing VM operation: Deoptimize
Event: 5.262 Executing VM operation: Deoptimize done
Event: 6.487 Executing VM operation: EnableBiasedLocking
Event: 6.488 Executing VM operation: EnableBiasedLocking done
Event: 6.544 Thread 0x0000000016e03000 Uncommon trap: trap_request=0xfffffff4 fr.pc=0x0000000002b24444
Event: 6.544 Thread 0x0000000016e03000 DEOPT PACKING pc=0x0000000002b24444 sp=0x00000000178fe510
Event: 6.544 Thread 0x0000000016e03000 DEOPT UNPACKING pc=0x000000000282582a sp=0x00000000178fe348 mode 2


Dynamic libraries:
0x00007ff778a00000 - 0x00007ff778a37000 	C:\Program Files\Java\jdk1.8.0_65\bin\java.exe
0x00007ffcf90f0000 - 0x00007ffcf92b2000 	C:\Windows\SYSTEM32\ntdll.dll
0x00007ffcf8af0000 - 0x00007ffcf8b9d000 	C:\Windows\system32\KERNEL32.DLL
0x00007ffcf64c0000 - 0x00007ffcf669d000 	C:\Windows\system32\KERNELBASE.dll
0x00007ffcf8ba0000 - 0x00007ffcf8c46000 	C:\Windows\system32\ADVAPI32.dll
0x00007ffcf8530000 - 0x00007ffcf85cd000 	C:\Windows\system32\msvcrt.dll
0x00007ffcf8a90000 - 0x00007ffcf8aeb000 	C:\Windows\system32\sechost.dll
0x00007ffcf8150000 - 0x00007ffcf8276000 	C:\Windows\system32\RPCRT4.dll
0x00007ffcf8280000 - 0x00007ffcf83ce000 	C:\Windows\system32\USER32.dll
0x00007ffcf8730000 - 0x00007ffcf88b5000 	C:\Windows\system32\GDI32.dll
0x00007ffced1d0000 - 0x00007ffced444000 	C:\Windows\WinSxS\amd64_microsoft.windows.common-controls_6595b64144ccf1df_6.0.10240.16384_none_f41f7b285750ef43\COMCTL32.dll
0x00007ffcf9040000 - 0x00007ffcf9076000 	C:\Windows\system32\IMM32.DLL
0x00007ffcf83d0000 - 0x00007ffcf852c000 	C:\Windows\system32\MSCTF.dll
0x00000000579e0000 - 0x0000000057ab2000 	C:\Program Files\Java\jdk1.8.0_65\jre\bin\msvcr100.dll
0x0000000057ea0000 - 0x0000000058729000 	C:\Program Files\Java\jdk1.8.0_65\jre\bin\server\jvm.dll
0x00007ffcf7dd0000 - 0x00007ffcf7dd8000 	C:\Windows\system32\PSAPI.DLL
0x00007ffce8ac0000 - 0x00007ffce8ac9000 	C:\Windows\SYSTEM32\WSOCK32.dll
0x00007ffcf9080000 - 0x00007ffcf90e9000 	C:\Windows\system32\WS2_32.dll
0x00007ffcf7de0000 - 0x00007ffcf7de8000 	C:\Windows\system32\NSI.dll
0x00007ffcf3d00000 - 0x00007ffcf3d23000 	C:\Windows\SYSTEM32\WINMM.dll
0x00007ffcf3080000 - 0x00007ffcf308a000 	C:\Windows\SYSTEM32\VERSION.dll
0x00007ffcf3bc0000 - 0x00007ffcf3bec000 	C:\Windows\SYSTEM32\WINMMBASE.dll
0x00007ffcf5c70000 - 0x00007ffcf5cb4000 	C:\Windows\system32\cfgmgr32.dll
0x00007ffcf4490000 - 0x00007ffcf44b7000 	C:\Windows\SYSTEM32\DEVOBJ.dll
0x0000000057e90000 - 0x0000000057e9f000 	C:\Program Files\Java\jdk1.8.0_65\jre\bin\verify.dll
0x0000000057e60000 - 0x0000000057e89000 	C:\Program Files\Java\jdk1.8.0_65\jre\bin\java.dll
0x0000000057e40000 - 0x0000000057e56000 	C:\Program Files\Java\jdk1.8.0_65\jre\bin\zip.dll
0x00007ffcf67c0000 - 0x00007ffcf7ce3000 	C:\Windows\system32\SHELL32.dll
0x00007ffcf5cc0000 - 0x00007ffcf62e9000 	C:\Windows\system32\windows.storage.dll
0x00007ffcf8d00000 - 0x00007ffcf8f7c000 	C:\Windows\system32\combase.dll
0x00007ffcf8080000 - 0x00007ffcf80d1000 	C:\Windows\system32\shlwapi.dll
0x00007ffcf5b60000 - 0x00007ffcf5b6f000 	C:\Windows\system32\kernel.appcore.dll
0x00007ffcf6700000 - 0x00007ffcf67b3000 	C:\Windows\system32\shcore.dll
0x00007ffcf5b70000 - 0x00007ffcf5bba000 	C:\Windows\system32\powrprof.dll
0x00007ffcf5b20000 - 0x00007ffcf5b33000 	C:\Windows\system32\profapi.dll

VM Arguments:
jvm_args: -Djava.awt.headless=true -Xmx1024M -Dfile.encoding=windows-1251 -Duser.country=RU -Duser.language=ru -Duser.variant 
java_command: com.android.dx.command.Main --dex --force-jumbo --num-threads=4 --multi-dex --output C:\Users\Azat\Desktop\RemindMeApplication-master\WeatherGDG\app\build\intermediates\transforms\dex\debug\folders\1000\10\internal_impl-23.3.0_1d65fe4165bab5e889e273fbff810942723243fc C:\Users\Azat\Desktop\RemindMeApplication-master\WeatherGDG\app\build\intermediates\exploded-aar\com.android.support\support-v4\23.3.0\jars\libs\internal_impl-23.3.0.jar
java_class_path (initial): C:\Users\Azat\AppData\Local\Android\sdk1\build-tools\23.0.3\lib\dx.jar
Launcher Type: SUN_STANDARD

Environment Variables:
JAVA_HOME=C:\Program Files\Java\jdk1.8.0_65
PATH=C:\Program Files (x86)\NVIDIA Corporation\PhysX\Common;C:\Program Files (x86)\Common Files\Intel\Shared Files\cpp\bin\Intel64;C:\ProgramData\Oracle\Java\javapath;C:\Windows\system32;C:\Windows;C:\Windows\System32\Wbem;C:\Windows\System32\WindowsPowerShell\v1.0\;C:\Program Files (x86)\AMD\ATI.ACE\Core-Static;C:\Program Files (x86)\ATI Technologies\ATI.ACE\Core-Static;C:\Program Files (x86)\CodeBlocks\MinGW\bin;C:\Program Files (x86)\CMake\bin;C:\Windows\system32\config\systemprofile\.dnx\bin;C:\Program Files\Microsoft DNX\Dnvm\;C:\Program Files (x86)\Windows Kits\8.1\Windows Performance Toolkit\;C:\Program Files (x86)\Skype\Phone\;C:\Program Files (x86)\GtkSharp\2.12\bin;C:\Program Files (x86)\PuTTY\;C:\Program Files\TortoiseGit\bin;C:\Program Files\Microsoft SQL Server\120\Tools\Binn\;C:\Ruby23-x64\bin;C:\Users\Azat\Anaconda2;C:\Users\Azat\Anaconda2\Scripts;C:\Users\Azat\Anaconda2\Library\bin
USERNAME=Azat
OS=Windows_NT
PROCESSOR_IDENTIFIER=AMD64 Family 18 Model 1 Stepping 0, AuthenticAMD



---------------  S Y S T E M  ---------------

OS: Windows 10.0 , 64 bit Build 10240 (10.0.10240.16384)

CPU:total 4 (4 cores per cpu, 1 threads per core) family 18 model 1 stepping 0, cmov, cx8, fxsr, mmx, sse, sse2, sse3, popcnt, mmxext, 3dnowpref, lzcnt, sse4a, tsc, tscinvbit, tscinv

Memory: 4k page, physical 5740652k(552140k free), swap 8365312k(6244k free)

vm_info: Java HotSpot(TM) 64-Bit Server VM (25.65-b01) for windows-amd64 JRE (1.8.0_65-b17), built on Oct  6 2015 16:39:20 by "java_re" with MS VC++ 10.0 (VS2010)

time: Mon Aug 15 18:47:56 2016
elapsed time: 7 seconds (0d 0h 0m 7s)

