#
# There is insufficient memory for the Java Runtime Environment to continue.
# Native memory allocation (malloc) failed to allocate 183360 bytes for Chunk::new
# Possible reasons:
#   The system is out of physical RAM or swap space
#   In 32 bit mode, the process size limit was hit
# Possible solutions:
#   Reduce memory load on the system
#   Increase physical memory or swap space
#   Check if swap backing store is full
#   Use 64 bit Java on a 64 bit OS
#   Decrease Java heap size (-Xmx/-Xms)
#   Decrease number of Java threads
#   Decrease Java thread stack sizes (-Xss)
#   Set larger code cache with -XX:ReservedCodeCacheSize=
# This output file may be truncated or incomplete.
#
#  Out of Memory Error (allocation.cpp:390), pid=2740, tid=6312
#
# JRE version: Java(TM) SE Runtime Environment (8.0_65-b17) (build 1.8.0_65-b17)
# Java VM: Java HotSpot(TM) 64-Bit Server VM (25.65-b01 mixed mode windows-amd64 compressed oops)
# Failed to write core dump. Minidumps are not enabled by default on client versions of Windows
#

---------------  T H R E A D  ---------------

Current thread (0x0000000014dfe000):  JavaThread "C2 CompilerThread0" daemon [_thread_in_native, id=6312, stack(0x0000000016460000,0x0000000016560000)]

Stack: [0x0000000016460000,0x0000000016560000]
[error occurred during error reporting (printing stack bounds), id 0xc0000005]

Native frames: (J=compiled Java code, j=interpreted, Vv=VM code, C=native code)


Current CompileTask:
C2:   5966 1136       4       com.android.dx.ssa.SCCP::simulateStmt (481 bytes)


---------------  P R O C E S S  ---------------

Java Threads: ( => current thread )
  0x00000000169ff800 JavaThread "pool-2-thread-4" [_thread_in_Java, id=188, stack(0x0000000017160000,0x0000000017260000)]
  0x00000000169f9800 JavaThread "pool-2-thread-3" [_thread_in_Java, id=6744, stack(0x0000000017060000,0x0000000017160000)]
  0x00000000169f9000 JavaThread "pool-2-thread-2" [_thread_blocked, id=8436, stack(0x0000000016f60000,0x0000000017060000)]
  0x00000000169f5800 JavaThread "pool-3-thread-1" [_thread_blocked, id=8116, stack(0x0000000016e60000,0x0000000016f60000)]
  0x0000000016ab8000 JavaThread "pool-2-thread-1" [_thread_in_vm, id=2896, stack(0x0000000016d60000,0x0000000016e60000)]
  0x0000000016767000 JavaThread "Service Thread" daemon [_thread_blocked, id=8644, stack(0x0000000016b60000,0x0000000016c60000)]
  0x0000000014e5b000 JavaThread "C1 CompilerThread2" daemon [_thread_blocked, id=7296, stack(0x0000000016660000,0x0000000016760000)]
  0x0000000014e02000 JavaThread "C2 CompilerThread1" daemon [_thread_in_native, id=8796, stack(0x0000000016560000,0x0000000016660000)]
=>0x0000000014dfe000 JavaThread "C2 CompilerThread0" daemon [_thread_in_native, id=6312, stack(0x0000000016460000,0x0000000016560000)]
  0x0000000014dfb000 JavaThread "Attach Listener" daemon [_thread_blocked, id=4400, stack(0x0000000016360000,0x0000000016460000)]
  0x0000000014df9800 JavaThread "Signal Dispatcher" daemon [_thread_blocked, id=2692, stack(0x0000000016260000,0x0000000016360000)]
  0x0000000002720800 JavaThread "Finalizer" daemon [_thread_blocked, id=4684, stack(0x0000000016070000,0x0000000016170000)]
  0x000000000271d000 JavaThread "Reference Handler" daemon [_thread_blocked, id=6384, stack(0x0000000015f70000,0x0000000016070000)]
  0x000000000242e000 JavaThread "main" [_thread_in_Java, id=7792, stack(0x0000000002530000,0x0000000002630000)]

Other Threads:
  0x0000000014dc8000 VMThread [stack: 0x0000000015e70000,0x0000000015f70000] [id=9172]
  0x000000001677c000 WatcherThread [stack: 0x0000000016c60000,0x0000000016d60000] [id=7436]

VM state:not at safepoint (normal execution)

VM Mutex/Monitor currently owned by a thread: None

Heap:
 PSYoungGen      total 26112K, used 7718K [0x00000000eab00000, 0x00000000ede00000, 0x0000000100000000)
  eden space 22528K, 18% used [0x00000000eab00000,0x00000000eaf0eeb0,0x00000000ec100000)
  from space 3584K, 99% used [0x00000000ec100000,0x00000000ec47aac8,0x00000000ec480000)
  to   space 3584K, 0% used [0x00000000eda80000,0x00000000eda80000,0x00000000ede00000)
 ParOldGen       total 60416K, used 1558K [0x00000000c0000000, 0x00000000c3b00000, 0x00000000eab00000)
  object space 60416K, 2% used [0x00000000c0000000,0x00000000c0185a20,0x00000000c3b00000)
 Metaspace       used 5918K, capacity 6832K, committed 7040K, reserved 1056768K
  class space    used 596K, capacity 616K, committed 640K, reserved 1048576K

Card table byte_map: [0x0000000011af0000,0x0000000011d00000] byte_map_base: 0x00000000114f0000

Marking Bits: (ParMarkBitMap*) 0x000000005b9fa5b0
 Begin Bits: [0x0000000012260000, 0x0000000013260000)
 End Bits:   [0x0000000013260000, 0x0000000014260000)

Polling page: 0x0000000002380000

CodeCache: size=245760Kb used=4570Kb max_used=4581Kb free=241189Kb
 bounds [0x0000000002730000, 0x0000000002bb0000, 0x0000000011730000]
 total_blobs=1417 nmethods=1149 adapters=182
 compilation: enabled

Compilation events (10 events):
Event: 5.581 Thread 0x0000000014e5b000 1153       3       com.android.dx.rop.type.Type::isIntlike (56 bytes)
Event: 5.581 Thread 0x0000000014e5b000 nmethod 1153 0x0000000002b8c210 code [0x0000000002b8c360, 0x0000000002b8c4f0]
Event: 5.581 Thread 0x0000000014e5b000 1150       1       com.android.dx.rop.code.DexTranslationAdvice::getMaxOptimalRegisterCount (3 bytes)
Event: 5.581 Thread 0x0000000014e5b000 nmethod 1150 0x0000000002b8be90 code [0x0000000002b8bfe0, 0x0000000002b8c0f0]
Event: 5.594 Thread 0x0000000014dfe000 nmethod 1134 0x0000000002baad50 code [0x0000000002baaf00, 0x0000000002bab8f8]
Event: 5.595 Thread 0x0000000014dfe000 1149       4       com.android.dx.util.LabeledList::addLabelIndex (43 bytes)
Event: 5.618 Thread 0x0000000014dfe000 nmethod 1149 0x0000000002bac290 code [0x0000000002bac3e0, 0x0000000002bac8d8]
Event: 5.618 Thread 0x0000000014dfe000 1144       4       com.android.dx.rop.code.BasicBlockList::labelToBlock (46 bytes)
Event: 5.624 Thread 0x0000000014dfe000 nmethod 1144 0x0000000002ba7a90 code [0x0000000002ba7be0, 0x0000000002ba7d38]
Event: 5.624 Thread 0x0000000014dfe000 1136       4       com.android.dx.ssa.SCCP::simulateStmt (481 bytes)

GC Heap History (2 events):
Event: 4.865 GC heap before
{Heap before GC invocations=1 (full 0):
 PSYoungGen      total 26112K, used 22528K [0x00000000eab00000, 0x00000000ec800000, 0x0000000100000000)
  eden space 22528K, 100% used [0x00000000eab00000,0x00000000ec100000,0x00000000ec100000)
  from space 3584K, 0% used [0x00000000ec480000,0x00000000ec480000,0x00000000ec800000)
  to   space 3584K, 0% used [0x00000000ec100000,0x00000000ec100000,0x00000000ec480000)
 ParOldGen       total 60416K, used 0K [0x00000000c0000000, 0x00000000c3b00000, 0x00000000eab00000)
  object space 60416K, 0% used [0x00000000c0000000,0x00000000c0000000,0x00000000c3b00000)
 Metaspace       used 5841K, capacity 6768K, committed 7040K, reserved 1056768K
  class space    used 596K, capacity 616K, committed 640K, reserved 1048576K
Event: 5.347 GC heap after
Heap after GC invocations=1 (full 0):
 PSYoungGen      total 26112K, used 3562K [0x00000000eab00000, 0x00000000ede00000, 0x0000000100000000)
  eden space 22528K, 0% used [0x00000000eab00000,0x00000000eab00000,0x00000000ec100000)
  from space 3584K, 99% used [0x00000000ec100000,0x00000000ec47aac8,0x00000000ec480000)
  to   space 3584K, 0% used [0x00000000eda80000,0x00000000eda80000,0x00000000ede00000)
 ParOldGen       total 60416K, used 1558K [0x00000000c0000000, 0x00000000c3b00000, 0x00000000eab00000)
  object space 60416K, 2% used [0x00000000c0000000,0x00000000c0185a20,0x00000000c3b00000)
 Metaspace       used 5841K, capacity 6768K, committed 7040K, reserved 1056768K
  class space    used 596K, capacity 616K, committed 640K, reserved 1048576K
}

Deoptimization events (6 events):
Event: 3.218 Thread 0x00000000169f9800 Uncommon trap: reason=unstable_if action=reinterpret pc=0x00000000029697b4 method=java.util.HashMap.getNode(ILjava/lang/Object;)Ljava/util/HashMap$Node; @ 62
Event: 4.195 Thread 0x0000000016ab8000 Uncommon trap: reason=unstable_if action=reinterpret pc=0x0000000002a94cc8 method=com.android.dx.rop.code.RegisterSpec.equals(ILcom/android/dx/rop/type/TypeBearer;Lcom/android/dx/rop/code/LocalItem;)Z @ 42
Event: 4.429 Thread 0x00000000169f9000 Uncommon trap: reason=unstable_if action=reinterpret pc=0x0000000002a7b81c method=com.android.dx.rop.cst.Constant.compareTo(Lcom/android/dx/rop/cst/Constant;)I @ 12
Event: 4.429 Thread 0x00000000169f9000 Uncommon trap: reason=bimorphic action=maybe_recompile pc=0x00000000029b5078 method=java.util.HashMap.getNode(ILjava/lang/Object;)Ljava/util/HashMap$Node; @ 126
Event: 4.430 Thread 0x00000000169f9000 Uncommon trap: reason=bimorphic action=maybe_recompile pc=0x00000000029b5078 method=java.util.HashMap.getNode(ILjava/lang/Object;)Ljava/util/HashMap$Node; @ 126
Event: 4.700 Thread 0x0000000016ab8000 Uncommon trap: reason=null_check action=make_not_entrant pc=0x0000000002a8872c method=com.android.dx.ssa.SsaRenamer.getLocalForNewReg(I)Lcom/android/dx/rop/code/LocalItem; @ 19

Internal exceptions (3 events):
Event: 0.234 Thread 0x000000000242e000 Exception <a 'java/lang/NoSuchMethodError': Method sun.misc.Unsafe.defineClass(Ljava/lang/String;[BII)Ljava/lang/Class; name or signature does not match> (0x00000000eab13098) thrown at [C:\workspace\8-2-build-windows-amd64-cygwin\jdk8u65\4987\hotspot\src\s$aøòÍ?
Event: 0.234 Thread 0x000000000242e000 Exception <a 'java/lang/NoSuchMethodError': Method sun.misc.Unsafe.prefetchRead(Ljava/lang/Object;J)V name or signature does not match> (0x00000000eab13380) thrown at [C:\workspace\8-2-build-windows-amd64-cygwin\jdk8u65\4987\hotspot\src\share\vm\prims\jni.6ò÷ÕÄÌ@
Event: 4.700 Thread 0x0000000016ab8000 Implicit null exception at 0x0000000002a86fe4 to 0x0000000002a88709

Events (10 events):
Event: 4.429 Thread 0x00000000169f9000 DEOPT PACKING pc=0x00000000029b5078 sp=0x000000001705e750
Event: 4.430 Thread 0x00000000169f9000 DEOPT UNPACKING pc=0x000000000277582a sp=0x000000001705e688 mode 2
Event: 4.430 Thread 0x00000000169f9000 Uncommon trap: trap_request=0xffffffc6 fr.pc=0x00000000029b5078
Event: 4.430 Thread 0x00000000169f9000 DEOPT PACKING pc=0x00000000029b5078 sp=0x000000001705e750
Event: 4.430 Thread 0x00000000169f9000 DEOPT UNPACKING pc=0x000000000277582a sp=0x000000001705e688 mode 2
Event: 4.700 Thread 0x0000000016ab8000 Uncommon trap: trap_request=0xfffffff4 fr.pc=0x0000000002a8872c
Event: 4.700 Thread 0x0000000016ab8000 DEOPT PACKING pc=0x0000000002a8872c sp=0x0000000016e5ec80
Event: 4.700 Thread 0x0000000016ab8000 DEOPT UNPACKING pc=0x000000000277582a sp=0x0000000016e5eab8 mode 2
Event: 4.720 Executing VM operation: ParallelGCFailedAllocation
Event: 5.347 Executing VM operation: ParallelGCFailedAllocation done


Dynamic libraries:
0x00007ff6ce060000 - 0x00007ff6ce097000 	C:\Program Files\Java\jdk1.8.0_65\bin\java.exe
0x00007ffb59150000 - 0x00007ffb59312000 	C:\Windows\SYSTEM32\ntdll.dll
0x00007ffb58980000 - 0x00007ffb58a2d000 	C:\Windows\system32\KERNEL32.DLL
0x00007ffb55c20000 - 0x00007ffb55dfd000 	C:\Windows\system32\KERNELBASE.dll
0x00007ffb585a0000 - 0x00007ffb58646000 	C:\Windows\system32\ADVAPI32.dll
0x00007ffb58660000 - 0x00007ffb586fd000 	C:\Windows\system32\msvcrt.dll
0x00007ffb58d30000 - 0x00007ffb58d8b000 	C:\Windows\system32\sechost.dll
0x00007ffb58a30000 - 0x00007ffb58b56000 	C:\Windows\system32\RPCRT4.dll
0x00007ffb59000000 - 0x00007ffb5914e000 	C:\Windows\system32\USER32.dll
0x00007ffb58e70000 - 0x00007ffb58ff5000 	C:\Windows\system32\GDI32.dll
0x00007ffb4f730000 - 0x00007ffb4f9a4000 	C:\Windows\WinSxS\amd64_microsoft.windows.common-controls_6595b64144ccf1df_6.0.10240.16384_none_f41f7b285750ef43\COMCTL32.dll
0x00007ffb58030000 - 0x00007ffb58066000 	C:\Windows\system32\IMM32.DLL
0x00007ffb58430000 - 0x00007ffb5858c000 	C:\Windows\system32\MSCTF.dll
0x000000005ad40000 - 0x000000005ae12000 	C:\Program Files\Java\jdk1.8.0_65\jre\bin\msvcr100.dll
0x000000005b1f0000 - 0x000000005ba79000 	C:\Program Files\Java\jdk1.8.0_65\jre\bin\server\jvm.dll
0x00007ffb58590000 - 0x00007ffb58598000 	C:\Windows\system32\PSAPI.DLL
0x00007ffb490f0000 - 0x00007ffb490f9000 	C:\Windows\SYSTEM32\WSOCK32.dll
0x00007ffb54280000 - 0x00007ffb542a3000 	C:\Windows\SYSTEM32\WINMM.dll
0x00007ffb56820000 - 0x00007ffb56889000 	C:\Windows\system32\WS2_32.dll
0x00007ffb58070000 - 0x00007ffb58078000 	C:\Windows\system32\NSI.dll
0x00007ffb53100000 - 0x00007ffb5310a000 	C:\Windows\SYSTEM32\VERSION.dll
0x00007ffb541a0000 - 0x00007ffb541cc000 	C:\Windows\SYSTEM32\WINMMBASE.dll
0x00007ffb56720000 - 0x00007ffb56764000 	C:\Windows\system32\cfgmgr32.dll
0x00007ffb544f0000 - 0x00007ffb54517000 	C:\Windows\SYSTEM32\DEVOBJ.dll
0x000000005b1e0000 - 0x000000005b1ef000 	C:\Program Files\Java\jdk1.8.0_65\jre\bin\verify.dll
0x000000005b1b0000 - 0x000000005b1d9000 	C:\Program Files\Java\jdk1.8.0_65\jre\bin\java.dll
0x000000005b190000 - 0x000000005b1a6000 	C:\Program Files\Java\jdk1.8.0_65\jre\bin\zip.dll
0x00007ffb56b00000 - 0x00007ffb58023000 	C:\Windows\system32\SHELL32.dll
0x00007ffb560f0000 - 0x00007ffb56719000 	C:\Windows\system32\windows.storage.dll
0x00007ffb58700000 - 0x00007ffb5897c000 	C:\Windows\system32\combase.dll
0x00007ffb56aa0000 - 0x00007ffb56af1000 	C:\Windows\system32\shlwapi.dll
0x00007ffb55b80000 - 0x00007ffb55b8f000 	C:\Windows\system32\kernel.appcore.dll
0x00007ffb55fd0000 - 0x00007ffb56083000 	C:\Windows\system32\shcore.dll
0x00007ffb55b90000 - 0x00007ffb55bda000 	C:\Windows\system32\powrprof.dll
0x00007ffb55be0000 - 0x00007ffb55bf3000 	C:\Windows\system32\profapi.dll

VM Arguments:
jvm_args: -Djava.awt.headless=true -Xmx1024M -Dfile.encoding=windows-1251 -Duser.country=RU -Duser.language=ru -Duser.variant 
java_command: com.android.dx.command.Main --dex --force-jumbo --num-threads=4 --multi-dex --output C:\Users\Azat\Desktop\RemindMeApplication-master\WeatherGDG\app\build\intermediates\transforms\dex\debug\folders\1000\10\okhttp-3.3.1_eb7b316a5e9df38fd4f7af912d6d9ea5e3b357d0 C:\Users\Azat\.gradle\caches\modules-2\files-2.1\com.squareup.okhttp3\okhttp\3.3.1\19047bdb6a4fc00a44124f64ca98e88fc204e7e3\okhttp-3.3.1.jar
java_class_path (initial): C:\Users\Azat\AppData\Local\Android\sdk1\build-tools\23.0.3\lib\dx.jar
Launcher Type: SUN_STANDARD

Environment Variables:
JAVA_HOME=C:\Program Files\Java\jdk1.8.0_65
PATH=C:\Program Files (x86)\NVIDIA Corporation\PhysX\Common;C:\Program Files (x86)\Common Files\Intel\Shared Files\cpp\bin\Intel64;C:\ProgramData\Oracle\Java\javapath;C:\Windows\system32;C:\Windows;C:\Windows\System32\Wbem;C:\Windows\System32\WindowsPowerShell\v1.0\;C:\Program Files (x86)\AMD\ATI.ACE\Core-Static;C:\Program Files (x86)\ATI Technologies\ATI.ACE\Core-Static;C:\Program Files (x86)\CodeBlocks\MinGW\bin;C:\Program Files (x86)\CMake\bin;C:\Windows\system32\config\systemprofile\.dnx\bin;C:\Program Files\Microsoft DNX\Dnvm\;C:\Program Files (x86)\Windows Kits\8.1\Windows Performance Toolkit\;C:\Program Files (x86)\Skype\Phone\;C:\Program Files (x86)\GtkSharp\2.12\bin;C:\Program Files (x86)\PuTTY\;C:\Program Files\TortoiseGit\bin;C:\Program Files\Microsoft SQL Server\120\Tools\Binn\;C:\Ruby23-x64\bin;C:\Users\Azat\Anaconda2;C:\Users\Azat\Anaconda2\Scripts;C:\Users\Azat\Anaconda2\Library\bin
USERNAME=Azat
OS=Windows_NT
PROCESSOR_IDENTIFIER=AMD64 Family 18 Model 1 Stepping 0, AuthenticAMD



---------------  S Y S T E M  ---------------

OS: Windows 10.0 , 64 bit Build 10240 (10.0.10240.16384)

CPU:total 4 (4 cores per cpu, 1 threads per core) family 18 model 1 stepping 0, cmov, cx8, fxsr, mmx, sse, sse2, sse3, popcnt, mmxext, 3dnowpref, lzcnt, sse4a, tsc, tscinvbit, tscinv

Memory: 4k page, physical 5740652k(322248k free), swap 8438316k(2184k free)

vm_info: Java HotSpot(TM) 64-Bit Server VM (25.65-b01) for windows-amd64 JRE (1.8.0_65-b17), built on Oct  6 2015 16:39:20 by "java_re" with MS VC++ 10.0 (VS2010)

time: Wed Aug 03 08:34:09 2016
elapsed time: 5 seconds (0d 0h 0m 5s)

