#
# There is insufficient memory for the Java Runtime Environment to continue.
# Native memory allocation (malloc) failed to allocate 32744 bytes for ChunkPool::allocate
# Possible reasons:
#   The system is out of physical RAM or swap space
#   In 32 bit mode, the process size limit was hit
# Possible solutions:
#   Reduce memory load on the system
#   Increase physical memory or swap space
#   Check if swap backing store is full
#   Use 64 bit Java on a 64 bit OS
#   Decrease Java heap size (-Xmx/-Xms)
#   Decrease number of Java threads
#   Decrease Java thread stack sizes (-Xss)
#   Set larger code cache with -XX:ReservedCodeCacheSize=
# This output file may be truncated or incomplete.
#
#  Out of Memory Error (allocation.cpp:273), pid=9136, tid=8372
#
# JRE version: Java(TM) SE Runtime Environment (8.0_65-b17) (build 1.8.0_65-b17)
# Java VM: Java HotSpot(TM) 64-Bit Server VM (25.65-b01 mixed mode windows-amd64 compressed oops)
# Failed to write core dump. Minidumps are not enabled by default on client versions of Windows
#

---------------  T H R E A D  ---------------

Current thread (0x00000000150ad800):  JavaThread "C2 CompilerThread0" daemon [_thread_in_native, id=8372, stack(0x0000000016640000,0x0000000016740000)]

Stack: [0x0000000016640000,0x0000000016740000]
[error occurred during error reporting (printing stack bounds), id 0xc0000005]

Native frames: (J=compiled Java code, j=interpreted, Vv=VM code, C=native code)


Current CompileTask:
C2:   8731  628       4       com.android.dx.ssa.NormalSsaInsn::accept (25 bytes)


---------------  P R O C E S S  ---------------

Java Threads: ( => current thread )
  0x0000000016b90000 JavaThread "pool-2-thread-4" [_thread_in_Java, id=8248, stack(0x0000000017340000,0x0000000017440000)]
  0x0000000016b8f000 JavaThread "pool-2-thread-3" [_thread_in_Java, id=8572, stack(0x0000000017240000,0x0000000017340000)]
  0x0000000016b8a000 JavaThread "pool-2-thread-2" [_thread_in_Java, id=8964, stack(0x0000000017140000,0x0000000017240000)]
  0x0000000016aa6800 JavaThread "pool-3-thread-1" [_thread_blocked, id=2176, stack(0x0000000017040000,0x0000000017140000)]
  0x0000000016aa4800 JavaThread "pool-2-thread-1" [_thread_in_Java, id=1860, stack(0x0000000016f40000,0x0000000017040000)]
  0x000000001510e000 JavaThread "Service Thread" daemon [_thread_blocked, id=8832, stack(0x0000000016d40000,0x0000000016e40000)]
  0x000000001510b000 JavaThread "C1 CompilerThread2" daemon [_thread_in_vm, id=9196, stack(0x0000000016840000,0x0000000016940000)]
  0x0000000015100000 JavaThread "C2 CompilerThread1" daemon [_thread_blocked, id=9084, stack(0x0000000016740000,0x0000000016840000)]
=>0x00000000150ad800 JavaThread "C2 CompilerThread0" daemon [_thread_in_native, id=8372, stack(0x0000000016640000,0x0000000016740000)]
  0x00000000150ab000 JavaThread "Attach Listener" daemon [_thread_blocked, id=9204, stack(0x0000000016540000,0x0000000016640000)]
  0x00000000150a9800 JavaThread "Signal Dispatcher" daemon [_thread_blocked, id=8940, stack(0x0000000016440000,0x0000000016540000)]
  0x00000000029d0800 JavaThread "Finalizer" daemon [_thread_blocked, id=8548, stack(0x0000000016340000,0x0000000016440000)]
  0x00000000029cd000 JavaThread "Reference Handler" daemon [_thread_blocked, id=2924, stack(0x0000000016240000,0x0000000016340000)]
  0x00000000026ad800 JavaThread "main" [_thread_in_Java, id=9020, stack(0x00000000027e0000,0x00000000028e0000)]

Other Threads:
  0x0000000015078000 VMThread [stack: 0x0000000016140000,0x0000000016240000] [id=8552]
  0x0000000016943800 WatcherThread [stack: 0x0000000016e40000,0x0000000016f40000] [id=8324]

VM state:not at safepoint (normal execution)

VM Mutex/Monitor currently owned by a thread: None

Heap:
 PSYoungGen      total 26112K, used 12445K [0x00000000eab00000, 0x00000000ec800000, 0x0000000100000000)
  eden space 22528K, 55% used [0x00000000eab00000,0x00000000eb727670,0x00000000ec100000)
  from space 3584K, 0% used [0x00000000ec480000,0x00000000ec480000,0x00000000ec800000)
  to   space 3584K, 0% used [0x00000000ec100000,0x00000000ec100000,0x00000000ec480000)
 ParOldGen       total 60416K, used 0K [0x00000000c0000000, 0x00000000c3b00000, 0x00000000eab00000)
  object space 60416K, 0% used [0x00000000c0000000,0x00000000c0000000,0x00000000c3b00000)
 Metaspace       used 5446K, capacity 6640K, committed 6784K, reserved 1056768K
  class space    used 579K, capacity 616K, committed 640K, reserved 1048576K

Card table byte_map: [0x0000000011da0000,0x0000000011fb0000] byte_map_base: 0x00000000117a0000

Marking Bits: (ParMarkBitMap*) 0x00000000586aa5b0
 Begin Bits: [0x0000000012510000, 0x0000000013510000)
 End Bits:   [0x0000000013510000, 0x0000000014510000)

Polling page: 0x0000000000e20000

CodeCache: size=245760Kb used=2797Kb max_used=2797Kb free=242962Kb
 bounds [0x00000000029e0000, 0x0000000002ca0000, 0x00000000119e0000]
 total_blobs=897 nmethods=636 adapters=175
 compilation: enabled

Compilation events (10 events):
Event: 8.714 Thread 0x000000001510b000 nmethod 630 0x0000000002c96f90 code [0x0000000002c97120, 0x0000000002c97528]
Event: 8.715 Thread 0x000000001510b000  632       3       com.android.dx.ssa.back.LivenessAnalyzer::run (231 bytes)
Event: 8.720 Thread 0x000000001510b000 nmethod 632 0x0000000002c97710 code [0x0000000002c97a40, 0x0000000002c99148]
Event: 8.720 Thread 0x000000001510b000  631       3       com.android.dx.ssa.back.LivenessAnalyzer::<init> (55 bytes)
Event: 8.721 Thread 0x000000001510b000 nmethod 631 0x0000000002c96810 code [0x0000000002c969a0, 0x0000000002c96db8]
Event: 8.722 Thread 0x000000001510b000  633       3       com.android.dx.ssa.SsaBasicBlock::getPhiInsns (13 bytes)
Event: 8.723 Thread 0x000000001510b000 nmethod 633 0x0000000002c96210 code [0x0000000002c963a0, 0x0000000002c966a8]
Event: 8.723 Thread 0x000000001510b000  634       3       java.util.ArrayList$SubList::size (9 bytes)
Event: 8.724 Thread 0x000000001510b000 nmethod 634 0x0000000002c95cd0 code [0x0000000002c95e40, 0x0000000002c960c8]
Event: 8.724 Thread 0x000000001510b000  635       3       com.android.dx.ssa.back.FirstFitLocalCombiningAllocator$1::processInsn (169 bytes)

GC Heap History (0 events):
No events

Deoptimization events (2 events):
Event: 7.023 Thread 0x0000000016b8f000 Uncommon trap: reason=unstable_if action=reinterpret pc=0x0000000002c1868c method=java.util.HashMap.getNode(ILjava/lang/Object;)Ljava/util/HashMap$Node; @ 129
Event: 8.578 Thread 0x00000000026ad800 Uncommon trap: reason=unstable_if action=reinterpret pc=0x0000000002c46c30 method=java.util.BitSet.nextSetBit(I)I @ 87

Internal exceptions (2 events):
Event: 0.829 Thread 0x00000000026ad800 Exception <a 'java/lang/NoSuchMethodError': Method sun.misc.Unsafe.defineClass(Ljava/lang/String;[BII)Ljava/lang/Class; name or signature does not match> (0x00000000eab13098) thrown at [C:\workspace\8-2-build-windows-amd64-cygwin\jdk8u65\4987\hotspot\src\sëÏIw‡ê?
Event: 0.829 Thread 0x00000000026ad800 Exception <a 'java/lang/NoSuchMethodError': Method sun.misc.Unsafe.prefetchRead(Ljava/lang/Object;J)V name or signature does not match> (0x00000000eab13380) thrown at [C:\workspace\8-2-build-windows-amd64-cygwin\jdk8u65\4987\hotspot\src\share\vm\prims\jni.

Events (10 events):
Event: 8.546 loading class java/io/PrintWriter done
Event: 8.546 loading class com/android/dx/dex/file/DebugInfoItem
Event: 8.546 loading class com/android/dx/dex/file/DebugInfoItem done
Event: 8.549 loading class com/android/dx/cf/code/SwitchList
Event: 8.549 loading class com/android/dx/cf/code/SwitchList done
Event: 8.577 Thread 0x00000000026ad800 Uncommon trap: trap_request=0xffffff65 fr.pc=0x0000000002c46c30
Event: 8.578 Thread 0x00000000026ad800 DEOPT PACKING pc=0x0000000002c46c30 sp=0x00000000028ddea0
Event: 8.578 Thread 0x00000000026ad800 DEOPT UNPACKING pc=0x0000000002a2582a sp=0x00000000028dde38 mode 2
Event: 8.662 loading class com/android/dx/dex/file/MethodAnnotationStruct
Event: 8.662 loading class com/android/dx/dex/file/MethodAnnotationStruct done


Dynamic libraries:
0x00007ff778a00000 - 0x00007ff778a37000 	C:\Program Files\Java\jdk1.8.0_65\bin\java.exe
0x00007ffcf90f0000 - 0x00007ffcf92b2000 	C:\Windows\SYSTEM32\ntdll.dll
0x00007ffcf8af0000 - 0x00007ffcf8b9d000 	C:\Windows\system32\KERNEL32.DLL
0x00007ffcf64c0000 - 0x00007ffcf669d000 	C:\Windows\system32\KERNELBASE.dll
0x00007ffcf8ba0000 - 0x00007ffcf8c46000 	C:\Windows\system32\ADVAPI32.dll
0x00007ffcf8530000 - 0x00007ffcf85cd000 	C:\Windows\system32\msvcrt.dll
0x00007ffcf8a90000 - 0x00007ffcf8aeb000 	C:\Windows\system32\sechost.dll
0x00007ffcf8150000 - 0x00007ffcf8276000 	C:\Windows\system32\RPCRT4.dll
0x00007ffcf8280000 - 0x00007ffcf83ce000 	C:\Windows\system32\USER32.dll
0x00007ffcf8730000 - 0x00007ffcf88b5000 	C:\Windows\system32\GDI32.dll
0x00007ffced1d0000 - 0x00007ffced444000 	C:\Windows\WinSxS\amd64_microsoft.windows.common-controls_6595b64144ccf1df_6.0.10240.16384_none_f41f7b285750ef43\COMCTL32.dll
0x00007ffcf9040000 - 0x00007ffcf9076000 	C:\Windows\system32\IMM32.DLL
0x00007ffcf83d0000 - 0x00007ffcf852c000 	C:\Windows\system32\MSCTF.dll
0x00000000579e0000 - 0x0000000057ab2000 	C:\Program Files\Java\jdk1.8.0_65\jre\bin\msvcr100.dll
0x0000000057ea0000 - 0x0000000058729000 	C:\Program Files\Java\jdk1.8.0_65\jre\bin\server\jvm.dll
0x00007ffcf7dd0000 - 0x00007ffcf7dd8000 	C:\Windows\system32\PSAPI.DLL
0x00007ffce8ac0000 - 0x00007ffce8ac9000 	C:\Windows\SYSTEM32\WSOCK32.dll
0x00007ffcf9080000 - 0x00007ffcf90e9000 	C:\Windows\system32\WS2_32.dll
0x00007ffcf7de0000 - 0x00007ffcf7de8000 	C:\Windows\system32\NSI.dll
0x00007ffcf3d00000 - 0x00007ffcf3d23000 	C:\Windows\SYSTEM32\WINMM.dll
0x00007ffcf3080000 - 0x00007ffcf308a000 	C:\Windows\SYSTEM32\VERSION.dll
0x00007ffcf3bc0000 - 0x00007ffcf3bec000 	C:\Windows\SYSTEM32\WINMMBASE.dll
0x00007ffcf5c70000 - 0x00007ffcf5cb4000 	C:\Windows\system32\cfgmgr32.dll
0x00007ffcf4490000 - 0x00007ffcf44b7000 	C:\Windows\SYSTEM32\DEVOBJ.dll
0x0000000057e90000 - 0x0000000057e9f000 	C:\Program Files\Java\jdk1.8.0_65\jre\bin\verify.dll
0x0000000057e60000 - 0x0000000057e89000 	C:\Program Files\Java\jdk1.8.0_65\jre\bin\java.dll
0x0000000057e40000 - 0x0000000057e56000 	C:\Program Files\Java\jdk1.8.0_65\jre\bin\zip.dll
0x00007ffcf67c0000 - 0x00007ffcf7ce3000 	C:\Windows\system32\SHELL32.dll
0x00007ffcf5cc0000 - 0x00007ffcf62e9000 	C:\Windows\system32\windows.storage.dll
0x00007ffcf8d00000 - 0x00007ffcf8f7c000 	C:\Windows\system32\combase.dll
0x00007ffcf8080000 - 0x00007ffcf80d1000 	C:\Windows\system32\shlwapi.dll
0x00007ffcf5b60000 - 0x00007ffcf5b6f000 	C:\Windows\system32\kernel.appcore.dll
0x00007ffcf6700000 - 0x00007ffcf67b3000 	C:\Windows\system32\shcore.dll
0x00007ffcf5b70000 - 0x00007ffcf5bba000 	C:\Windows\system32\powrprof.dll
0x00007ffcf5b20000 - 0x00007ffcf5b33000 	C:\Windows\system32\profapi.dll

VM Arguments:
jvm_args: -Djava.awt.headless=true -Xmx1024M -Dfile.encoding=windows-1251 -Duser.country=RU -Duser.language=ru -Duser.variant 
java_command: com.android.dx.command.Main --dex --force-jumbo --num-threads=4 --multi-dex --output C:\Users\Azat\Desktop\RemindMeApplication-master\WeatherGDG\app\build\intermediates\transforms\dex\debug\folders\1000\5\slice_4 C:\Users\Azat\Desktop\RemindMeApplication-master\WeatherGDG\app\build\intermediates\transforms\instantRunSlicer\debug\folders\1\5\slice_4
java_class_path (initial): C:\Users\Azat\AppData\Local\Android\sdk1\build-tools\23.0.3\lib\dx.jar
Launcher Type: SUN_STANDARD

Environment Variables:
JAVA_HOME=C:\Program Files\Java\jdk1.8.0_65
PATH=C:\Program Files (x86)\NVIDIA Corporation\PhysX\Common;C:\Program Files (x86)\Common Files\Intel\Shared Files\cpp\bin\Intel64;C:\ProgramData\Oracle\Java\javapath;C:\Windows\system32;C:\Windows;C:\Windows\System32\Wbem;C:\Windows\System32\WindowsPowerShell\v1.0\;C:\Program Files (x86)\AMD\ATI.ACE\Core-Static;C:\Program Files (x86)\ATI Technologies\ATI.ACE\Core-Static;C:\Program Files (x86)\CodeBlocks\MinGW\bin;C:\Program Files (x86)\CMake\bin;C:\Windows\system32\config\systemprofile\.dnx\bin;C:\Program Files\Microsoft DNX\Dnvm\;C:\Program Files (x86)\Windows Kits\8.1\Windows Performance Toolkit\;C:\Program Files (x86)\Skype\Phone\;C:\Program Files (x86)\GtkSharp\2.12\bin;C:\Program Files (x86)\PuTTY\;C:\Program Files\TortoiseGit\bin;C:\Program Files\Microsoft SQL Server\120\Tools\Binn\;C:\Ruby23-x64\bin;C:\Users\Azat\Anaconda2;C:\Users\Azat\Anaconda2\Scripts;C:\Users\Azat\Anaconda2\Library\bin
USERNAME=Azat
OS=Windows_NT
PROCESSOR_IDENTIFIER=AMD64 Family 18 Model 1 Stepping 0, AuthenticAMD



---------------  S Y S T E M  ---------------

OS: Windows 10.0 , 64 bit Build 10240 (10.0.10240.16384)

CPU:total 4 (4 cores per cpu, 1 threads per core) family 18 model 1 stepping 0, cmov, cx8, fxsr, mmx, sse, sse2, sse3, popcnt, mmxext, 3dnowpref, lzcnt, sse4a, tsc, tscinvbit, tscinv

Memory: 4k page, physical 5740652k(445820k free), swap 8365312k(1516k free)

vm_info: Java HotSpot(TM) 64-Bit Server VM (25.65-b01) for windows-amd64 JRE (1.8.0_65-b17), built on Oct  6 2015 16:39:20 by "java_re" with MS VC++ 10.0 (VS2010)

time: Mon Aug 15 18:49:02 2016
elapsed time: 8 seconds (0d 0h 0m 8s)

